INFO:root:Starting the logger.
INFO:root:Using cuda.
INFO:root:############### Starting experiment with config file debug.ini ###############
INFO:root:###1 out of 1 data set parameter combinations ###
INFO:root:Data parameters: {'dataset_name': 'SWE', 'max_training_set_size': 10000, 'downscaling_factor': 2, 'temporal_downscaling': 2, 'init_steps': 10, 't_start': 0, 'pred_horizon': 10}
INFO:root:###1 out of 1 training parameter combinations ###
INFO:root:Training parameters: {'model': 'FNO', 'uncertainty_quantification': 'laplace', 'batch_size': 32, 'n_epochs': 10, 'early_stopping': 10, 'dropout': 0.0, 'init': 'default', 'learning_rate': 0.0001, 'lr_schedule': 'no', 'optimizer': 'adam', 'gradient_clipping': 1, 'layer_normalization': True, 'data_loader_pin_memory': False, 'data_loader_num_workers': 0, 'distributed_training': False, 'fourier_dropout': 0.0, 'hidden_channels': 32, 'projection_channels': 64, 'alpha': 0.05, 'n_samples_uq': 10, 'weight_decay': 0, 'n_samples': 3, 'lifting_channels': 128, 'n_modes': (2, 2, 2), 'uno_out_channels': [32, 64, 64, 32], 'uno_scalings': [[1.0, 1.0], [0.5, 0.5], [1, 1], [2, 2]], 'uno_n_modes': [[16, 16], [8, 8], [8, 8], [16, 16]]}
INFO:root:Number parameters: 76705
INFO:root:Memory allocated: 2097152
INFO:root:Training starts now.
INFO:root:[    1] Training loss: 2.29596230, Validation loss: 12.83367753, Gradient norm: 2.69640659
INFO:root:[    2] Training loss: 1.72894366, Validation loss: 5.50745106, Gradient norm: 3.99372724
INFO:root:[    3] Training loss: 0.36094687, Validation loss: 1.13501757, Gradient norm: 4.28014840
INFO:root:[    4] Training loss: 0.17951871, Validation loss: 1.05116455, Gradient norm: 1.10391108
INFO:root:[    5] Training loss: 0.17095465, Validation loss: 1.02288911, Gradient norm: 0.46702632
INFO:root:[    6] Training loss: 0.16656342, Validation loss: 0.99982473, Gradient norm: 0.55184738
INFO:root:[    7] Training loss: 0.16349329, Validation loss: 0.98790614, Gradient norm: 0.80601387
INFO:root:[    8] Training loss: 0.16131666, Validation loss: 0.96413127, Gradient norm: 1.37079719
INFO:root:[    9] Training loss: 0.15802183, Validation loss: 0.94750641, Gradient norm: 0.74779268
INFO:root:[   10] Training loss: 0.15515118, Validation loss: 0.92723733, Gradient norm: 0.84042151
INFO:root:Training the model took 55.897s.
INFO:root:Emptying the cuda cache took 0.031s.
INFO:root:Starting evaluation: model FNO & uncertainty quantification laplace
INFO:root:Evaluating the model on train data.
INFO:root:MSEtrain: 0.23156
INFO:root:EnergyScoretrain: 0.1251
INFO:root:Coveragetrain: 0.47242
INFO:root:IntervalWidthtrain: 289.21505
INFO:root:Evaluating the model on validation data.
INFO:root:MSEvalidation: 0.05024
INFO:root:EnergyScorevalidation: 0.02676
INFO:root:Coveragevalidation: 0.13637
INFO:root:IntervalWidthvalidation: 73.66885
INFO:root:Evaluating the model on test data.
INFO:root:MSEtest: 0.06454
INFO:root:EnergyScoretest: 0.03223
INFO:root:Coveragetest: 0.2724
INFO:root:IntervalWidthtest: 92.48383
