INFO:root:Starting the logger.
INFO:root:Using cuda.
INFO:root:: mem (CPU python)=582.73828125MB; mem (CPU total)=1036.453125MB
INFO:root:############### Starting experiment with config file era5/fno_laplace.ini ###############
INFO:root:###1 out of 1 data set parameter combinations ###
INFO:root:Data parameters: {'dataset_name': 'era5', 'max_training_set_size': 20000, 'init_steps': 10, 'pred_horizon': 10}
INFO:root:After loading the datasets: mem (CPU python)=5501.67578125MB; mem (CPU total)=1047.00390625MB
INFO:root:###1 out of 2 training parameter combinations ###
INFO:root:Training parameters: {'seed': 12, 'model': 'FNO', 'uncertainty_quantification': 'laplace', 'batch_size': 16, 'n_epochs': 1000, 'early_stopping': 10, 'init': 'default', 'learning_rate': 0.01, 'lr_schedule': 'step', 'optimizer': 'adam', 'gradient_clipping': 1, 'layer_normalization': True, 'data_loader_pin_memory': False, 'data_loader_num_workers': 0, 'distributed_training': False, 'alpha': 0.05, 'n_samples_uq': 100, 'weight_decay': 0, 'dropout': 0.01, 'fourier_dropout': None, 'hidden_channels': 20, 'projection_channels': 128, 'lifting_channels': 128, 'n_modes': (10, 12, 12), 'n_samples': 3, 'filename_to_validate': 'results/optimal_hp_multiple_seeds/era5/fno/20241008_125404_era5_fno_laplace/Datetime_20241008_125429_Loss_era5_FNO_laplace_dropout_0.01.pt'}
INFO:root:After creating the dataloaders: mem (CPU python)=5501.67578125MB; mem (CPU total)=1047.00390625MB
INFO:root:Starting evaluation: model FNO & uncertainty quantification laplace
INFO:root:Evaluating the model on Validation data.
INFO:root:MSEValidation: 0.01603
INFO:root:EnergyScoreValidation: 0.01254
INFO:root:CRPSValidation: 0.01394
INFO:root:Gaussian NLLValidation: -2.18669
INFO:root:CoverageValidation: 0.95267
INFO:root:IntervalWidthValidation: 0.13222
INFO:root:Evaluating the model on Test data.
INFO:root:MSETest: 0.02513
INFO:root:EnergyScoreTest: 0.01865
INFO:root:CRPSTest: 0.0203
INFO:root:Gaussian NLLTest: -1.61913
INFO:root:CoverageTest: 0.86751
INFO:root:IntervalWidthTest: 0.13137
INFO:root:After validation: mem (CPU python)=5501.67578125MB; mem (CPU total)=3742.69921875MB
INFO:root:###2 out of 2 training parameter combinations ###
INFO:root:Training parameters: {'seed': 12, 'model': 'FNO', 'uncertainty_quantification': 'laplace', 'batch_size': 16, 'n_epochs': 1000, 'early_stopping': 10, 'init': 'default', 'learning_rate': 0.01, 'lr_schedule': 'step', 'optimizer': 'adam', 'gradient_clipping': 1, 'layer_normalization': True, 'data_loader_pin_memory': False, 'data_loader_num_workers': 0, 'distributed_training': False, 'alpha': 0.05, 'n_samples_uq': 100, 'weight_decay': 0, 'dropout': 0.01, 'fourier_dropout': None, 'hidden_channels': 20, 'projection_channels': 128, 'lifting_channels': 128, 'n_modes': (10, 12, 12), 'n_samples': 3, 'filename_to_validate': 'results/optimal_hp_multiple_seeds/era5/fno/20241008_125404_era5_fno_laplace/Datetime_20241009_074921_Loss_era5_FNO_laplace_dropout_0.01.pt'}
INFO:root:After creating the dataloaders: mem (CPU python)=5501.67578125MB; mem (CPU total)=3742.6953125MB
INFO:root:Starting evaluation: model FNO & uncertainty quantification laplace
INFO:root:Evaluating the model on Validation data.
INFO:root:MSEValidation: 0.01687
INFO:root:EnergyScoreValidation: 0.01259
INFO:root:CRPSValidation: 0.0137
INFO:root:Gaussian NLLValidation: -1.6943
INFO:root:CoverageValidation: 0.77258
INFO:root:IntervalWidthValidation: 0.06106
INFO:root:Evaluating the model on Test data.
INFO:root:MSETest: 0.02497
INFO:root:EnergyScoreTest: 0.01972
INFO:root:CRPSTest: 0.02119
INFO:root:Gaussian NLLTest: 0.23212
INFO:root:CoverageTest: 0.62224
INFO:root:IntervalWidthTest: 0.06019
INFO:root:After validation: mem (CPU python)=5501.67578125MB; mem (CPU total)=3859.8046875MB
