INFO:root:Starting the logger.
INFO:root:Using cpu.
INFO:root:############### Starting experiment with config file debug.ini ###############
INFO:root:###1 out of 2 data set parameter combinations ###
INFO:root:Data parameters: {'dataset_name': 'SWE', 'max_training_set_size': 10000, 'downscaling_factor': 2, 'temporal_downscaling': 4, 'init_steps': 10, 't_start': 10, 'pred_horizon': 5}
INFO:root:###1 out of 3 training parameter combinations ###
INFO:root:Training parameters: {'model': 'FNO', 'uncertainty_quantification': 'dropout', 'batch_size': 32, 'n_epochs': 10, 'early_stopping': 10, 'dropout': 0.0, 'init': 'default', 'learning_rate': 0.0001, 'lr_schedule': 'no', 'optimizer': 'adam', 'gradient_clipping': 1, 'layer_normalization': True, 'data_loader_pin_memory': False, 'data_loader_num_workers': 0, 'distributed_training': False, 'fourier_dropout': 0.0, 'hidden_channels': 32, 'projection_channels': 64, 'alpha': 0.05, 'n_samples_uq': 100, 'n_samples': 3, 'lifting_channels': 128, 'n_modes': (16, 16), 'uno_out_channels': [32, 64, 64, 32], 'uno_scalings': [[1.0, 1.0], [0.5, 0.5], [1, 1], [2, 2]], 'uno_n_modes': [[16, 16], [8, 8], [8, 8], [16, 16]]}
INFO:root:Number parameters: 1192101
INFO:root:Memory allocated: 0
INFO:root:Training starts now.
INFO:root:[    1] Training loss: 5.15357652, Validation loss: 29.82410717, Gradient norm: 2.98029826
INFO:root:[    2] Training loss: 4.53231977, Validation loss: 21.21647620, Gradient norm: 4.49071976
INFO:root:[    3] Training loss: 1.95007252, Validation loss: 4.64851213, Gradient norm: 11.44263808
INFO:root:[    4] Training loss: 0.41314884, Validation loss: 1.25797813, Gradient norm: 6.71492485
INFO:root:[    5] Training loss: 0.17604781, Validation loss: 0.92469262, Gradient norm: 1.86610194
INFO:root:[    6] Training loss: 0.14218799, Validation loss: 0.82134430, Gradient norm: 1.71684644
INFO:root:[    7] Training loss: 0.13133717, Validation loss: 0.77652037, Gradient norm: 3.28257249
INFO:root:[    8] Training loss: 0.12457654, Validation loss: 0.72574849, Gradient norm: 4.10286194
INFO:root:[    9] Training loss: 0.11946934, Validation loss: 0.70240650, Gradient norm: 5.04647179
INFO:root:[   10] Training loss: 0.11425915, Validation loss: 0.66973693, Gradient norm: 5.23603810
INFO:root:Training the model took 103.908s.
INFO:root:Emptying the cuda cache took 0.0s.
