INFO:root:Starting the logger.
INFO:root:Using cuda.
INFO:root:: mem (CPU python)=550.8984375MB; mem (CPU total)=1955.921875MB
INFO:root:############### Starting experiment with config file darcy_flow/uno_laplace.ini ###############
INFO:root:###1 out of 1 data set parameter combinations ###
INFO:root:Data parameters: {'dataset_name': 'DarcyFlow', 'max_training_set_size': 10000, 'downscaling_factor': 4}
INFO:root:After loading the datasets: mem (CPU python)=1971.43359375MB; mem (CPU total)=1962.1796875MB
INFO:root:###1 out of 1 training parameter combinations ###
INFO:root:Training parameters: {'seed': 123456789, 'model': 'UNO', 'uncertainty_quantification': 'laplace', 'batch_size': 64, 'n_epochs': 1, 'early_stopping': 10, 'init': 'default', 'learning_rate': 0.001, 'lr_schedule': 'no', 'optimizer': 'adam', 'gradient_clipping': 1, 'layer_normalization': True, 'data_loader_pin_memory': False, 'data_loader_num_workers': 0, 'distributed_training': False, 'alpha': 0.05, 'n_samples_uq': 100, 'weight_decay': 0, 'dropout': 0.001, 'fourier_dropout': None, 'hidden_channels': 32, 'projection_channels': 32, 'lifting_channels': 32, 'n_samples': 3, 'uno_out_channels': [64, 128, 128, 64, 32], 'uno_scalings': [[0.5, 0.5], [0.5, 0.5], [1.0, 1.0], [2.0, 2.0], [2.0, 2.0]], 'uno_n_modes': [[18, 18], [8, 8], [8, 8], [8, 8], [18, 18]]}
INFO:root:After creating the dataloaders: mem (CPU python)=1971.43359375MB; mem (CPU total)=1962.1796875MB
INFO:root:NumberParameters: 5814913
INFO:root:GPU memory allocated: 44040192
INFO:root:After setting up the model: mem (CPU python)=2008.36328125MB; mem (CPU total)=3149.0703125MB
INFO:root:Training starts now.
INFO:root:At the start of the epoch: mem (CPU python)=2008.36328125MB; mem (CPU total)=3157.28515625MB
INFO:root:[    1] Training loss: 0.33050307, Validation loss: 0.25998375, Gradient norm: 2.40715997
INFO:root:After finishing all epochs: mem (CPU python)=3626.25390625MB; mem (CPU total)=4403.875MB
INFO:root:Training the model took 153.044s.
INFO:root:Emptying the cuda cache took 0.016s.
INFO:root:Starting evaluation: model UNO & uncertainty quantification laplace
INFO:root:Evaluating the model on Train data.
INFO:root:MSETrain: 0.23761
INFO:root:EnergyScoreTrain: 0.18505
INFO:root:CRPSTrain: 0.15298
INFO:root:Gaussian NLLTrain: 0.3644
INFO:root:CoverageTrain: 0.9287
INFO:root:IntervalWidthTrain: 1.12022
INFO:root:Evaluating the model on Validation data.
INFO:root:MSEValidation: 0.26513
INFO:root:EnergyScoreValidation: 0.20776
INFO:root:CRPSValidation: 0.17067
INFO:root:Gaussian NLLValidation: 0.61493
INFO:root:CoverageValidation: 0.90098
INFO:root:IntervalWidthValidation: 1.11656
INFO:root:Evaluating the model on Test data.
INFO:root:MSETest: 0.27124
INFO:root:EnergyScoreTest: 0.21314
INFO:root:CRPSTest: 0.17579
INFO:root:Gaussian NLLTest: 0.64165
INFO:root:CoverageTest: 0.89622
INFO:root:IntervalWidthTest: 1.14286
INFO:root:After validation: mem (CPU python)=4084.00390625MB; mem (CPU total)=4723.8359375MB
