INFO:root:Starting the logger.
INFO:root:Using cuda.
INFO:root:: mem (CPU python)=575.1640625MB; mem (CPU total)=4372.4453125MB
INFO:root:############### Starting experiment with config file era5/fno_sr_dropout.ini ###############
INFO:root:###1 out of 1 data set parameter combinations ###
INFO:root:Data parameters: {'dataset_name': 'era5', 'max_training_set_size': 20000, 'init_steps': 10, 'pred_horizon': 10}
INFO:root:After loading the datasets: mem (CPU python)=5493.80078125MB; mem (CPU total)=4545.0234375MB
INFO:root:###1 out of 1 training parameter combinations ###
INFO:root:Training parameters: {'seed': 12, 'model': 'FNO', 'uncertainty_quantification': 'scoring-rule-dropout', 'batch_size': 8, 'n_epochs': 1000, 'early_stopping': 10, 'init': 'default', 'learning_rate': 0.005, 'lr_schedule': 'step', 'optimizer': 'adam', 'gradient_clipping': 1, 'layer_normalization': True, 'data_loader_pin_memory': False, 'data_loader_num_workers': 0, 'distributed_training': False, 'alpha': 0.05, 'n_samples_uq': 100, 'weight_decay': 0, 'dropout': 0.2, 'fourier_dropout': None, 'hidden_channels': 20, 'projection_channels': 128, 'lifting_channels': 128, 'n_modes': (10, 12, 12), 'n_samples': 3}
INFO:root:After creating the dataloaders: mem (CPU python)=5493.80078125MB; mem (CPU total)=4484.91015625MB
INFO:root:NumberParameters: 2695717
INFO:root:GPU memory allocated: 23068672
INFO:root:After setting up the model: mem (CPU python)=5493.80078125MB; mem (CPU total)=5765.125MB
INFO:root:Training starts now.
INFO:root:At the start of the epoch: mem (CPU python)=5493.80078125MB; mem (CPU total)=5808.625MB
INFO:root:[    1] Training loss: 0.02166804, Validation loss: 0.01906046, Gradient norm: 0.15225937
INFO:root:At the start of the epoch: mem (CPU python)=5493.80078125MB; mem (CPU total)=7099.1875MB
INFO:root:[    2] Training loss: 0.01836145, Validation loss: 0.01928300, Gradient norm: 0.11556800
INFO:root:At the start of the epoch: mem (CPU python)=5493.80078125MB; mem (CPU total)=7242.34375MB
INFO:root:[    3] Training loss: 0.01774842, Validation loss: 0.01732421, Gradient norm: 0.11028828
INFO:root:At the start of the epoch: mem (CPU python)=5493.80078125MB; mem (CPU total)=7414.58984375MB
INFO:root:[    4] Training loss: 0.01715775, Validation loss: 0.01753475, Gradient norm: 0.09998460
INFO:root:At the start of the epoch: mem (CPU python)=5493.80078125MB; mem (CPU total)=7440.06640625MB
INFO:root:[    5] Training loss: 0.01666812, Validation loss: 0.01709243, Gradient norm: 0.09434687
INFO:root:At the start of the epoch: mem (CPU python)=5493.80078125MB; mem (CPU total)=7428.60546875MB
INFO:root:[    6] Training loss: 0.01622933, Validation loss: 0.01630532, Gradient norm: 0.08992786
INFO:root:At the start of the epoch: mem (CPU python)=5493.80078125MB; mem (CPU total)=7520.00390625MB
INFO:root:[    7] Training loss: 0.01581398, Validation loss: 0.01578617, Gradient norm: 0.08828652
INFO:root:At the start of the epoch: mem (CPU python)=5493.80078125MB; mem (CPU total)=7714.44140625MB
INFO:root:[    8] Training loss: 0.01537956, Validation loss: 0.01573575, Gradient norm: 0.08746376
INFO:root:At the start of the epoch: mem (CPU python)=5493.80078125MB; mem (CPU total)=7613.9453125MB
INFO:root:[    9] Training loss: 0.01502952, Validation loss: 0.01603603, Gradient norm: 0.08710296
INFO:root:At the start of the epoch: mem (CPU python)=5493.80078125MB; mem (CPU total)=7686.7890625MB
INFO:root:[   10] Training loss: 0.01476012, Validation loss: 0.01531201, Gradient norm: 0.08571073
INFO:root:At the start of the epoch: mem (CPU python)=5493.80078125MB; mem (CPU total)=7713.03125MB
INFO:root:[   11] Training loss: 0.01460021, Validation loss: 0.01501763, Gradient norm: 0.08902893
INFO:root:At the start of the epoch: mem (CPU python)=5493.80078125MB; mem (CPU total)=7781.55078125MB
INFO:root:[   12] Training loss: 0.01428881, Validation loss: 0.01486032, Gradient norm: 0.08305714
INFO:root:At the start of the epoch: mem (CPU python)=5493.80078125MB; mem (CPU total)=7862.10546875MB
INFO:root:[   13] Training loss: 0.01410247, Validation loss: 0.01444519, Gradient norm: 0.08052561
INFO:root:At the start of the epoch: mem (CPU python)=5493.80078125MB; mem (CPU total)=7895.3671875MB
INFO:root:[   14] Training loss: 0.01401771, Validation loss: 0.01478568, Gradient norm: 0.08474567
INFO:root:At the start of the epoch: mem (CPU python)=5493.80078125MB; mem (CPU total)=7964.6328125MB
INFO:root:[   15] Training loss: 0.01380888, Validation loss: 0.01451342, Gradient norm: 0.08036059
INFO:root:At the start of the epoch: mem (CPU python)=5493.80078125MB; mem (CPU total)=8076.265625MB
INFO:root:[   16] Training loss: 0.01373235, Validation loss: 0.01459296, Gradient norm: 0.08361033
INFO:root:At the start of the epoch: mem (CPU python)=5493.80078125MB; mem (CPU total)=8151.86328125MB
INFO:root:[   17] Training loss: 0.01352619, Validation loss: 0.01454381, Gradient norm: 0.07709745
INFO:root:At the start of the epoch: mem (CPU python)=5493.80078125MB; mem (CPU total)=8186.609375MB
INFO:root:[   18] Training loss: 0.01346201, Validation loss: 0.01399159, Gradient norm: 0.07800719
INFO:root:At the start of the epoch: mem (CPU python)=5493.80078125MB; mem (CPU total)=8278.890625MB
INFO:root:[   19] Training loss: 0.01339080, Validation loss: 0.01392953, Gradient norm: 0.07884711
INFO:root:At the start of the epoch: mem (CPU python)=5493.80078125MB; mem (CPU total)=8333.58203125MB
INFO:root:[   20] Training loss: 0.01332604, Validation loss: 0.01535595, Gradient norm: 0.08258823
INFO:root:At the start of the epoch: mem (CPU python)=5493.80078125MB; mem (CPU total)=8792.1015625MB
INFO:root:[   21] Training loss: 0.01321332, Validation loss: 0.01362581, Gradient norm: 0.07624335
INFO:root:At the start of the epoch: mem (CPU python)=5493.80078125MB; mem (CPU total)=8808.78515625MB
INFO:root:[   22] Training loss: 0.01312882, Validation loss: 0.01373933, Gradient norm: 0.07736369
INFO:root:At the start of the epoch: mem (CPU python)=5493.80078125MB; mem (CPU total)=8971.74609375MB
INFO:root:[   23] Training loss: 0.01301067, Validation loss: 0.01362715, Gradient norm: 0.07442582
INFO:root:At the start of the epoch: mem (CPU python)=5493.80078125MB; mem (CPU total)=9073.47265625MB
INFO:root:[   24] Training loss: 0.01299185, Validation loss: 0.01389837, Gradient norm: 0.07591398
INFO:root:At the start of the epoch: mem (CPU python)=5493.80078125MB; mem (CPU total)=8094.46875MB
INFO:root:[   25] Training loss: 0.01292640, Validation loss: 0.01366189, Gradient norm: 0.07570855
INFO:root:At the start of the epoch: mem (CPU python)=5493.80078125MB; mem (CPU total)=8220.9453125MB
INFO:root:[   26] Training loss: 0.01288002, Validation loss: 0.01373313, Gradient norm: 0.07580829
INFO:root:At the start of the epoch: mem (CPU python)=5493.80078125MB; mem (CPU total)=8254.96484375MB
INFO:root:[   27] Training loss: 0.01285281, Validation loss: 0.01352798, Gradient norm: 0.07631153
INFO:root:At the start of the epoch: mem (CPU python)=5493.80078125MB; mem (CPU total)=8277.9453125MB
INFO:root:[   28] Training loss: 0.01273702, Validation loss: 0.01341457, Gradient norm: 0.07291915
INFO:root:At the start of the epoch: mem (CPU python)=5531.8984375MB; mem (CPU total)=8395.125MB
INFO:root:[   29] Training loss: 0.01266447, Validation loss: 0.01327278, Gradient norm: 0.07272559
INFO:root:At the start of the epoch: mem (CPU python)=5593.49609375MB; mem (CPU total)=8469.4453125MB
INFO:root:[   30] Training loss: 0.01264327, Validation loss: 0.01347354, Gradient norm: 0.07310383
INFO:root:At the start of the epoch: mem (CPU python)=5655.5546875MB; mem (CPU total)=8515.34375MB
INFO:root:[   31] Training loss: 0.01263194, Validation loss: 0.01403657, Gradient norm: 0.07528570
INFO:root:At the start of the epoch: mem (CPU python)=5717.32421875MB; mem (CPU total)=8625.6875MB
INFO:root:[   32] Training loss: 0.01259003, Validation loss: 0.01310785, Gradient norm: 0.07356136
INFO:root:At the start of the epoch: mem (CPU python)=5779.29296875MB; mem (CPU total)=7482.59375MB
INFO:root:[   33] Training loss: 0.01253346, Validation loss: 0.01322626, Gradient norm: 0.07367633
INFO:root:At the start of the epoch: mem (CPU python)=5840.9765625MB; mem (CPU total)=7572.953125MB
INFO:root:[   34] Training loss: 0.01249657, Validation loss: 0.01310856, Gradient norm: 0.07226930
INFO:root:At the start of the epoch: mem (CPU python)=5902.74609375MB; mem (CPU total)=7637.7734375MB
INFO:root:[   35] Training loss: 0.01241502, Validation loss: 0.01358315, Gradient norm: 0.06996264
INFO:root:At the start of the epoch: mem (CPU python)=5964.4765625MB; mem (CPU total)=7682.94921875MB
INFO:root:[   36] Training loss: 0.01237824, Validation loss: 0.01303530, Gradient norm: 0.07176453
INFO:root:At the start of the epoch: mem (CPU python)=6027.453125MB; mem (CPU total)=7721.58203125MB
INFO:root:[   37] Training loss: 0.01242628, Validation loss: 0.01298186, Gradient norm: 0.07581651
INFO:root:At the start of the epoch: mem (CPU python)=6089.3515625MB; mem (CPU total)=7805.17578125MB
INFO:root:[   38] Training loss: 0.01232239, Validation loss: 0.01351366, Gradient norm: 0.07158199
INFO:root:At the start of the epoch: mem (CPU python)=6150.7578125MB; mem (CPU total)=8244.45703125MB
INFO:root:[   39] Training loss: 0.01229978, Validation loss: 0.01336305, Gradient norm: 0.07061750
INFO:root:At the start of the epoch: mem (CPU python)=6212.7265625MB; mem (CPU total)=7078.4921875MB
INFO:root:[   40] Training loss: 0.01232855, Validation loss: 0.01293168, Gradient norm: 0.07382539
INFO:root:At the start of the epoch: mem (CPU python)=6274.6328125MB; mem (CPU total)=7101.08203125MB
INFO:root:[   41] Training loss: 0.01227502, Validation loss: 0.01305253, Gradient norm: 0.07335881
INFO:root:At the start of the epoch: mem (CPU python)=6336.46875MB; mem (CPU total)=7164.13671875MB
INFO:root:[   42] Training loss: 0.01224025, Validation loss: 0.01279300, Gradient norm: 0.07167527
INFO:root:At the start of the epoch: mem (CPU python)=6398.16015625MB; mem (CPU total)=6912.46875MB
INFO:root:[   43] Training loss: 0.01222804, Validation loss: 0.01290125, Gradient norm: 0.07352404
INFO:root:At the start of the epoch: mem (CPU python)=6460.00390625MB; mem (CPU total)=6974.19921875MB
INFO:root:[   44] Training loss: 0.01219985, Validation loss: 0.01277234, Gradient norm: 0.07133782
INFO:root:At the start of the epoch: mem (CPU python)=6521.3359375MB; mem (CPU total)=7036.1953125MB
INFO:root:[   45] Training loss: 0.01213861, Validation loss: 0.01306455, Gradient norm: 0.07000348
INFO:root:At the start of the epoch: mem (CPU python)=6583.0703125MB; mem (CPU total)=7097.76171875MB
INFO:root:[   46] Training loss: 0.01215890, Validation loss: 0.01301592, Gradient norm: 0.07078001
INFO:root:At the start of the epoch: mem (CPU python)=6644.8515625MB; mem (CPU total)=7160.03125MB
INFO:root:[   47] Training loss: 0.01211396, Validation loss: 0.01281936, Gradient norm: 0.07078106
INFO:root:At the start of the epoch: mem (CPU python)=6706.86328125MB; mem (CPU total)=7223.20703125MB
INFO:root:[   48] Training loss: 0.01213048, Validation loss: 0.01277677, Gradient norm: 0.07410359
INFO:root:At the start of the epoch: mem (CPU python)=6768.7265625MB; mem (CPU total)=7286.2421875MB
INFO:root:[   49] Training loss: 0.01206267, Validation loss: 0.01306900, Gradient norm: 0.06970248
INFO:root:At the start of the epoch: mem (CPU python)=6830.51953125MB; mem (CPU total)=7346.1484375MB
INFO:root:[   50] Training loss: 0.01210737, Validation loss: 0.01294135, Gradient norm: 0.07605436
INFO:root:At the start of the epoch: mem (CPU python)=6892.21484375MB; mem (CPU total)=7458.51171875MB
INFO:root:[   51] Training loss: 0.01202874, Validation loss: 0.01270293, Gradient norm: 0.07105468
INFO:root:At the start of the epoch: mem (CPU python)=6954.0546875MB; mem (CPU total)=7568.76953125MB
INFO:root:[   52] Training loss: 0.01204762, Validation loss: 0.01283424, Gradient norm: 0.07325766
INFO:root:At the start of the epoch: mem (CPU python)=7015.45703125MB; mem (CPU total)=7560.46875MB
INFO:root:[   53] Training loss: 0.01200622, Validation loss: 0.01269934, Gradient norm: 0.06930689
INFO:root:At the start of the epoch: mem (CPU python)=7077.0546875MB; mem (CPU total)=7623.88671875MB
INFO:root:[   54] Training loss: 0.01198874, Validation loss: 0.01260221, Gradient norm: 0.07240966
INFO:root:At the start of the epoch: mem (CPU python)=7138.97265625MB; mem (CPU total)=7985.81640625MB
INFO:root:[   55] Training loss: 0.01194115, Validation loss: 0.01275272, Gradient norm: 0.06963832
INFO:root:At the start of the epoch: mem (CPU python)=7200.84765625MB; mem (CPU total)=8116.52734375MB
INFO:root:[   56] Training loss: 0.01194875, Validation loss: 0.01284095, Gradient norm: 0.07085388
INFO:root:At the start of the epoch: mem (CPU python)=7264.6328125MB; mem (CPU total)=8122.5234375MB
INFO:root:[   57] Training loss: 0.01189331, Validation loss: 0.01267802, Gradient norm: 0.06739028
INFO:root:At the start of the epoch: mem (CPU python)=7326.33984375MB; mem (CPU total)=8183.765625MB
INFO:root:[   58] Training loss: 0.01192413, Validation loss: 0.01249206, Gradient norm: 0.07093819
INFO:root:At the start of the epoch: mem (CPU python)=7387.96875MB; mem (CPU total)=7923.28125MB
INFO:root:[   59] Training loss: 0.01187880, Validation loss: 0.01250153, Gradient norm: 0.06873126
INFO:root:At the start of the epoch: mem (CPU python)=7449.87890625MB; mem (CPU total)=7988.6875MB
INFO:root:[   60] Training loss: 0.01189617, Validation loss: 0.01281472, Gradient norm: 0.06885675
INFO:root:At the start of the epoch: mem (CPU python)=7511.08984375MB; mem (CPU total)=8010.55078125MB
INFO:root:[   61] Training loss: 0.01188515, Validation loss: 0.01242285, Gradient norm: 0.07043893
INFO:root:At the start of the epoch: mem (CPU python)=7573.09765625MB; mem (CPU total)=8072.18359375MB
INFO:root:[   62] Training loss: 0.01186740, Validation loss: 0.01280679, Gradient norm: 0.07178928
INFO:root:At the start of the epoch: mem (CPU python)=7634.87109375MB; mem (CPU total)=8134.7421875MB
INFO:root:[   63] Training loss: 0.01186961, Validation loss: 0.01256364, Gradient norm: 0.07244455
INFO:root:At the start of the epoch: mem (CPU python)=7696.6328125MB; mem (CPU total)=8213.15234375MB
INFO:root:[   64] Training loss: 0.01184230, Validation loss: 0.01276887, Gradient norm: 0.07152956
INFO:root:At the start of the epoch: mem (CPU python)=7758.4921875MB; mem (CPU total)=8259.328125MB
INFO:root:[   65] Training loss: 0.01179963, Validation loss: 0.01234419, Gradient norm: 0.06875059
INFO:root:At the start of the epoch: mem (CPU python)=7820.26953125MB; mem (CPU total)=8319.65625MB
INFO:root:[   66] Training loss: 0.01183345, Validation loss: 0.01248865, Gradient norm: 0.07238671
INFO:root:At the start of the epoch: mem (CPU python)=7882.03125MB; mem (CPU total)=7864.07421875MB
INFO:root:[   67] Training loss: 0.01179028, Validation loss: 0.01240917, Gradient norm: 0.06913107
INFO:root:At the start of the epoch: mem (CPU python)=7943.90625MB; mem (CPU total)=7925.3359375MB
INFO:root:[   68] Training loss: 0.01179502, Validation loss: 0.01251142, Gradient norm: 0.07090769
INFO:root:At the start of the epoch: mem (CPU python)=8005.359375MB; mem (CPU total)=7988.1640625MB
INFO:root:[   69] Training loss: 0.01176663, Validation loss: 0.01255150, Gradient norm: 0.07042860
INFO:root:At the start of the epoch: mem (CPU python)=8067.17578125MB; mem (CPU total)=8050.46484375MB
INFO:root:[   70] Training loss: 0.01173340, Validation loss: 0.01244523, Gradient norm: 0.06982867
INFO:root:At the start of the epoch: mem (CPU python)=8128.9375MB; mem (CPU total)=8112.99609375MB
INFO:root:[   71] Training loss: 0.01173783, Validation loss: 0.01270786, Gradient norm: 0.06971318
INFO:root:At the start of the epoch: mem (CPU python)=8190.515625MB; mem (CPU total)=8175.80078125MB
INFO:root:Learning rate reduced to: 0.0025
INFO:root:[   72] Training loss: 0.01169378, Validation loss: 0.01253501, Gradient norm: 0.06784618
INFO:root:At the start of the epoch: mem (CPU python)=8252.51953125MB; mem (CPU total)=8236.05078125MB
INFO:root:Learning rate reduced to: 0.00125
INFO:root:[   73] Training loss: 0.01124240, Validation loss: 0.01197858, Gradient norm: 0.04917982
INFO:root:At the start of the epoch: mem (CPU python)=8314.3984375MB; mem (CPU total)=8297.63671875MB
INFO:root:[   74] Training loss: 0.01098557, Validation loss: 0.01181757, Gradient norm: 0.04160777
INFO:root:At the start of the epoch: mem (CPU python)=8376.14453125MB; mem (CPU total)=8357.5078125MB
INFO:root:[   75] Training loss: 0.01089802, Validation loss: 0.01179691, Gradient norm: 0.04328025
INFO:root:At the start of the epoch: mem (CPU python)=8437.86328125MB; mem (CPU total)=8420.37109375MB
INFO:root:[   76] Training loss: 0.01087105, Validation loss: 0.01175949, Gradient norm: 0.04488165
INFO:root:At the start of the epoch: mem (CPU python)=8499.30859375MB; mem (CPU total)=8478.87109375MB
INFO:root:[   77] Training loss: 0.01084241, Validation loss: 0.01173724, Gradient norm: 0.04359213
INFO:root:At the start of the epoch: mem (CPU python)=8560.96875MB; mem (CPU total)=8541.2890625MB
INFO:root:[   78] Training loss: 0.01084143, Validation loss: 0.01166553, Gradient norm: 0.04665919
INFO:root:At the start of the epoch: mem (CPU python)=8622.75390625MB; mem (CPU total)=8601.453125MB
INFO:root:[   79] Training loss: 0.01080972, Validation loss: 0.01163008, Gradient norm: 0.04320025
INFO:root:At the start of the epoch: mem (CPU python)=8684.5546875MB; mem (CPU total)=8664.5078125MB
INFO:root:[   80] Training loss: 0.01079260, Validation loss: 0.01162917, Gradient norm: 0.04381012
INFO:root:At the start of the epoch: mem (CPU python)=8746.53515625MB; mem (CPU total)=8724.5703125MB
INFO:root:[   81] Training loss: 0.01078832, Validation loss: 0.01164332, Gradient norm: 0.04501786
INFO:root:At the start of the epoch: mem (CPU python)=8808.4453125MB; mem (CPU total)=8787.671875MB
INFO:root:[   82] Training loss: 0.01076082, Validation loss: 0.01176295, Gradient norm: 0.04226959
INFO:root:At the start of the epoch: mem (CPU python)=8870.1171875MB; mem (CPU total)=8850.59765625MB
INFO:root:[   83] Training loss: 0.01076063, Validation loss: 0.01173487, Gradient norm: 0.04337410
INFO:root:At the start of the epoch: mem (CPU python)=8931.85546875MB; mem (CPU total)=8910.32421875MB
INFO:root:[   84] Training loss: 0.01075375, Validation loss: 0.01159818, Gradient norm: 0.04299296
INFO:root:At the start of the epoch: mem (CPU python)=8993.46875MB; mem (CPU total)=8972.890625MB
INFO:root:[   85] Training loss: 0.01073473, Validation loss: 0.01165909, Gradient norm: 0.04127271
INFO:root:At the start of the epoch: mem (CPU python)=9055.1640625MB; mem (CPU total)=9034.8046875MB
INFO:root:[   86] Training loss: 0.01073805, Validation loss: 0.01162582, Gradient norm: 0.04546780
INFO:root:At the start of the epoch: mem (CPU python)=9116.7734375MB; mem (CPU total)=9096.83984375MB
INFO:root:[   87] Training loss: 0.01072664, Validation loss: 0.01163101, Gradient norm: 0.04162529
INFO:root:At the start of the epoch: mem (CPU python)=9178.5234375MB; mem (CPU total)=9159.69921875MB
INFO:root:[   88] Training loss: 0.01072435, Validation loss: 0.01170470, Gradient norm: 0.04527416
INFO:root:At the start of the epoch: mem (CPU python)=9240.60546875MB; mem (CPU total)=9222.78125MB
INFO:root:[   89] Training loss: 0.01071392, Validation loss: 0.01158223, Gradient norm: 0.04161202
INFO:root:At the start of the epoch: mem (CPU python)=9302.328125MB; mem (CPU total)=9283.07421875MB
INFO:root:[   90] Training loss: 0.01069569, Validation loss: 0.01156564, Gradient norm: 0.04158283
INFO:root:At the start of the epoch: mem (CPU python)=9364.15234375MB; mem (CPU total)=9346.60546875MB
INFO:root:[   91] Training loss: 0.01069510, Validation loss: 0.01186619, Gradient norm: 0.04253712
INFO:root:At the start of the epoch: mem (CPU python)=9425.78515625MB; mem (CPU total)=9408.34765625MB
INFO:root:[   92] Training loss: 0.01070107, Validation loss: 0.01165483, Gradient norm: 0.04378087
INFO:root:At the start of the epoch: mem (CPU python)=9487.57421875MB; mem (CPU total)=9470.02734375MB
INFO:root:[   93] Training loss: 0.01068712, Validation loss: 0.01160353, Gradient norm: 0.04404107
INFO:root:At the start of the epoch: mem (CPU python)=9549.13671875MB; mem (CPU total)=9533.09375MB
INFO:root:[   94] Training loss: 0.01067171, Validation loss: 0.01157958, Gradient norm: 0.04228476
INFO:root:At the start of the epoch: mem (CPU python)=9610.9140625MB; mem (CPU total)=9594.59765625MB
INFO:root:[   95] Training loss: 0.01068819, Validation loss: 0.01155223, Gradient norm: 0.04596333
INFO:root:At the start of the epoch: mem (CPU python)=9672.55859375MB; mem (CPU total)=9655.58203125MB
INFO:root:[   96] Training loss: 0.01066328, Validation loss: 0.01160749, Gradient norm: 0.04254001
INFO:root:At the start of the epoch: mem (CPU python)=9734.46875MB; mem (CPU total)=9717.85546875MB
INFO:root:[   97] Training loss: 0.01066182, Validation loss: 0.01165049, Gradient norm: 0.04341555
INFO:root:At the start of the epoch: mem (CPU python)=9796.44140625MB; mem (CPU total)=9780.5078125MB
INFO:root:[   98] Training loss: 0.01065306, Validation loss: 0.01160859, Gradient norm: 0.04350114
INFO:root:At the start of the epoch: mem (CPU python)=9858.08203125MB; mem (CPU total)=9842.28125MB
INFO:root:[   99] Training loss: 0.01065332, Validation loss: 0.01161488, Gradient norm: 0.04435763
INFO:root:At the start of the epoch: mem (CPU python)=9919.8515625MB; mem (CPU total)=9903.0390625MB
INFO:root:[  100] Training loss: 0.01065170, Validation loss: 0.01159834, Gradient norm: 0.04379714
INFO:root:At the start of the epoch: mem (CPU python)=9981.53125MB; mem (CPU total)=9966.3828125MB
INFO:root:[  101] Training loss: 0.01065149, Validation loss: 0.01151229, Gradient norm: 0.04566232
INFO:root:At the start of the epoch: mem (CPU python)=10043.10546875MB; mem (CPU total)=10028.62890625MB
INFO:root:[  102] Training loss: 0.01064222, Validation loss: 0.01158375, Gradient norm: 0.04358104
INFO:root:At the start of the epoch: mem (CPU python)=10104.93359375MB; mem (CPU total)=10091.32421875MB
INFO:root:[  103] Training loss: 0.01062606, Validation loss: 0.01155072, Gradient norm: 0.04212131
INFO:root:At the start of the epoch: mem (CPU python)=10166.54296875MB; mem (CPU total)=10151.94140625MB
INFO:root:[  104] Training loss: 0.01063613, Validation loss: 0.01158141, Gradient norm: 0.04470548
INFO:root:At the start of the epoch: mem (CPU python)=10228.44921875MB; mem (CPU total)=10213.75MB
INFO:root:[  105] Training loss: 0.01063052, Validation loss: 0.01169663, Gradient norm: 0.04445633
INFO:root:At the start of the epoch: mem (CPU python)=10290.48828125MB; mem (CPU total)=10276.85546875MB
INFO:root:[  106] Training loss: 0.01061676, Validation loss: 0.01155541, Gradient norm: 0.04182608
INFO:root:At the start of the epoch: mem (CPU python)=10352.24609375MB; mem (CPU total)=10338.25MB
INFO:root:[  107] Training loss: 0.01062179, Validation loss: 0.01155032, Gradient norm: 0.04634350
INFO:root:At the start of the epoch: mem (CPU python)=10413.91015625MB; mem (CPU total)=10400.8671875MB
INFO:root:Learning rate reduced to: 0.000625
INFO:root:[  108] Training loss: 0.01061430, Validation loss: 0.01151404, Gradient norm: 0.04384463
INFO:root:At the start of the epoch: mem (CPU python)=10475.515625MB; mem (CPU total)=10463.6796875MB
INFO:root:Learning rate reduced to: 0.0003125
INFO:root:[  109] Training loss: 0.01051530, Validation loss: 0.01139890, Gradient norm: 0.03611067
INFO:root:At the start of the epoch: mem (CPU python)=10537.29296875MB; mem (CPU total)=10523.67578125MB
INFO:root:[  110] Training loss: 0.01044963, Validation loss: 0.01144024, Gradient norm: 0.03149801
INFO:root:At the start of the epoch: mem (CPU python)=10598.828125MB; mem (CPU total)=10585.22265625MB
INFO:root:[  111] Training loss: 0.01042371, Validation loss: 0.01136738, Gradient norm: 0.03174155
INFO:root:At the start of the epoch: mem (CPU python)=10660.5859375MB; mem (CPU total)=10647.15625MB
INFO:root:[  112] Training loss: 0.01040130, Validation loss: 0.01133486, Gradient norm: 0.03319524
INFO:root:At the start of the epoch: mem (CPU python)=10722.609375MB; mem (CPU total)=10708.5MB
INFO:root:[  113] Training loss: 0.01039955, Validation loss: 0.01131973, Gradient norm: 0.03274735
INFO:root:At the start of the epoch: mem (CPU python)=10784.4453125MB; mem (CPU total)=10769.8046875MB
INFO:root:[  114] Training loss: 0.01039068, Validation loss: 0.01131207, Gradient norm: 0.03238639
INFO:root:At the start of the epoch: mem (CPU python)=10846.26953125MB; mem (CPU total)=10833.78515625MB
INFO:root:[  115] Training loss: 0.01038249, Validation loss: 0.01133687, Gradient norm: 0.03168152
INFO:root:At the start of the epoch: mem (CPU python)=10908.0234375MB; mem (CPU total)=10896.265625MB
INFO:root:[  116] Training loss: 0.01038268, Validation loss: 0.01132516, Gradient norm: 0.03193870
INFO:root:At the start of the epoch: mem (CPU python)=10969.66015625MB; mem (CPU total)=10958.08203125MB
INFO:root:[  117] Training loss: 0.01037683, Validation loss: 0.01128969, Gradient norm: 0.03170912
INFO:root:At the start of the epoch: mem (CPU python)=11031.1015625MB; mem (CPU total)=11018.6796875MB
INFO:root:[  118] Training loss: 0.01037036, Validation loss: 0.01131384, Gradient norm: 0.03117526
INFO:root:At the start of the epoch: mem (CPU python)=11092.86328125MB; mem (CPU total)=11080.68359375MB
INFO:root:[  119] Training loss: 0.01037761, Validation loss: 0.01131055, Gradient norm: 0.03316435
INFO:root:At the start of the epoch: mem (CPU python)=11154.75390625MB; mem (CPU total)=11142.12109375MB
INFO:root:[  120] Training loss: 0.01036743, Validation loss: 0.01129704, Gradient norm: 0.03218695
INFO:root:At the start of the epoch: mem (CPU python)=11216.515625MB; mem (CPU total)=11203.83984375MB
INFO:root:[  121] Training loss: 0.01036083, Validation loss: 0.01132309, Gradient norm: 0.03119413
INFO:root:At the start of the epoch: mem (CPU python)=11278.484375MB; mem (CPU total)=11265.61328125MB
INFO:root:[  122] Training loss: 0.01036139, Validation loss: 0.01130089, Gradient norm: 0.03175735
INFO:root:At the start of the epoch: mem (CPU python)=11340.26171875MB; mem (CPU total)=11326.53515625MB
INFO:root:[  123] Training loss: 0.01035965, Validation loss: 0.01132065, Gradient norm: 0.03193535
INFO:root:At the start of the epoch: mem (CPU python)=11402.01953125MB; mem (CPU total)=11389.03515625MB
INFO:root:Learning rate reduced to: 0.00015625
INFO:root:[  124] Training loss: 0.01036064, Validation loss: 0.01130516, Gradient norm: 0.03278251
INFO:root:At the start of the epoch: mem (CPU python)=11463.71484375MB; mem (CPU total)=11451.63671875MB
INFO:root:Learning rate reduced to: 7.8125e-05
INFO:root:[  125] Training loss: 0.01032455, Validation loss: 0.01125081, Gradient norm: 0.02871881
INFO:root:At the start of the epoch: mem (CPU python)=11525.05859375MB; mem (CPU total)=11513.79296875MB
INFO:root:[  126] Training loss: 0.01027702, Validation loss: 0.01120690, Gradient norm: 0.02806665
INFO:root:At the start of the epoch: mem (CPU python)=11586.828125MB; mem (CPU total)=11577.23828125MB
INFO:root:[  127] Training loss: 0.01026068, Validation loss: 0.01120915, Gradient norm: 0.02751115
INFO:root:At the start of the epoch: mem (CPU python)=11648.75390625MB; mem (CPU total)=11638.765625MB
INFO:root:[  128] Training loss: 0.01024920, Validation loss: 0.01123855, Gradient norm: 0.02728543
INFO:root:At the start of the epoch: mem (CPU python)=11710.45703125MB; mem (CPU total)=11701.5703125MB
INFO:root:[  129] Training loss: 0.01023937, Validation loss: 0.01121957, Gradient norm: 0.02793332
INFO:root:At the start of the epoch: mem (CPU python)=11772.515625MB; mem (CPU total)=11762.28515625MB
INFO:root:[  130] Training loss: 0.01023667, Validation loss: 0.01121519, Gradient norm: 0.02799725
INFO:root:At the start of the epoch: mem (CPU python)=11834.23046875MB; mem (CPU total)=11825.12109375MB
INFO:root:[  131] Training loss: 0.01022701, Validation loss: 0.01122442, Gradient norm: 0.02785267
INFO:root:At the start of the epoch: mem (CPU python)=11896.0390625MB; mem (CPU total)=11887.34375MB
INFO:root:[  132] Training loss: 0.01023176, Validation loss: 0.01120245, Gradient norm: 0.02745474
INFO:root:At the start of the epoch: mem (CPU python)=11957.6640625MB; mem (CPU total)=11946.578125MB
INFO:root:[  133] Training loss: 0.01022499, Validation loss: 0.01118830, Gradient norm: 0.02721144
INFO:root:At the start of the epoch: mem (CPU python)=12019.1640625MB; mem (CPU total)=12008.62890625MB
INFO:root:[  134] Training loss: 0.01022065, Validation loss: 0.01118415, Gradient norm: 0.02763017
INFO:root:At the start of the epoch: mem (CPU python)=12081.02734375MB; mem (CPU total)=12071.0MB
INFO:root:[  135] Training loss: 0.01022514, Validation loss: 0.01122691, Gradient norm: 0.02853731
INFO:root:At the start of the epoch: mem (CPU python)=12142.77734375MB; mem (CPU total)=12133.86328125MB
INFO:root:[  136] Training loss: 0.01021941, Validation loss: 0.01119005, Gradient norm: 0.02785990
INFO:root:At the start of the epoch: mem (CPU python)=12204.45703125MB; mem (CPU total)=12196.44140625MB
INFO:root:[  137] Training loss: 0.01021937, Validation loss: 0.01119246, Gradient norm: 0.02844845
INFO:root:At the start of the epoch: mem (CPU python)=12266.46484375MB; mem (CPU total)=12256.96484375MB
INFO:root:[  138] Training loss: 0.01021466, Validation loss: 0.01119618, Gradient norm: 0.02805931
INFO:root:At the start of the epoch: mem (CPU python)=12328.28515625MB; mem (CPU total)=12318.84375MB
INFO:root:[  139] Training loss: 0.01021218, Validation loss: 0.01120570, Gradient norm: 0.02841316
INFO:root:At the start of the epoch: mem (CPU python)=12390.00390625MB; mem (CPU total)=12380.44921875MB
INFO:root:[  140] Training loss: 0.01021475, Validation loss: 0.01118076, Gradient norm: 0.02817639
INFO:root:At the start of the epoch: mem (CPU python)=12451.859375MB; mem (CPU total)=12441.6328125MB
INFO:root:[  141] Training loss: 0.01021301, Validation loss: 0.01117974, Gradient norm: 0.02841186
INFO:root:At the start of the epoch: mem (CPU python)=12513.28125MB; mem (CPU total)=12505.421875MB
INFO:root:[  142] Training loss: 0.01021897, Validation loss: 0.01118443, Gradient norm: 0.02836693
INFO:root:At the start of the epoch: mem (CPU python)=12574.671875MB; mem (CPU total)=12565.4140625MB
INFO:root:[  143] Training loss: 0.01021080, Validation loss: 0.01119714, Gradient norm: 0.02873091
INFO:root:At the start of the epoch: mem (CPU python)=12636.8515625MB; mem (CPU total)=12627.02734375MB
INFO:root:[  144] Training loss: 0.01020874, Validation loss: 0.01119881, Gradient norm: 0.02801282
INFO:root:At the start of the epoch: mem (CPU python)=12698.55078125MB; mem (CPU total)=12688.77734375MB
INFO:root:[  145] Training loss: 0.01020899, Validation loss: 0.01117545, Gradient norm: 0.02838274
INFO:root:At the start of the epoch: mem (CPU python)=12760.49609375MB; mem (CPU total)=12749.828125MB
INFO:root:[  146] Training loss: 0.01020799, Validation loss: 0.01119034, Gradient norm: 0.02858222
INFO:root:At the start of the epoch: mem (CPU python)=12822.28125MB; mem (CPU total)=12812.5859375MB
INFO:root:[  147] Training loss: 0.01020794, Validation loss: 0.01118545, Gradient norm: 0.02819650
INFO:root:At the start of the epoch: mem (CPU python)=12883.96875MB; mem (CPU total)=12872.12890625MB
INFO:root:[  148] Training loss: 0.01021077, Validation loss: 0.01120287, Gradient norm: 0.02919005
INFO:root:At the start of the epoch: mem (CPU python)=12945.83203125MB; mem (CPU total)=12933.52734375MB
INFO:root:[  149] Training loss: 0.01020785, Validation loss: 0.01119117, Gradient norm: 0.02848100
INFO:root:At the start of the epoch: mem (CPU python)=13007.30078125MB; mem (CPU total)=12995.671875MB
INFO:root:[  150] Training loss: 0.01020335, Validation loss: 0.01118067, Gradient norm: 0.02809785
INFO:root:At the start of the epoch: mem (CPU python)=13068.8828125MB; mem (CPU total)=13057.37109375MB
INFO:root:[  151] Training loss: 0.01020261, Validation loss: 0.01119603, Gradient norm: 0.02867588
INFO:root:At the start of the epoch: mem (CPU python)=13130.78515625MB; mem (CPU total)=13119.8046875MB
INFO:root:[  152] Training loss: 0.01019900, Validation loss: 0.01118532, Gradient norm: 0.02833526
INFO:root:At the start of the epoch: mem (CPU python)=13192.47265625MB; mem (CPU total)=13181.703125MB
INFO:root:[  153] Training loss: 0.01019476, Validation loss: 0.01116997, Gradient norm: 0.02773622
INFO:root:At the start of the epoch: mem (CPU python)=13254.5703125MB; mem (CPU total)=13242.890625MB
INFO:root:[  154] Training loss: 0.01019792, Validation loss: 0.01120930, Gradient norm: 0.02822679
INFO:root:At the start of the epoch: mem (CPU python)=13316.2890625MB; mem (CPU total)=13305.5703125MB
INFO:root:[  155] Training loss: 0.01019938, Validation loss: 0.01118021, Gradient norm: 0.02842385
INFO:root:At the start of the epoch: mem (CPU python)=13378.15625MB; mem (CPU total)=13367.34765625MB
INFO:root:[  156] Training loss: 0.01020280, Validation loss: 0.01119079, Gradient norm: 0.02894364
INFO:root:At the start of the epoch: mem (CPU python)=13439.80078125MB; mem (CPU total)=13427.48046875MB
INFO:root:[  157] Training loss: 0.01020287, Validation loss: 0.01117129, Gradient norm: 0.02853266
INFO:root:At the start of the epoch: mem (CPU python)=13501.12890625MB; mem (CPU total)=13490.484375MB
INFO:root:[  158] Training loss: 0.01019385, Validation loss: 0.01120230, Gradient norm: 0.02868304
INFO:root:At the start of the epoch: mem (CPU python)=13563.01953125MB; mem (CPU total)=13551.625MB
INFO:root:[  159] Training loss: 0.01019645, Validation loss: 0.01116645, Gradient norm: 0.02832771
INFO:root:At the start of the epoch: mem (CPU python)=13624.67578125MB; mem (CPU total)=13614.296875MB
INFO:root:[  160] Training loss: 0.01019901, Validation loss: 0.01115148, Gradient norm: 0.02897553
INFO:root:At the start of the epoch: mem (CPU python)=13686.24609375MB; mem (CPU total)=13673.88671875MB
INFO:root:[  161] Training loss: 0.01019651, Validation loss: 0.01120143, Gradient norm: 0.02888765
INFO:root:At the start of the epoch: mem (CPU python)=13747.84375MB; mem (CPU total)=13736.43359375MB
INFO:root:[  162] Training loss: 0.01019083, Validation loss: 0.01120982, Gradient norm: 0.02964596
INFO:root:At the start of the epoch: mem (CPU python)=13810.30078125MB; mem (CPU total)=13797.9765625MB
INFO:root:[  163] Training loss: 0.01019948, Validation loss: 0.01117368, Gradient norm: 0.02875586
INFO:root:At the start of the epoch: mem (CPU python)=13871.45703125MB; mem (CPU total)=13862.56640625MB
INFO:root:[  164] Training loss: 0.01018907, Validation loss: 0.01116654, Gradient norm: 0.02886049
INFO:root:At the start of the epoch: mem (CPU python)=13933.65234375MB; mem (CPU total)=13923.125MB
INFO:root:[  165] Training loss: 0.01019639, Validation loss: 0.01116380, Gradient norm: 0.02871208
INFO:root:At the start of the epoch: mem (CPU python)=13995.11328125MB; mem (CPU total)=13984.34765625MB
INFO:root:[  166] Training loss: 0.01018735, Validation loss: 0.01119086, Gradient norm: 0.02817828
INFO:root:At the start of the epoch: mem (CPU python)=14056.66015625MB; mem (CPU total)=14045.3828125MB
INFO:root:[  167] Training loss: 0.01019236, Validation loss: 0.01118261, Gradient norm: 0.02848210
INFO:root:At the start of the epoch: mem (CPU python)=14118.7265625MB; mem (CPU total)=14106.12109375MB
INFO:root:[  168] Training loss: 0.01018868, Validation loss: 0.01117033, Gradient norm: 0.02885032
INFO:root:At the start of the epoch: mem (CPU python)=14180.41015625MB; mem (CPU total)=14168.76953125MB
INFO:root:[  169] Training loss: 0.01019152, Validation loss: 0.01118170, Gradient norm: 0.02879148
INFO:root:At the start of the epoch: mem (CPU python)=14242.0390625MB; mem (CPU total)=14230.82421875MB
INFO:root:EP 169: Early stopping
INFO:root:After finishing all epochs: mem (CPU python)=14303.8984375MB; mem (CPU total)=14275.1484375MB
INFO:root:Training the model took 209417.804s.
INFO:root:Emptying the cuda cache took 0.08s.
INFO:root:Starting evaluation: model FNO & uncertainty quantification scoring-rule-dropout
INFO:root:Evaluating the model on Validation data.
INFO:root:MSEValidation: 0.01571
INFO:root:EnergyScoreValidation: 0.01116
INFO:root:CRPSValidation: 0.01221
INFO:root:Gaussian NLLValidation: -2.42891
INFO:root:CoverageValidation: 0.96641
INFO:root:IntervalWidthValidation: 0.09894
INFO:root:Evaluating the model on Test data.
INFO:root:MSETest: 0.02422
INFO:root:EnergyScoreTest: 0.01737
INFO:root:CRPSTest: 0.01865
INFO:root:Gaussian NLLTest: -1.97036
INFO:root:CoverageTest: 0.86222
INFO:root:IntervalWidthTest: 0.09695
INFO:root:After validation: mem (CPU python)=14303.8984375MB; mem (CPU total)=14312.5625MB
