INFO:root:Starting the logger.
INFO:root:Using cuda.
INFO:root:: mem (CPU python)=582.0703125MB; mem (CPU total)=1036.58203125MB
INFO:root:############### Starting experiment with config file ks/uno_timing.ini ###############
INFO:root:###1 out of 1 data set parameter combinations ###
INFO:root:Data parameters: {'dataset_name': 'KS', 'max_training_set_size': 10000, 'downscaling_factor': 1, 'temporal_downscaling': 2, 'init_steps': 20, 't_start': 0, 'pred_horizon': 20}
INFO:root:After loading the datasets: mem (CPU python)=12461.13671875MB; mem (CPU total)=1046.89453125MB
INFO:root:###1 out of 4 training parameter combinations ###
INFO:root:Training parameters: {'seed': 1234, 'model': 'UNO', 'uncertainty_quantification': 'laplace', 'batch_size': 32, 'n_epochs': 2, 'early_stopping': 10, 'init': 'default', 'learning_rate': 0.001, 'lr_schedule': 'step', 'optimizer': 'adam', 'gradient_clipping': 1, 'layer_normalization': True, 'data_loader_pin_memory': False, 'data_loader_num_workers': 0, 'distributed_training': False, 'alpha': 0.05, 'n_samples_uq': 100, 'weight_decay': 0, 'dropout': 0.05, 'fourier_dropout': None, 'hidden_channels': 16, 'projection_channels': 32, 'lifting_channels': 32, 'n_samples': 3, 'uno_out_channels': [16, 32, 64, 128, 64, 32, 16], 'uno_scalings': [[1.0, 0.75], [1.0, 0.667], [1.0, 0.5], [1.0, 1.0], [1.0, 2.0], [1.0, 1.5], [1.0, 1.334]], 'uno_n_modes': [[4, 20], [4, 14], [4, 6], [7, 6], [7, 6], [10, 14], [10, 20]]}
INFO:root:After creating the dataloaders: mem (CPU python)=12461.13671875MB; mem (CPU total)=1046.89453125MB
INFO:root:NumberParameters: 1687601
INFO:root:GPU memory allocated: 23068672
INFO:root:After setting up the model: mem (CPU python)=12461.13671875MB; mem (CPU total)=2421.63671875MB
INFO:root:Training starts now.
INFO:root:At the start of the epoch: mem (CPU python)=12461.13671875MB; mem (CPU total)=2430.7734375MB
INFO:root:[    1] Training loss: 1.01024739, Validation loss: 0.99430124, Gradient norm: 0.04201874
INFO:root:At the start of the epoch: mem (CPU python)=12461.13671875MB; mem (CPU total)=4148.09765625MB
INFO:root:[    2] Training loss: 0.99027098, Validation loss: 0.98136872, Gradient norm: 0.08139743
INFO:root:After finishing all epochs: mem (CPU python)=12461.13671875MB; mem (CPU total)=4186.57421875MB
INFO:root:Training the model took 90.609s.
INFO:root:Emptying the cuda cache took 0.009s.
INFO:root:Starting evaluation: model UNO & uncertainty quantification laplace
INFO:root:Evaluating the model on Train data.
INFO:root:MSETrain: 0.97986
INFO:root:EnergyScoreTrain: 0.88627
INFO:root:CRPSTrain: 0.72207
INFO:root:Gaussian NLLTrain: 25.7819
INFO:root:CoverageTrain: 0.25126
INFO:root:IntervalWidthTrain: 0.61829
INFO:root:Evaluating the model on Validation data.
INFO:root:MSEValidation: 0.98111
INFO:root:EnergyScoreValidation: 0.88757
INFO:root:CRPSValidation: 0.72331
INFO:root:Gaussian NLLValidation: 25.80357
INFO:root:CoverageValidation: 0.24924
INFO:root:IntervalWidthValidation: 0.61517
INFO:root:Evaluating the model on Test data.
INFO:root:MSETest: 0.98085
INFO:root:EnergyScoreTest: 0.88743
INFO:root:CRPSTest: 0.72328
INFO:root:Gaussian NLLTest: 25.83534
INFO:root:CoverageTest: 0.24897
INFO:root:IntervalWidthTest: 0.61427
INFO:root:After validation: mem (CPU python)=12461.13671875MB; mem (CPU total)=4464.04296875MB
INFO:root:###2 out of 4 training parameter combinations ###
INFO:root:Training parameters: {'seed': 1234, 'model': 'UNO', 'uncertainty_quantification': 'dropout', 'batch_size': 32, 'n_epochs': 2, 'early_stopping': 10, 'init': 'default', 'learning_rate': 0.001, 'lr_schedule': 'step', 'optimizer': 'adam', 'gradient_clipping': 1, 'layer_normalization': True, 'data_loader_pin_memory': False, 'data_loader_num_workers': 0, 'distributed_training': False, 'alpha': 0.05, 'n_samples_uq': 100, 'weight_decay': 0, 'dropout': 0.05, 'fourier_dropout': None, 'hidden_channels': 16, 'projection_channels': 32, 'lifting_channels': 32, 'n_samples': 3, 'uno_out_channels': [16, 32, 64, 128, 64, 32, 16], 'uno_scalings': [[1.0, 0.75], [1.0, 0.667], [1.0, 0.5], [1.0, 1.0], [1.0, 2.0], [1.0, 1.5], [1.0, 1.334]], 'uno_n_modes': [[4, 20], [4, 14], [4, 6], [7, 6], [7, 6], [10, 14], [10, 20]]}
INFO:root:After creating the dataloaders: mem (CPU python)=12461.13671875MB; mem (CPU total)=4464.04296875MB
INFO:root:NumberParameters: 1687601
INFO:root:GPU memory allocated: 180355072
INFO:root:After setting up the model: mem (CPU python)=12461.13671875MB; mem (CPU total)=4469.44921875MB
INFO:root:Training starts now.
INFO:root:At the start of the epoch: mem (CPU python)=12461.13671875MB; mem (CPU total)=4469.6953125MB
INFO:root:[    1] Training loss: 1.01024744, Validation loss: 0.99752337, Gradient norm: 0.04201765
INFO:root:At the start of the epoch: mem (CPU python)=12461.13671875MB; mem (CPU total)=4508.37109375MB
INFO:root:[    2] Training loss: 0.99027809, Validation loss: 0.98677923, Gradient norm: 0.07826028
INFO:root:After finishing all epochs: mem (CPU python)=12461.13671875MB; mem (CPU total)=4546.078125MB
INFO:root:Training the model took 83.015s.
INFO:root:Emptying the cuda cache took 0.011s.
INFO:root:Starting evaluation: model UNO & uncertainty quantification dropout
INFO:root:Evaluating the model on Train data.
INFO:root:MSETrain: 0.97971
INFO:root:EnergyScoreTrain: 0.91682
INFO:root:CRPSTrain: 0.7679
INFO:root:Gaussian NLLTrain: 550.3593
INFO:root:CoverageTrain: 0.12144
INFO:root:IntervalWidthTrain: 0.2723
INFO:root:Evaluating the model on Validation data.
INFO:root:MSEValidation: 0.98102
INFO:root:EnergyScoreValidation: 0.91851
INFO:root:CRPSValidation: 0.76945
INFO:root:Gaussian NLLValidation: 554.95095
INFO:root:CoverageValidation: 0.12013
INFO:root:IntervalWidthValidation: 0.27058
INFO:root:Evaluating the model on Test data.
INFO:root:MSETest: 0.98059
INFO:root:EnergyScoreTest: 0.91782
INFO:root:CRPSTest: 0.769
INFO:root:Gaussian NLLTest: 552.84281
INFO:root:CoverageTest: 0.12077
INFO:root:IntervalWidthTest: 0.27162
INFO:root:After validation: mem (CPU python)=12461.13671875MB; mem (CPU total)=4617.6171875MB
INFO:root:###3 out of 4 training parameter combinations ###
INFO:root:Training parameters: {'seed': 1234, 'model': 'UNO', 'uncertainty_quantification': 'scoring-rule-dropout', 'batch_size': 32, 'n_epochs': 2, 'early_stopping': 10, 'init': 'default', 'learning_rate': 0.001, 'lr_schedule': 'step', 'optimizer': 'adam', 'gradient_clipping': 1, 'layer_normalization': True, 'data_loader_pin_memory': False, 'data_loader_num_workers': 0, 'distributed_training': False, 'alpha': 0.05, 'n_samples_uq': 100, 'weight_decay': 0, 'dropout': 0.05, 'fourier_dropout': None, 'hidden_channels': 16, 'projection_channels': 32, 'lifting_channels': 32, 'n_samples': 3, 'uno_out_channels': [16, 32, 64, 128, 64, 32, 16], 'uno_scalings': [[1.0, 0.75], [1.0, 0.667], [1.0, 0.5], [1.0, 1.0], [1.0, 2.0], [1.0, 1.5], [1.0, 1.334]], 'uno_n_modes': [[4, 20], [4, 14], [4, 6], [7, 6], [7, 6], [10, 14], [10, 20]]}
INFO:root:After creating the dataloaders: mem (CPU python)=12461.13671875MB; mem (CPU total)=4617.6171875MB
INFO:root:NumberParameters: 1687601
INFO:root:GPU memory allocated: 157286400
INFO:root:After setting up the model: mem (CPU python)=12461.13671875MB; mem (CPU total)=4617.86328125MB
INFO:root:Training starts now.
INFO:root:At the start of the epoch: mem (CPU python)=12461.13671875MB; mem (CPU total)=4617.859375MB
INFO:root:[    1] Training loss: 0.74818049, Validation loss: 0.72213062, Gradient norm: 1.62592740
INFO:root:At the start of the epoch: mem (CPU python)=12461.13671875MB; mem (CPU total)=4656.16796875MB
INFO:root:[    2] Training loss: 0.71924073, Validation loss: 0.71426249, Gradient norm: 1.57891150
INFO:root:After finishing all epochs: mem (CPU python)=12461.13671875MB; mem (CPU total)=4694.1640625MB
INFO:root:Training the model took 126.281s.
INFO:root:Emptying the cuda cache took 0.017s.
INFO:root:Starting evaluation: model UNO & uncertainty quantification scoring-rule-dropout
INFO:root:Evaluating the model on Train data.
INFO:root:MSETrain: 1.01381
INFO:root:EnergyScoreTrain: 0.71367
INFO:root:CRPSTrain: 0.63361
INFO:root:Gaussian NLLTrain: 1.47173
INFO:root:CoverageTrain: 0.96001
INFO:root:IntervalWidthTrain: 4.70003
INFO:root:Evaluating the model on Validation data.
INFO:root:MSEValidation: 1.0143
INFO:root:EnergyScoreValidation: 0.71401
INFO:root:CRPSValidation: 0.63399
INFO:root:Gaussian NLLValidation: 1.47239
INFO:root:CoverageValidation: 0.95995
INFO:root:IntervalWidthValidation: 4.69987
INFO:root:Evaluating the model on Test data.
INFO:root:MSETest: 1.01411
INFO:root:EnergyScoreTest: 0.71387
INFO:root:CRPSTest: 0.63397
INFO:root:Gaussian NLLTest: 1.4719
INFO:root:CoverageTest: 0.96003
INFO:root:IntervalWidthTest: 4.69976
INFO:root:After validation: mem (CPU python)=12461.13671875MB; mem (CPU total)=4736.84375MB
INFO:root:###4 out of 4 training parameter combinations ###
INFO:root:Training parameters: {'seed': 1234, 'model': 'UNO', 'uncertainty_quantification': 'scoring-rule-reparam', 'batch_size': 32, 'n_epochs': 2, 'early_stopping': 10, 'init': 'default', 'learning_rate': 0.001, 'lr_schedule': 'step', 'optimizer': 'adam', 'gradient_clipping': 1, 'layer_normalization': True, 'data_loader_pin_memory': False, 'data_loader_num_workers': 0, 'distributed_training': False, 'alpha': 0.05, 'n_samples_uq': 100, 'weight_decay': 0, 'dropout': 0.05, 'fourier_dropout': None, 'hidden_channels': 16, 'projection_channels': 32, 'lifting_channels': 32, 'n_samples': 3, 'uno_out_channels': [16, 32, 64, 128, 64, 32, 16], 'uno_scalings': [[1.0, 0.75], [1.0, 0.667], [1.0, 0.5], [1.0, 1.0], [1.0, 2.0], [1.0, 1.5], [1.0, 1.334]], 'uno_n_modes': [[4, 20], [4, 14], [4, 6], [7, 6], [7, 6], [10, 14], [10, 20]]}
INFO:root:After creating the dataloaders: mem (CPU python)=12461.13671875MB; mem (CPU total)=4736.84375MB
INFO:root:NumberParameters: 1688178
INFO:root:GPU memory allocated: 157286400
INFO:root:After setting up the model: mem (CPU python)=12461.13671875MB; mem (CPU total)=4737.08984375MB
INFO:root:Training starts now.
INFO:root:At the start of the epoch: mem (CPU python)=12461.13671875MB; mem (CPU total)=4737.08984375MB
INFO:root:[    1] Training loss: 0.71585929, Validation loss: 0.70392804, Gradient norm: 0.03266268
INFO:root:At the start of the epoch: mem (CPU python)=12461.13671875MB; mem (CPU total)=4775.40625MB
INFO:root:[    2] Training loss: 0.70115425, Validation loss: 0.69605610, Gradient norm: 0.05403654
INFO:root:After finishing all epochs: mem (CPU python)=12461.13671875MB; mem (CPU total)=4812.5703125MB
INFO:root:Training the model took 84.876s.
INFO:root:Emptying the cuda cache took 0.007s.
INFO:root:Starting evaluation: model UNO & uncertainty quantification scoring-rule-reparam
INFO:root:Evaluating the model on Train data.
INFO:root:MSETrain: 0.98664
INFO:root:EnergyScoreTrain: 0.69443
INFO:root:CRPSTrain: 0.57075
INFO:root:Gaussian NLLTrain: 1.57763
INFO:root:CoverageTrain: 0.89504
INFO:root:IntervalWidthTrain: 3.55185
INFO:root:Evaluating the model on Validation data.
INFO:root:MSEValidation: 0.98808
INFO:root:EnergyScoreValidation: 0.69545
INFO:root:CRPSValidation: 0.57173
INFO:root:Gaussian NLLValidation: 1.57532
INFO:root:CoverageValidation: 0.89498
INFO:root:IntervalWidthValidation: 3.55454
INFO:root:Evaluating the model on Test data.
INFO:root:MSETest: 0.98724
INFO:root:EnergyScoreTest: 0.69484
INFO:root:CRPSTest: 0.57122
INFO:root:Gaussian NLLTest: 1.57569
INFO:root:CoverageTest: 0.89519
INFO:root:IntervalWidthTest: 3.55289
INFO:root:After validation: mem (CPU python)=12461.13671875MB; mem (CPU total)=4855.95703125MB
