INFO:root:Starting the logger.
INFO:root:Using cuda.
INFO:root:: mem (CPU python)=552.5703125MB; mem (CPU total)=1902.203125MB
INFO:root:############### Starting experiment with config file darcy_flow/fno_laplace.ini ###############
INFO:root:###1 out of 1 data set parameter combinations ###
INFO:root:Data parameters: {'dataset_name': 'DarcyFlow', 'max_training_set_size': 10000, 'downscaling_factor': 2}
INFO:root:After loading the datasets: mem (CPU python)=1972.9921875MB; mem (CPU total)=1910.234375MB
INFO:root:###1 out of 1 training parameter combinations ###
INFO:root:Training parameters: {'seed': 123456789, 'model': 'FNO', 'uncertainty_quantification': 'laplace', 'batch_size': 64, 'n_epochs': 1000, 'early_stopping': 10, 'init': 'default', 'learning_rate': 0.001, 'lr_schedule': 'step', 'optimizer': 'adam', 'gradient_clipping': 1, 'layer_normalization': True, 'data_loader_pin_memory': False, 'data_loader_num_workers': 0, 'distributed_training': False, 'alpha': 0.05, 'n_samples_uq': 100, 'weight_decay': 0, 'dropout': 0.02, 'fourier_dropout': None, 'hidden_channels': 32, 'projection_channels': 256, 'lifting_channels': 256, 'n_modes': (12, 12), 'n_samples': 3, 'filename_to_validate': 'results/optimal_hp_multiple_seeds/darcy_flow/fno/20240915_013209_darcy_flow_fno_laplace/Datetime_20240915_013216_Loss_DarcyFlow_FNO_laplace_dropout_0.02.pt'}
INFO:root:After creating the dataloaders: mem (CPU python)=1972.9921875MB; mem (CPU total)=1909.984375MB
INFO:root:Starting evaluation: model FNO & uncertainty quantification laplace
INFO:root:Evaluating the model on Train data.
INFO:root:MSETrain: 0.0388
INFO:root:EnergyScoreTrain: 0.04962
INFO:root:CRPSTrain: 0.04045
INFO:root:Gaussian NLLTrain: -1.09327
INFO:root:CoverageTrain: 0.99968
INFO:root:IntervalWidthTrain: 0.58774
INFO:root:Evaluating the model on Validation data.
INFO:root:MSEValidation: 0.08004
INFO:root:EnergyScoreValidation: 0.06748
INFO:root:CRPSValidation: 0.05512
INFO:root:Gaussian NLLValidation: -0.9965
INFO:root:CoverageValidation: 0.99074
INFO:root:IntervalWidthValidation: 0.5821
INFO:root:Evaluating the model on Test data.
INFO:root:MSETest: 0.08088
INFO:root:EnergyScoreTest: 0.0678
INFO:root:CRPSTest: 0.05541
INFO:root:Gaussian NLLTest: -0.98945
INFO:root:CoverageTest: 0.98952
INFO:root:IntervalWidthTest: 0.58314
INFO:root:After validation: mem (CPU python)=3798.12890625MB; mem (CPU total)=4443.44921875MB
