INFO:root:Starting the logger.
INFO:root:Using cuda.
INFO:root:: mem (CPU python)=581.46484375MB; mem (CPU total)=1184.50390625MB
INFO:root:############### Starting experiment with config file era5/fno_sr_dropout_continue.ini ###############
INFO:root:###1 out of 1 data set parameter combinations ###
INFO:root:Data parameters: {'dataset_name': 'era5', 'max_training_set_size': 20000, 'init_steps': 10, 'pred_horizon': 10}
INFO:root:After loading the datasets: mem (CPU python)=5500.37109375MB; mem (CPU total)=1188.390625MB
INFO:root:###1 out of 1 training parameter combinations ###
INFO:root:Training parameters: {'seed': 1234, 'model': 'FNO', 'uncertainty_quantification': 'scoring-rule-dropout', 'batch_size': 8, 'n_epochs': 1000, 'early_stopping': 10, 'init': 'default', 'learning_rate': 0.005, 'lr_schedule': 'step', 'optimizer': 'adam', 'gradient_clipping': 1, 'layer_normalization': True, 'data_loader_pin_memory': False, 'data_loader_num_workers': 0, 'distributed_training': False, 'alpha': 0.05, 'n_samples_uq': 100, 'weight_decay': 0, 'dropout': 0.2, 'fourier_dropout': None, 'hidden_channels': 20, 'projection_channels': 128, 'lifting_channels': 128, 'n_modes': (10, 12, 12), 'n_samples': 3}
INFO:root:After creating the dataloaders: mem (CPU python)=5500.37109375MB; mem (CPU total)=1188.390625MB
INFO:root:Starting evaluation: model FNO & uncertainty quantification scoring-rule-dropout
INFO:root:Evaluating the model on Validation data.
INFO:root:MSEValidation: 0.0156
INFO:root:EnergyScoreValidation: 0.01109
INFO:root:CRPSValidation: 0.01214
INFO:root:Gaussian NLLValidation: -2.42856
INFO:root:CoverageValidation: 0.96655
INFO:root:IntervalWidthValidation: 0.09879
INFO:root:Evaluating the model on Test data.
INFO:root:MSETest: 0.02426
INFO:root:EnergyScoreTest: 0.01742
INFO:root:CRPSTest: 0.01879
INFO:root:Gaussian NLLTest: -1.94399
INFO:root:CoverageTest: 0.85813
INFO:root:IntervalWidthTest: 0.09642
INFO:root:After validation: mem (CPU python)=5500.37109375MB; mem (CPU total)=3598.36328125MB
