INFO:root:Starting the logger.
INFO:root:Using cuda.
INFO:root:: mem (CPU python)=578.93359375MB; mem (CPU total)=974.0859375MB
INFO:root:############### Starting experiment with config file ks/fno_sr_reparam_n_samples.ini ###############
INFO:root:###1 out of 1 data set parameter combinations ###
INFO:root:Data parameters: {'dataset_name': 'KS', 'max_training_set_size': 10000, 'downscaling_factor': 1, 'temporal_downscaling': 2, 'init_steps': 20, 't_start': 0, 'pred_horizon': 20}
INFO:root:After loading the datasets: mem (CPU python)=12458.51953125MB; mem (CPU total)=982.97265625MB
INFO:root:###1 out of 9 training parameter combinations ###
INFO:root:Training parameters: {'seed': 1, 'model': 'FNO', 'uncertainty_quantification': 'scoring-rule-reparam', 'batch_size': 64, 'n_epochs': 1000, 'early_stopping': 10, 'init': 'default', 'learning_rate': 0.001, 'lr_schedule': 'step', 'optimizer': 'adam', 'gradient_clipping': 1, 'layer_normalization': True, 'data_loader_pin_memory': False, 'data_loader_num_workers': 0, 'distributed_training': False, 'alpha': 0.05, 'n_samples_uq': 100, 'weight_decay': 0, 'dropout': 0.1, 'fourier_dropout': None, 'hidden_channels': 20, 'projection_channels': 128, 'lifting_channels': 128, 'n_modes': (10, 12), 'n_samples': 5}
INFO:root:After creating the dataloaders: mem (CPU python)=12458.51953125MB; mem (CPU total)=982.578125MB
INFO:root:NumberParameters: 234406
INFO:root:GPU memory allocated: 2097152
INFO:root:After setting up the model: mem (CPU python)=12458.51953125MB; mem (CPU total)=2173.62109375MB
INFO:root:Training starts now.
INFO:root:At the start of the epoch: mem (CPU python)=12458.51953125MB; mem (CPU total)=2186.45703125MB
INFO:root:[    1] Training loss: 0.72481095, Validation loss: 0.72081184, Gradient norm: 0.01803614
INFO:root:At the start of the epoch: mem (CPU python)=12458.51953125MB; mem (CPU total)=3375.94921875MB
INFO:root:[    2] Training loss: 0.71990365, Validation loss: 0.71934986, Gradient norm: 0.00559703
INFO:root:At the start of the epoch: mem (CPU python)=12458.51953125MB; mem (CPU total)=3434.09375MB
INFO:root:[    3] Training loss: 0.71836176, Validation loss: 0.71620294, Gradient norm: 0.00660831
INFO:root:At the start of the epoch: mem (CPU python)=12458.51953125MB; mem (CPU total)=3472.2734375MB
INFO:root:[    4] Training loss: 0.71243592, Validation loss: 0.70631936, Gradient norm: 0.01454360
INFO:root:At the start of the epoch: mem (CPU python)=12458.51953125MB; mem (CPU total)=3510.09765625MB
INFO:root:[    5] Training loss: 0.70510312, Validation loss: 0.69874404, Gradient norm: 0.02171397
INFO:root:At the start of the epoch: mem (CPU python)=12458.51953125MB; mem (CPU total)=3548.26171875MB
INFO:root:[    6] Training loss: 0.69919346, Validation loss: 0.69222360, Gradient norm: 0.02808872
INFO:root:At the start of the epoch: mem (CPU python)=12458.51953125MB; mem (CPU total)=3586.421875MB
INFO:root:[    7] Training loss: 0.69334318, Validation loss: 0.68518014, Gradient norm: 0.02820614
INFO:root:At the start of the epoch: mem (CPU python)=12458.51953125MB; mem (CPU total)=3624.57421875MB
INFO:root:[    8] Training loss: 0.68776369, Validation loss: 0.67990183, Gradient norm: 0.02860836
INFO:root:At the start of the epoch: mem (CPU python)=12458.51953125MB; mem (CPU total)=3662.95703125MB
INFO:root:[    9] Training loss: 0.68256516, Validation loss: 0.67339690, Gradient norm: 0.03532453
INFO:root:At the start of the epoch: mem (CPU python)=12458.51953125MB; mem (CPU total)=3701.09765625MB
INFO:root:[   10] Training loss: 0.67815569, Validation loss: 0.66906243, Gradient norm: 0.03271539
INFO:root:At the start of the epoch: mem (CPU python)=12458.51953125MB; mem (CPU total)=3739.046875MB
INFO:root:[   11] Training loss: 0.67440231, Validation loss: 0.66493747, Gradient norm: 0.03540130
INFO:root:At the start of the epoch: mem (CPU python)=12458.51953125MB; mem (CPU total)=3776.7890625MB
INFO:root:[   12] Training loss: 0.67142373, Validation loss: 0.66133479, Gradient norm: 0.03390181
INFO:root:At the start of the epoch: mem (CPU python)=12458.51953125MB; mem (CPU total)=3814.98828125MB
INFO:root:[   13] Training loss: 0.66860618, Validation loss: 0.65910058, Gradient norm: 0.03179628
INFO:root:At the start of the epoch: mem (CPU python)=12458.51953125MB; mem (CPU total)=3854.25390625MB
INFO:root:[   14] Training loss: 0.66656999, Validation loss: 0.65614724, Gradient norm: 0.03382774
INFO:root:At the start of the epoch: mem (CPU python)=12458.51953125MB; mem (CPU total)=3898.5390625MB
