INFO:root:Starting the logger.
INFO:root:Using cuda.
INFO:root:: mem (CPU python)=579.9609375MB; mem (CPU total)=1181.59765625MB
INFO:root:############### Starting experiment with config file era5/fno_laplace.ini ###############
INFO:root:###1 out of 1 data set parameter combinations ###
INFO:root:Data parameters: {'dataset_name': 'era5', 'max_training_set_size': 20000, 'init_steps': 10, 'pred_horizon': 10}
INFO:root:After loading the datasets: mem (CPU python)=5499.171875MB; mem (CPU total)=1206.21875MB
INFO:root:###1 out of 2 training parameter combinations ###
INFO:root:Training parameters: {'seed': 12, 'model': 'FNO', 'uncertainty_quantification': 'laplace', 'batch_size': 16, 'n_epochs': 1000, 'early_stopping': 10, 'init': 'default', 'learning_rate': 0.01, 'lr_schedule': 'step', 'optimizer': 'adam', 'gradient_clipping': 1, 'layer_normalization': True, 'data_loader_pin_memory': False, 'data_loader_num_workers': 0, 'distributed_training': False, 'alpha': 0.05, 'n_samples_uq': 100, 'weight_decay': 0, 'dropout': 0.01, 'fourier_dropout': None, 'hidden_channels': 20, 'projection_channels': 128, 'lifting_channels': 128, 'n_modes': (10, 12, 12), 'n_samples': 3, 'filename_to_validate': 'results/optimal_hp_multiple_seeds/era5/fno/20241008_125404_era5_fno_laplace/Datetime_20241008_125429_Loss_era5_FNO_laplace_dropout_0.01.pt'}
INFO:root:After creating the dataloaders: mem (CPU python)=5499.171875MB; mem (CPU total)=1206.21875MB
INFO:root:Starting evaluation: model FNO & uncertainty quantification laplace
INFO:root:Evaluating the model on Validation data.
INFO:root:MSEValidation: 0.01604
INFO:root:EnergyScoreValidation: 0.01254
INFO:root:CRPSValidation: 0.01395
INFO:root:Gaussian NLLValidation: -2.18613
INFO:root:CoverageValidation: 0.95248
INFO:root:IntervalWidthValidation: 0.13226
INFO:root:Evaluating the model on Test data.
INFO:root:MSETest: 0.02514
INFO:root:EnergyScoreTest: 0.01866
INFO:root:CRPSTest: 0.02031
INFO:root:Gaussian NLLTest: -1.61912
INFO:root:CoverageTest: 0.86743
INFO:root:IntervalWidthTest: 0.13129
INFO:root:After validation: mem (CPU python)=5499.171875MB; mem (CPU total)=3832.9453125MB
INFO:root:###2 out of 2 training parameter combinations ###
INFO:root:Training parameters: {'seed': 12, 'model': 'FNO', 'uncertainty_quantification': 'laplace', 'batch_size': 16, 'n_epochs': 1000, 'early_stopping': 10, 'init': 'default', 'learning_rate': 0.01, 'lr_schedule': 'step', 'optimizer': 'adam', 'gradient_clipping': 1, 'layer_normalization': True, 'data_loader_pin_memory': False, 'data_loader_num_workers': 0, 'distributed_training': False, 'alpha': 0.05, 'n_samples_uq': 100, 'weight_decay': 0, 'dropout': 0.01, 'fourier_dropout': None, 'hidden_channels': 20, 'projection_channels': 128, 'lifting_channels': 128, 'n_modes': (10, 12, 12), 'n_samples': 3, 'filename_to_validate': 'results/optimal_hp_multiple_seeds/era5/fno/20241008_125404_era5_fno_laplace/Datetime_20241009_074921_Loss_era5_FNO_laplace_dropout_0.01.pt'}
INFO:root:After creating the dataloaders: mem (CPU python)=5499.171875MB; mem (CPU total)=3832.94140625MB
INFO:root:Starting evaluation: model FNO & uncertainty quantification laplace
INFO:root:Evaluating the model on Validation data.
INFO:root:MSEValidation: 0.01686
INFO:root:EnergyScoreValidation: 0.01258
INFO:root:CRPSValidation: 0.01369
INFO:root:Gaussian NLLValidation: -1.69523
INFO:root:CoverageValidation: 0.77288
INFO:root:IntervalWidthValidation: 0.06105
INFO:root:Evaluating the model on Test data.
INFO:root:MSETest: 0.02498
INFO:root:EnergyScoreTest: 0.01972
INFO:root:CRPSTest: 0.02119
INFO:root:Gaussian NLLTest: 0.23244
INFO:root:CoverageTest: 0.62226
INFO:root:IntervalWidthTest: 0.06017
INFO:root:After validation: mem (CPU python)=5499.171875MB; mem (CPU total)=3876.3046875MB
