INFO:root:Starting the logger.
INFO:root:Using cuda.
INFO:root:: mem (CPU python)=543.46484375MB; mem (CPU total)=34993.0859375MB
INFO:root:############### Starting experiment with config file era5/fno_sr_reparam.ini ###############
INFO:root:###1 out of 1 data set parameter combinations ###
INFO:root:Data parameters: {'dataset_name': 'era5', 'max_training_set_size': 20000, 'init_steps': 10, 'pred_horizon': 10}
INFO:root:After loading the datasets: mem (CPU python)=5462.2421875MB; mem (CPU total)=29412.68359375MB
INFO:root:###1 out of 2 training parameter combinations ###
INFO:root:Training parameters: {'seed': 1, 'model': 'FNO', 'uncertainty_quantification': 'scoring-rule-reparam', 'batch_size': 16, 'n_epochs': 1000, 'early_stopping': 10, 'init': 'default', 'learning_rate': 0.005, 'lr_schedule': 'step', 'optimizer': 'adam', 'gradient_clipping': 1, 'layer_normalization': True, 'data_loader_pin_memory': False, 'data_loader_num_workers': 0, 'distributed_training': False, 'alpha': 0.05, 'n_samples_uq': 100, 'weight_decay': 0, 'dropout': 0.1, 'fourier_dropout': None, 'hidden_channels': 20, 'projection_channels': 128, 'lifting_channels': 128, 'n_modes': (10, 12, 12), 'n_samples': 3}
INFO:root:After creating the dataloaders: mem (CPU python)=5462.2421875MB; mem (CPU total)=29665.08203125MB
INFO:root:NumberParameters: 2698534
INFO:root:GPU memory allocated: 23068672
INFO:root:After setting up the model: mem (CPU python)=5462.2421875MB; mem (CPU total)=35232.875MB
INFO:root:Training starts now.
INFO:root:At the start of the epoch: mem (CPU python)=5462.2421875MB; mem (CPU total)=39990.40625MB
INFO:root:[    1] Training loss: 0.02424843, Validation loss: 0.01802511, Gradient norm: 0.11825329
INFO:root:At the start of the epoch: mem (CPU python)=5462.2421875MB; mem (CPU total)=31976.1640625MB
INFO:root:[    2] Training loss: 0.01900893, Validation loss: 0.01745934, Gradient norm: 0.10048875
INFO:root:At the start of the epoch: mem (CPU python)=5462.2421875MB; mem (CPU total)=30081.1484375MB
INFO:root:[    3] Training loss: 0.01840333, Validation loss: 0.01744010, Gradient norm: 0.10022634
INFO:root:At the start of the epoch: mem (CPU python)=5462.2421875MB; mem (CPU total)=29604.81640625MB
INFO:root:[    4] Training loss: 0.01787363, Validation loss: 0.01786405, Gradient norm: 0.09222127
INFO:root:At the start of the epoch: mem (CPU python)=5462.2421875MB; mem (CPU total)=41379.0625MB
INFO:root:[    5] Training loss: 0.01744631, Validation loss: 0.01659091, Gradient norm: 0.09183965
INFO:root:At the start of the epoch: mem (CPU python)=5462.2421875MB; mem (CPU total)=29727.69921875MB
INFO:root:[    6] Training loss: 0.01714041, Validation loss: 0.01619833, Gradient norm: 0.09287817
INFO:root:At the start of the epoch: mem (CPU python)=5462.2421875MB; mem (CPU total)=41517.09765625MB
INFO:root:[    7] Training loss: 0.01679982, Validation loss: 0.01602351, Gradient norm: 0.08755977
INFO:root:At the start of the epoch: mem (CPU python)=5462.2421875MB; mem (CPU total)=43935.62109375MB
INFO:root:[    8] Training loss: 0.01630648, Validation loss: 0.01736983, Gradient norm: 0.07965459
INFO:root:At the start of the epoch: mem (CPU python)=5462.2421875MB; mem (CPU total)=40600.16015625MB
INFO:root:[    9] Training loss: 0.01606808, Validation loss: 0.01653043, Gradient norm: 0.08259842
INFO:root:At the start of the epoch: mem (CPU python)=5462.2421875MB; mem (CPU total)=29019.2890625MB
INFO:root:[   10] Training loss: 0.01586498, Validation loss: 0.01546612, Gradient norm: 0.08845533
INFO:root:At the start of the epoch: mem (CPU python)=5462.2421875MB; mem (CPU total)=71710.08984375MB
INFO:root:[   11] Training loss: 0.01554143, Validation loss: 0.01482043, Gradient norm: 0.07674145
INFO:root:At the start of the epoch: mem (CPU python)=5462.2421875MB; mem (CPU total)=59289.59765625MB
INFO:root:[   12] Training loss: 0.01545467, Validation loss: 0.01522405, Gradient norm: 0.08684862
INFO:root:At the start of the epoch: mem (CPU python)=5462.2421875MB; mem (CPU total)=62442.703125MB
INFO:root:[   13] Training loss: 0.01518209, Validation loss: 0.01468030, Gradient norm: 0.08028342
INFO:root:At the start of the epoch: mem (CPU python)=5462.2421875MB; mem (CPU total)=63474.28515625MB
INFO:root:[   14] Training loss: 0.01496871, Validation loss: 0.01553795, Gradient norm: 0.07892046
INFO:root:At the start of the epoch: mem (CPU python)=5462.2421875MB; mem (CPU total)=72188.3359375MB
INFO:root:[   15] Training loss: 0.01488548, Validation loss: 0.01487551, Gradient norm: 0.08109808
INFO:root:At the start of the epoch: mem (CPU python)=5462.2421875MB; mem (CPU total)=67724.375MB
INFO:root:[   16] Training loss: 0.01476148, Validation loss: 0.01456264, Gradient norm: 0.08332775
INFO:root:At the start of the epoch: mem (CPU python)=5462.2421875MB; mem (CPU total)=60412.6015625MB
INFO:root:[   17] Training loss: 0.01467809, Validation loss: 0.01407610, Gradient norm: 0.08270817
INFO:root:At the start of the epoch: mem (CPU python)=5462.2421875MB; mem (CPU total)=49765.70703125MB
INFO:root:[   18] Training loss: 0.01463258, Validation loss: 0.01452211, Gradient norm: 0.08676165
INFO:root:At the start of the epoch: mem (CPU python)=5462.2421875MB; mem (CPU total)=64247.62109375MB
INFO:root:[   19] Training loss: 0.01439072, Validation loss: 0.01425414, Gradient norm: 0.07372925
INFO:root:At the start of the epoch: mem (CPU python)=5462.2421875MB; mem (CPU total)=72560.95703125MB
INFO:root:[   20] Training loss: 0.01429598, Validation loss: 0.01445620, Gradient norm: 0.07745655
INFO:root:At the start of the epoch: mem (CPU python)=5462.2421875MB; mem (CPU total)=61214.6953125MB
INFO:root:[   21] Training loss: 0.01427118, Validation loss: 0.01484815, Gradient norm: 0.07795113
INFO:root:At the start of the epoch: mem (CPU python)=5462.2421875MB; mem (CPU total)=60165.00390625MB
INFO:root:[   22] Training loss: 0.01430653, Validation loss: 0.01566486, Gradient norm: 0.08831417
INFO:root:At the start of the epoch: mem (CPU python)=5462.2421875MB; mem (CPU total)=60773.1875MB
INFO:root:[   23] Training loss: 0.01416081, Validation loss: 0.01543945, Gradient norm: 0.07697060
INFO:root:At the start of the epoch: mem (CPU python)=5462.2421875MB; mem (CPU total)=60005.796875MB
INFO:root:[   24] Training loss: 0.01406362, Validation loss: 0.01372937, Gradient norm: 0.07509962
INFO:root:At the start of the epoch: mem (CPU python)=5462.2421875MB; mem (CPU total)=72498.7109375MB
INFO:root:[   25] Training loss: 0.01399849, Validation loss: 0.01405778, Gradient norm: 0.07651663
INFO:root:At the start of the epoch: mem (CPU python)=5462.2421875MB; mem (CPU total)=64768.09765625MB
INFO:root:[   26] Training loss: 0.01399926, Validation loss: 0.01511140, Gradient norm: 0.07765061
INFO:root:At the start of the epoch: mem (CPU python)=5462.2421875MB; mem (CPU total)=60620.77734375MB
INFO:root:[   27] Training loss: 0.01387018, Validation loss: 0.01465466, Gradient norm: 0.07477333
INFO:root:At the start of the epoch: mem (CPU python)=5476.2421875MB; mem (CPU total)=70132.21484375MB
INFO:root:[   28] Training loss: 0.01390449, Validation loss: 0.01372267, Gradient norm: 0.08202964
INFO:root:At the start of the epoch: mem (CPU python)=5533.6484375MB; mem (CPU total)=73318.2890625MB
INFO:root:[   29] Training loss: 0.01382140, Validation loss: 0.01406745, Gradient norm: 0.07461216
INFO:root:At the start of the epoch: mem (CPU python)=5597.8828125MB; mem (CPU total)=60816.81640625MB
INFO:root:[   30] Training loss: 0.01370529, Validation loss: 0.01350552, Gradient norm: 0.06988507
INFO:root:At the start of the epoch: mem (CPU python)=5650.45703125MB; mem (CPU total)=71535.828125MB
INFO:root:[   31] Training loss: 0.01378414, Validation loss: 0.01361955, Gradient norm: 0.08084312
INFO:root:At the start of the epoch: mem (CPU python)=5717.9453125MB; mem (CPU total)=67900.171875MB
INFO:root:[   32] Training loss: 0.01370517, Validation loss: 0.01337033, Gradient norm: 0.07723335
INFO:root:At the start of the epoch: mem (CPU python)=5778.37109375MB; mem (CPU total)=72182.8828125MB
INFO:root:[   33] Training loss: 0.01362242, Validation loss: 0.01372102, Gradient norm: 0.07279880
INFO:root:At the start of the epoch: mem (CPU python)=5842.26171875MB; mem (CPU total)=30978.45703125MB
INFO:root:[   34] Training loss: 0.01367531, Validation loss: 0.01373549, Gradient norm: 0.08006940
INFO:root:At the start of the epoch: mem (CPU python)=5903.171875MB; mem (CPU total)=73699.609375MB
INFO:root:[   35] Training loss: 0.01356910, Validation loss: 0.01344506, Gradient norm: 0.07255817
INFO:root:At the start of the epoch: mem (CPU python)=5973.1953125MB; mem (CPU total)=61809.3046875MB
INFO:root:[   36] Training loss: 0.01350819, Validation loss: 0.01325705, Gradient norm: 0.07017966
INFO:root:At the start of the epoch: mem (CPU python)=6023.015625MB; mem (CPU total)=64176.43359375MB
INFO:root:[   37] Training loss: 0.01352957, Validation loss: 0.01583256, Gradient norm: 0.07701295
INFO:root:At the start of the epoch: mem (CPU python)=6094.421875MB; mem (CPU total)=62122.3125MB
INFO:root:[   38] Training loss: 0.01350258, Validation loss: 0.01391524, Gradient norm: 0.07385852
INFO:root:At the start of the epoch: mem (CPU python)=6144.8828125MB; mem (CPU total)=73258.83984375MB
INFO:root:[   39] Training loss: 0.01345779, Validation loss: 0.01373695, Gradient norm: 0.06938224
INFO:root:At the start of the epoch: mem (CPU python)=6212.69140625MB; mem (CPU total)=73577.984375MB
INFO:root:[   40] Training loss: 0.01342757, Validation loss: 0.01324032, Gradient norm: 0.07260768
INFO:root:At the start of the epoch: mem (CPU python)=6266.50390625MB; mem (CPU total)=72932.671875MB
INFO:root:[   41] Training loss: 0.01343356, Validation loss: 0.01327364, Gradient norm: 0.07712963
INFO:root:At the start of the epoch: mem (CPU python)=6342.828125MB; mem (CPU total)=67990.04296875MB
INFO:root:[   42] Training loss: 0.01337086, Validation loss: 0.01447175, Gradient norm: 0.07140645
INFO:root:At the start of the epoch: mem (CPU python)=6396.69140625MB; mem (CPU total)=60926.1015625MB
INFO:root:[   43] Training loss: 0.01334992, Validation loss: 0.01360618, Gradient norm: 0.07404217
INFO:root:At the start of the epoch: mem (CPU python)=6462.23828125MB; mem (CPU total)=68516.578125MB
INFO:root:[   44] Training loss: 0.01324495, Validation loss: 0.01299537, Gradient norm: 0.06410483
INFO:root:At the start of the epoch: mem (CPU python)=6515.046875MB; mem (CPU total)=62012.07421875MB
INFO:root:[   45] Training loss: 0.01336058, Validation loss: 0.01305863, Gradient norm: 0.07800712
INFO:root:At the start of the epoch: mem (CPU python)=6590.84765625MB; mem (CPU total)=62132.8671875MB
INFO:root:[   46] Training loss: 0.01324629, Validation loss: 0.01562551, Gradient norm: 0.06778059
INFO:root:At the start of the epoch: mem (CPU python)=6643.36328125MB; mem (CPU total)=63149.2421875MB
INFO:root:[   47] Training loss: 0.01331884, Validation loss: 0.01386653, Gradient norm: 0.07748109
INFO:root:At the start of the epoch: mem (CPU python)=6708.859375MB; mem (CPU total)=33572.3671875MB
INFO:root:[   48] Training loss: 0.01325257, Validation loss: 0.01412051, Gradient norm: 0.07742649
INFO:root:At the start of the epoch: mem (CPU python)=6765.6328125MB; mem (CPU total)=32905.2890625MB
INFO:root:[   49] Training loss: 0.01322994, Validation loss: 0.01303040, Gradient norm: 0.07408974
INFO:root:At the start of the epoch: mem (CPU python)=6832.828125MB; mem (CPU total)=37398.66796875MB
INFO:root:[   50] Training loss: 0.01319381, Validation loss: 0.01298792, Gradient norm: 0.07357694
INFO:root:At the start of the epoch: mem (CPU python)=6886.953125MB; mem (CPU total)=40121.96875MB
INFO:root:[   51] Training loss: 0.01318580, Validation loss: 0.01286298, Gradient norm: 0.07315958
INFO:root:At the start of the epoch: mem (CPU python)=6954.55078125MB; mem (CPU total)=37130.8828125MB
INFO:root:[   52] Training loss: 0.01318594, Validation loss: 0.01362713, Gradient norm: 0.07395418
INFO:root:At the start of the epoch: mem (CPU python)=7014.48046875MB; mem (CPU total)=32616.9140625MB
INFO:root:[   53] Training loss: 0.01323295, Validation loss: 0.01299917, Gradient norm: 0.08080203
INFO:root:At the start of the epoch: mem (CPU python)=7071.015625MB; mem (CPU total)=36426.91015625MB
INFO:root:[   54] Training loss: 0.01314462, Validation loss: 0.01351218, Gradient norm: 0.07389293
INFO:root:At the start of the epoch: mem (CPU python)=7137.1796875MB; mem (CPU total)=44472.984375MB
INFO:root:[   55] Training loss: 0.01309652, Validation loss: 0.01301334, Gradient norm: 0.07398482
INFO:root:At the start of the epoch: mem (CPU python)=7200.4375MB; mem (CPU total)=41801.8984375MB
INFO:root:[   56] Training loss: 0.01312157, Validation loss: 0.01293302, Gradient norm: 0.07238437
INFO:root:At the start of the epoch: mem (CPU python)=7257.16796875MB; mem (CPU total)=43021.703125MB
INFO:root:[   57] Training loss: 0.01304696, Validation loss: 0.01346732, Gradient norm: 0.07369801
INFO:root:At the start of the epoch: mem (CPU python)=7325.4765625MB; mem (CPU total)=39545.0703125MB
INFO:root:[   58] Training loss: 0.01309318, Validation loss: 0.01401455, Gradient norm: 0.07299416
INFO:root:At the start of the epoch: mem (CPU python)=7380.01953125MB; mem (CPU total)=32037.8046875MB
INFO:root:[   59] Training loss: 0.01305758, Validation loss: 0.01278169, Gradient norm: 0.07372301
INFO:root:At the start of the epoch: mem (CPU python)=7439.0625MB; mem (CPU total)=33538.73828125MB
INFO:root:[   60] Training loss: 0.01301448, Validation loss: 0.01297713, Gradient norm: 0.07204083
INFO:root:At the start of the epoch: mem (CPU python)=7511.203125MB; mem (CPU total)=32392.890625MB
INFO:root:[   61] Training loss: 0.01298544, Validation loss: 0.01296581, Gradient norm: 0.07106545
INFO:root:At the start of the epoch: mem (CPU python)=7564.0MB; mem (CPU total)=40046.734375MB
INFO:root:[   62] Training loss: 0.01297325, Validation loss: 0.01331538, Gradient norm: 0.06979361
INFO:root:At the start of the epoch: mem (CPU python)=7626.91015625MB; mem (CPU total)=40902.546875MB
INFO:root:[   63] Training loss: 0.01304965, Validation loss: 0.01307410, Gradient norm: 0.07864601
INFO:root:At the start of the epoch: mem (CPU python)=7704.12890625MB; mem (CPU total)=38201.12109375MB
INFO:root:[   64] Training loss: 0.01299515, Validation loss: 0.01264002, Gradient norm: 0.07431124
INFO:root:At the start of the epoch: mem (CPU python)=7765.6875MB; mem (CPU total)=43147.22265625MB
INFO:root:[   65] Training loss: 0.01298756, Validation loss: 0.01260387, Gradient norm: 0.07561098
INFO:root:At the start of the epoch: mem (CPU python)=7816.45703125MB; mem (CPU total)=47160.02734375MB
INFO:root:[   66] Training loss: 0.01296901, Validation loss: 0.01336176, Gradient norm: 0.06929245
INFO:root:At the start of the epoch: mem (CPU python)=7881.16796875MB; mem (CPU total)=44672.44140625MB
INFO:root:[   67] Training loss: 0.01292284, Validation loss: 0.01262783, Gradient norm: 0.07211383
INFO:root:At the start of the epoch: mem (CPU python)=7946.62890625MB; mem (CPU total)=32926.30078125MB
INFO:root:[   68] Training loss: 0.01290427, Validation loss: 0.01440812, Gradient norm: 0.07161609
INFO:root:At the start of the epoch: mem (CPU python)=8006.26171875MB; mem (CPU total)=45532.79296875MB
INFO:root:[   69] Training loss: 0.01294372, Validation loss: 0.01274566, Gradient norm: 0.07247860
INFO:root:At the start of the epoch: mem (CPU python)=8066.109375MB; mem (CPU total)=33331.359375MB
INFO:root:[   70] Training loss: 0.01289742, Validation loss: 0.01252992, Gradient norm: 0.07044265
INFO:root:At the start of the epoch: mem (CPU python)=8135.59765625MB; mem (CPU total)=40216.34765625MB
INFO:root:[   71] Training loss: 0.01290788, Validation loss: 0.01261747, Gradient norm: 0.07320281
INFO:root:At the start of the epoch: mem (CPU python)=8180.453125MB; mem (CPU total)=44158.29296875MB
INFO:root:[   72] Training loss: 0.01285305, Validation loss: 0.01278711, Gradient norm: 0.07167064
INFO:root:At the start of the epoch: mem (CPU python)=8262.48046875MB; mem (CPU total)=34119.578125MB
INFO:root:[   73] Training loss: 0.01287329, Validation loss: 0.01414363, Gradient norm: 0.07374461
INFO:root:At the start of the epoch: mem (CPU python)=8311.89453125MB; mem (CPU total)=46044.1796875MB
INFO:root:[   74] Training loss: 0.01284630, Validation loss: 0.01292136, Gradient norm: 0.07346966
INFO:root:At the start of the epoch: mem (CPU python)=8369.22265625MB; mem (CPU total)=45762.3203125MB
INFO:root:[   75] Training loss: 0.01285659, Validation loss: 0.01346808, Gradient norm: 0.07546468
INFO:root:At the start of the epoch: mem (CPU python)=8437.2890625MB; mem (CPU total)=46274.8203125MB
INFO:root:[   76] Training loss: 0.01290424, Validation loss: 0.01233582, Gradient norm: 0.07524478
INFO:root:At the start of the epoch: mem (CPU python)=8501.9921875MB; mem (CPU total)=44040.37890625MB
INFO:root:[   77] Training loss: 0.01284639, Validation loss: 0.01272208, Gradient norm: 0.07612683
INFO:root:At the start of the epoch: mem (CPU python)=8558.71875MB; mem (CPU total)=33919.54296875MB
INFO:root:[   78] Training loss: 0.01274032, Validation loss: 0.01272860, Gradient norm: 0.06521811
INFO:root:At the start of the epoch: mem (CPU python)=8623.90234375MB; mem (CPU total)=34427.65625MB
INFO:root:[   79] Training loss: 0.01279040, Validation loss: 0.01296849, Gradient norm: 0.07115822
INFO:root:At the start of the epoch: mem (CPU python)=8680.1953125MB; mem (CPU total)=42261.1171875MB
INFO:root:[   80] Training loss: 0.01283701, Validation loss: 0.01365839, Gradient norm: 0.07403283
INFO:root:At the start of the epoch: mem (CPU python)=8750.0546875MB; mem (CPU total)=33771.18359375MB
INFO:root:[   81] Training loss: 0.01281429, Validation loss: 0.01355787, Gradient norm: 0.07849882
INFO:root:At the start of the epoch: mem (CPU python)=8798.5MB; mem (CPU total)=40809.17578125MB
INFO:root:[   82] Training loss: 0.01281834, Validation loss: 0.01256072, Gradient norm: 0.07643257
INFO:root:At the start of the epoch: mem (CPU python)=8872.3984375MB; mem (CPU total)=35178.12109375MB
INFO:root:Learning rate reduced to: 0.0025
INFO:root:[   83] Training loss: 0.01277249, Validation loss: 0.01298503, Gradient norm: 0.07445408
INFO:root:At the start of the epoch: mem (CPU python)=8925.50390625MB; mem (CPU total)=38134.609375MB
INFO:root:Learning rate reduced to: 0.00125
INFO:root:[   84] Training loss: 0.01235756, Validation loss: 0.01227772, Gradient norm: 0.04832883
INFO:root:At the start of the epoch: mem (CPU python)=8994.9296875MB; mem (CPU total)=44648.89453125MB
INFO:root:[   85] Training loss: 0.01214785, Validation loss: 0.01275663, Gradient norm: 0.03419512
INFO:root:At the start of the epoch: mem (CPU python)=9051.7109375MB; mem (CPU total)=46086.015625MB
INFO:root:[   86] Training loss: 0.01209086, Validation loss: 0.01219018, Gradient norm: 0.03528537
INFO:root:At the start of the epoch: mem (CPU python)=9111.83203125MB; mem (CPU total)=46662.92578125MB
INFO:root:[   87] Training loss: 0.01209241, Validation loss: 0.01213159, Gradient norm: 0.04057062
INFO:root:At the start of the epoch: mem (CPU python)=9175.5625MB; mem (CPU total)=35357.3828125MB
INFO:root:[   88] Training loss: 0.01208057, Validation loss: 0.01197359, Gradient norm: 0.04029960
INFO:root:At the start of the epoch: mem (CPU python)=9237.8828125MB; mem (CPU total)=39153.45703125MB
INFO:root:[   89] Training loss: 0.01207024, Validation loss: 0.01211677, Gradient norm: 0.03877972
INFO:root:At the start of the epoch: mem (CPU python)=9295.53515625MB; mem (CPU total)=47052.55078125MB
INFO:root:[   90] Training loss: 0.01205907, Validation loss: 0.01194462, Gradient norm: 0.03969611
INFO:root:At the start of the epoch: mem (CPU python)=9358.3046875MB; mem (CPU total)=45721.0234375MB
INFO:root:[   91] Training loss: 0.01206398, Validation loss: 0.01238004, Gradient norm: 0.04397776
INFO:root:At the start of the epoch: mem (CPU python)=9422.4453125MB; mem (CPU total)=47026.625MB
INFO:root:[   92] Training loss: 0.01202418, Validation loss: 0.01202861, Gradient norm: 0.03715397
INFO:root:At the start of the epoch: mem (CPU python)=9487.63671875MB; mem (CPU total)=46789.63671875MB
INFO:root:[   93] Training loss: 0.01202504, Validation loss: 0.01208965, Gradient norm: 0.03878087
INFO:root:At the start of the epoch: mem (CPU python)=9544.38671875MB; mem (CPU total)=47195.7578125MB
INFO:root:[   94] Training loss: 0.01202384, Validation loss: 0.01210884, Gradient norm: 0.03980582
INFO:root:At the start of the epoch: mem (CPU python)=9615.54296875MB; mem (CPU total)=46494.546875MB
INFO:root:[   95] Training loss: 0.01200910, Validation loss: 0.01207186, Gradient norm: 0.03912873
INFO:root:At the start of the epoch: mem (CPU python)=9671.23828125MB; mem (CPU total)=35500.4375MB
INFO:root:[   96] Training loss: 0.01201808, Validation loss: 0.01229483, Gradient norm: 0.04090109
INFO:root:At the start of the epoch: mem (CPU python)=9744.875MB; mem (CPU total)=44746.875MB
INFO:root:Learning rate reduced to: 0.000625
INFO:root:[   97] Training loss: 0.01201855, Validation loss: 0.01195185, Gradient norm: 0.04275007
INFO:root:At the start of the epoch: mem (CPU python)=9790.8203125MB; mem (CPU total)=35856.5234375MB
INFO:root:Learning rate reduced to: 0.0003125
INFO:root:[   98] Training loss: 0.01191308, Validation loss: 0.01200667, Gradient norm: 0.02921191
INFO:root:At the start of the epoch: mem (CPU python)=9857.51171875MB; mem (CPU total)=47531.62890625MB
INFO:root:Learning rate reduced to: 0.00015625
INFO:root:[   99] Training loss: 0.01187292, Validation loss: 0.01189305, Gradient norm: 0.02601843
INFO:root:At the start of the epoch: mem (CPU python)=9914.9296875MB; mem (CPU total)=39694.47265625MB
INFO:root:[  100] Training loss: 0.01184081, Validation loss: 0.01203566, Gradient norm: 0.02043926
INFO:root:At the start of the epoch: mem (CPU python)=9974.15625MB; mem (CPU total)=47636.109375MB
INFO:root:[  101] Training loss: 0.01183989, Validation loss: 0.01190162, Gradient norm: 0.02164496
INFO:root:At the start of the epoch: mem (CPU python)=10038.51953125MB; mem (CPU total)=47758.4765625MB
INFO:root:[  102] Training loss: 0.01184020, Validation loss: 0.01199201, Gradient norm: 0.02183750
INFO:root:At the start of the epoch: mem (CPU python)=10112.75390625MB; mem (CPU total)=42142.9609375MB
INFO:root:[  103] Training loss: 0.01183725, Validation loss: 0.01192108, Gradient norm: 0.02158175
INFO:root:At the start of the epoch: mem (CPU python)=10165.015625MB; mem (CPU total)=47864.171875MB
INFO:root:[  104] Training loss: 0.01183903, Validation loss: 0.01198551, Gradient norm: 0.02282581
INFO:root:At the start of the epoch: mem (CPU python)=10221.69921875MB; mem (CPU total)=47797.30078125MB
INFO:root:[  105] Training loss: 0.01183068, Validation loss: 0.01195656, Gradient norm: 0.02361920
INFO:root:At the start of the epoch: mem (CPU python)=10288.6875MB; mem (CPU total)=47435.70703125MB
INFO:root:Learning rate reduced to: 7.8125e-05
INFO:root:[  106] Training loss: 0.01183031, Validation loss: 0.01203309, Gradient norm: 0.02167701
INFO:root:At the start of the epoch: mem (CPU python)=10353.109375MB; mem (CPU total)=46939.14453125MB
INFO:root:[  107] Training loss: 0.01182381, Validation loss: 0.01190729, Gradient norm: 0.02005487
INFO:root:At the start of the epoch: mem (CPU python)=10409.26171875MB; mem (CPU total)=39432.96875MB
INFO:root:[  108] Training loss: 0.01181158, Validation loss: 0.01194847, Gradient norm: 0.01952424
INFO:root:At the start of the epoch: mem (CPU python)=10471.64453125MB; mem (CPU total)=41483.078125MB
INFO:root:EP 108: Early stopping
INFO:root:After finishing all epochs: mem (CPU python)=10530.96875MB; mem (CPU total)=36312.5625MB
INFO:root:Training the model took 61122.85s.
INFO:root:Emptying the cuda cache took 0.062s.
INFO:root:Starting evaluation: model FNO & uncertainty quantification scoring-rule-reparam
INFO:root:Evaluating the model on Validation data.
INFO:root:MSEValidation: 0.01634
INFO:root:EnergyScoreValidation: 0.01188
INFO:root:CRPSValidation: 0.01319
INFO:root:Gaussian NLLValidation: 2028.83615
INFO:root:CoverageValidation: 0.79628
INFO:root:IntervalWidthValidation: 0.05816
INFO:root:Evaluating the model on Test data.
INFO:root:MSETest: 0.02393
INFO:root:EnergyScoreTest: 0.01857
INFO:root:CRPSTest: 0.02012
INFO:root:Gaussian NLLTest: 2449.52952
INFO:root:CoverageTest: 0.66127
INFO:root:IntervalWidthTest: 0.05769
INFO:root:After validation: mem (CPU python)=10994.4609375MB; mem (CPU total)=36722.08203125MB
INFO:root:###2 out of 2 training parameter combinations ###
INFO:root:Training parameters: {'seed': 12, 'model': 'FNO', 'uncertainty_quantification': 'scoring-rule-reparam', 'batch_size': 16, 'n_epochs': 1000, 'early_stopping': 10, 'init': 'default', 'learning_rate': 0.005, 'lr_schedule': 'step', 'optimizer': 'adam', 'gradient_clipping': 1, 'layer_normalization': True, 'data_loader_pin_memory': False, 'data_loader_num_workers': 0, 'distributed_training': False, 'alpha': 0.05, 'n_samples_uq': 100, 'weight_decay': 0, 'dropout': 0.1, 'fourier_dropout': None, 'hidden_channels': 20, 'projection_channels': 128, 'lifting_channels': 128, 'n_modes': (10, 12, 12), 'n_samples': 3}
INFO:root:After creating the dataloaders: mem (CPU python)=10994.4609375MB; mem (CPU total)=48443.99609375MB
INFO:root:NumberParameters: 2698534
INFO:root:GPU memory allocated: 587202560
INFO:root:After setting up the model: mem (CPU python)=10994.4609375MB; mem (CPU total)=48538.38671875MB
INFO:root:Training starts now.
INFO:root:At the start of the epoch: mem (CPU python)=10994.4609375MB; mem (CPU total)=36978.171875MB
INFO:root:[    1] Training loss: 0.02435942, Validation loss: 0.01812951, Gradient norm: 0.12342333
INFO:root:At the start of the epoch: mem (CPU python)=10994.4609375MB; mem (CPU total)=38332.5390625MB
INFO:root:[    2] Training loss: 0.01900186, Validation loss: 0.01873163, Gradient norm: 0.09750479
INFO:root:At the start of the epoch: mem (CPU python)=10994.4609375MB; mem (CPU total)=36599.9453125MB
INFO:root:[    3] Training loss: 0.01835120, Validation loss: 0.01684318, Gradient norm: 0.09935274
INFO:root:At the start of the epoch: mem (CPU python)=10994.4609375MB; mem (CPU total)=36712.859375MB
INFO:root:[    4] Training loss: 0.01782950, Validation loss: 0.01670630, Gradient norm: 0.09068753
INFO:root:At the start of the epoch: mem (CPU python)=10994.4609375MB; mem (CPU total)=46281.0546875MB
INFO:root:[    5] Training loss: 0.01750188, Validation loss: 0.01637679, Gradient norm: 0.08917042
INFO:root:At the start of the epoch: mem (CPU python)=10994.4609375MB; mem (CPU total)=46659.83984375MB
INFO:root:[    6] Training loss: 0.01704914, Validation loss: 0.01639298, Gradient norm: 0.08356235
INFO:root:At the start of the epoch: mem (CPU python)=10994.4609375MB; mem (CPU total)=36407.65625MB
INFO:root:[    7] Training loss: 0.01675420, Validation loss: 0.01595455, Gradient norm: 0.08629834
INFO:root:At the start of the epoch: mem (CPU python)=11004.87109375MB; mem (CPU total)=48442.3359375MB
INFO:root:[    8] Training loss: 0.01642723, Validation loss: 0.01599282, Gradient norm: 0.08370474
INFO:root:At the start of the epoch: mem (CPU python)=11076.6171875MB; mem (CPU total)=48730.40234375MB
INFO:root:[    9] Training loss: 0.01620089, Validation loss: 0.01572246, Gradient norm: 0.09094455
INFO:root:At the start of the epoch: mem (CPU python)=11139.5234375MB; mem (CPU total)=37855.2421875MB
INFO:root:[   10] Training loss: 0.01588948, Validation loss: 0.01669169, Gradient norm: 0.08315833
INFO:root:At the start of the epoch: mem (CPU python)=11198.765625MB; mem (CPU total)=37775.8046875MB
INFO:root:[   11] Training loss: 0.01564073, Validation loss: 0.01558894, Gradient norm: 0.08342740
INFO:root:At the start of the epoch: mem (CPU python)=11267.36328125MB; mem (CPU total)=37207.93359375MB
INFO:root:[   12] Training loss: 0.01547319, Validation loss: 0.01570412, Gradient norm: 0.08642160
INFO:root:At the start of the epoch: mem (CPU python)=11322.625MB; mem (CPU total)=48896.5234375MB
INFO:root:[   13] Training loss: 0.01519207, Validation loss: 0.01495192, Gradient norm: 0.07753772
INFO:root:At the start of the epoch: mem (CPU python)=11381.64453125MB; mem (CPU total)=47717.640625MB
INFO:root:[   14] Training loss: 0.01507871, Validation loss: 0.01503879, Gradient norm: 0.08243151
INFO:root:At the start of the epoch: mem (CPU python)=11438.74609375MB; mem (CPU total)=37580.96484375MB
INFO:root:[   15] Training loss: 0.01488258, Validation loss: 0.01503557, Gradient norm: 0.07582189
INFO:root:At the start of the epoch: mem (CPU python)=11507.44140625MB; mem (CPU total)=46699.34375MB
INFO:root:[   16] Training loss: 0.01476400, Validation loss: 0.01468643, Gradient norm: 0.07943933
INFO:root:At the start of the epoch: mem (CPU python)=11570.16015625MB; mem (CPU total)=49331.08984375MB
INFO:root:[   17] Training loss: 0.01467540, Validation loss: 0.01582734, Gradient norm: 0.07994782
INFO:root:At the start of the epoch: mem (CPU python)=11631.0078125MB; mem (CPU total)=38206.8828125MB
INFO:root:[   18] Training loss: 0.01451875, Validation loss: 0.01451022, Gradient norm: 0.07379511
INFO:root:At the start of the epoch: mem (CPU python)=11681.5390625MB; mem (CPU total)=37927.27734375MB
INFO:root:[   19] Training loss: 0.01446484, Validation loss: 0.01487923, Gradient norm: 0.07835295
INFO:root:At the start of the epoch: mem (CPU python)=11754.40625MB; mem (CPU total)=36490.828125MB
INFO:root:[   20] Training loss: 0.01446891, Validation loss: 0.01498487, Gradient norm: 0.08119806
INFO:root:At the start of the epoch: mem (CPU python)=11802.4609375MB; mem (CPU total)=44188.6015625MB
INFO:root:[   21] Training loss: 0.01433582, Validation loss: 0.01421463, Gradient norm: 0.07993331
INFO:root:At the start of the epoch: mem (CPU python)=11879.38671875MB; mem (CPU total)=41244.4453125MB
INFO:root:[   22] Training loss: 0.01424123, Validation loss: 0.01416864, Gradient norm: 0.07716895
INFO:root:At the start of the epoch: mem (CPU python)=11935.80078125MB; mem (CPU total)=49790.796875MB
INFO:root:[   23] Training loss: 0.01411687, Validation loss: 0.01481813, Gradient norm: 0.07299821
INFO:root:At the start of the epoch: mem (CPU python)=12007.94921875MB; mem (CPU total)=37656.3984375MB
INFO:root:[   24] Training loss: 0.01415661, Validation loss: 0.01495641, Gradient norm: 0.08217018
INFO:root:At the start of the epoch: mem (CPU python)=12062.37109375MB; mem (CPU total)=38535.375MB
INFO:root:[   25] Training loss: 0.01401545, Validation loss: 0.01407902, Gradient norm: 0.07725744
INFO:root:At the start of the epoch: mem (CPU python)=12124.65234375MB; mem (CPU total)=39272.15234375MB
INFO:root:[   26] Training loss: 0.01395963, Validation loss: 0.01356524, Gradient norm: 0.07541343
INFO:root:At the start of the epoch: mem (CPU python)=12188.6015625MB; mem (CPU total)=44431.7734375MB
INFO:root:[   27] Training loss: 0.01394884, Validation loss: 0.01519727, Gradient norm: 0.08132719
INFO:root:At the start of the epoch: mem (CPU python)=12250.421875MB; mem (CPU total)=50114.265625MB
INFO:root:[   28] Training loss: 0.01386945, Validation loss: 0.01442623, Gradient norm: 0.07476831
INFO:root:At the start of the epoch: mem (CPU python)=12301.59765625MB; mem (CPU total)=40714.171875MB
INFO:root:[   29] Training loss: 0.01391476, Validation loss: 0.01446951, Gradient norm: 0.08429816
INFO:root:At the start of the epoch: mem (CPU python)=12373.7109375MB; mem (CPU total)=38971.875MB
INFO:root:[   30] Training loss: 0.01375151, Validation loss: 0.01382380, Gradient norm: 0.07370526
INFO:root:At the start of the epoch: mem (CPU python)=12425.12109375MB; mem (CPU total)=49115.0546875MB
INFO:root:[   31] Training loss: 0.01377395, Validation loss: 0.01540228, Gradient norm: 0.07960917
INFO:root:At the start of the epoch: mem (CPU python)=12496.296875MB; mem (CPU total)=50587.96484375MB
INFO:root:[   32] Training loss: 0.01366554, Validation loss: 0.01346991, Gradient norm: 0.07420387
INFO:root:At the start of the epoch: mem (CPU python)=12551.08984375MB; mem (CPU total)=38229.1640625MB
INFO:root:[   33] Training loss: 0.01369514, Validation loss: 0.01334848, Gradient norm: 0.07740474
INFO:root:At the start of the epoch: mem (CPU python)=12616.16015625MB; mem (CPU total)=51030.51953125MB
INFO:root:[   34] Training loss: 0.01360919, Validation loss: 0.01325076, Gradient norm: 0.07406169
INFO:root:At the start of the epoch: mem (CPU python)=12682.6328125MB; mem (CPU total)=47779.6875MB
INFO:root:[   35] Training loss: 0.01351374, Validation loss: 0.01376954, Gradient norm: 0.06588887
INFO:root:At the start of the epoch: mem (CPU python)=12738.51171875MB; mem (CPU total)=50600.265625MB
INFO:root:[   36] Training loss: 0.01354433, Validation loss: 0.01380495, Gradient norm: 0.07159834
INFO:root:At the start of the epoch: mem (CPU python)=12797.49609375MB; mem (CPU total)=50682.46875MB
INFO:root:[   37] Training loss: 0.01354190, Validation loss: 0.01381155, Gradient norm: 0.07669725
INFO:root:At the start of the epoch: mem (CPU python)=12861.5703125MB; mem (CPU total)=42571.26171875MB
INFO:root:[   38] Training loss: 0.01353864, Validation loss: 0.01349920, Gradient norm: 0.07647930
INFO:root:At the start of the epoch: mem (CPU python)=12913.7890625MB; mem (CPU total)=38934.93359375MB
INFO:root:[   39] Training loss: 0.01344275, Validation loss: 0.01364915, Gradient norm: 0.07575725
INFO:root:At the start of the epoch: mem (CPU python)=12991.4921875MB; mem (CPU total)=51028.92578125MB
INFO:root:[   40] Training loss: 0.01337355, Validation loss: 0.01388335, Gradient norm: 0.06901397
INFO:root:At the start of the epoch: mem (CPU python)=13052.12890625MB; mem (CPU total)=51054.31640625MB
INFO:root:[   41] Training loss: 0.01343175, Validation loss: 0.01338457, Gradient norm: 0.07947186
INFO:root:At the start of the epoch: mem (CPU python)=13114.69921875MB; mem (CPU total)=39260.34375MB
INFO:root:[   42] Training loss: 0.01332744, Validation loss: 0.01381177, Gradient norm: 0.06968042
INFO:root:At the start of the epoch: mem (CPU python)=13168.83203125MB; mem (CPU total)=39133.81640625MB
INFO:root:[   43] Training loss: 0.01331703, Validation loss: 0.01404657, Gradient norm: 0.07043610
INFO:root:At the start of the epoch: mem (CPU python)=13235.515625MB; mem (CPU total)=49544.03125MB
INFO:root:[   44] Training loss: 0.01339349, Validation loss: 0.01342993, Gradient norm: 0.08167304
INFO:root:At the start of the epoch: mem (CPU python)=13298.35546875MB; mem (CPU total)=41787.44140625MB
INFO:root:[   45] Training loss: 0.01335519, Validation loss: 0.01364152, Gradient norm: 0.07765571
INFO:root:At the start of the epoch: mem (CPU python)=13354.22265625MB; mem (CPU total)=37769.484375MB
INFO:root:[   46] Training loss: 0.01330189, Validation loss: 0.01467479, Gradient norm: 0.07612967
INFO:root:At the start of the epoch: mem (CPU python)=13413.12890625MB; mem (CPU total)=39983.078125MB
INFO:root:[   47] Training loss: 0.01321988, Validation loss: 0.01374402, Gradient norm: 0.07045814
INFO:root:At the start of the epoch: mem (CPU python)=13477.62109375MB; mem (CPU total)=51222.89453125MB
INFO:root:[   48] Training loss: 0.01321698, Validation loss: 0.01382942, Gradient norm: 0.07202037
INFO:root:At the start of the epoch: mem (CPU python)=13536.9609375MB; mem (CPU total)=40098.703125MB
INFO:root:[   49] Training loss: 0.01322018, Validation loss: 0.01397890, Gradient norm: 0.07449101
INFO:root:At the start of the epoch: mem (CPU python)=13606.3046875MB; mem (CPU total)=49892.484375MB
INFO:root:[   50] Training loss: 0.01321412, Validation loss: 0.01323674, Gradient norm: 0.07300850
INFO:root:At the start of the epoch: mem (CPU python)=13669.72265625MB; mem (CPU total)=46986.8125MB
INFO:root:[   51] Training loss: 0.01325985, Validation loss: 0.01402797, Gradient norm: 0.08159266
INFO:root:At the start of the epoch: mem (CPU python)=13737.4921875MB; mem (CPU total)=51489.6796875MB
INFO:root:[   52] Training loss: 0.01310503, Validation loss: 0.01355054, Gradient norm: 0.07011496
INFO:root:At the start of the epoch: mem (CPU python)=13793.00390625MB; mem (CPU total)=51640.328125MB
INFO:root:[   53] Training loss: 0.01311365, Validation loss: 0.01424944, Gradient norm: 0.07105191
INFO:root:At the start of the epoch: mem (CPU python)=13853.01171875MB; mem (CPU total)=39854.99609375MB
INFO:root:[   54] Training loss: 0.01310032, Validation loss: 0.01356655, Gradient norm: 0.07499561
INFO:root:At the start of the epoch: mem (CPU python)=13914.80078125MB; mem (CPU total)=44663.47265625MB
INFO:root:[   55] Training loss: 0.01318211, Validation loss: 0.01370549, Gradient norm: 0.07724905
INFO:root:At the start of the epoch: mem (CPU python)=13970.28515625MB; mem (CPU total)=44588.5703125MB
INFO:root:[   56] Training loss: 0.01307018, Validation loss: 0.01399266, Gradient norm: 0.07417280
INFO:root:At the start of the epoch: mem (CPU python)=14037.875MB; mem (CPU total)=50907.09375MB
INFO:root:[   57] Training loss: 0.01310684, Validation loss: 0.01313233, Gradient norm: 0.07984878
INFO:root:At the start of the epoch: mem (CPU python)=14094.86328125MB; mem (CPU total)=51895.94140625MB
INFO:root:[   58] Training loss: 0.01304846, Validation loss: 0.01401755, Gradient norm: 0.07191941
INFO:root:At the start of the epoch: mem (CPU python)=14163.6640625MB; mem (CPU total)=40930.80859375MB
INFO:root:[   59] Training loss: 0.01304367, Validation loss: 0.01365838, Gradient norm: 0.07345689
INFO:root:At the start of the epoch: mem (CPU python)=14223.12109375MB; mem (CPU total)=47072.75MB
INFO:root:[   60] Training loss: 0.01297568, Validation loss: 0.01418603, Gradient norm: 0.06941874
INFO:root:At the start of the epoch: mem (CPU python)=14280.08984375MB; mem (CPU total)=39562.80078125MB
INFO:root:[   61] Training loss: 0.01297364, Validation loss: 0.01263697, Gradient norm: 0.07074281
INFO:root:At the start of the epoch: mem (CPU python)=14344.4140625MB; mem (CPU total)=39456.5390625MB
INFO:root:[   62] Training loss: 0.01299327, Validation loss: 0.01386450, Gradient norm: 0.07440013
INFO:root:At the start of the epoch: mem (CPU python)=14409.40234375MB; mem (CPU total)=52447.84375MB
INFO:root:[   63] Training loss: 0.01292669, Validation loss: 0.01484623, Gradient norm: 0.06802670
INFO:root:At the start of the epoch: mem (CPU python)=14473.96484375MB; mem (CPU total)=39896.046875MB
INFO:root:[   64] Training loss: 0.01300149, Validation loss: 0.01274751, Gradient norm: 0.07595696
INFO:root:At the start of the epoch: mem (CPU python)=14527.30078125MB; mem (CPU total)=45696.34375MB
INFO:root:[   65] Training loss: 0.01294140, Validation loss: 0.01355794, Gradient norm: 0.07379791
INFO:root:At the start of the epoch: mem (CPU python)=14596.6015625MB; mem (CPU total)=49927.421875MB
INFO:root:[   66] Training loss: 0.01295150, Validation loss: 0.01354231, Gradient norm: 0.07480871
INFO:root:At the start of the epoch: mem (CPU python)=14649.99609375MB; mem (CPU total)=52307.08984375MB
INFO:root:[   67] Training loss: 0.01295851, Validation loss: 0.01368140, Gradient norm: 0.07562579
INFO:root:At the start of the epoch: mem (CPU python)=14715.6328125MB; mem (CPU total)=52124.76171875MB
INFO:root:Learning rate reduced to: 0.0025
INFO:root:[   68] Training loss: 0.01286687, Validation loss: 0.01360828, Gradient norm: 0.06961841
INFO:root:At the start of the epoch: mem (CPU python)=14775.3046875MB; mem (CPU total)=52299.578125MB
INFO:root:Learning rate reduced to: 0.00125
INFO:root:[   69] Training loss: 0.01245440, Validation loss: 0.01246521, Gradient norm: 0.04290631
INFO:root:At the start of the epoch: mem (CPU python)=14833.44921875MB; mem (CPU total)=41208.66015625MB
INFO:root:[   70] Training loss: 0.01225708, Validation loss: 0.01299071, Gradient norm: 0.03578261
INFO:root:At the start of the epoch: mem (CPU python)=14896.5859375MB; mem (CPU total)=49954.64453125MB
INFO:root:[   71] Training loss: 0.01222417, Validation loss: 0.01265937, Gradient norm: 0.04052326
INFO:root:At the start of the epoch: mem (CPU python)=14962.4375MB; mem (CPU total)=43258.21875MB
INFO:root:[   72] Training loss: 0.01217343, Validation loss: 0.01263651, Gradient norm: 0.03649079
INFO:root:At the start of the epoch: mem (CPU python)=15021.29296875MB; mem (CPU total)=41174.87109375MB
INFO:root:[   73] Training loss: 0.01216608, Validation loss: 0.01322315, Gradient norm: 0.03588034
INFO:root:At the start of the epoch: mem (CPU python)=15083.28515625MB; mem (CPU total)=52999.234375MB
INFO:root:[   74] Training loss: 0.01217688, Validation loss: 0.01264991, Gradient norm: 0.04227364
INFO:root:At the start of the epoch: mem (CPU python)=15152.24609375MB; mem (CPU total)=40181.11328125MB
INFO:root:[   75] Training loss: 0.01215811, Validation loss: 0.01280061, Gradient norm: 0.04287306
INFO:root:At the start of the epoch: mem (CPU python)=15218.98046875MB; mem (CPU total)=52754.109375MB
INFO:root:Learning rate reduced to: 0.000625
INFO:root:[   76] Training loss: 0.01214195, Validation loss: 0.01231362, Gradient norm: 0.04112380
INFO:root:At the start of the epoch: mem (CPU python)=15268.4140625MB; mem (CPU total)=41854.8828125MB
INFO:root:[   77] Training loss: 0.01204444, Validation loss: 0.01263729, Gradient norm: 0.02901623
INFO:root:At the start of the epoch: mem (CPU python)=15329.26953125MB; mem (CPU total)=41178.2734375MB
INFO:root:[   78] Training loss: 0.01204296, Validation loss: 0.01263652, Gradient norm: 0.03205791
INFO:root:At the start of the epoch: mem (CPU python)=15391.99609375MB; mem (CPU total)=47715.40625MB
INFO:root:[   79] Training loss: 0.01203128, Validation loss: 0.01268034, Gradient norm: 0.03032312
INFO:root:At the start of the epoch: mem (CPU python)=15466.54296875MB; mem (CPU total)=53182.046875MB
INFO:root:[   80] Training loss: 0.01202103, Validation loss: 0.01266684, Gradient norm: 0.03131604
INFO:root:At the start of the epoch: mem (CPU python)=15521.0859375MB; mem (CPU total)=51839.03125MB
INFO:root:[   81] Training loss: 0.01201890, Validation loss: 0.01298394, Gradient norm: 0.03198702
INFO:root:At the start of the epoch: mem (CPU python)=15574.84375MB; mem (CPU total)=41379.80859375MB
INFO:root:[   82] Training loss: 0.01200970, Validation loss: 0.01217824, Gradient norm: 0.03141073
INFO:root:At the start of the epoch: mem (CPU python)=15637.37890625MB; mem (CPU total)=51867.09375MB
INFO:root:[   83] Training loss: 0.01201239, Validation loss: 0.01283576, Gradient norm: 0.03177935
INFO:root:At the start of the epoch: mem (CPU python)=15708.48046875MB; mem (CPU total)=47862.6875MB
INFO:root:[   84] Training loss: 0.01200307, Validation loss: 0.01271247, Gradient norm: 0.03217407
INFO:root:At the start of the epoch: mem (CPU python)=15770.2734375MB; mem (CPU total)=41901.734375MB
INFO:root:[   85] Training loss: 0.01199100, Validation loss: 0.01300168, Gradient norm: 0.03070753
INFO:root:At the start of the epoch: mem (CPU python)=15836.7109375MB; mem (CPU total)=51655.96875MB
INFO:root:[   86] Training loss: 0.01199795, Validation loss: 0.01262923, Gradient norm: 0.03236173
INFO:root:At the start of the epoch: mem (CPU python)=15892.0078125MB; mem (CPU total)=44408.078125MB
INFO:root:[   87] Training loss: 0.01198311, Validation loss: 0.01273413, Gradient norm: 0.03308726
INFO:root:At the start of the epoch: mem (CPU python)=15958.5MB; mem (CPU total)=49368.07421875MB
INFO:root:[   88] Training loss: 0.01198026, Validation loss: 0.01264581, Gradient norm: 0.03158349
INFO:root:At the start of the epoch: mem (CPU python)=16008.515625MB; mem (CPU total)=44205.9921875MB
INFO:root:Learning rate reduced to: 0.0003125
INFO:root:[   89] Training loss: 0.01197746, Validation loss: 0.01318250, Gradient norm: 0.03284318
INFO:root:At the start of the epoch: mem (CPU python)=16081.2890625MB; mem (CPU total)=41524.1171875MB
INFO:root:Learning rate reduced to: 0.00015625
INFO:root:[   90] Training loss: 0.01191935, Validation loss: 0.01235200, Gradient norm: 0.02405956
INFO:root:At the start of the epoch: mem (CPU python)=16132.80859375MB; mem (CPU total)=48678.34375MB
INFO:root:Learning rate reduced to: 7.8125e-05
INFO:root:[   91] Training loss: 0.01190401, Validation loss: 0.01262598, Gradient norm: 0.02161917
INFO:root:At the start of the epoch: mem (CPU python)=16202.33984375MB; mem (CPU total)=42119.7109375MB
INFO:root:EP 91: Early stopping
INFO:root:After finishing all epochs: mem (CPU python)=16256.0546875MB; mem (CPU total)=54291.0390625MB
INFO:root:Training the model took 51726.147s.
INFO:root:Emptying the cuda cache took 0.059s.
INFO:root:Starting evaluation: model FNO & uncertainty quantification scoring-rule-reparam
INFO:root:Evaluating the model on Validation data.
INFO:root:MSEValidation: 0.0167
INFO:root:EnergyScoreValidation: 0.01216
INFO:root:CRPSValidation: 0.01407
INFO:root:Gaussian NLLValidation: 1246.97212
INFO:root:CoverageValidation: 0.73225
INFO:root:IntervalWidthValidation: 0.056
INFO:root:Evaluating the model on Test data.
INFO:root:MSETest: 0.02419
INFO:root:EnergyScoreTest: 0.01879
INFO:root:CRPSTest: 0.02105
INFO:root:Gaussian NLLTest: 18.79805
INFO:root:CoverageTest: 0.62516
INFO:root:IntervalWidthTest: 0.05539
INFO:root:After validation: mem (CPU python)=16716.33984375MB; mem (CPU total)=53966.265625MB
