INFO:root:Starting the logger.
INFO:root:Using cpu.
INFO:root:############### Starting experiment with config file debug.ini ###############
INFO:root:###1 out of 2 data set parameter combinations ###
INFO:root:Data parameters: {'dataset_name': 'SWE', 'max_training_set_size': 10000, 'downscaling_factor': 2, 'temporal_downscaling': 4, 'init_steps': 10, 't_start': 10, 'pred_horizon': 5}
INFO:root:###1 out of 3 training parameter combinations ###
INFO:root:Training parameters: {'model': 'FNO', 'uncertainty_quantification': 'scoring-rule-dropout', 'batch_size': 32, 'n_epochs': 1, 'early_stopping': 10, 'dropout': 0.0, 'init': 'default', 'learning_rate': 0.0001, 'lr_schedule': 'no', 'optimizer': 'adam', 'gradient_clipping': 1, 'layer_normalization': True, 'data_loader_pin_memory': False, 'data_loader_num_workers': 0, 'distributed_training': False, 'fourier_dropout': 0.0, 'hidden_channels': 32, 'projection_channels': 64, 'alpha': 0.05, 'n_samples_uq': 10, 'weight_decay': 0, 'n_samples': 3, 'lifting_channels': 128, 'n_modes': (16, 16), 'uno_out_channels': [32, 64, 64, 32], 'uno_scalings': [[1.0, 1.0], [0.5, 0.5], [1, 1], [2, 2]], 'uno_n_modes': [[16, 16], [8, 8], [8, 8], [16, 16]]}
INFO:root:Number parameters: 1192101
INFO:root:Memory allocated: 0
INFO:root:Training starts now.
INFO:root:[    1] Training loss: 11.26078527, Validation loss: 65.28214455, Gradient norm: 6.76349884
INFO:root:Training the model took 31.337s.
INFO:root:Emptying the cuda cache took 0.0s.
INFO:root:Starting evaluation: model FNO & uncertainty quantification scoring-rule-dropout
INFO:root:Evaluating the model on train data.
INFO:root:MSEtrain: 3.63288
INFO:root:EnergyScoretrain: 8.15439
INFO:root:Coveragetrain: 0.0
INFO:root:IntervalWidthtrain: 0.0
INFO:root:Evaluating the model on validation data.
INFO:root:MSEvalidation: 1.00103
INFO:root:EnergyScorevalidation: 2.24688
INFO:root:Coveragevalidation: 0.0
INFO:root:IntervalWidthvalidation: 0.0
INFO:root:Evaluating the model on test data.
INFO:root:MSEtest: 1.67856
INFO:root:EnergyScoretest: 3.76744
INFO:root:Coveragetest: 0.0
INFO:root:IntervalWidthtest: 0.0
INFO:root:###2 out of 3 training parameter combinations ###
INFO:root:Training parameters: {'model': 'FNO', 'uncertainty_quantification': 'laplace', 'batch_size': 32, 'n_epochs': 1, 'early_stopping': 10, 'dropout': 0.0, 'init': 'default', 'learning_rate': 0.0001, 'lr_schedule': 'no', 'optimizer': 'adam', 'gradient_clipping': 1, 'layer_normalization': True, 'data_loader_pin_memory': False, 'data_loader_num_workers': 0, 'distributed_training': False, 'fourier_dropout': 0.0, 'hidden_channels': 32, 'projection_channels': 64, 'alpha': 0.05, 'n_samples_uq': 10, 'weight_decay': 0, 'n_samples': 3, 'lifting_channels': 128, 'n_modes': (16, 16), 'uno_out_channels': [32, 64, 64, 32], 'uno_scalings': [[1.0, 1.0], [0.5, 0.5], [1, 1], [2, 2]], 'uno_n_modes': [[16, 16], [8, 8], [8, 8], [16, 16]]}
INFO:root:Number parameters: 1192101
INFO:root:Memory allocated: 0
INFO:root:Training starts now.
INFO:root:[    1] Training loss: 4.79002233, Validation loss: 27.01014662, Gradient norm: 3.27088736
INFO:root:Training the model took 9.4s.
INFO:root:Emptying the cuda cache took 0.0s.
INFO:root:Starting evaluation: model FNO & uncertainty quantification laplace
INFO:root:Evaluating the model on train data.
INFO:root:MSEtrain: 3.39045
INFO:root:EnergyScoretrain: 7.12456
INFO:root:Coveragetrain: 9e-05
INFO:root:IntervalWidthtrain: 98.56139
INFO:root:Evaluating the model on validation data.
INFO:root:MSEvalidation: 0.91966
INFO:root:EnergyScorevalidation: 1.95262
INFO:root:Coveragevalidation: 2e-05
INFO:root:IntervalWidthvalidation: 23.28916
INFO:root:Evaluating the model on test data.
INFO:root:MSEtest: 1.57119
INFO:root:EnergyScoretest: 3.33885
INFO:root:Coveragetest: 2e-05
INFO:root:IntervalWidthtest: 45.82823
INFO:root:###3 out of 3 training parameter combinations ###
INFO:root:Training parameters: {'model': 'FNO', 'uncertainty_quantification': 'dropout', 'batch_size': 32, 'n_epochs': 1, 'early_stopping': 10, 'dropout': 0.0, 'init': 'default', 'learning_rate': 0.0001, 'lr_schedule': 'no', 'optimizer': 'adam', 'gradient_clipping': 1, 'layer_normalization': True, 'data_loader_pin_memory': False, 'data_loader_num_workers': 0, 'distributed_training': False, 'fourier_dropout': 0.0, 'hidden_channels': 32, 'projection_channels': 64, 'alpha': 0.05, 'n_samples_uq': 10, 'weight_decay': 0, 'n_samples': 3, 'lifting_channels': 128, 'n_modes': (16, 16), 'uno_out_channels': [32, 64, 64, 32], 'uno_scalings': [[1.0, 1.0], [0.5, 0.5], [1, 1], [2, 2]], 'uno_n_modes': [[16, 16], [8, 8], [8, 8], [16, 16]]}
INFO:root:Number parameters: 1192101
INFO:root:Memory allocated: 0
INFO:root:Training starts now.
INFO:root:[    1] Training loss: 5.48174522, Validation loss: 31.85021782, Gradient norm: 2.82567881
INFO:root:Training the model took 9.321s.
INFO:root:Emptying the cuda cache took 0.0s.
INFO:root:Starting evaluation: model FNO & uncertainty quantification dropout
INFO:root:Evaluating the model on train data.
INFO:root:MSEtrain: 3.97759
INFO:root:EnergyScoretrain: 8.91124
INFO:root:Coveragetrain: 0.0
INFO:root:IntervalWidthtrain: 0.0
INFO:root:Evaluating the model on validation data.
INFO:root:MSEvalidation: 1.09492
INFO:root:EnergyScorevalidation: 2.45301
INFO:root:Coveragevalidation: 0.0
INFO:root:IntervalWidthvalidation: 0.0
INFO:root:Evaluating the model on test data.
INFO:root:MSEtest: 1.8055
INFO:root:EnergyScoretest: 4.04511
INFO:root:Coveragetest: 0.0
INFO:root:IntervalWidthtest: 0.0
INFO:root:###2 out of 2 data set parameter combinations ###
INFO:root:Data parameters: {'dataset_name': 'DarcyFlow', 'max_training_set_size': 10000, 'downscaling_factor': 2, 'temporal_downscaling': 4, 'init_steps': 10, 't_start': 10, 'pred_horizon': 5}
INFO:root:###1 out of 3 training parameter combinations ###
INFO:root:Training parameters: {'model': 'FNO', 'uncertainty_quantification': 'scoring-rule-dropout', 'batch_size': 32, 'n_epochs': 1, 'early_stopping': 10, 'dropout': 0.0, 'init': 'default', 'learning_rate': 0.0001, 'lr_schedule': 'no', 'optimizer': 'adam', 'gradient_clipping': 1, 'layer_normalization': True, 'data_loader_pin_memory': False, 'data_loader_num_workers': 0, 'distributed_training': False, 'fourier_dropout': 0.0, 'hidden_channels': 32, 'projection_channels': 64, 'alpha': 0.05, 'n_samples_uq': 10, 'weight_decay': 0, 'n_samples': 3, 'lifting_channels': 128, 'n_modes': (16, 16), 'uno_out_channels': [32, 64, 64, 32], 'uno_scalings': [[1.0, 1.0], [0.5, 0.5], [1, 1], [2, 2]], 'uno_n_modes': [[16, 16], [8, 8], [8, 8], [16, 16]]}
INFO:root:Number parameters: 1190689
INFO:root:Memory allocated: 0
INFO:root:Training starts now.
INFO:root:[    1] Training loss: 0.06054098, Validation loss: 2.39371179, Gradient norm: 0.27693833
INFO:root:Training the model took 287.655s.
INFO:root:Emptying the cuda cache took 0.0s.
INFO:root:Starting evaluation: model FNO & uncertainty quantification scoring-rule-dropout
INFO:root:Evaluating the model on train data.
INFO:root:MSEtrain: 0.29241
INFO:root:EnergyScoretrain: 0.29241
INFO:root:Coveragetrain: 0.0
INFO:root:IntervalWidthtrain: 0.0
INFO:root:Evaluating the model on validation data.
