INFO:root:Starting the logger.
INFO:root:Using cuda.
INFO:root:: mem (CPU python)=575.1953125MB; mem (CPU total)=1065.29296875MB
INFO:root:############### Starting experiment with config file ks/fno_sr_dropout_n_samples.ini ###############
INFO:root:###1 out of 1 data set parameter combinations ###
INFO:root:Data parameters: {'dataset_name': 'KS', 'max_training_set_size': 10000, 'downscaling_factor': 1, 'temporal_downscaling': 2, 'init_steps': 20, 't_start': 0, 'pred_horizon': 20}
INFO:root:After loading the datasets: mem (CPU python)=12454.546875MB; mem (CPU total)=1071.69140625MB
INFO:root:###1 out of 9 training parameter combinations ###
INFO:root:Training parameters: {'seed': 1, 'model': 'FNO', 'uncertainty_quantification': 'scoring-rule-dropout', 'batch_size': 64, 'n_epochs': 1000, 'early_stopping': 10, 'init': 'default', 'learning_rate': 0.001, 'lr_schedule': 'step', 'optimizer': 'adam', 'gradient_clipping': 1, 'layer_normalization': True, 'data_loader_pin_memory': False, 'data_loader_num_workers': 0, 'distributed_training': False, 'alpha': 0.05, 'n_samples_uq': 100, 'weight_decay': 0, 'dropout': 0.2, 'fourier_dropout': None, 'hidden_channels': 20, 'projection_channels': 128, 'lifting_channels': 128, 'n_modes': (10, 12), 'n_samples': 5}
INFO:root:After creating the dataloaders: mem (CPU python)=12454.546875MB; mem (CPU total)=1070.83203125MB
INFO:root:NumberParameters: 231589
INFO:root:GPU memory allocated: 2097152
INFO:root:After setting up the model: mem (CPU python)=12454.546875MB; mem (CPU total)=2432.16015625MB
INFO:root:Training starts now.
INFO:root:At the start of the epoch: mem (CPU python)=12454.546875MB; mem (CPU total)=2444.328125MB
INFO:root:[    1] Training loss: 0.78112180, Validation loss: 0.72783879, Gradient norm: 0.49991432
INFO:root:At the start of the epoch: mem (CPU python)=12454.546875MB; mem (CPU total)=4166.85546875MB
INFO:root:[    2] Training loss: 0.72513041, Validation loss: 0.72371069, Gradient norm: 0.44990651
INFO:root:At the start of the epoch: mem (CPU python)=12454.546875MB; mem (CPU total)=4205.0234375MB
INFO:root:[    3] Training loss: 0.72219551, Validation loss: 0.72252023, Gradient norm: 0.38527882
INFO:root:At the start of the epoch: mem (CPU python)=12454.546875MB; mem (CPU total)=4242.67578125MB
INFO:root:[    4] Training loss: 0.72110236, Validation loss: 0.72147138, Gradient norm: 0.34261830
INFO:root:At the start of the epoch: mem (CPU python)=12454.546875MB; mem (CPU total)=4280.58984375MB
INFO:root:[    5] Training loss: 0.72056623, Validation loss: 0.72028650, Gradient norm: 0.32455403
INFO:root:At the start of the epoch: mem (CPU python)=12454.546875MB; mem (CPU total)=4318.34765625MB
INFO:root:[    6] Training loss: 0.72012133, Validation loss: 0.72018253, Gradient norm: 0.22073126
INFO:root:At the start of the epoch: mem (CPU python)=12454.546875MB; mem (CPU total)=4356.85546875MB
INFO:root:[    7] Training loss: 0.71995487, Validation loss: 0.72064619, Gradient norm: 0.29024271
INFO:root:At the start of the epoch: mem (CPU python)=12454.546875MB; mem (CPU total)=4394.859375MB
INFO:root:[    8] Training loss: 0.71977133, Validation loss: 0.72010366, Gradient norm: 0.28504107
INFO:root:At the start of the epoch: mem (CPU python)=12454.546875MB; mem (CPU total)=4432.8046875MB
INFO:root:[    9] Training loss: 0.71943709, Validation loss: 0.72017480, Gradient norm: 0.27724985
INFO:root:At the start of the epoch: mem (CPU python)=12454.546875MB; mem (CPU total)=4471.4375MB
INFO:root:[   10] Training loss: 0.71899485, Validation loss: 0.71880611, Gradient norm: 0.23827926
INFO:root:At the start of the epoch: mem (CPU python)=12454.546875MB; mem (CPU total)=4509.671875MB
INFO:root:[   11] Training loss: 0.71899270, Validation loss: 0.71906762, Gradient norm: 0.35829578
INFO:root:At the start of the epoch: mem (CPU python)=12454.546875MB; mem (CPU total)=4547.5859375MB
INFO:root:[   12] Training loss: 0.71805803, Validation loss: 0.71762308, Gradient norm: 0.20773749
INFO:root:At the start of the epoch: mem (CPU python)=12454.546875MB; mem (CPU total)=4586.0546875MB
INFO:root:[   13] Training loss: 0.71597495, Validation loss: 0.71352330, Gradient norm: 0.16242872
INFO:root:At the start of the epoch: mem (CPU python)=12454.546875MB; mem (CPU total)=4624.41015625MB
