INFO:root:Starting the logger.
INFO:root:Using cuda.
INFO:root:: mem (CPU python)=572.15625MB; mem (CPU total)=72271.125MB
INFO:root:############### Starting experiment with config file era5/fno_dropout.ini ###############
INFO:root:###1 out of 1 data set parameter combinations ###
INFO:root:Data parameters: {'dataset_name': 'era5', 'max_training_set_size': 20000, 'init_steps': 10, 'pred_horizon': 10}
INFO:root:After loading the datasets: mem (CPU python)=5490.86328125MB; mem (CPU total)=59510.875MB
INFO:root:###1 out of 2 training parameter combinations ###
INFO:root:Training parameters: {'seed': 1, 'model': 'FNO', 'uncertainty_quantification': 'dropout', 'batch_size': 16, 'n_epochs': 1000, 'early_stopping': 10, 'init': 'default', 'learning_rate': 0.005, 'lr_schedule': 'step', 'optimizer': 'adam', 'gradient_clipping': 1, 'layer_normalization': True, 'data_loader_pin_memory': False, 'data_loader_num_workers': 0, 'distributed_training': False, 'alpha': 0.05, 'n_samples_uq': 100, 'weight_decay': 0, 'dropout': 0.05, 'fourier_dropout': None, 'hidden_channels': 20, 'projection_channels': 128, 'lifting_channels': 128, 'n_modes': (10, 12, 12), 'n_samples': 3}
INFO:root:After creating the dataloaders: mem (CPU python)=5490.86328125MB; mem (CPU total)=59601.40625MB
INFO:root:NumberParameters: 2695717
INFO:root:GPU memory allocated: 23068672
INFO:root:After setting up the model: mem (CPU python)=5490.86328125MB; mem (CPU total)=64046.3828125MB
INFO:root:Training starts now.
INFO:root:At the start of the epoch: mem (CPU python)=5490.86328125MB; mem (CPU total)=77499.29296875MB
INFO:root:[    1] Training loss: 0.03220735, Validation loss: 0.02625041, Gradient norm: 0.16860592
INFO:root:At the start of the epoch: mem (CPU python)=5490.86328125MB; mem (CPU total)=70020.0MB
INFO:root:[    2] Training loss: 0.02616939, Validation loss: 0.02562930, Gradient norm: 0.13854169
INFO:root:At the start of the epoch: mem (CPU python)=5490.86328125MB; mem (CPU total)=74784.875MB
INFO:root:[    3] Training loss: 0.02513200, Validation loss: 0.02460753, Gradient norm: 0.12641896
INFO:root:At the start of the epoch: mem (CPU python)=5490.86328125MB; mem (CPU total)=74574.01953125MB
INFO:root:[    4] Training loss: 0.02435803, Validation loss: 0.02385511, Gradient norm: 0.12226060
INFO:root:At the start of the epoch: mem (CPU python)=5490.86328125MB; mem (CPU total)=65779.25MB
INFO:root:[    5] Training loss: 0.02386507, Validation loss: 0.02341825, Gradient norm: 0.13270598
INFO:root:At the start of the epoch: mem (CPU python)=5490.86328125MB; mem (CPU total)=73434.10546875MB
INFO:root:[    6] Training loss: 0.02301743, Validation loss: 0.02357453, Gradient norm: 0.11869335
INFO:root:At the start of the epoch: mem (CPU python)=5490.86328125MB; mem (CPU total)=69676.43359375MB
INFO:root:[    7] Training loss: 0.02247227, Validation loss: 0.02297894, Gradient norm: 0.12485024
INFO:root:At the start of the epoch: mem (CPU python)=5490.86328125MB; mem (CPU total)=64154.42578125MB
INFO:root:[    8] Training loss: 0.02168664, Validation loss: 0.02254563, Gradient norm: 0.11829456
INFO:root:At the start of the epoch: mem (CPU python)=5490.86328125MB; mem (CPU total)=73560.88671875MB
INFO:root:[    9] Training loss: 0.02122133, Validation loss: 0.02223582, Gradient norm: 0.11921529
INFO:root:At the start of the epoch: mem (CPU python)=5490.86328125MB; mem (CPU total)=76027.1875MB
INFO:root:[   10] Training loss: 0.02074210, Validation loss: 0.02152068, Gradient norm: 0.11351277
INFO:root:At the start of the epoch: mem (CPU python)=5490.86328125MB; mem (CPU total)=70835.65625MB
INFO:root:[   11] Training loss: 0.02050454, Validation loss: 0.02135050, Gradient norm: 0.11594324
INFO:root:At the start of the epoch: mem (CPU python)=5490.86328125MB; mem (CPU total)=74262.38671875MB
INFO:root:[   12] Training loss: 0.02013649, Validation loss: 0.02105192, Gradient norm: 0.10957444
INFO:root:At the start of the epoch: mem (CPU python)=5490.86328125MB; mem (CPU total)=73352.68359375MB
INFO:root:[   13] Training loss: 0.01991754, Validation loss: 0.02104164, Gradient norm: 0.10897277
INFO:root:At the start of the epoch: mem (CPU python)=5490.86328125MB; mem (CPU total)=80936.421875MB
INFO:root:[   14] Training loss: 0.01977387, Validation loss: 0.02089848, Gradient norm: 0.11979316
INFO:root:At the start of the epoch: mem (CPU python)=5490.86328125MB; mem (CPU total)=69699.67578125MB
INFO:root:[   15] Training loss: 0.01946426, Validation loss: 0.02045826, Gradient norm: 0.10620821
INFO:root:At the start of the epoch: mem (CPU python)=5490.86328125MB; mem (CPU total)=73631.34765625MB
INFO:root:[   16] Training loss: 0.01940350, Validation loss: 0.02039215, Gradient norm: 0.11640986
INFO:root:At the start of the epoch: mem (CPU python)=5490.86328125MB; mem (CPU total)=69839.93359375MB
INFO:root:[   17] Training loss: 0.01916150, Validation loss: 0.02024102, Gradient norm: 0.10801083
INFO:root:At the start of the epoch: mem (CPU python)=5490.86328125MB; mem (CPU total)=70979.32421875MB
INFO:root:[   18] Training loss: 0.01901442, Validation loss: 0.02084779, Gradient norm: 0.10862875
INFO:root:At the start of the epoch: mem (CPU python)=5490.86328125MB; mem (CPU total)=72278.36328125MB
INFO:root:[   19] Training loss: 0.01893139, Validation loss: 0.02054333, Gradient norm: 0.11545577
INFO:root:At the start of the epoch: mem (CPU python)=5490.86328125MB; mem (CPU total)=66143.70703125MB
INFO:root:[   20] Training loss: 0.01871700, Validation loss: 0.02048306, Gradient norm: 0.10203349
INFO:root:At the start of the epoch: mem (CPU python)=5490.86328125MB; mem (CPU total)=78063.0625MB
INFO:root:[   21] Training loss: 0.01861848, Validation loss: 0.02020184, Gradient norm: 0.10363323
INFO:root:At the start of the epoch: mem (CPU python)=5490.86328125MB; mem (CPU total)=76980.93359375MB
INFO:root:[   22] Training loss: 0.01857815, Validation loss: 0.01959293, Gradient norm: 0.11066169
INFO:root:At the start of the epoch: mem (CPU python)=5490.86328125MB; mem (CPU total)=68211.6484375MB
INFO:root:[   23] Training loss: 0.01851526, Validation loss: 0.01946434, Gradient norm: 0.11107754
INFO:root:At the start of the epoch: mem (CPU python)=5490.86328125MB; mem (CPU total)=79341.6484375MB
INFO:root:[   24] Training loss: 0.01834626, Validation loss: 0.01965533, Gradient norm: 0.10401356
INFO:root:At the start of the epoch: mem (CPU python)=5490.86328125MB; mem (CPU total)=67576.359375MB
INFO:root:[   25] Training loss: 0.01817960, Validation loss: 0.01933695, Gradient norm: 0.09952456
INFO:root:At the start of the epoch: mem (CPU python)=5490.86328125MB; mem (CPU total)=73285.1640625MB
INFO:root:[   26] Training loss: 0.01813913, Validation loss: 0.01927364, Gradient norm: 0.10294157
INFO:root:At the start of the epoch: mem (CPU python)=5490.86328125MB; mem (CPU total)=63069.62109375MB
INFO:root:[   27] Training loss: 0.01816948, Validation loss: 0.01919306, Gradient norm: 0.10975231
INFO:root:At the start of the epoch: mem (CPU python)=5496.125MB; mem (CPU total)=74603.5859375MB
INFO:root:[   28] Training loss: 0.01798134, Validation loss: 0.01912569, Gradient norm: 0.09812490
INFO:root:At the start of the epoch: mem (CPU python)=5557.79296875MB; mem (CPU total)=77094.3828125MB
INFO:root:[   29] Training loss: 0.01803779, Validation loss: 0.01911065, Gradient norm: 0.10817738
INFO:root:At the start of the epoch: mem (CPU python)=5629.29296875MB; mem (CPU total)=64824.9921875MB
INFO:root:[   30] Training loss: 0.01784075, Validation loss: 0.01903004, Gradient norm: 0.09779381
INFO:root:At the start of the epoch: mem (CPU python)=5683.8984375MB; mem (CPU total)=81463.6875MB
INFO:root:[   31] Training loss: 0.01776090, Validation loss: 0.01972548, Gradient norm: 0.09883514
INFO:root:At the start of the epoch: mem (CPU python)=5745.9609375MB; mem (CPU total)=44229.40234375MB
INFO:root:[   32] Training loss: 0.01777495, Validation loss: 0.01893728, Gradient norm: 0.10440085
INFO:root:At the start of the epoch: mem (CPU python)=5811.7265625MB; mem (CPU total)=35828.9296875MB
INFO:root:[   33] Training loss: 0.01770425, Validation loss: 0.01902706, Gradient norm: 0.10091533
INFO:root:At the start of the epoch: mem (CPU python)=5864.6328125MB; mem (CPU total)=45218.94921875MB
INFO:root:[   34] Training loss: 0.01767928, Validation loss: 0.01891420, Gradient norm: 0.10731314
INFO:root:At the start of the epoch: mem (CPU python)=5932.53125MB; mem (CPU total)=43579.4140625MB
INFO:root:[   35] Training loss: 0.01758747, Validation loss: 0.01920317, Gradient norm: 0.10290619
INFO:root:At the start of the epoch: mem (CPU python)=5995.33203125MB; mem (CPU total)=40136.734375MB
INFO:root:[   36] Training loss: 0.01749290, Validation loss: 0.01884265, Gradient norm: 0.09253286
INFO:root:At the start of the epoch: mem (CPU python)=6041.3203125MB; mem (CPU total)=44264.25390625MB
INFO:root:[   37] Training loss: 0.01748742, Validation loss: 0.01884134, Gradient norm: 0.09279824
INFO:root:At the start of the epoch: mem (CPU python)=6121.453125MB; mem (CPU total)=40176.6484375MB
INFO:root:[   38] Training loss: 0.01744176, Validation loss: 0.01867641, Gradient norm: 0.10439503
INFO:root:At the start of the epoch: mem (CPU python)=6184.3359375MB; mem (CPU total)=32554.13671875MB
INFO:root:[   39] Training loss: 0.01743997, Validation loss: 0.01892034, Gradient norm: 0.10365376
INFO:root:At the start of the epoch: mem (CPU python)=6243.10546875MB; mem (CPU total)=32490.99609375MB
INFO:root:[   40] Training loss: 0.01736518, Validation loss: 0.01932441, Gradient norm: 0.09879630
INFO:root:At the start of the epoch: mem (CPU python)=6306.8359375MB; mem (CPU total)=44773.87890625MB
INFO:root:[   41] Training loss: 0.01740124, Validation loss: 0.01848638, Gradient norm: 0.10798839
INFO:root:At the start of the epoch: mem (CPU python)=6361.01171875MB; mem (CPU total)=42118.1015625MB
INFO:root:[   42] Training loss: 0.01727912, Validation loss: 0.01871796, Gradient norm: 0.09852533
INFO:root:At the start of the epoch: mem (CPU python)=6424.83203125MB; mem (CPU total)=39562.04296875MB
INFO:root:[   43] Training loss: 0.01731803, Validation loss: 0.01871427, Gradient norm: 0.10521107
INFO:root:At the start of the epoch: mem (CPU python)=6488.9296875MB; mem (CPU total)=33887.76171875MB
INFO:root:[   44] Training loss: 0.01719372, Validation loss: 0.01843622, Gradient norm: 0.09711918
INFO:root:At the start of the epoch: mem (CPU python)=6538.58984375MB; mem (CPU total)=43675.234375MB
INFO:root:[   45] Training loss: 0.01717835, Validation loss: 0.01926933, Gradient norm: 0.09560332
INFO:root:At the start of the epoch: mem (CPU python)=6615.53125MB; mem (CPU total)=46742.74609375MB
INFO:root:[   46] Training loss: 0.01713090, Validation loss: 0.01843640, Gradient norm: 0.09877887
INFO:root:At the start of the epoch: mem (CPU python)=6671.92578125MB; mem (CPU total)=41797.97265625MB
INFO:root:[   47] Training loss: 0.01718959, Validation loss: 0.01891353, Gradient norm: 0.10284679
INFO:root:At the start of the epoch: mem (CPU python)=6734.88671875MB; mem (CPU total)=34845.2734375MB
INFO:root:[   48] Training loss: 0.01707570, Validation loss: 0.01832750, Gradient norm: 0.09938990
INFO:root:At the start of the epoch: mem (CPU python)=6787.86328125MB; mem (CPU total)=42976.24609375MB
INFO:root:[   49] Training loss: 0.01713986, Validation loss: 0.01822727, Gradient norm: 0.10844901
INFO:root:At the start of the epoch: mem (CPU python)=6860.1953125MB; mem (CPU total)=34886.203125MB
INFO:root:[   50] Training loss: 0.01704993, Validation loss: 0.01848502, Gradient norm: 0.10416414
INFO:root:At the start of the epoch: mem (CPU python)=6920.953125MB; mem (CPU total)=34675.94140625MB
INFO:root:[   51] Training loss: 0.01700089, Validation loss: 0.01826769, Gradient norm: 0.09889615
INFO:root:At the start of the epoch: mem (CPU python)=6981.7578125MB; mem (CPU total)=43498.765625MB
INFO:root:[   52] Training loss: 0.01699126, Validation loss: 0.01940387, Gradient norm: 0.09625507
INFO:root:At the start of the epoch: mem (CPU python)=7041.23046875MB; mem (CPU total)=35799.53125MB
INFO:root:[   53] Training loss: 0.01700134, Validation loss: 0.01809296, Gradient norm: 0.10336538
INFO:root:At the start of the epoch: mem (CPU python)=7103.6640625MB; mem (CPU total)=39996.734375MB
INFO:root:[   54] Training loss: 0.01694014, Validation loss: 0.01861770, Gradient norm: 0.09971252
INFO:root:At the start of the epoch: mem (CPU python)=7166.6875MB; mem (CPU total)=43689.4609375MB
INFO:root:[   55] Training loss: 0.01688188, Validation loss: 0.01816881, Gradient norm: 0.09541505
INFO:root:At the start of the epoch: mem (CPU python)=7232.8203125MB; mem (CPU total)=36427.56640625MB
INFO:root:[   56] Training loss: 0.01685274, Validation loss: 0.01808922, Gradient norm: 0.09704572
INFO:root:At the start of the epoch: mem (CPU python)=7289.7265625MB; mem (CPU total)=35465.67578125MB
INFO:root:[   57] Training loss: 0.01688315, Validation loss: 0.01932629, Gradient norm: 0.10194851
INFO:root:At the start of the epoch: mem (CPU python)=7339.87109375MB; mem (CPU total)=47317.078125MB
INFO:root:[   58] Training loss: 0.01690746, Validation loss: 0.01801316, Gradient norm: 0.10317768
INFO:root:At the start of the epoch: mem (CPU python)=7413.33203125MB; mem (CPU total)=43434.34375MB
INFO:root:[   59] Training loss: 0.01681359, Validation loss: 0.01808269, Gradient norm: 0.09508350
INFO:root:At the start of the epoch: mem (CPU python)=7477.33203125MB; mem (CPU total)=46757.875MB
INFO:root:[   60] Training loss: 0.01675931, Validation loss: 0.01819866, Gradient norm: 0.09501139
INFO:root:At the start of the epoch: mem (CPU python)=7538.19140625MB; mem (CPU total)=41684.66015625MB
INFO:root:[   61] Training loss: 0.01681989, Validation loss: 0.01809108, Gradient norm: 0.10323329
INFO:root:At the start of the epoch: mem (CPU python)=7593.5MB; mem (CPU total)=46721.5078125MB
INFO:root:[   62] Training loss: 0.01688287, Validation loss: 0.01818129, Gradient norm: 0.10388914
INFO:root:At the start of the epoch: mem (CPU python)=7663.12109375MB; mem (CPU total)=36959.203125MB
INFO:root:[   63] Training loss: 0.01670553, Validation loss: 0.01808710, Gradient norm: 0.09118412
INFO:root:At the start of the epoch: mem (CPU python)=7720.44921875MB; mem (CPU total)=46865.32421875MB
INFO:root:[   64] Training loss: 0.01677010, Validation loss: 0.01826159, Gradient norm: 0.09777770
INFO:root:At the start of the epoch: mem (CPU python)=7784.29296875MB; mem (CPU total)=35560.53515625MB
INFO:root:Learning rate reduced to: 0.0025
INFO:root:[   65] Training loss: 0.01677256, Validation loss: 0.01789421, Gradient norm: 0.10409256
INFO:root:At the start of the epoch: mem (CPU python)=7844.80859375MB; mem (CPU total)=47949.14453125MB
INFO:root:[   66] Training loss: 0.01612972, Validation loss: 0.01755868, Gradient norm: 0.05585207
INFO:root:At the start of the epoch: mem (CPU python)=7909.1640625MB; mem (CPU total)=40266.1953125MB
INFO:root:[   67] Training loss: 0.01604214, Validation loss: 0.01749340, Gradient norm: 0.05400963
INFO:root:At the start of the epoch: mem (CPU python)=7968.640625MB; mem (CPU total)=36320.09375MB
INFO:root:[   68] Training loss: 0.01608468, Validation loss: 0.01745125, Gradient norm: 0.06992239
INFO:root:At the start of the epoch: mem (CPU python)=8030.34375MB; mem (CPU total)=38553.66015625MB
INFO:root:[   69] Training loss: 0.01604308, Validation loss: 0.01809531, Gradient norm: 0.06614906
INFO:root:At the start of the epoch: mem (CPU python)=8092.08984375MB; mem (CPU total)=47262.42578125MB
INFO:root:[   70] Training loss: 0.01606634, Validation loss: 0.01754670, Gradient norm: 0.07370730
INFO:root:At the start of the epoch: mem (CPU python)=8155.0859375MB; mem (CPU total)=45383.6875MB
INFO:root:[   71] Training loss: 0.01606209, Validation loss: 0.01744936, Gradient norm: 0.07573194
INFO:root:At the start of the epoch: mem (CPU python)=8213.12890625MB; mem (CPU total)=47449.99609375MB
INFO:root:[   72] Training loss: 0.01599086, Validation loss: 0.01774062, Gradient norm: 0.06506904
INFO:root:At the start of the epoch: mem (CPU python)=8279.18359375MB; mem (CPU total)=36313.3515625MB
INFO:root:[   73] Training loss: 0.01601543, Validation loss: 0.01749285, Gradient norm: 0.06985180
INFO:root:At the start of the epoch: mem (CPU python)=8339.70703125MB; mem (CPU total)=45313.34765625MB
INFO:root:[   74] Training loss: 0.01601343, Validation loss: 0.01755624, Gradient norm: 0.06895107
INFO:root:At the start of the epoch: mem (CPU python)=8406.3671875MB; mem (CPU total)=37127.40625MB
INFO:root:[   75] Training loss: 0.01598700, Validation loss: 0.01743711, Gradient norm: 0.06898975
INFO:root:At the start of the epoch: mem (CPU python)=8452.296875MB; mem (CPU total)=47884.46875MB
INFO:root:[   76] Training loss: 0.01596986, Validation loss: 0.01742624, Gradient norm: 0.06888954
INFO:root:At the start of the epoch: mem (CPU python)=8524.265625MB; mem (CPU total)=37928.34765625MB
INFO:root:[   77] Training loss: 0.01595671, Validation loss: 0.01753443, Gradient norm: 0.06974545
INFO:root:At the start of the epoch: mem (CPU python)=8583.22265625MB; mem (CPU total)=44891.16796875MB
INFO:root:[   78] Training loss: 0.01595155, Validation loss: 0.01737444, Gradient norm: 0.06876744
INFO:root:At the start of the epoch: mem (CPU python)=8646.46484375MB; mem (CPU total)=44917.53125MB
INFO:root:[   79] Training loss: 0.01594747, Validation loss: 0.01738894, Gradient norm: 0.07152776
INFO:root:At the start of the epoch: mem (CPU python)=8714.0234375MB; mem (CPU total)=40880.8203125MB
INFO:root:[   80] Training loss: 0.01590048, Validation loss: 0.01749525, Gradient norm: 0.06146752
INFO:root:At the start of the epoch: mem (CPU python)=8777.09375MB; mem (CPU total)=36607.46484375MB
INFO:root:[   81] Training loss: 0.01592296, Validation loss: 0.01750537, Gradient norm: 0.06623251
INFO:root:At the start of the epoch: mem (CPU python)=8829.421875MB; mem (CPU total)=47398.1640625MB
INFO:root:[   82] Training loss: 0.01593105, Validation loss: 0.01752337, Gradient norm: 0.07149111
INFO:root:At the start of the epoch: mem (CPU python)=8884.75390625MB; mem (CPU total)=48656.47265625MB
INFO:root:[   83] Training loss: 0.01588867, Validation loss: 0.01730512, Gradient norm: 0.06541217
INFO:root:At the start of the epoch: mem (CPU python)=8950.61328125MB; mem (CPU total)=38537.23046875MB
INFO:root:[   84] Training loss: 0.01591348, Validation loss: 0.01731876, Gradient norm: 0.07131317
INFO:root:At the start of the epoch: mem (CPU python)=9012.875MB; mem (CPU total)=43632.46875MB
INFO:root:[   85] Training loss: 0.01590696, Validation loss: 0.01733805, Gradient norm: 0.07227335
INFO:root:At the start of the epoch: mem (CPU python)=9080.12890625MB; mem (CPU total)=40542.94140625MB
INFO:root:[   86] Training loss: 0.01587614, Validation loss: 0.01730181, Gradient norm: 0.06816019
INFO:root:At the start of the epoch: mem (CPU python)=9136.91796875MB; mem (CPU total)=46749.2578125MB
INFO:root:[   87] Training loss: 0.01589360, Validation loss: 0.01744179, Gradient norm: 0.07365611
INFO:root:At the start of the epoch: mem (CPU python)=9207.89453125MB; mem (CPU total)=47373.78125MB
INFO:root:[   88] Training loss: 0.01585163, Validation loss: 0.01723058, Gradient norm: 0.06508136
INFO:root:At the start of the epoch: mem (CPU python)=9268.58203125MB; mem (CPU total)=38241.14453125MB
INFO:root:[   89] Training loss: 0.01585883, Validation loss: 0.01736806, Gradient norm: 0.06980466
INFO:root:At the start of the epoch: mem (CPU python)=9330.1328125MB; mem (CPU total)=43121.72265625MB
INFO:root:[   90] Training loss: 0.01585800, Validation loss: 0.01723874, Gradient norm: 0.07021031
INFO:root:At the start of the epoch: mem (CPU python)=9390.09375MB; mem (CPU total)=37713.1875MB
INFO:root:[   91] Training loss: 0.01586866, Validation loss: 0.01733724, Gradient norm: 0.07359761
INFO:root:At the start of the epoch: mem (CPU python)=9451.6171875MB; mem (CPU total)=48712.265625MB
INFO:root:[   92] Training loss: 0.01586145, Validation loss: 0.01731243, Gradient norm: 0.07073570
INFO:root:At the start of the epoch: mem (CPU python)=9510.7109375MB; mem (CPU total)=45014.27734375MB
INFO:root:[   93] Training loss: 0.01583146, Validation loss: 0.01737158, Gradient norm: 0.07247038
INFO:root:At the start of the epoch: mem (CPU python)=9568.375MB; mem (CPU total)=46424.5546875MB
INFO:root:[   94] Training loss: 0.01582493, Validation loss: 0.01734431, Gradient norm: 0.06694554
INFO:root:At the start of the epoch: mem (CPU python)=9638.296875MB; mem (CPU total)=38850.421875MB
INFO:root:Learning rate reduced to: 0.00125
INFO:root:[   95] Training loss: 0.01584669, Validation loss: 0.01732400, Gradient norm: 0.07357643
INFO:root:At the start of the epoch: mem (CPU python)=9702.9375MB; mem (CPU total)=48036.2578125MB
INFO:root:Learning rate reduced to: 0.000625
INFO:root:[   96] Training loss: 0.01556921, Validation loss: 0.01704234, Gradient norm: 0.04664095
INFO:root:At the start of the epoch: mem (CPU python)=9751.91015625MB; mem (CPU total)=38753.875MB
INFO:root:[   97] Training loss: 0.01542493, Validation loss: 0.01705317, Gradient norm: 0.03939952
INFO:root:At the start of the epoch: mem (CPU python)=9821.6171875MB; mem (CPU total)=38700.9375MB
INFO:root:[   98] Training loss: 0.01539190, Validation loss: 0.01696750, Gradient norm: 0.03999478
INFO:root:At the start of the epoch: mem (CPU python)=9890.3984375MB; mem (CPU total)=42345.625MB
INFO:root:[   99] Training loss: 0.01535817, Validation loss: 0.01695078, Gradient norm: 0.03904844
INFO:root:At the start of the epoch: mem (CPU python)=9946.5625MB; mem (CPU total)=47444.3046875MB
INFO:root:[  100] Training loss: 0.01535417, Validation loss: 0.01693504, Gradient norm: 0.04084906
INFO:root:At the start of the epoch: mem (CPU python)=10008.40234375MB; mem (CPU total)=39028.45703125MB
INFO:root:[  101] Training loss: 0.01534908, Validation loss: 0.01692240, Gradient norm: 0.04199482
INFO:root:At the start of the epoch: mem (CPU python)=10070.4296875MB; mem (CPU total)=49774.875MB
INFO:root:[  102] Training loss: 0.01534109, Validation loss: 0.01694142, Gradient norm: 0.04377295
INFO:root:At the start of the epoch: mem (CPU python)=10129.03515625MB; mem (CPU total)=40280.75390625MB
INFO:root:[  103] Training loss: 0.01533003, Validation loss: 0.01693570, Gradient norm: 0.03925786
INFO:root:At the start of the epoch: mem (CPU python)=10199.9296875MB; mem (CPU total)=49234.89453125MB
INFO:root:[  104] Training loss: 0.01531967, Validation loss: 0.01692602, Gradient norm: 0.03963727
INFO:root:At the start of the epoch: mem (CPU python)=10258.91796875MB; mem (CPU total)=39361.26953125MB
INFO:root:[  105] Training loss: 0.01532523, Validation loss: 0.01692377, Gradient norm: 0.04008241
INFO:root:At the start of the epoch: mem (CPU python)=10318.640625MB; mem (CPU total)=49882.39453125MB
INFO:root:[  106] Training loss: 0.01531537, Validation loss: 0.01689797, Gradient norm: 0.04113326
INFO:root:At the start of the epoch: mem (CPU python)=10373.76953125MB; mem (CPU total)=48543.625MB
INFO:root:[  107] Training loss: 0.01532245, Validation loss: 0.01690978, Gradient norm: 0.04164236
INFO:root:At the start of the epoch: mem (CPU python)=10437.98828125MB; mem (CPU total)=39879.0859375MB
INFO:root:[  108] Training loss: 0.01530889, Validation loss: 0.01691140, Gradient norm: 0.03969854
INFO:root:At the start of the epoch: mem (CPU python)=10497.859375MB; mem (CPU total)=42415.25MB
INFO:root:[  109] Training loss: 0.01530125, Validation loss: 0.01690005, Gradient norm: 0.04261876
INFO:root:At the start of the epoch: mem (CPU python)=10556.0859375MB; mem (CPU total)=47673.31640625MB
INFO:root:[  110] Training loss: 0.01530471, Validation loss: 0.01692321, Gradient norm: 0.04195171
INFO:root:At the start of the epoch: mem (CPU python)=10625.77734375MB; mem (CPU total)=40849.78125MB
INFO:root:[  111] Training loss: 0.01529763, Validation loss: 0.01687532, Gradient norm: 0.03969435
INFO:root:At the start of the epoch: mem (CPU python)=10680.375MB; mem (CPU total)=48401.39453125MB
INFO:root:[  112] Training loss: 0.01530575, Validation loss: 0.01693885, Gradient norm: 0.04546325
INFO:root:At the start of the epoch: mem (CPU python)=10749.625MB; mem (CPU total)=39830.99609375MB
INFO:root:[  113] Training loss: 0.01528658, Validation loss: 0.01687957, Gradient norm: 0.03942701
INFO:root:At the start of the epoch: mem (CPU python)=10811.5078125MB; mem (CPU total)=50058.17578125MB
INFO:root:[  114] Training loss: 0.01529141, Validation loss: 0.01686798, Gradient norm: 0.04155776
INFO:root:At the start of the epoch: mem (CPU python)=10876.04296875MB; mem (CPU total)=40924.8359375MB
INFO:root:[  115] Training loss: 0.01528706, Validation loss: 0.01687767, Gradient norm: 0.04360665
INFO:root:At the start of the epoch: mem (CPU python)=10937.171875MB; mem (CPU total)=40229.96875MB
INFO:root:[  116] Training loss: 0.01528179, Validation loss: 0.01688762, Gradient norm: 0.03947196
INFO:root:At the start of the epoch: mem (CPU python)=10995.7578125MB; mem (CPU total)=44151.54296875MB
INFO:root:[  117] Training loss: 0.01530027, Validation loss: 0.01685600, Gradient norm: 0.04425666
INFO:root:At the start of the epoch: mem (CPU python)=11047.37890625MB; mem (CPU total)=40450.18359375MB
INFO:root:[  118] Training loss: 0.01527616, Validation loss: 0.01683866, Gradient norm: 0.04120501
INFO:root:At the start of the epoch: mem (CPU python)=11110.48046875MB; mem (CPU total)=46583.2890625MB
INFO:root:[  119] Training loss: 0.01526983, Validation loss: 0.01691238, Gradient norm: 0.03960649
INFO:root:At the start of the epoch: mem (CPU python)=11190.140625MB; mem (CPU total)=39984.2734375MB
INFO:root:[  120] Training loss: 0.01527116, Validation loss: 0.01686327, Gradient norm: 0.03944163
INFO:root:At the start of the epoch: mem (CPU python)=11242.81640625MB; mem (CPU total)=49753.7265625MB
INFO:root:[  121] Training loss: 0.01528111, Validation loss: 0.01687358, Gradient norm: 0.04417978
INFO:root:At the start of the epoch: mem (CPU python)=11300.4375MB; mem (CPU total)=39775.71875MB
INFO:root:[  122] Training loss: 0.01525632, Validation loss: 0.01685937, Gradient norm: 0.03877687
INFO:root:At the start of the epoch: mem (CPU python)=11362.3984375MB; mem (CPU total)=50319.875MB
INFO:root:[  123] Training loss: 0.01526726, Validation loss: 0.01683924, Gradient norm: 0.04193461
INFO:root:At the start of the epoch: mem (CPU python)=11428.42578125MB; mem (CPU total)=48400.25MB
INFO:root:[  124] Training loss: 0.01525295, Validation loss: 0.01686838, Gradient norm: 0.03929421
INFO:root:At the start of the epoch: mem (CPU python)=11487.7109375MB; mem (CPU total)=40022.7109375MB
INFO:root:Learning rate reduced to: 0.0003125
INFO:root:[  125] Training loss: 0.01525885, Validation loss: 0.01687074, Gradient norm: 0.04007568
INFO:root:At the start of the epoch: mem (CPU python)=11548.87890625MB; mem (CPU total)=44364.16015625MB
INFO:root:Learning rate reduced to: 0.00015625
INFO:root:[  126] Training loss: 0.01519749, Validation loss: 0.01679015, Gradient norm: 0.03164886
INFO:root:At the start of the epoch: mem (CPU python)=11615.62890625MB; mem (CPU total)=48691.828125MB
INFO:root:[  127] Training loss: 0.01514776, Validation loss: 0.01676210, Gradient norm: 0.02717674
INFO:root:At the start of the epoch: mem (CPU python)=11674.5MB; mem (CPU total)=51635.9453125MB
INFO:root:[  128] Training loss: 0.01512686, Validation loss: 0.01677638, Gradient norm: 0.02760307
INFO:root:At the start of the epoch: mem (CPU python)=11732.984375MB; mem (CPU total)=41429.65625MB
INFO:root:[  129] Training loss: 0.01512527, Validation loss: 0.01674318, Gradient norm: 0.02845960
INFO:root:At the start of the epoch: mem (CPU python)=11804.20703125MB; mem (CPU total)=51882.41796875MB
INFO:root:[  130] Training loss: 0.01511190, Validation loss: 0.01674121, Gradient norm: 0.02772064
INFO:root:At the start of the epoch: mem (CPU python)=11860.6484375MB; mem (CPU total)=51581.05078125MB
INFO:root:[  131] Training loss: 0.01511498, Validation loss: 0.01673308, Gradient norm: 0.02848345
INFO:root:At the start of the epoch: mem (CPU python)=11925.69921875MB; mem (CPU total)=49182.6796875MB
INFO:root:[  132] Training loss: 0.01510817, Validation loss: 0.01673238, Gradient norm: 0.02838508
INFO:root:At the start of the epoch: mem (CPU python)=11986.58203125MB; mem (CPU total)=41133.62109375MB
INFO:root:[  133] Training loss: 0.01510412, Validation loss: 0.01675468, Gradient norm: 0.02802030
INFO:root:At the start of the epoch: mem (CPU python)=12044.671875MB; mem (CPU total)=48252.52734375MB
INFO:root:[  134] Training loss: 0.01510603, Validation loss: 0.01674144, Gradient norm: 0.02869335
INFO:root:At the start of the epoch: mem (CPU python)=12109.1484375MB; mem (CPU total)=50007.78515625MB
INFO:root:[  135] Training loss: 0.01509894, Validation loss: 0.01671698, Gradient norm: 0.02960729
INFO:root:At the start of the epoch: mem (CPU python)=12167.3125MB; mem (CPU total)=44110.11328125MB
INFO:root:[  136] Training loss: 0.01510582, Validation loss: 0.01672635, Gradient norm: 0.02805854
INFO:root:At the start of the epoch: mem (CPU python)=12230.37890625MB; mem (CPU total)=40702.32421875MB
INFO:root:[  137] Training loss: 0.01510205, Validation loss: 0.01676164, Gradient norm: 0.02981702
INFO:root:At the start of the epoch: mem (CPU python)=12290.70703125MB; mem (CPU total)=47555.68359375MB
INFO:root:[  138] Training loss: 0.01510170, Validation loss: 0.01672700, Gradient norm: 0.02899946
INFO:root:At the start of the epoch: mem (CPU python)=12360.5625MB; mem (CPU total)=41886.05078125MB
INFO:root:[  139] Training loss: 0.01510750, Validation loss: 0.01671811, Gradient norm: 0.03028372
INFO:root:At the start of the epoch: mem (CPU python)=12420.48828125MB; mem (CPU total)=47990.3203125MB
INFO:root:[  140] Training loss: 0.01509759, Validation loss: 0.01675899, Gradient norm: 0.02788067
INFO:root:At the start of the epoch: mem (CPU python)=12479.20703125MB; mem (CPU total)=49768.80078125MB
INFO:root:[  141] Training loss: 0.01509878, Validation loss: 0.01672554, Gradient norm: 0.03022231
INFO:root:At the start of the epoch: mem (CPU python)=12540.671875MB; mem (CPU total)=41053.0546875MB
INFO:root:Learning rate reduced to: 7.8125e-05
INFO:root:[  142] Training loss: 0.01509099, Validation loss: 0.01675861, Gradient norm: 0.02843286
INFO:root:At the start of the epoch: mem (CPU python)=12608.14453125MB; mem (CPU total)=41153.234375MB
INFO:root:[  143] Training loss: 0.01508003, Validation loss: 0.01671967, Gradient norm: 0.02523308
INFO:root:At the start of the epoch: mem (CPU python)=12663.703125MB; mem (CPU total)=40389.3046875MB
INFO:root:[  144] Training loss: 0.01507792, Validation loss: 0.01671988, Gradient norm: 0.02519952
INFO:root:At the start of the epoch: mem (CPU python)=12726.46484375MB; mem (CPU total)=41190.90625MB
INFO:root:EP 144: Early stopping
INFO:root:After finishing all epochs: mem (CPU python)=12787.83203125MB; mem (CPU total)=46046.46875MB
INFO:root:Training the model took 69353.554s.
INFO:root:Emptying the cuda cache took 0.051s.
INFO:root:Starting evaluation: model FNO & uncertainty quantification dropout
INFO:root:Evaluating the model on Validation data.
INFO:root:MSEValidation: 0.01524
INFO:root:EnergyScoreValidation: 0.01182
INFO:root:CRPSValidation: 0.01272
INFO:root:Gaussian NLLValidation: -1.28533
INFO:root:CoverageValidation: 0.63507
INFO:root:IntervalWidthValidation: 0.03597
INFO:root:Evaluating the model on Test data.
INFO:root:MSETest: 0.02406
INFO:root:EnergyScoreTest: 0.02019
INFO:root:CRPSTest: 0.0215
INFO:root:Gaussian NLLTest: 2.36146
INFO:root:CoverageTest: 0.44517
INFO:root:IntervalWidthTest: 0.03525
INFO:root:After validation: mem (CPU python)=13258.8046875MB; mem (CPU total)=41541.79296875MB
INFO:root:###2 out of 2 training parameter combinations ###
INFO:root:Training parameters: {'seed': 12, 'model': 'FNO', 'uncertainty_quantification': 'dropout', 'batch_size': 16, 'n_epochs': 1000, 'early_stopping': 10, 'init': 'default', 'learning_rate': 0.005, 'lr_schedule': 'step', 'optimizer': 'adam', 'gradient_clipping': 1, 'layer_normalization': True, 'data_loader_pin_memory': False, 'data_loader_num_workers': 0, 'distributed_training': False, 'alpha': 0.05, 'n_samples_uq': 100, 'weight_decay': 0, 'dropout': 0.05, 'fourier_dropout': None, 'hidden_channels': 20, 'projection_channels': 128, 'lifting_channels': 128, 'n_modes': (10, 12, 12), 'n_samples': 3}
INFO:root:After creating the dataloaders: mem (CPU python)=13258.8046875MB; mem (CPU total)=52648.05078125MB
INFO:root:NumberParameters: 2695717
INFO:root:GPU memory allocated: 564133888
INFO:root:After setting up the model: mem (CPU python)=13258.8046875MB; mem (CPU total)=52700.2734375MB
INFO:root:Training starts now.
INFO:root:At the start of the epoch: mem (CPU python)=13258.8046875MB; mem (CPU total)=41129.31640625MB
INFO:root:[    1] Training loss: 0.03166717, Validation loss: 0.02728571, Gradient norm: 0.16656058
INFO:root:At the start of the epoch: mem (CPU python)=13258.8046875MB; mem (CPU total)=52643.3984375MB
INFO:root:[    2] Training loss: 0.02612546, Validation loss: 0.02540595, Gradient norm: 0.13727746
INFO:root:At the start of the epoch: mem (CPU python)=13258.8046875MB; mem (CPU total)=49311.99609375MB
INFO:root:[    3] Training loss: 0.02502586, Validation loss: 0.02503813, Gradient norm: 0.12424358
INFO:root:At the start of the epoch: mem (CPU python)=13258.8046875MB; mem (CPU total)=43288.9140625MB
INFO:root:[    4] Training loss: 0.02423228, Validation loss: 0.02414486, Gradient norm: 0.12222775
INFO:root:At the start of the epoch: mem (CPU python)=13258.8046875MB; mem (CPU total)=53123.6015625MB
INFO:root:[    5] Training loss: 0.02353808, Validation loss: 0.02387436, Gradient norm: 0.12599126
INFO:root:At the start of the epoch: mem (CPU python)=13258.8046875MB; mem (CPU total)=42236.26953125MB
INFO:root:[    6] Training loss: 0.02274867, Validation loss: 0.02478921, Gradient norm: 0.11808088
INFO:root:At the start of the epoch: mem (CPU python)=13258.8046875MB; mem (CPU total)=42443.89453125MB
INFO:root:[    7] Training loss: 0.02223600, Validation loss: 0.02301401, Gradient norm: 0.11771912
INFO:root:At the start of the epoch: mem (CPU python)=13276.171875MB; mem (CPU total)=52442.14453125MB
INFO:root:[    8] Training loss: 0.02169097, Validation loss: 0.02254160, Gradient norm: 0.11796500
INFO:root:At the start of the epoch: mem (CPU python)=13340.6796875MB; mem (CPU total)=53247.72265625MB
INFO:root:[    9] Training loss: 0.02114018, Validation loss: 0.02267464, Gradient norm: 0.12145823
INFO:root:At the start of the epoch: mem (CPU python)=13402.3984375MB; mem (CPU total)=51253.328125MB
INFO:root:[   10] Training loss: 0.02086697, Validation loss: 0.02200931, Gradient norm: 0.12611219
INFO:root:At the start of the epoch: mem (CPU python)=13464.09375MB; mem (CPU total)=42944.50390625MB
INFO:root:[   11] Training loss: 0.02053652, Validation loss: 0.02101919, Gradient norm: 0.12508131
INFO:root:At the start of the epoch: mem (CPU python)=13525.98046875MB; mem (CPU total)=42708.171875MB
INFO:root:[   12] Training loss: 0.02020513, Validation loss: 0.02122091, Gradient norm: 0.12215811
INFO:root:At the start of the epoch: mem (CPU python)=13587.8203125MB; mem (CPU total)=49418.52734375MB
INFO:root:[   13] Training loss: 0.01976529, Validation loss: 0.02071106, Gradient norm: 0.10618573
INFO:root:At the start of the epoch: mem (CPU python)=13649.58203125MB; mem (CPU total)=43077.7890625MB
INFO:root:[   14] Training loss: 0.01973352, Validation loss: 0.02055859, Gradient norm: 0.11945808
INFO:root:At the start of the epoch: mem (CPU python)=13711.07421875MB; mem (CPU total)=53483.25390625MB
INFO:root:[   15] Training loss: 0.01947115, Validation loss: 0.02041070, Gradient norm: 0.11478866
INFO:root:At the start of the epoch: mem (CPU python)=13772.8359375MB; mem (CPU total)=43027.7421875MB
INFO:root:[   16] Training loss: 0.01919901, Validation loss: 0.02052202, Gradient norm: 0.10425135
INFO:root:At the start of the epoch: mem (CPU python)=13835.41796875MB; mem (CPU total)=42175.6953125MB
INFO:root:[   17] Training loss: 0.01916432, Validation loss: 0.02000500, Gradient norm: 0.11886301
INFO:root:At the start of the epoch: mem (CPU python)=13896.55859375MB; mem (CPU total)=53821.19921875MB
INFO:root:[   18] Training loss: 0.01909079, Validation loss: 0.02000286, Gradient norm: 0.12211023
INFO:root:At the start of the epoch: mem (CPU python)=13958.3046875MB; mem (CPU total)=45869.84765625MB
INFO:root:[   19] Training loss: 0.01883047, Validation loss: 0.02029707, Gradient norm: 0.11013177
INFO:root:At the start of the epoch: mem (CPU python)=14019.92578125MB; mem (CPU total)=43051.65234375MB
INFO:root:[   20] Training loss: 0.01874311, Validation loss: 0.02015048, Gradient norm: 0.11137589
INFO:root:At the start of the epoch: mem (CPU python)=14081.80859375MB; mem (CPU total)=84454.60546875MB
INFO:root:[   21] Training loss: 0.01846681, Validation loss: 0.01955674, Gradient norm: 0.09557746
INFO:root:At the start of the epoch: mem (CPU python)=14143.8359375MB; mem (CPU total)=74936.96875MB
INFO:root:[   22] Training loss: 0.01849583, Validation loss: 0.01960350, Gradient norm: 0.10764688
INFO:root:At the start of the epoch: mem (CPU python)=14206.0546875MB; mem (CPU total)=73606.5703125MB
INFO:root:[   23] Training loss: 0.01830232, Validation loss: 0.01928894, Gradient norm: 0.10231873
INFO:root:At the start of the epoch: mem (CPU python)=14267.21484375MB; mem (CPU total)=76137.3828125MB
INFO:root:[   24] Training loss: 0.01835931, Validation loss: 0.02006458, Gradient norm: 0.11245917
INFO:root:At the start of the epoch: mem (CPU python)=14329.015625MB; mem (CPU total)=73282.8203125MB
INFO:root:[   25] Training loss: 0.01824738, Validation loss: 0.01934313, Gradient norm: 0.11139061
INFO:root:At the start of the epoch: mem (CPU python)=14390.640625MB; mem (CPU total)=75459.27734375MB
INFO:root:[   26] Training loss: 0.01816126, Validation loss: 0.01937301, Gradient norm: 0.10639152
INFO:root:At the start of the epoch: mem (CPU python)=14452.375MB; mem (CPU total)=80104.40625MB
INFO:root:[   27] Training loss: 0.01808092, Validation loss: 0.01915780, Gradient norm: 0.10936350
INFO:root:At the start of the epoch: mem (CPU python)=14514.19921875MB; mem (CPU total)=81449.8671875MB
INFO:root:[   28] Training loss: 0.01790840, Validation loss: 0.01895809, Gradient norm: 0.10092756
INFO:root:At the start of the epoch: mem (CPU python)=14575.8984375MB; mem (CPU total)=82003.65234375MB
INFO:root:[   29] Training loss: 0.01799370, Validation loss: 0.01924004, Gradient norm: 0.10708980
INFO:root:At the start of the epoch: mem (CPU python)=14637.59765625MB; mem (CPU total)=81870.265625MB
INFO:root:[   30] Training loss: 0.01776115, Validation loss: 0.01876105, Gradient norm: 0.09675944
INFO:root:At the start of the epoch: mem (CPU python)=14699.54296875MB; mem (CPU total)=79081.3203125MB
INFO:root:[   31] Training loss: 0.01773158, Validation loss: 0.01925531, Gradient norm: 0.10370090
INFO:root:At the start of the epoch: mem (CPU python)=14761.10546875MB; mem (CPU total)=80510.09765625MB
INFO:root:[   32] Training loss: 0.01774597, Validation loss: 0.01876378, Gradient norm: 0.10790958
INFO:root:At the start of the epoch: mem (CPU python)=14822.89453125MB; mem (CPU total)=84829.75390625MB
INFO:root:[   33] Training loss: 0.01770687, Validation loss: 0.01871085, Gradient norm: 0.10306426
INFO:root:At the start of the epoch: mem (CPU python)=14884.62890625MB; mem (CPU total)=81000.1328125MB
INFO:root:[   34] Training loss: 0.01761256, Validation loss: 0.01885107, Gradient norm: 0.10321431
INFO:root:At the start of the epoch: mem (CPU python)=14946.3828125MB; mem (CPU total)=81463.23828125MB
INFO:root:[   35] Training loss: 0.01758759, Validation loss: 0.01893913, Gradient norm: 0.10378678
INFO:root:At the start of the epoch: mem (CPU python)=15008.01953125MB; mem (CPU total)=52202.8984375MB
INFO:root:[   36] Training loss: 0.01743086, Validation loss: 0.01873896, Gradient norm: 0.09517624
INFO:root:At the start of the epoch: mem (CPU python)=15070.00390625MB; mem (CPU total)=54587.6796875MB
INFO:root:[   37] Training loss: 0.01745614, Validation loss: 0.01855768, Gradient norm: 0.10167993
INFO:root:At the start of the epoch: mem (CPU python)=15131.77734375MB; mem (CPU total)=47957.5078125MB
INFO:root:[   38] Training loss: 0.01744917, Validation loss: 0.01958181, Gradient norm: 0.10773210
INFO:root:At the start of the epoch: mem (CPU python)=15193.45703125MB; mem (CPU total)=43708.625MB
INFO:root:[   39] Training loss: 0.01741679, Validation loss: 0.01872326, Gradient norm: 0.10126247
INFO:root:At the start of the epoch: mem (CPU python)=15254.96875MB; mem (CPU total)=43628.19921875MB
INFO:root:[   40] Training loss: 0.01734961, Validation loss: 0.01887087, Gradient norm: 0.10272375
INFO:root:At the start of the epoch: mem (CPU python)=15317.046875MB; mem (CPU total)=55217.625MB
INFO:root:[   41] Training loss: 0.01735317, Validation loss: 0.01853856, Gradient norm: 0.10191028
INFO:root:At the start of the epoch: mem (CPU python)=15378.5078125MB; mem (CPU total)=55074.359375MB
INFO:root:[   42] Training loss: 0.01728368, Validation loss: 0.01901269, Gradient norm: 0.10481457
INFO:root:At the start of the epoch: mem (CPU python)=15440.4765625MB; mem (CPU total)=54984.046875MB
INFO:root:[   43] Training loss: 0.01724111, Validation loss: 0.01840884, Gradient norm: 0.10367600
INFO:root:At the start of the epoch: mem (CPU python)=15502.125MB; mem (CPU total)=48396.03515625MB
INFO:root:[   44] Training loss: 0.01711882, Validation loss: 0.01859365, Gradient norm: 0.09272711
INFO:root:At the start of the epoch: mem (CPU python)=15563.73828125MB; mem (CPU total)=55097.9375MB
INFO:root:[   45] Training loss: 0.01716669, Validation loss: 0.01832815, Gradient norm: 0.10294169
INFO:root:At the start of the epoch: mem (CPU python)=15625.62890625MB; mem (CPU total)=48111.11328125MB
INFO:root:[   46] Training loss: 0.01718949, Validation loss: 0.01865510, Gradient norm: 0.10934308
INFO:root:At the start of the epoch: mem (CPU python)=15687.41796875MB; mem (CPU total)=75491.04296875MB
INFO:root:[   47] Training loss: 0.01709006, Validation loss: 0.01818863, Gradient norm: 0.10170789
INFO:root:At the start of the epoch: mem (CPU python)=15749.08203125MB; mem (CPU total)=55149.60546875MB
INFO:root:[   48] Training loss: 0.01701462, Validation loss: 0.01819326, Gradient norm: 0.09270036
INFO:root:At the start of the epoch: mem (CPU python)=15810.984375MB; mem (CPU total)=43840.16796875MB
INFO:root:[   49] Training loss: 0.01708127, Validation loss: 0.01841265, Gradient norm: 0.10195329
INFO:root:At the start of the epoch: mem (CPU python)=15872.67578125MB; mem (CPU total)=55585.765625MB
INFO:root:[   50] Training loss: 0.01699640, Validation loss: 0.01811182, Gradient norm: 0.09395781
INFO:root:At the start of the epoch: mem (CPU python)=15934.609375MB; mem (CPU total)=53604.15625MB
INFO:root:[   51] Training loss: 0.01696006, Validation loss: 0.01830351, Gradient norm: 0.09406303
INFO:root:At the start of the epoch: mem (CPU python)=15998.078125MB; mem (CPU total)=55108.8671875MB
INFO:root:[   52] Training loss: 0.01702025, Validation loss: 0.01899372, Gradient norm: 0.10486282
INFO:root:At the start of the epoch: mem (CPU python)=16044.546875MB; mem (CPU total)=54762.3203125MB
INFO:root:[   53] Training loss: 0.01695655, Validation loss: 0.01897988, Gradient norm: 0.10234602
INFO:root:At the start of the epoch: mem (CPU python)=16111.60546875MB; mem (CPU total)=49390.15625MB
INFO:root:[   54] Training loss: 0.01685399, Validation loss: 0.01808964, Gradient norm: 0.09509593
INFO:root:At the start of the epoch: mem (CPU python)=16173.5234375MB; mem (CPU total)=44732.86328125MB
INFO:root:[   55] Training loss: 0.01686107, Validation loss: 0.01861314, Gradient norm: 0.10043384
INFO:root:At the start of the epoch: mem (CPU python)=16235.640625MB; mem (CPU total)=44841.32421875MB
INFO:root:[   56] Training loss: 0.01684350, Validation loss: 0.01973138, Gradient norm: 0.09608620
INFO:root:At the start of the epoch: mem (CPU python)=16296.87109375MB; mem (CPU total)=56156.37890625MB
INFO:root:[   57] Training loss: 0.01684689, Validation loss: 0.01819331, Gradient norm: 0.10058225
INFO:root:At the start of the epoch: mem (CPU python)=16358.74609375MB; mem (CPU total)=49682.37109375MB
INFO:root:[   58] Training loss: 0.01688099, Validation loss: 0.01827187, Gradient norm: 0.10148968
INFO:root:At the start of the epoch: mem (CPU python)=16420.6640625MB; mem (CPU total)=45301.1015625MB
INFO:root:[   59] Training loss: 0.01681644, Validation loss: 0.01810461, Gradient norm: 0.10383624
INFO:root:At the start of the epoch: mem (CPU python)=16482.0703125MB; mem (CPU total)=46715.47265625MB
INFO:root:[   60] Training loss: 0.01680686, Validation loss: 0.01812487, Gradient norm: 0.10192777
INFO:root:At the start of the epoch: mem (CPU python)=16543.82421875MB; mem (CPU total)=44378.6796875MB
INFO:root:Learning rate reduced to: 0.0025
INFO:root:[   61] Training loss: 0.01680469, Validation loss: 0.01799430, Gradient norm: 0.10155886
INFO:root:At the start of the epoch: mem (CPU python)=16605.6484375MB; mem (CPU total)=47470.09765625MB
INFO:root:[   62] Training loss: 0.01614327, Validation loss: 0.01760534, Gradient norm: 0.05732428
INFO:root:At the start of the epoch: mem (CPU python)=16667.25MB; mem (CPU total)=55797.80859375MB
INFO:root:[   63] Training loss: 0.01608222, Validation loss: 0.01745417, Gradient norm: 0.06354359
INFO:root:At the start of the epoch: mem (CPU python)=16729.3828125MB; mem (CPU total)=51996.3984375MB
INFO:root:[   64] Training loss: 0.01609209, Validation loss: 0.01763321, Gradient norm: 0.06906522
INFO:root:At the start of the epoch: mem (CPU python)=16790.7578125MB; mem (CPU total)=52470.625MB
INFO:root:[   65] Training loss: 0.01607240, Validation loss: 0.01756903, Gradient norm: 0.07083645
INFO:root:At the start of the epoch: mem (CPU python)=16852.94921875MB; mem (CPU total)=53858.13671875MB
INFO:root:[   66] Training loss: 0.01605123, Validation loss: 0.01786629, Gradient norm: 0.06953139
INFO:root:At the start of the epoch: mem (CPU python)=16914.32421875MB; mem (CPU total)=52336.828125MB
INFO:root:[   67] Training loss: 0.01604363, Validation loss: 0.01776496, Gradient norm: 0.07040581
INFO:root:At the start of the epoch: mem (CPU python)=16976.2734375MB; mem (CPU total)=49617.34375MB
INFO:root:[   68] Training loss: 0.01601713, Validation loss: 0.01740457, Gradient norm: 0.06782704
INFO:root:At the start of the epoch: mem (CPU python)=17037.9140625MB; mem (CPU total)=45242.6953125MB
INFO:root:[   69] Training loss: 0.01601858, Validation loss: 0.01742195, Gradient norm: 0.07489896
INFO:root:At the start of the epoch: mem (CPU python)=17099.62109375MB; mem (CPU total)=56614.24609375MB
INFO:root:[   70] Training loss: 0.01598956, Validation loss: 0.01740270, Gradient norm: 0.07014220
INFO:root:At the start of the epoch: mem (CPU python)=17161.375MB; mem (CPU total)=55679.46484375MB
INFO:root:[   71] Training loss: 0.01596487, Validation loss: 0.01737114, Gradient norm: 0.06524776
INFO:root:At the start of the epoch: mem (CPU python)=17222.94921875MB; mem (CPU total)=52066.8203125MB
INFO:root:[   72] Training loss: 0.01598086, Validation loss: 0.01744534, Gradient norm: 0.07055132
INFO:root:At the start of the epoch: mem (CPU python)=17284.94921875MB; mem (CPU total)=53919.23828125MB
INFO:root:[   73] Training loss: 0.01596520, Validation loss: 0.01740108, Gradient norm: 0.07135631
INFO:root:At the start of the epoch: mem (CPU python)=17346.796875MB; mem (CPU total)=57051.18359375MB
INFO:root:[   74] Training loss: 0.01594920, Validation loss: 0.01741080, Gradient norm: 0.07242935
INFO:root:At the start of the epoch: mem (CPU python)=17408.6015625MB; mem (CPU total)=45426.79296875MB
INFO:root:[   75] Training loss: 0.01595053, Validation loss: 0.01742575, Gradient norm: 0.07083735
INFO:root:At the start of the epoch: mem (CPU python)=17478.5234375MB; mem (CPU total)=52340.8671875MB
INFO:root:[   76] Training loss: 0.01593792, Validation loss: 0.01749145, Gradient norm: 0.07212432
INFO:root:At the start of the epoch: mem (CPU python)=17532.109375MB; mem (CPU total)=55990.4453125MB
INFO:root:[   77] Training loss: 0.01591281, Validation loss: 0.01725710, Gradient norm: 0.07091497
INFO:root:At the start of the epoch: mem (CPU python)=17594.3984375MB; mem (CPU total)=53860.0859375MB
INFO:root:[   78] Training loss: 0.01588933, Validation loss: 0.01740109, Gradient norm: 0.06463326
INFO:root:At the start of the epoch: mem (CPU python)=17656.15234375MB; mem (CPU total)=54313.99609375MB
INFO:root:[   79] Training loss: 0.01590553, Validation loss: 0.01773314, Gradient norm: 0.07306182
INFO:root:At the start of the epoch: mem (CPU python)=17717.51953125MB; mem (CPU total)=50741.84375MB
INFO:root:[   80] Training loss: 0.01585741, Validation loss: 0.01740248, Gradient norm: 0.06542840
INFO:root:At the start of the epoch: mem (CPU python)=17784.2734375MB; mem (CPU total)=46833.921875MB
INFO:root:[   81] Training loss: 0.01586001, Validation loss: 0.01728580, Gradient norm: 0.06818255
INFO:root:At the start of the epoch: mem (CPU python)=17846.515625MB; mem (CPU total)=56581.62890625MB
INFO:root:[   82] Training loss: 0.01587078, Validation loss: 0.01802274, Gradient norm: 0.06986971
INFO:root:At the start of the epoch: mem (CPU python)=17908.13671875MB; mem (CPU total)=57413.65625MB
INFO:root:[   83] Training loss: 0.01587787, Validation loss: 0.01723777, Gradient norm: 0.07208846
INFO:root:At the start of the epoch: mem (CPU python)=17969.83984375MB; mem (CPU total)=46543.1953125MB
INFO:root:[   84] Training loss: 0.01583801, Validation loss: 0.01732390, Gradient norm: 0.06978832
INFO:root:At the start of the epoch: mem (CPU python)=18031.4296875MB; mem (CPU total)=46584.98828125MB
INFO:root:[   85] Training loss: 0.01585631, Validation loss: 0.01721579, Gradient norm: 0.07420642
INFO:root:At the start of the epoch: mem (CPU python)=18093.02734375MB; mem (CPU total)=46201.14453125MB
INFO:root:[   86] Training loss: 0.01582586, Validation loss: 0.01739181, Gradient norm: 0.06802395
INFO:root:At the start of the epoch: mem (CPU python)=18154.828125MB; mem (CPU total)=53146.3671875MB
INFO:root:[   87] Training loss: 0.01583649, Validation loss: 0.01722902, Gradient norm: 0.07532837
INFO:root:At the start of the epoch: mem (CPU python)=18216.87890625MB; mem (CPU total)=55217.4296875MB
INFO:root:[   88] Training loss: 0.01579544, Validation loss: 0.01717911, Gradient norm: 0.06615463
INFO:root:At the start of the epoch: mem (CPU python)=18278.29296875MB; mem (CPU total)=52083.31640625MB
INFO:root:[   89] Training loss: 0.01580269, Validation loss: 0.01729905, Gradient norm: 0.07068825
INFO:root:At the start of the epoch: mem (CPU python)=18340.08203125MB; mem (CPU total)=57548.0625MB
INFO:root:[   90] Training loss: 0.01580209, Validation loss: 0.01734027, Gradient norm: 0.07214162
INFO:root:At the start of the epoch: mem (CPU python)=18401.94140625MB; mem (CPU total)=57642.4296875MB
INFO:root:[   91] Training loss: 0.01578838, Validation loss: 0.01727193, Gradient norm: 0.06970180
INFO:root:At the start of the epoch: mem (CPU python)=18463.6328125MB; mem (CPU total)=58581.9609375MB
INFO:root:[   92] Training loss: 0.01576460, Validation loss: 0.01726528, Gradient norm: 0.06690622
INFO:root:At the start of the epoch: mem (CPU python)=18528.28125MB; mem (CPU total)=47074.0078125MB
INFO:root:[   93] Training loss: 0.01580155, Validation loss: 0.01731208, Gradient norm: 0.07396137
INFO:root:At the start of the epoch: mem (CPU python)=18590.03125MB; mem (CPU total)=55743.30078125MB
INFO:root:[   94] Training loss: 0.01578059, Validation loss: 0.01720500, Gradient norm: 0.07302165
INFO:root:At the start of the epoch: mem (CPU python)=18651.6875MB; mem (CPU total)=50484.34765625MB
INFO:root:Learning rate reduced to: 0.00125
INFO:root:[   95] Training loss: 0.01575262, Validation loss: 0.01713607, Gradient norm: 0.07019768
INFO:root:At the start of the epoch: mem (CPU python)=18713.19921875MB; mem (CPU total)=47052.125MB
INFO:root:[   96] Training loss: 0.01549932, Validation loss: 0.01706392, Gradient norm: 0.04655075
INFO:root:At the start of the epoch: mem (CPU python)=18772.38671875MB; mem (CPU total)=47192.0234375MB
INFO:root:[   97] Training loss: 0.01546960, Validation loss: 0.01698040, Gradient norm: 0.04936586
INFO:root:At the start of the epoch: mem (CPU python)=18834.14453125MB; mem (CPU total)=55975.14453125MB
INFO:root:[   98] Training loss: 0.01546720, Validation loss: 0.01693856, Gradient norm: 0.05120653
INFO:root:At the start of the epoch: mem (CPU python)=18896.2109375MB; mem (CPU total)=47465.640625MB
INFO:root:[   99] Training loss: 0.01543596, Validation loss: 0.01700266, Gradient norm: 0.04749879
INFO:root:At the start of the epoch: mem (CPU python)=18958.40234375MB; mem (CPU total)=54943.015625MB
INFO:root:[  100] Training loss: 0.01545088, Validation loss: 0.01697151, Gradient norm: 0.05165775
INFO:root:At the start of the epoch: mem (CPU python)=19019.5234375MB; mem (CPU total)=56421.09375MB
INFO:root:[  101] Training loss: 0.01544749, Validation loss: 0.01691086, Gradient norm: 0.05399875
INFO:root:At the start of the epoch: mem (CPU python)=19084.12109375MB; mem (CPU total)=47820.24609375MB
INFO:root:[  102] Training loss: 0.01542705, Validation loss: 0.01694733, Gradient norm: 0.05252159
INFO:root:At the start of the epoch: mem (CPU python)=19146.14453125MB; mem (CPU total)=47578.8046875MB
INFO:root:[  103] Training loss: 0.01542357, Validation loss: 0.01697182, Gradient norm: 0.04886583
INFO:root:At the start of the epoch: mem (CPU python)=19207.23828125MB; mem (CPU total)=48871.84765625MB
INFO:root:[  104] Training loss: 0.01542166, Validation loss: 0.01693223, Gradient norm: 0.05178175
INFO:root:At the start of the epoch: mem (CPU python)=19269.10546875MB; mem (CPU total)=58992.328125MB
INFO:root:[  105] Training loss: 0.01540816, Validation loss: 0.01697129, Gradient norm: 0.05082682
INFO:root:At the start of the epoch: mem (CPU python)=19330.98828125MB; mem (CPU total)=55577.296875MB
INFO:root:[  106] Training loss: 0.01542162, Validation loss: 0.01689001, Gradient norm: 0.05449457
INFO:root:At the start of the epoch: mem (CPU python)=19392.7421875MB; mem (CPU total)=54203.78515625MB
INFO:root:[  107] Training loss: 0.01539994, Validation loss: 0.01697855, Gradient norm: 0.05006343
INFO:root:At the start of the epoch: mem (CPU python)=19454.34765625MB; mem (CPU total)=49414.046875MB
INFO:root:[  108] Training loss: 0.01541230, Validation loss: 0.01686031, Gradient norm: 0.05521362
INFO:root:At the start of the epoch: mem (CPU python)=19515.97265625MB; mem (CPU total)=50613.171875MB
INFO:root:[  109] Training loss: 0.01539059, Validation loss: 0.01692588, Gradient norm: 0.05186055
INFO:root:At the start of the epoch: mem (CPU python)=19578.01953125MB; mem (CPU total)=59505.21875MB
INFO:root:[  110] Training loss: 0.01538961, Validation loss: 0.01694000, Gradient norm: 0.05228832
INFO:root:At the start of the epoch: mem (CPU python)=19639.6640625MB; mem (CPU total)=57373.0390625MB
INFO:root:[  111] Training loss: 0.01537925, Validation loss: 0.01686943, Gradient norm: 0.04945603
INFO:root:At the start of the epoch: mem (CPU python)=19701.28125MB; mem (CPU total)=48816.21875MB
INFO:root:[  112] Training loss: 0.01539849, Validation loss: 0.01692576, Gradient norm: 0.05749501
INFO:root:At the start of the epoch: mem (CPU python)=19762.87109375MB; mem (CPU total)=57609.7734375MB
INFO:root:[  113] Training loss: 0.01536936, Validation loss: 0.01685848, Gradient norm: 0.04862530
INFO:root:At the start of the epoch: mem (CPU python)=19824.62890625MB; mem (CPU total)=59480.0MB
INFO:root:[  114] Training loss: 0.01538325, Validation loss: 0.01688460, Gradient norm: 0.05464691
INFO:root:At the start of the epoch: mem (CPU python)=19886.58203125MB; mem (CPU total)=59342.90625MB
INFO:root:[  115] Training loss: 0.01537184, Validation loss: 0.01696216, Gradient norm: 0.05476877
INFO:root:At the start of the epoch: mem (CPU python)=19948.1015625MB; mem (CPU total)=51619.42578125MB
INFO:root:[  116] Training loss: 0.01536104, Validation loss: 0.01695271, Gradient norm: 0.05305576
INFO:root:At the start of the epoch: mem (CPU python)=20010.18359375MB; mem (CPU total)=55216.29296875MB
INFO:root:[  117] Training loss: 0.01536427, Validation loss: 0.01682495, Gradient norm: 0.05562311
INFO:root:At the start of the epoch: mem (CPU python)=20071.73828125MB; mem (CPU total)=49438.390625MB
INFO:root:[  118] Training loss: 0.01534634, Validation loss: 0.01685157, Gradient norm: 0.05179129
INFO:root:At the start of the epoch: mem (CPU python)=20133.546875MB; mem (CPU total)=49616.18359375MB
INFO:root:[  119] Training loss: 0.01532968, Validation loss: 0.01691300, Gradient norm: 0.05053675
INFO:root:At the start of the epoch: mem (CPU python)=20195.21484375MB; mem (CPU total)=52429.1796875MB
INFO:root:[  120] Training loss: 0.01535588, Validation loss: 0.01682875, Gradient norm: 0.05652219
INFO:root:At the start of the epoch: mem (CPU python)=20257.16796875MB; mem (CPU total)=59610.02734375MB
INFO:root:[  121] Training loss: 0.01533921, Validation loss: 0.01686663, Gradient norm: 0.05447857
INFO:root:At the start of the epoch: mem (CPU python)=20318.96484375MB; mem (CPU total)=52701.13671875MB
INFO:root:[  122] Training loss: 0.01533386, Validation loss: 0.01685476, Gradient norm: 0.05206693
INFO:root:At the start of the epoch: mem (CPU python)=20380.765625MB; mem (CPU total)=49377.03125MB
INFO:root:[  123] Training loss: 0.01533245, Validation loss: 0.01681452, Gradient norm: 0.05354244
INFO:root:At the start of the epoch: mem (CPU python)=20442.53125MB; mem (CPU total)=49076.44921875MB
INFO:root:[  124] Training loss: 0.01531500, Validation loss: 0.01684702, Gradient norm: 0.05132550
INFO:root:At the start of the epoch: mem (CPU python)=20503.96484375MB; mem (CPU total)=49717.6875MB
INFO:root:[  125] Training loss: 0.01532656, Validation loss: 0.01681517, Gradient norm: 0.05418036
INFO:root:At the start of the epoch: mem (CPU python)=20566.58984375MB; mem (CPU total)=52199.01171875MB
INFO:root:[  126] Training loss: 0.01532648, Validation loss: 0.01701568, Gradient norm: 0.05432448
INFO:root:At the start of the epoch: mem (CPU python)=20627.48046875MB; mem (CPU total)=50153.765625MB
INFO:root:[  127] Training loss: 0.01532170, Validation loss: 0.01688220, Gradient norm: 0.05478134
INFO:root:At the start of the epoch: mem (CPU python)=20689.35546875MB; mem (CPU total)=51218.36328125MB
INFO:root:[  128] Training loss: 0.01530235, Validation loss: 0.01682217, Gradient norm: 0.04904227
INFO:root:At the start of the epoch: mem (CPU python)=20746.1015625MB; mem (CPU total)=54917.7109375MB
INFO:root:[  129] Training loss: 0.01528891, Validation loss: 0.01680250, Gradient norm: 0.04882392
INFO:root:At the start of the epoch: mem (CPU python)=20804.79296875MB; mem (CPU total)=49496.39453125MB
INFO:root:[  130] Training loss: 0.01529718, Validation loss: 0.01677744, Gradient norm: 0.05214384
INFO:root:At the start of the epoch: mem (CPU python)=20866.6484375MB; mem (CPU total)=49518.2421875MB
INFO:root:[  131] Training loss: 0.01531376, Validation loss: 0.01688073, Gradient norm: 0.05666559
INFO:root:At the start of the epoch: mem (CPU python)=20928.3671875MB; mem (CPU total)=58962.53515625MB
INFO:root:[  132] Training loss: 0.01528656, Validation loss: 0.01675833, Gradient norm: 0.05226698
INFO:root:At the start of the epoch: mem (CPU python)=20990.16015625MB; mem (CPU total)=60483.953125MB
INFO:root:[  133] Training loss: 0.01528928, Validation loss: 0.01681294, Gradient norm: 0.05292001
INFO:root:At the start of the epoch: mem (CPU python)=21051.81640625MB; mem (CPU total)=59803.9140625MB
INFO:root:[  134] Training loss: 0.01528023, Validation loss: 0.01686766, Gradient norm: 0.05263947
INFO:root:At the start of the epoch: mem (CPU python)=21113.625MB; mem (CPU total)=61133.08984375MB
INFO:root:[  135] Training loss: 0.01527971, Validation loss: 0.01675801, Gradient norm: 0.05075005
INFO:root:At the start of the epoch: mem (CPU python)=21175.15625MB; mem (CPU total)=50656.390625MB
INFO:root:[  136] Training loss: 0.01528348, Validation loss: 0.01684232, Gradient norm: 0.05347282
INFO:root:At the start of the epoch: mem (CPU python)=21237.1328125MB; mem (CPU total)=50743.95703125MB
INFO:root:[  137] Training loss: 0.01527767, Validation loss: 0.01677591, Gradient norm: 0.05194694
INFO:root:At the start of the epoch: mem (CPU python)=21298.8125MB; mem (CPU total)=58882.28125MB
INFO:root:[  138] Training loss: 0.01527598, Validation loss: 0.01673841, Gradient norm: 0.05164590
INFO:root:At the start of the epoch: mem (CPU python)=21360.546875MB; mem (CPU total)=61538.1796875MB
INFO:root:[  139] Training loss: 0.01526696, Validation loss: 0.01679772, Gradient norm: 0.05170356
INFO:root:At the start of the epoch: mem (CPU python)=21422.234375MB; mem (CPU total)=54397.47265625MB
INFO:root:[  140] Training loss: 0.01525825, Validation loss: 0.01683765, Gradient norm: 0.05223394
INFO:root:At the start of the epoch: mem (CPU python)=21483.890625MB; mem (CPU total)=50686.54296875MB
INFO:root:[  141] Training loss: 0.01526896, Validation loss: 0.01682155, Gradient norm: 0.05702582
INFO:root:At the start of the epoch: mem (CPU python)=21545.90625MB; mem (CPU total)=61603.671875MB
INFO:root:[  142] Training loss: 0.01524595, Validation loss: 0.01678857, Gradient norm: 0.05261185
INFO:root:At the start of the epoch: mem (CPU python)=21607.625MB; mem (CPU total)=61661.6484375MB
INFO:root:[  143] Training loss: 0.01524657, Validation loss: 0.01673400, Gradient norm: 0.05086420
INFO:root:At the start of the epoch: mem (CPU python)=21669.33203125MB; mem (CPU total)=51990.16015625MB
INFO:root:[  144] Training loss: 0.01525548, Validation loss: 0.01684734, Gradient norm: 0.05617085
INFO:root:At the start of the epoch: mem (CPU python)=21731.18359375MB; mem (CPU total)=54716.3125MB
INFO:root:[  145] Training loss: 0.01523868, Validation loss: 0.01685605, Gradient norm: 0.05133612
INFO:root:At the start of the epoch: mem (CPU python)=21792.80078125MB; mem (CPU total)=60695.24609375MB
INFO:root:[  146] Training loss: 0.01524081, Validation loss: 0.01679790, Gradient norm: 0.05464202
INFO:root:At the start of the epoch: mem (CPU python)=21854.55078125MB; mem (CPU total)=51265.1953125MB
INFO:root:[  147] Training loss: 0.01524042, Validation loss: 0.01680687, Gradient norm: 0.05168419
INFO:root:At the start of the epoch: mem (CPU python)=21916.41015625MB; mem (CPU total)=51310.08203125MB
INFO:root:[  148] Training loss: 0.01523231, Validation loss: 0.01672363, Gradient norm: 0.05268467
INFO:root:At the start of the epoch: mem (CPU python)=21978.01171875MB; mem (CPU total)=59211.51953125MB
INFO:root:[  149] Training loss: 0.01524874, Validation loss: 0.01675199, Gradient norm: 0.05510549
INFO:root:At the start of the epoch: mem (CPU python)=22039.70703125MB; mem (CPU total)=59546.71875MB
INFO:root:[  150] Training loss: 0.01522716, Validation loss: 0.01673260, Gradient norm: 0.05309542
INFO:root:At the start of the epoch: mem (CPU python)=22101.69140625MB; mem (CPU total)=62009.68359375MB
INFO:root:[  151] Training loss: 0.01523891, Validation loss: 0.01679366, Gradient norm: 0.05399616
INFO:root:At the start of the epoch: mem (CPU python)=22163.4140625MB; mem (CPU total)=60315.79296875MB
INFO:root:[  152] Training loss: 0.01521707, Validation loss: 0.01671071, Gradient norm: 0.05193086
INFO:root:At the start of the epoch: mem (CPU python)=22225.07421875MB; mem (CPU total)=51438.2734375MB
INFO:root:[  153] Training loss: 0.01521744, Validation loss: 0.01673229, Gradient norm: 0.05274007
INFO:root:At the start of the epoch: mem (CPU python)=22286.93359375MB; mem (CPU total)=52250.28515625MB
INFO:root:[  154] Training loss: 0.01520975, Validation loss: 0.01669101, Gradient norm: 0.05099283
INFO:root:At the start of the epoch: mem (CPU python)=22348.3671875MB; mem (CPU total)=52171.40234375MB
INFO:root:[  155] Training loss: 0.01524477, Validation loss: 0.01678354, Gradient norm: 0.06007387
INFO:root:At the start of the epoch: mem (CPU python)=22410.44140625MB; mem (CPU total)=51547.50390625MB
INFO:root:[  156] Training loss: 0.01520608, Validation loss: 0.01668145, Gradient norm: 0.05283668
INFO:root:At the start of the epoch: mem (CPU python)=22472.171875MB; mem (CPU total)=59650.0234375MB
INFO:root:[  157] Training loss: 0.01518576, Validation loss: 0.01667969, Gradient norm: 0.04734995
INFO:root:At the start of the epoch: mem (CPU python)=22533.8984375MB; mem (CPU total)=60835.7734375MB
INFO:root:[  158] Training loss: 0.01522689, Validation loss: 0.01677669, Gradient norm: 0.05759236
INFO:root:At the start of the epoch: mem (CPU python)=22595.79296875MB; mem (CPU total)=61757.74609375MB
INFO:root:[  159] Training loss: 0.01519837, Validation loss: 0.01674847, Gradient norm: 0.05365395
INFO:root:At the start of the epoch: mem (CPU python)=22657.26171875MB; mem (CPU total)=63091.11328125MB
INFO:root:[  160] Training loss: 0.01519306, Validation loss: 0.01665060, Gradient norm: 0.05163637
INFO:root:At the start of the epoch: mem (CPU python)=22727.546875MB; mem (CPU total)=55481.63671875MB
INFO:root:[  161] Training loss: 0.01518428, Validation loss: 0.01669143, Gradient norm: 0.05220600
INFO:root:At the start of the epoch: mem (CPU python)=22781.5078125MB; mem (CPU total)=52088.015625MB
INFO:root:[  162] Training loss: 0.01518660, Validation loss: 0.01670728, Gradient norm: 0.05487865
INFO:root:At the start of the epoch: mem (CPU python)=22842.4921875MB; mem (CPU total)=52150.34765625MB
INFO:root:[  163] Training loss: 0.01519167, Validation loss: 0.01674430, Gradient norm: 0.05457291
INFO:root:At the start of the epoch: mem (CPU python)=22904.6875MB; mem (CPU total)=54559.8984375MB
INFO:root:[  164] Training loss: 0.01518225, Validation loss: 0.01668345, Gradient norm: 0.05383035
INFO:root:At the start of the epoch: mem (CPU python)=22966.35546875MB; mem (CPU total)=61389.70703125MB
INFO:root:[  165] Training loss: 0.01517530, Validation loss: 0.01672824, Gradient norm: 0.05440387
INFO:root:At the start of the epoch: mem (CPU python)=23028.37890625MB; mem (CPU total)=52555.36328125MB
INFO:root:[  166] Training loss: 0.01518045, Validation loss: 0.01671488, Gradient norm: 0.05378588
INFO:root:At the start of the epoch: mem (CPU python)=23089.76171875MB; mem (CPU total)=61320.9609375MB
INFO:root:Learning rate reduced to: 0.000625
INFO:root:[  167] Training loss: 0.01517230, Validation loss: 0.01680181, Gradient norm: 0.05268222
INFO:root:At the start of the epoch: mem (CPU python)=23151.44921875MB; mem (CPU total)=63048.2578125MB
INFO:root:Learning rate reduced to: 0.0003125
INFO:root:[  168] Training loss: 0.01503536, Validation loss: 0.01659170, Gradient norm: 0.03886940
INFO:root:At the start of the epoch: mem (CPU python)=23213.17578125MB; mem (CPU total)=59132.37109375MB
INFO:root:[  169] Training loss: 0.01492434, Validation loss: 0.01654166, Gradient norm: 0.03229730
INFO:root:At the start of the epoch: mem (CPU python)=23275.09375MB; mem (CPU total)=62944.19140625MB
INFO:root:[  170] Training loss: 0.01491148, Validation loss: 0.01645032, Gradient norm: 0.03564538
INFO:root:At the start of the epoch: mem (CPU python)=23336.734375MB; mem (CPU total)=54450.7109375MB
INFO:root:[  171] Training loss: 0.01488653, Validation loss: 0.01646808, Gradient norm: 0.03097025
INFO:root:At the start of the epoch: mem (CPU python)=23398.40625MB; mem (CPU total)=61001.15625MB
INFO:root:[  172] Training loss: 0.01489334, Validation loss: 0.01650338, Gradient norm: 0.03727206
INFO:root:At the start of the epoch: mem (CPU python)=23460.140625MB; mem (CPU total)=61514.66796875MB
INFO:root:[  173] Training loss: 0.01489346, Validation loss: 0.01648586, Gradient norm: 0.03671229
INFO:root:At the start of the epoch: mem (CPU python)=23522.06640625MB; mem (CPU total)=53258.65234375MB
INFO:root:[  174] Training loss: 0.01487230, Validation loss: 0.01644399, Gradient norm: 0.03343680
INFO:root:At the start of the epoch: mem (CPU python)=23583.8515625MB; mem (CPU total)=54965.01953125MB
INFO:root:[  175] Training loss: 0.01488560, Validation loss: 0.01644318, Gradient norm: 0.03578637
INFO:root:At the start of the epoch: mem (CPU python)=23645.6953125MB; mem (CPU total)=54845.6015625MB
INFO:root:[  176] Training loss: 0.01487418, Validation loss: 0.01645060, Gradient norm: 0.03391951
INFO:root:At the start of the epoch: mem (CPU python)=23707.15234375MB; mem (CPU total)=59838.6875MB
INFO:root:[  177] Training loss: 0.01486998, Validation loss: 0.01645688, Gradient norm: 0.03398571
INFO:root:At the start of the epoch: mem (CPU python)=23769.1875MB; mem (CPU total)=63618.90625MB
INFO:root:[  178] Training loss: 0.01487430, Validation loss: 0.01647450, Gradient norm: 0.03655797
INFO:root:At the start of the epoch: mem (CPU python)=23830.6484375MB; mem (CPU total)=63215.3515625MB
INFO:root:[  179] Training loss: 0.01487247, Validation loss: 0.01646337, Gradient norm: 0.03365093
INFO:root:At the start of the epoch: mem (CPU python)=23892.78125MB; mem (CPU total)=63772.578125MB
INFO:root:[  180] Training loss: 0.01486549, Validation loss: 0.01643293, Gradient norm: 0.03463195
INFO:root:At the start of the epoch: mem (CPU python)=23954.0MB; mem (CPU total)=61142.09765625MB
INFO:root:[  181] Training loss: 0.01486593, Validation loss: 0.01654374, Gradient norm: 0.03451823
INFO:root:At the start of the epoch: mem (CPU python)=24015.78515625MB; mem (CPU total)=63876.99609375MB
INFO:root:[  182] Training loss: 0.01486242, Validation loss: 0.01648364, Gradient norm: 0.03434900
INFO:root:At the start of the epoch: mem (CPU python)=24077.63671875MB; mem (CPU total)=63977.87890625MB
INFO:root:[  183] Training loss: 0.01486195, Validation loss: 0.01644029, Gradient norm: 0.03526899
INFO:root:At the start of the epoch: mem (CPU python)=24139.5546875MB; mem (CPU total)=62879.78125MB
INFO:root:[  184] Training loss: 0.01485637, Validation loss: 0.01645774, Gradient norm: 0.03365985
INFO:root:At the start of the epoch: mem (CPU python)=24201.34765625MB; mem (CPU total)=54374.2734375MB
INFO:root:[  185] Training loss: 0.01486427, Validation loss: 0.01645920, Gradient norm: 0.03707004
INFO:root:At the start of the epoch: mem (CPU python)=24262.94140625MB; mem (CPU total)=53528.34375MB
INFO:root:[  186] Training loss: 0.01485286, Validation loss: 0.01644786, Gradient norm: 0.03601898
INFO:root:At the start of the epoch: mem (CPU python)=24324.9296875MB; mem (CPU total)=56765.921875MB
INFO:root:Learning rate reduced to: 0.00015625
INFO:root:[  187] Training loss: 0.01485679, Validation loss: 0.01642333, Gradient norm: 0.03451772
INFO:root:At the start of the epoch: mem (CPU python)=24386.51953125MB; mem (CPU total)=60014.35546875MB
INFO:root:[  188] Training loss: 0.01481894, Validation loss: 0.01639909, Gradient norm: 0.02791793
INFO:root:At the start of the epoch: mem (CPU python)=24448.5390625MB; mem (CPU total)=61960.828125MB
INFO:root:[  189] Training loss: 0.01481631, Validation loss: 0.01641008, Gradient norm: 0.02863594
INFO:root:At the start of the epoch: mem (CPU python)=24509.90625MB; mem (CPU total)=65436.3828125MB
INFO:root:[  190] Training loss: 0.01480165, Validation loss: 0.01641329, Gradient norm: 0.02852618
INFO:root:At the start of the epoch: mem (CPU python)=24571.9921875MB; mem (CPU total)=63247.8984375MB
INFO:root:[  191] Training loss: 0.01480243, Validation loss: 0.01641823, Gradient norm: 0.02912556
INFO:root:At the start of the epoch: mem (CPU python)=24633.5703125MB; mem (CPU total)=60073.5390625MB
INFO:root:[  192] Training loss: 0.01480046, Validation loss: 0.01640474, Gradient norm: 0.02866880
INFO:root:At the start of the epoch: mem (CPU python)=24695.25390625MB; mem (CPU total)=54182.83984375MB
INFO:root:[  193] Training loss: 0.01479704, Validation loss: 0.01639941, Gradient norm: 0.02903753
INFO:root:At the start of the epoch: mem (CPU python)=24757.0703125MB; mem (CPU total)=62930.41796875MB
INFO:root:[  194] Training loss: 0.01479980, Validation loss: 0.01637564, Gradient norm: 0.02927459
INFO:root:At the start of the epoch: mem (CPU python)=24819.6171875MB; mem (CPU total)=63783.0234375MB
INFO:root:[  195] Training loss: 0.01480073, Validation loss: 0.01640919, Gradient norm: 0.02927783
INFO:root:At the start of the epoch: mem (CPU python)=24880.8203125MB; mem (CPU total)=54024.08203125MB
INFO:root:[  196] Training loss: 0.01479712, Validation loss: 0.01643231, Gradient norm: 0.02970186
INFO:root:At the start of the epoch: mem (CPU python)=24942.140625MB; mem (CPU total)=54695.88671875MB
INFO:root:[  197] Training loss: 0.01479904, Validation loss: 0.01641106, Gradient norm: 0.03045166
INFO:root:At the start of the epoch: mem (CPU python)=25003.95703125MB; mem (CPU total)=63013.6484375MB
INFO:root:[  198] Training loss: 0.01479216, Validation loss: 0.01637427, Gradient norm: 0.02929464
INFO:root:At the start of the epoch: mem (CPU python)=25065.82421875MB; mem (CPU total)=61240.72265625MB
INFO:root:[  199] Training loss: 0.01478994, Validation loss: 0.01637279, Gradient norm: 0.02822610
INFO:root:At the start of the epoch: mem (CPU python)=25127.44140625MB; mem (CPU total)=61820.80859375MB
INFO:root:[  200] Training loss: 0.01479163, Validation loss: 0.01638547, Gradient norm: 0.02938929
INFO:root:At the start of the epoch: mem (CPU python)=25189.5390625MB; mem (CPU total)=61512.99609375MB
INFO:root:[  201] Training loss: 0.01479044, Validation loss: 0.01641801, Gradient norm: 0.03071836
INFO:root:At the start of the epoch: mem (CPU python)=25258.94140625MB; mem (CPU total)=64235.27734375MB
INFO:root:[  202] Training loss: 0.01478550, Validation loss: 0.01638583, Gradient norm: 0.02939588
INFO:root:At the start of the epoch: mem (CPU python)=25321.32421875MB; mem (CPU total)=63698.8125MB
INFO:root:[  203] Training loss: 0.01478903, Validation loss: 0.01637176, Gradient norm: 0.02956389
INFO:root:At the start of the epoch: mem (CPU python)=25382.6328125MB; mem (CPU total)=65273.28125MB
INFO:root:[  204] Training loss: 0.01478817, Validation loss: 0.01639016, Gradient norm: 0.02973591
INFO:root:At the start of the epoch: mem (CPU python)=25444.46875MB; mem (CPU total)=54893.1875MB
INFO:root:[  205] Training loss: 0.01478019, Validation loss: 0.01639446, Gradient norm: 0.02804157
INFO:root:At the start of the epoch: mem (CPU python)=25508.33203125MB; mem (CPU total)=54662.859375MB
INFO:root:[  206] Training loss: 0.01478348, Validation loss: 0.01636391, Gradient norm: 0.02953561
INFO:root:At the start of the epoch: mem (CPU python)=25560.09765625MB; mem (CPU total)=65863.5MB
INFO:root:[  207] Training loss: 0.01478534, Validation loss: 0.01639353, Gradient norm: 0.02999949
INFO:root:At the start of the epoch: mem (CPU python)=25621.57421875MB; mem (CPU total)=65645.9453125MB
INFO:root:[  208] Training loss: 0.01478046, Validation loss: 0.01635681, Gradient norm: 0.02967942
INFO:root:At the start of the epoch: mem (CPU python)=25683.6015625MB; mem (CPU total)=63139.85546875MB
INFO:root:[  209] Training loss: 0.01477758, Validation loss: 0.01637730, Gradient norm: 0.03018659
INFO:root:At the start of the epoch: mem (CPU python)=25745.4296875MB; mem (CPU total)=65629.8515625MB
INFO:root:[  210] Training loss: 0.01478626, Validation loss: 0.01636645, Gradient norm: 0.03003414
INFO:root:At the start of the epoch: mem (CPU python)=25807.51953125MB; mem (CPU total)=63180.01953125MB
INFO:root:[  211] Training loss: 0.01477840, Validation loss: 0.01637718, Gradient norm: 0.02920111
INFO:root:At the start of the epoch: mem (CPU python)=25868.93359375MB; mem (CPU total)=61161.73828125MB
INFO:root:[  212] Training loss: 0.01477658, Validation loss: 0.01638567, Gradient norm: 0.02916273
INFO:root:At the start of the epoch: mem (CPU python)=25930.3515625MB; mem (CPU total)=54519.3125MB
INFO:root:[  213] Training loss: 0.01477794, Validation loss: 0.01640226, Gradient norm: 0.03027742
INFO:root:At the start of the epoch: mem (CPU python)=25992.3046875MB; mem (CPU total)=60962.0390625MB
INFO:root:[  214] Training loss: 0.01477784, Validation loss: 0.01636712, Gradient norm: 0.02949337
INFO:root:At the start of the epoch: mem (CPU python)=26053.640625MB; mem (CPU total)=65920.49609375MB
INFO:root:Learning rate reduced to: 7.8125e-05
INFO:root:[  215] Training loss: 0.01477611, Validation loss: 0.01638756, Gradient norm: 0.02896301
INFO:root:At the start of the epoch: mem (CPU python)=26115.42578125MB; mem (CPU total)=64860.67578125MB
INFO:root:[  216] Training loss: 0.01475739, Validation loss: 0.01637190, Gradient norm: 0.02674265
INFO:root:At the start of the epoch: mem (CPU python)=26177.3203125MB; mem (CPU total)=59787.546875MB
INFO:root:[  217] Training loss: 0.01475714, Validation loss: 0.01637095, Gradient norm: 0.02576919
INFO:root:At the start of the epoch: mem (CPU python)=26239.17578125MB; mem (CPU total)=63138.9375MB
INFO:root:EP 217: Early stopping
INFO:root:After finishing all epochs: mem (CPU python)=26300.9140625MB; mem (CPU total)=57602.953125MB
INFO:root:Training the model took 106125.047s.
INFO:root:Emptying the cuda cache took 0.051s.
INFO:root:Starting evaluation: model FNO & uncertainty quantification dropout
INFO:root:Evaluating the model on Validation data.
INFO:root:MSEValidation: 0.01484
INFO:root:EnergyScoreValidation: 0.01145
INFO:root:CRPSValidation: 0.01231
INFO:root:Gaussian NLLValidation: -1.4165
INFO:root:CoverageValidation: 0.64696
INFO:root:IntervalWidthValidation: 0.03595
INFO:root:Evaluating the model on Test data.
INFO:root:MSETest: 0.02404
INFO:root:EnergyScoreTest: 0.02017
INFO:root:CRPSTest: 0.02139
INFO:root:Gaussian NLLTest: 2.33678
INFO:root:CoverageTest: 0.44778
INFO:root:IntervalWidthTest: 0.03515
INFO:root:After validation: mem (CPU python)=26770.6171875MB; mem (CPU total)=66968.328125MB
