INFO:root:Starting the logger.
INFO:root:Using cuda.
INFO:root:: mem (CPU python)=550.51171875MB; mem (CPU total)=2755.23046875MB
INFO:root:############### Starting experiment with config file ks/fno_sr_dropout_finetuning.ini ###############
INFO:root:###1 out of 1 data set parameter combinations ###
INFO:root:Data parameters: {'dataset_name': 'KS', 'max_training_set_size': 10000, 'downscaling_factor': 1, 'temporal_downscaling': 2, 'init_steps': 20, 't_start': 0, 'pred_horizon': 20}
INFO:root:After loading the datasets: mem (CPU python)=12429.4765625MB; mem (CPU total)=2720.30078125MB
INFO:root:###1 out of 1 training parameter combinations ###
INFO:root:Training parameters: {'seed': 12345, 'model': 'FNO', 'uncertainty_quantification': 'scoring-rule-dropout', 'batch_size': 64, 'n_epochs': 2, 'early_stopping': 10, 'init': 'default', 'learning_rate': 0.001, 'lr_schedule': 'step', 'optimizer': 'adam', 'gradient_clipping': 1, 'layer_normalization': True, 'data_loader_pin_memory': False, 'data_loader_num_workers': 0, 'distributed_training': False, 'alpha': 0.05, 'n_samples_uq': 100, 'weight_decay': 0, 'dropout': 0.2, 'fourier_dropout': None, 'hidden_channels': 20, 'projection_channels': 128, 'lifting_channels': 128, 'n_modes': (10, 12), 'n_samples': 3, 'finetuning': 'results/optimal_hp_multiple_seeds/ks/fno/20240911_142834_ks_fno_laplace/Datetime_20240911_142933_Loss_KS_FNO_laplace_dropout_0.01.pt'}
INFO:root:After creating the dataloaders: mem (CPU python)=12429.4765625MB; mem (CPU total)=2720.30078125MB
INFO:root:NumberParameters: 231589
INFO:root:GPU memory allocated: 2097152
INFO:root:After setting up the model: mem (CPU python)=12429.4765625MB; mem (CPU total)=2819.921875MB
INFO:root:Training starts now.
INFO:root:At the start of the epoch: mem (CPU python)=12429.4765625MB; mem (CPU total)=2832.828125MB
INFO:root:[    1] Training loss: 0.63170864, Validation loss: 0.63071081, Gradient norm: 0.11481545
INFO:root:At the start of the epoch: mem (CPU python)=12429.4765625MB; mem (CPU total)=3112.60546875MB
INFO:root:[    2] Training loss: 0.62217252, Validation loss: 0.62896763, Gradient norm: 0.10185315
INFO:root:After finishing all epochs: mem (CPU python)=12429.4765625MB; mem (CPU total)=3152.11328125MB
INFO:root:Training the model took 69.791s.
INFO:root:Emptying the cuda cache took 0.041s.
INFO:root:Starting evaluation: model FNO & uncertainty quantification scoring-rule-dropout
INFO:root:Evaluating the model on Train data.
INFO:root:MSETrain: 0.87895
INFO:root:EnergyScoreTrain: 0.62024
INFO:root:CRPSTrain: 0.53942
INFO:root:Gaussian NLLTrain: 1.88587
INFO:root:CoverageTrain: 0.80622
INFO:root:IntervalWidthTrain: 3.25903
INFO:root:Evaluating the model on Validation data.
INFO:root:MSEValidation: 0.89141
INFO:root:EnergyScoreValidation: 0.62886
INFO:root:CRPSValidation: 0.54634
INFO:root:Gaussian NLLValidation: 1.89728
INFO:root:CoverageValidation: 0.80359
INFO:root:IntervalWidthValidation: 3.26872
INFO:root:Evaluating the model on Test data.
INFO:root:MSETest: 0.89243
INFO:root:EnergyScoreTest: 0.62952
INFO:root:CRPSTest: 0.5469
INFO:root:Gaussian NLLTest: 1.89901
INFO:root:CoverageTest: 0.80291
INFO:root:IntervalWidthTest: 3.26204
INFO:root:After validation: mem (CPU python)=12429.4765625MB; mem (CPU total)=3325.0546875MB
