INFO:root:Starting the logger.
INFO:root:Using cpu.
INFO:root:############### Starting experiment with config file debug.ini ###############
INFO:root:###1 out of 2 data set parameter combinations ###
INFO:root:Data parameters: {'dataset_name': 'SWE', 'max_training_set_size': 10000, 'downscaling_factor': 2, 'temporal_downscaling': 4, 'init_steps': 10, 't_start': 10, 'pred_horizon': 5}
INFO:root:###1 out of 3 training parameter combinations ###
INFO:root:Training parameters: {'model': 'FNO', 'uncertainty_quantification': 'dropout', 'batch_size': 32, 'n_epochs': 10, 'early_stopping': 10, 'dropout': 0.0, 'init': 'default', 'learning_rate': 0.0001, 'lr_schedule': 'no', 'optimizer': 'adam', 'gradient_clipping': 1, 'layer_normalization': True, 'data_loader_pin_memory': False, 'data_loader_num_workers': 0, 'distributed_training': False, 'fourier_dropout': 0.0, 'hidden_channels': 32, 'projection_channels': 64, 'alpha': 0.05, 'n_samples_uq': 100, 'n_samples': 3, 'lifting_channels': 128, 'n_modes': (16, 16), 'uno_out_channels': [32, 64, 64, 32], 'uno_scalings': [[1.0, 1.0], [0.5, 0.5], [1, 1], [2, 2]], 'uno_n_modes': [[16, 16], [8, 8], [8, 8], [16, 16]]}
INFO:root:Number parameters: 1192101
INFO:root:Memory allocated: 0
INFO:root:Training starts now.
INFO:root:[    1] Training loss: 5.12147914, Validation loss: 29.68283749, Gradient norm: 2.82435439
INFO:root:[    2] Training loss: 4.67401712, Validation loss: 25.43590975, Gradient norm: 3.30566334
INFO:root:[    3] Training loss: 3.07975648, Validation loss: 7.96299148, Gradient norm: 8.00916812
INFO:root:[    4] Training loss: 0.80884239, Validation loss: 2.10345593, Gradient norm: 8.73519656
INFO:root:[    5] Training loss: 0.22289232, Validation loss: 1.01133430, Gradient norm: 3.65113151
INFO:root:[    6] Training loss: 0.15562571, Validation loss: 0.88016054, Gradient norm: 2.17510752
INFO:root:[    7] Training loss: 0.14060453, Validation loss: 0.82592414, Gradient norm: 2.37280205
INFO:root:[    8] Training loss: 0.13124193, Validation loss: 0.76277240, Gradient norm: 1.84901442
INFO:root:[    9] Training loss: 0.12417137, Validation loss: 0.75738040, Gradient norm: 2.87717774
INFO:root:[   10] Training loss: 0.11830653, Validation loss: 0.68770885, Gradient norm: 3.42664055
INFO:root:Training the model took 95.88s.
INFO:root:Emptying the cuda cache took 0.0s.
