INFO:root:Starting the logger.
INFO:root:Using cuda.
INFO:root:: mem (CPU python)=545.8125MB; mem (CPU total)=6428.46875MB
INFO:root:############### Starting experiment with config file debug.ini ###############
INFO:root:###1 out of 1 data set parameter combinations ###
INFO:root:Data parameters: {'dataset_name': 'SWE', 'max_training_set_size': 10000, 'downscaling_factor': 2, 'temporal_downscaling': 2, 'init_steps': 10, 't_start': 0, 'pred_horizon': 10, 'ood': False}
INFO:root:###1 out of 1 training parameter combinations ###
INFO:root:Training parameters: {'seed': 1, 'model': 'FNO', 'uncertainty_quantification': 'laplace', 'batch_size': 32, 'n_epochs': 1, 'early_stopping': 10, 'dropout': 0.1, 'init': 'default', 'learning_rate': 0.0001, 'lr_schedule': 'no', 'optimizer': 'adam', 'gradient_clipping': 1, 'layer_normalization': True, 'data_loader_pin_memory': False, 'data_loader_num_workers': 0, 'distributed_training': False, 'fourier_dropout': 0.0, 'hidden_channels': 32, 'projection_channels': 64, 'alpha': 0.05, 'n_samples_uq': 10, 'weight_decay': 0, 'n_samples': 3, 'lifting_channels': 128, 'n_modes': (2, 2, 2), 'uno_out_channels': [32, 64, 64, 32], 'uno_scalings': [[1.0, 1.0], [0.5, 0.5], [1, 1], [2, 2]], 'uno_n_modes': [[16, 16], [8, 8], [8, 8], [16, 16]]}
INFO:root:NumberParameters: 76705
INFO:root:Memory allocated: 2097152
INFO:root:Training starts now.
INFO:root:[    1] Training loss: 0.99205853, Validation loss: 0.90032966, Gradient norm: 1.33019077
INFO:root:Training the model took 362.112s.
INFO:root:Emptying the cuda cache took 0.031s.
INFO:root:Starting evaluation: model FNO & uncertainty quantification laplace
INFO:root:Evaluating the model on Train data.
INFO:root:MSETrain: 0.86976
INFO:root:EnergyScoreTrain: 0.32424
INFO:root:CRPSTrain: 0.71791
INFO:root:Gaussian NLLTrain: 55.57957
INFO:root:CoverageTrain: 0.01067
INFO:root:IntervalWidthTrain: 0.51554
INFO:root:Evaluating the model on Validation data.
INFO:root:MSEValidation: 0.90092
INFO:root:EnergyScoreValidation: 0.33008
INFO:root:CRPSValidation: 0.73094
INFO:root:Gaussian NLLValidation: 23.37664
INFO:root:CoverageValidation: 2e-05
INFO:root:IntervalWidthValidation: 0.56553
INFO:root:Evaluating the model on Test data.
INFO:root:MSETest: 0.86263
INFO:root:EnergyScoreTest: 0.32107
INFO:root:CRPSTest: 0.71139
INFO:root:Gaussian NLLTest: 16.79404
INFO:root:CoverageTest: 6e-05
INFO:root:IntervalWidthTest: 0.50252
