INFO:root:Starting the logger.
INFO:root:Using cuda.
INFO:root:############### Starting experiment with config file debug.ini ###############
INFO:root:###1 out of 1 data set parameter combinations ###
INFO:root:Data parameters: {'dataset_name': 'SWE', 'max_training_set_size': 10000, 'downscaling_factor': 2, 'temporal_downscaling': 2, 'init_steps': 10, 't_start': 0, 'pred_horizon': 10}
INFO:root:###1 out of 1 training parameter combinations ###
INFO:root:Training parameters: {'model': 'FNO', 'uncertainty_quantification': 'scoring-rule-dropout', 'batch_size': 32, 'n_epochs': 10, 'early_stopping': 10, 'dropout': 0.1, 'init': 'default', 'learning_rate': 0.0001, 'lr_schedule': 'no', 'optimizer': 'adam', 'gradient_clipping': 1, 'layer_normalization': True, 'data_loader_pin_memory': False, 'data_loader_num_workers': 0, 'distributed_training': False, 'fourier_dropout': 0.0, 'hidden_channels': 32, 'projection_channels': 64, 'alpha': 0.05, 'n_samples_uq': 10, 'weight_decay': 0, 'n_samples': 3, 'lifting_channels': 128, 'n_modes': (2, 2, 2), 'uno_out_channels': [32, 64, 64, 32], 'uno_scalings': [[1.0, 1.0], [0.5, 0.5], [1, 1], [2, 2]], 'uno_n_modes': [[16, 16], [8, 8], [8, 8], [16, 16]]}
INFO:root:NumberParameters: 76705
INFO:root:Memory allocated: 2097152
INFO:root:Training starts now.
INFO:root:[    1] Training loss: 2.21022434, Validation loss: 12.22035623, Gradient norm: 2.80428216
INFO:root:[    2] Training loss: 1.68614717, Validation loss: 6.26137722, Gradient norm: 3.90749490
INFO:root:[    3] Training loss: 0.34877044, Validation loss: 0.86321370, Gradient norm: 5.11849810
INFO:root:[    4] Training loss: 0.13520636, Validation loss: 0.80585504, Gradient norm: 0.90154848
INFO:root:[    5] Training loss: 0.13167867, Validation loss: 0.79398799, Gradient norm: 0.35408354
INFO:root:[    6] Training loss: 0.12936347, Validation loss: 0.77501275, Gradient norm: 0.20261206
INFO:root:[    7] Training loss: 0.12588672, Validation loss: 0.74806841, Gradient norm: 0.26137181
INFO:root:[    8] Training loss: 0.12055985, Validation loss: 0.70380945, Gradient norm: 0.34455642
INFO:root:[    9] Training loss: 0.11455725, Validation loss: 0.67764536, Gradient norm: 0.44790547
INFO:root:[   10] Training loss: 0.11062174, Validation loss: 0.65226165, Gradient norm: 0.62327040
INFO:root:Training the model took 122.268s.
INFO:root:Emptying the cuda cache took 0.079s.
INFO:root:Starting evaluation: model FNO & uncertainty quantification scoring-rule-dropout
INFO:root:Evaluating the model on train data.
INFO:root:MSEtrain: 0.12047
INFO:root:EnergyScoretrain: 0.0809
INFO:root:Coveragetrain: 0.68233
INFO:root:IntervalWidthtrain: 196.73975
INFO:root:Evaluating the model on validation data.
INFO:root:MSEvalidation: 0.0335
INFO:root:EnergyScorevalidation: 0.0225
INFO:root:Coveragevalidation: 0.18743
INFO:root:IntervalWidthvalidation: 52.66646
INFO:root:Evaluating the model on test data.
INFO:root:MSEtest: 0.28424
INFO:root:EnergyScoretest: 0.24301
INFO:root:Coveragetest: 0.02742
INFO:root:IntervalWidthtest: 107.46088
