INFO:root:Starting the logger.
INFO:root:Using cuda.
INFO:root:: mem (CPU python)=579.38671875MB; mem (CPU total)=1033.46484375MB
INFO:root:############### Starting experiment with config file era5/fno_timing.ini ###############
INFO:root:###1 out of 1 data set parameter combinations ###
INFO:root:Data parameters: {'dataset_name': 'era5', 'max_training_set_size': 20000, 'init_steps': 10, 'pred_horizon': 10}
INFO:root:After loading the datasets: mem (CPU python)=5498.73828125MB; mem (CPU total)=1067.13671875MB
INFO:root:###1 out of 3 training parameter combinations ###
INFO:root:Training parameters: {'seed': 1, 'model': 'FNO', 'uncertainty_quantification': 'laplace', 'batch_size': 16, 'n_epochs': 2, 'early_stopping': 10, 'init': 'default', 'learning_rate': 0.005, 'lr_schedule': 'step', 'optimizer': 'adam', 'gradient_clipping': 1, 'layer_normalization': True, 'data_loader_pin_memory': False, 'data_loader_num_workers': 0, 'distributed_training': False, 'alpha': 0.05, 'n_samples_uq': 100, 'weight_decay': 0, 'dropout': 0.05, 'fourier_dropout': None, 'hidden_channels': 20, 'projection_channels': 128, 'lifting_channels': 128, 'n_modes': (10, 12, 12), 'n_samples': 3}
INFO:root:After creating the dataloaders: mem (CPU python)=5498.73828125MB; mem (CPU total)=1066.59765625MB
INFO:root:NumberParameters: 2695717
INFO:root:GPU memory allocated: 23068672
INFO:root:After setting up the model: mem (CPU python)=5498.73828125MB; mem (CPU total)=2429.36328125MB
INFO:root:Training starts now.
INFO:root:At the start of the epoch: mem (CPU python)=5498.73828125MB; mem (CPU total)=2437.796875MB
INFO:root:[    1] Training loss: 0.03220735, Validation loss: 0.02532497, Gradient norm: 0.16860592
INFO:root:At the start of the epoch: mem (CPU python)=5498.73828125MB; mem (CPU total)=3737.69921875MB
INFO:root:[    2] Training loss: 0.02626809, Validation loss: 0.02557492, Gradient norm: 0.13953248
INFO:root:After finishing all epochs: mem (CPU python)=5498.73828125MB; mem (CPU total)=3797.1015625MB
INFO:root:Training the model took 1003.163s.
INFO:root:Emptying the cuda cache took 0.051s.
INFO:root:Starting evaluation: model FNO & uncertainty quantification laplace
