INFO:root:Starting the logger.
INFO:root:Using cuda.
INFO:root:: mem (CPU python)=580.359375MB; mem (CPU total)=1033.12890625MB
INFO:root:############### Starting experiment with config file era5/fno_laplace2.ini ###############
INFO:root:###1 out of 1 data set parameter combinations ###
INFO:root:Data parameters: {'dataset_name': 'era5', 'max_training_set_size': 20000, 'init_steps': 10, 'pred_horizon': 10}
INFO:root:After loading the datasets: mem (CPU python)=5499.05859375MB; mem (CPU total)=1041.76171875MB
INFO:root:###1 out of 2 training parameter combinations ###
INFO:root:Training parameters: {'seed': 1234567, 'model': 'FNO', 'uncertainty_quantification': 'laplace', 'batch_size': 16, 'n_epochs': 1000, 'early_stopping': 10, 'init': 'default', 'learning_rate': 0.005, 'lr_schedule': 'step', 'optimizer': 'adam', 'gradient_clipping': 1, 'layer_normalization': True, 'data_loader_pin_memory': False, 'data_loader_num_workers': 0, 'distributed_training': False, 'alpha': 0.05, 'n_samples_uq': 100, 'weight_decay': 0, 'dropout': 0.01, 'fourier_dropout': None, 'hidden_channels': 20, 'projection_channels': 128, 'lifting_channels': 128, 'n_modes': (10, 12, 12), 'n_samples': 3, 'filename_to_validate': 'results/optimal_hp_multiple_seeds/era5/fno/20240914_121556_era5_fno_laplace2/Datetime_20240914_121607_Loss_era5_FNO_laplace_dropout_0.01.pt'}
INFO:root:After creating the dataloaders: mem (CPU python)=5499.05859375MB; mem (CPU total)=1041.76171875MB
INFO:root:Starting evaluation: model FNO & uncertainty quantification laplace
INFO:root:Evaluating the model on Validation data.
INFO:root:MSEValidation: 0.01448
INFO:root:EnergyScoreValidation: 0.01077
INFO:root:CRPSValidation: 0.01166
INFO:root:Gaussian NLLValidation: -1.99102
INFO:root:CoverageValidation: 0.81846
INFO:root:IntervalWidthValidation: 0.06052
INFO:root:Evaluating the model on Test data.
INFO:root:MSETest: 0.02521
INFO:root:EnergyScoreTest: 0.02011
INFO:root:CRPSTest: 0.02138
INFO:root:Gaussian NLLTest: 0.68065
INFO:root:CoverageTest: 0.62157
INFO:root:IntervalWidthTest: 0.05991
INFO:root:After validation: mem (CPU python)=5499.05859375MB; mem (CPU total)=3717.92578125MB
INFO:root:###2 out of 2 training parameter combinations ###
INFO:root:Training parameters: {'seed': 1234567, 'model': 'FNO', 'uncertainty_quantification': 'laplace', 'batch_size': 16, 'n_epochs': 1000, 'early_stopping': 10, 'init': 'default', 'learning_rate': 0.005, 'lr_schedule': 'step', 'optimizer': 'adam', 'gradient_clipping': 1, 'layer_normalization': True, 'data_loader_pin_memory': False, 'data_loader_num_workers': 0, 'distributed_training': False, 'alpha': 0.05, 'n_samples_uq': 100, 'weight_decay': 0, 'dropout': 0.01, 'fourier_dropout': None, 'hidden_channels': 20, 'projection_channels': 128, 'lifting_channels': 128, 'n_modes': (10, 12, 12), 'n_samples': 3, 'filename_to_validate': 'results/optimal_hp_multiple_seeds/era5/fno/20240914_121556_era5_fno_laplace2/Datetime_20240915_085115_Loss_era5_FNO_laplace_dropout_0.01.pt'}
INFO:root:After creating the dataloaders: mem (CPU python)=5499.05859375MB; mem (CPU total)=3685.91796875MB
INFO:root:Starting evaluation: model FNO & uncertainty quantification laplace
INFO:root:Evaluating the model on Validation data.
INFO:root:MSEValidation: 0.01405
INFO:root:EnergyScoreValidation: 0.01041
INFO:root:CRPSValidation: 0.01132
INFO:root:Gaussian NLLValidation: -2.17561
INFO:root:CoverageValidation: 0.86092
INFO:root:IntervalWidthValidation: 0.06958
INFO:root:Evaluating the model on Test data.
INFO:root:MSETest: 0.02511
INFO:root:EnergyScoreTest: 0.01967
INFO:root:CRPSTest: 0.021
INFO:root:Gaussian NLLTest: 0.10566
INFO:root:CoverageTest: 0.671
INFO:root:IntervalWidthTest: 0.06915
INFO:root:After validation: mem (CPU python)=5499.05859375MB; mem (CPU total)=3787.6484375MB
