INFO:root:Starting the logger.
INFO:root:Using cuda.
INFO:root:: mem (CPU python)=581.4609375MB; mem (CPU total)=14831.25390625MB
INFO:root:############### Starting experiment with config file era5/fno_sr_dropout.ini ###############
INFO:root:###1 out of 1 data set parameter combinations ###
INFO:root:Data parameters: {'dataset_name': 'era5', 'max_training_set_size': 20000, 'init_steps': 10, 'pred_horizon': 10}
INFO:root:After loading the datasets: mem (CPU python)=5500.078125MB; mem (CPU total)=14841.8203125MB
INFO:root:###1 out of 1 training parameter combinations ###
INFO:root:Training parameters: {'seed': 1234, 'model': 'FNO', 'uncertainty_quantification': 'scoring-rule-dropout', 'batch_size': 8, 'n_epochs': 1000, 'early_stopping': 10, 'init': 'default', 'learning_rate': 0.005, 'lr_schedule': 'step', 'optimizer': 'adam', 'gradient_clipping': 1, 'layer_normalization': True, 'data_loader_pin_memory': False, 'data_loader_num_workers': 0, 'distributed_training': False, 'alpha': 0.05, 'n_samples_uq': 100, 'weight_decay': 0, 'dropout': 0.2, 'fourier_dropout': None, 'hidden_channels': 20, 'projection_channels': 128, 'lifting_channels': 128, 'n_modes': (10, 12, 12), 'n_samples': 3}
INFO:root:After creating the dataloaders: mem (CPU python)=5500.078125MB; mem (CPU total)=14841.8203125MB
INFO:root:NumberParameters: 2695717
INFO:root:GPU memory allocated: 23068672
INFO:root:After setting up the model: mem (CPU python)=5500.078125MB; mem (CPU total)=16183.83203125MB
INFO:root:Training starts now.
INFO:root:At the start of the epoch: mem (CPU python)=5500.078125MB; mem (CPU total)=16192.9375MB
INFO:root:[    1] Training loss: 0.02206923, Validation loss: 0.01861490, Gradient norm: 0.15696137
INFO:root:At the start of the epoch: mem (CPU python)=5500.078125MB; mem (CPU total)=17627.09765625MB
INFO:root:[    2] Training loss: 0.01845406, Validation loss: 0.01784935, Gradient norm: 0.11752598
INFO:root:At the start of the epoch: mem (CPU python)=5500.078125MB; mem (CPU total)=17868.6953125MB
INFO:root:[    3] Training loss: 0.01775770, Validation loss: 0.01861084, Gradient norm: 0.10997977
INFO:root:At the start of the epoch: mem (CPU python)=5500.078125MB; mem (CPU total)=18101.80078125MB
INFO:root:[    4] Training loss: 0.01727555, Validation loss: 0.01690937, Gradient norm: 0.10677170
INFO:root:At the start of the epoch: mem (CPU python)=5500.078125MB; mem (CPU total)=18321.72265625MB
INFO:root:[    5] Training loss: 0.01661843, Validation loss: 0.01697214, Gradient norm: 0.09355482
INFO:root:At the start of the epoch: mem (CPU python)=5500.078125MB; mem (CPU total)=18542.01171875MB
INFO:root:[    6] Training loss: 0.01617650, Validation loss: 0.01606476, Gradient norm: 0.09139532
INFO:root:At the start of the epoch: mem (CPU python)=5500.078125MB; mem (CPU total)=18761.55859375MB
INFO:root:[    7] Training loss: 0.01574352, Validation loss: 0.01740992, Gradient norm: 0.09076152
INFO:root:At the start of the epoch: mem (CPU python)=5500.078125MB; mem (CPU total)=18977.19921875MB
INFO:root:[    8] Training loss: 0.01545550, Validation loss: 0.01587451, Gradient norm: 0.08984066
INFO:root:At the start of the epoch: mem (CPU python)=5500.078125MB; mem (CPU total)=19198.21484375MB
INFO:root:[    9] Training loss: 0.01510539, Validation loss: 0.01570624, Gradient norm: 0.08951104
INFO:root:At the start of the epoch: mem (CPU python)=5500.078125MB; mem (CPU total)=19404.2265625MB
INFO:root:[   10] Training loss: 0.01485023, Validation loss: 0.01597498, Gradient norm: 0.09023360
INFO:root:At the start of the epoch: mem (CPU python)=5500.078125MB; mem (CPU total)=19638.171875MB
INFO:root:[   11] Training loss: 0.01463641, Validation loss: 0.01508194, Gradient norm: 0.09045591
INFO:root:At the start of the epoch: mem (CPU python)=5500.078125MB; mem (CPU total)=19800.10546875MB
INFO:root:[   12] Training loss: 0.01437670, Validation loss: 0.01531924, Gradient norm: 0.08565026
INFO:root:At the start of the epoch: mem (CPU python)=5500.078125MB; mem (CPU total)=20070.27734375MB
INFO:root:[   13] Training loss: 0.01423845, Validation loss: 0.01465181, Gradient norm: 0.08577140
INFO:root:At the start of the epoch: mem (CPU python)=5500.078125MB; mem (CPU total)=20290.76953125MB
INFO:root:[   14] Training loss: 0.01401948, Validation loss: 0.01438177, Gradient norm: 0.08392251
INFO:root:At the start of the epoch: mem (CPU python)=5500.078125MB; mem (CPU total)=20510.12890625MB
INFO:root:[   15] Training loss: 0.01391533, Validation loss: 0.01438350, Gradient norm: 0.08633564
INFO:root:At the start of the epoch: mem (CPU python)=5500.078125MB; mem (CPU total)=20696.56640625MB
INFO:root:[   16] Training loss: 0.01373395, Validation loss: 0.01446519, Gradient norm: 0.08115089
INFO:root:At the start of the epoch: mem (CPU python)=5500.078125MB; mem (CPU total)=20927.77734375MB
INFO:root:[   17] Training loss: 0.01359636, Validation loss: 0.01431367, Gradient norm: 0.07958425
INFO:root:At the start of the epoch: mem (CPU python)=5500.078125MB; mem (CPU total)=21160.15234375MB
INFO:root:[   18] Training loss: 0.01359530, Validation loss: 0.01507383, Gradient norm: 0.08424627
INFO:root:At the start of the epoch: mem (CPU python)=5500.078125MB; mem (CPU total)=21402.09375MB
INFO:root:[   19] Training loss: 0.01345340, Validation loss: 0.01387460, Gradient norm: 0.07971616
INFO:root:At the start of the epoch: mem (CPU python)=5500.078125MB; mem (CPU total)=21603.125MB
INFO:root:[   20] Training loss: 0.01335527, Validation loss: 0.01382919, Gradient norm: 0.08009771
INFO:root:At the start of the epoch: mem (CPU python)=5500.078125MB; mem (CPU total)=21807.671875MB
INFO:root:[   21] Training loss: 0.01326494, Validation loss: 0.01419801, Gradient norm: 0.07686593
INFO:root:At the start of the epoch: mem (CPU python)=5500.078125MB; mem (CPU total)=22043.03515625MB
INFO:root:[   22] Training loss: 0.01321892, Validation loss: 0.01387572, Gradient norm: 0.08058935
INFO:root:At the start of the epoch: mem (CPU python)=5500.078125MB; mem (CPU total)=22255.46484375MB
INFO:root:[   23] Training loss: 0.01317742, Validation loss: 0.01435962, Gradient norm: 0.08285675
INFO:root:At the start of the epoch: mem (CPU python)=5500.078125MB; mem (CPU total)=22467.87890625MB
INFO:root:[   24] Training loss: 0.01308357, Validation loss: 0.01357816, Gradient norm: 0.07960971
INFO:root:At the start of the epoch: mem (CPU python)=5500.078125MB; mem (CPU total)=22681.40234375MB
INFO:root:[   25] Training loss: 0.01304008, Validation loss: 0.01397724, Gradient norm: 0.07812554
INFO:root:At the start of the epoch: mem (CPU python)=5500.078125MB; mem (CPU total)=22920.28125MB
INFO:root:[   26] Training loss: 0.01293777, Validation loss: 0.01369188, Gradient norm: 0.07586952
INFO:root:At the start of the epoch: mem (CPU python)=5500.078125MB; mem (CPU total)=23131.16015625MB
INFO:root:[   27] Training loss: 0.01292646, Validation loss: 0.01358648, Gradient norm: 0.07739180
INFO:root:At the start of the epoch: mem (CPU python)=5500.078125MB; mem (CPU total)=23352.8203125MB
INFO:root:[   28] Training loss: 0.01282517, Validation loss: 0.01340018, Gradient norm: 0.07630060
INFO:root:At the start of the epoch: mem (CPU python)=5548.73046875MB; mem (CPU total)=23567.69140625MB
INFO:root:[   29] Training loss: 0.01281448, Validation loss: 0.01347230, Gradient norm: 0.07525751
INFO:root:At the start of the epoch: mem (CPU python)=5610.9140625MB; mem (CPU total)=23792.19140625MB
INFO:root:[   30] Training loss: 0.01275960, Validation loss: 0.01341309, Gradient norm: 0.07282444
INFO:root:At the start of the epoch: mem (CPU python)=5672.51171875MB; mem (CPU total)=24007.05859375MB
INFO:root:[   31] Training loss: 0.01271171, Validation loss: 0.01336771, Gradient norm: 0.07507165
INFO:root:At the start of the epoch: mem (CPU python)=5734.52734375MB; mem (CPU total)=24172.8828125MB
INFO:root:[   32] Training loss: 0.01268754, Validation loss: 0.01336370, Gradient norm: 0.07601320
INFO:root:At the start of the epoch: mem (CPU python)=5796.39453125MB; mem (CPU total)=24439.46875MB
INFO:root:[   33] Training loss: 0.01266282, Validation loss: 0.01321717, Gradient norm: 0.07642664
INFO:root:At the start of the epoch: mem (CPU python)=5858.109375MB; mem (CPU total)=24645.6640625MB
INFO:root:[   34] Training loss: 0.01260505, Validation loss: 0.01347709, Gradient norm: 0.07503661
INFO:root:At the start of the epoch: mem (CPU python)=5919.91796875MB; mem (CPU total)=24874.7421875MB
INFO:root:[   35] Training loss: 0.01259892, Validation loss: 0.01343407, Gradient norm: 0.07652056
INFO:root:At the start of the epoch: mem (CPU python)=5981.625MB; mem (CPU total)=25092.640625MB
INFO:root:[   36] Training loss: 0.01255941, Validation loss: 0.01337498, Gradient norm: 0.07565863
INFO:root:At the start of the epoch: mem (CPU python)=6043.078125MB; mem (CPU total)=25311.1015625MB
INFO:root:[   37] Training loss: 0.01250776, Validation loss: 0.01314598, Gradient norm: 0.07549989
INFO:root:At the start of the epoch: mem (CPU python)=6104.88671875MB; mem (CPU total)=25521.3359375MB
INFO:root:[   38] Training loss: 0.01249421, Validation loss: 0.01339235, Gradient norm: 0.07659847
INFO:root:At the start of the epoch: mem (CPU python)=6166.66796875MB; mem (CPU total)=25750.625MB
INFO:root:[   39] Training loss: 0.01244013, Validation loss: 0.01320528, Gradient norm: 0.07262314
INFO:root:At the start of the epoch: mem (CPU python)=6228.56640625MB; mem (CPU total)=25966.86328125MB
INFO:root:[   40] Training loss: 0.01240030, Validation loss: 0.01310623, Gradient norm: 0.07287225
INFO:root:At the start of the epoch: mem (CPU python)=6290.40625MB; mem (CPU total)=26188.3125MB
INFO:root:[   41] Training loss: 0.01240195, Validation loss: 0.01306227, Gradient norm: 0.07242423
INFO:root:At the start of the epoch: mem (CPU python)=6353.50390625MB; mem (CPU total)=26402.171875MB
INFO:root:[   42] Training loss: 0.01236232, Validation loss: 0.01309394, Gradient norm: 0.07267031
INFO:root:At the start of the epoch: mem (CPU python)=6415.23828125MB; mem (CPU total)=26624.03125MB
INFO:root:[   43] Training loss: 0.01238975, Validation loss: 0.01317325, Gradient norm: 0.07525357
INFO:root:At the start of the epoch: mem (CPU python)=6476.9296875MB; mem (CPU total)=26838.1171875MB
INFO:root:[   44] Training loss: 0.01230876, Validation loss: 0.01314829, Gradient norm: 0.07166573
INFO:root:At the start of the epoch: mem (CPU python)=6538.44140625MB; mem (CPU total)=27122.08984375MB
INFO:root:[   45] Training loss: 0.01231448, Validation loss: 0.01324145, Gradient norm: 0.07674993
INFO:root:At the start of the epoch: mem (CPU python)=6600.01953125MB; mem (CPU total)=27275.625MB
INFO:root:[   46] Training loss: 0.01230402, Validation loss: 0.01338951, Gradient norm: 0.07472954
INFO:root:At the start of the epoch: mem (CPU python)=6662.05859375MB; mem (CPU total)=27490.40234375MB
INFO:root:[   47] Training loss: 0.01221800, Validation loss: 0.01304430, Gradient norm: 0.07349099
INFO:root:At the start of the epoch: mem (CPU python)=6723.83984375MB; mem (CPU total)=27706.02734375MB
INFO:root:[   48] Training loss: 0.01220811, Validation loss: 0.01315178, Gradient norm: 0.07175660
INFO:root:At the start of the epoch: mem (CPU python)=6785.7109375MB; mem (CPU total)=27926.31640625MB
INFO:root:[   49] Training loss: 0.01219277, Validation loss: 0.01278032, Gradient norm: 0.07092510
INFO:root:At the start of the epoch: mem (CPU python)=6847.5546875MB; mem (CPU total)=28139.9296875MB
INFO:root:[   50] Training loss: 0.01219242, Validation loss: 0.01304888, Gradient norm: 0.07196948
INFO:root:At the start of the epoch: mem (CPU python)=6909.25MB; mem (CPU total)=28330.88671875MB
INFO:root:[   51] Training loss: 0.01214560, Validation loss: 0.01280453, Gradient norm: 0.07016719
INFO:root:At the start of the epoch: mem (CPU python)=6971.11328125MB; mem (CPU total)=28545.31640625MB
INFO:root:[   52] Training loss: 0.01213168, Validation loss: 0.01291317, Gradient norm: 0.07166517
INFO:root:At the start of the epoch: mem (CPU python)=7032.49609375MB; mem (CPU total)=28791.63671875MB
INFO:root:[   53] Training loss: 0.01210679, Validation loss: 0.01310508, Gradient norm: 0.07308437
INFO:root:At the start of the epoch: mem (CPU python)=7094.21875MB; mem (CPU total)=29009.9140625MB
INFO:root:[   54] Training loss: 0.01209390, Validation loss: 0.01300774, Gradient norm: 0.07353855
INFO:root:At the start of the epoch: mem (CPU python)=7155.9375MB; mem (CPU total)=29228.8046875MB
INFO:root:[   55] Training loss: 0.01211722, Validation loss: 0.01306186, Gradient norm: 0.07428352
INFO:root:At the start of the epoch: mem (CPU python)=7217.91015625MB; mem (CPU total)=29344.97265625MB
INFO:root:[   56] Training loss: 0.01206375, Validation loss: 0.01315219, Gradient norm: 0.07228872
INFO:root:At the start of the epoch: mem (CPU python)=7279.8828125MB; mem (CPU total)=29413.18359375MB
INFO:root:[   57] Training loss: 0.01204231, Validation loss: 0.01279196, Gradient norm: 0.06889639
INFO:root:At the start of the epoch: mem (CPU python)=7341.56640625MB; mem (CPU total)=29479.53125MB
INFO:root:[   58] Training loss: 0.01195579, Validation loss: 0.01303696, Gradient norm: 0.06612528
INFO:root:At the start of the epoch: mem (CPU python)=7403.30078125MB; mem (CPU total)=30088.1875MB
INFO:root:[   59] Training loss: 0.01201245, Validation loss: 0.01323274, Gradient norm: 0.07206179
INFO:root:At the start of the epoch: mem (CPU python)=7465.046875MB; mem (CPU total)=29625.49609375MB
INFO:root:[   60] Training loss: 0.01198665, Validation loss: 0.01352476, Gradient norm: 0.07072095
INFO:root:At the start of the epoch: mem (CPU python)=7526.3984375MB; mem (CPU total)=7497.17578125MB
INFO:root:[   61] Training loss: 0.01197671, Validation loss: 0.01284425, Gradient norm: 0.07236753
INFO:root:At the start of the epoch: mem (CPU python)=7588.29296875MB; mem (CPU total)=7560.015625MB
INFO:root:[   62] Training loss: 0.01198599, Validation loss: 0.01295959, Gradient norm: 0.07662250
INFO:root:At the start of the epoch: mem (CPU python)=7650.09765625MB; mem (CPU total)=7620.7734375MB
INFO:root:[   63] Training loss: 0.01190206, Validation loss: 0.01260008, Gradient norm: 0.06899820
INFO:root:At the start of the epoch: mem (CPU python)=7713.3046875MB; mem (CPU total)=7683.171875MB
INFO:root:[   64] Training loss: 0.01190736, Validation loss: 0.01310265, Gradient norm: 0.07110628
INFO:root:At the start of the epoch: mem (CPU python)=7775.29296875MB; mem (CPU total)=7743.98046875MB
INFO:root:[   65] Training loss: 0.01193935, Validation loss: 0.01267060, Gradient norm: 0.07204425
INFO:root:At the start of the epoch: mem (CPU python)=7837.06640625MB; mem (CPU total)=7805.46484375MB
INFO:root:[   66] Training loss: 0.01189172, Validation loss: 0.01292151, Gradient norm: 0.07005787
INFO:root:At the start of the epoch: mem (CPU python)=7898.75MB; mem (CPU total)=7866.89453125MB
INFO:root:[   67] Training loss: 0.01188222, Validation loss: 0.01322372, Gradient norm: 0.07066512
INFO:root:At the start of the epoch: mem (CPU python)=7960.5859375MB; mem (CPU total)=7927.125MB
INFO:root:[   68] Training loss: 0.01189329, Validation loss: 0.01261596, Gradient norm: 0.07258638
INFO:root:At the start of the epoch: mem (CPU python)=8022.05078125MB; mem (CPU total)=7990.72265625MB
INFO:root:[   69] Training loss: 0.01186610, Validation loss: 0.01245876, Gradient norm: 0.07168771
INFO:root:At the start of the epoch: mem (CPU python)=8083.83203125MB; mem (CPU total)=8051.796875MB
INFO:root:[   70] Training loss: 0.01186123, Validation loss: 0.01248741, Gradient norm: 0.07138291
INFO:root:At the start of the epoch: mem (CPU python)=8145.5546875MB; mem (CPU total)=8114.51953125MB
INFO:root:[   71] Training loss: 0.01184719, Validation loss: 0.01260810, Gradient norm: 0.07083898
INFO:root:At the start of the epoch: mem (CPU python)=8207.31640625MB; mem (CPU total)=8175.4140625MB
INFO:root:[   72] Training loss: 0.01184730, Validation loss: 0.01260796, Gradient norm: 0.07034763
INFO:root:At the start of the epoch: mem (CPU python)=8270.22265625MB; mem (CPU total)=8238.62890625MB
INFO:root:[   73] Training loss: 0.01180836, Validation loss: 0.01242073, Gradient norm: 0.06932404
INFO:root:At the start of the epoch: mem (CPU python)=8332.01171875MB; mem (CPU total)=8298.94921875MB
INFO:root:[   74] Training loss: 0.01175387, Validation loss: 0.01302325, Gradient norm: 0.06865139
INFO:root:At the start of the epoch: mem (CPU python)=8393.76953125MB; mem (CPU total)=8360.83984375MB
INFO:root:[   75] Training loss: 0.01174780, Validation loss: 0.01295032, Gradient norm: 0.06648678
INFO:root:At the start of the epoch: mem (CPU python)=8455.52734375MB; mem (CPU total)=8424.23046875MB
INFO:root:[   76] Training loss: 0.01178083, Validation loss: 0.01241264, Gradient norm: 0.07073144
INFO:root:At the start of the epoch: mem (CPU python)=8516.88671875MB; mem (CPU total)=8483.99609375MB
INFO:root:[   77] Training loss: 0.01173900, Validation loss: 0.01227303, Gradient norm: 0.06874710
INFO:root:At the start of the epoch: mem (CPU python)=8578.76171875MB; mem (CPU total)=8547.234375MB
INFO:root:[   78] Training loss: 0.01172265, Validation loss: 0.01236456, Gradient norm: 0.06670750
INFO:root:At the start of the epoch: mem (CPU python)=8640.40625MB; mem (CPU total)=8607.46875MB
INFO:root:[   79] Training loss: 0.01175994, Validation loss: 0.01283430, Gradient norm: 0.07093999
INFO:root:At the start of the epoch: mem (CPU python)=8702.1796875MB; mem (CPU total)=8669.76171875MB
INFO:root:[   80] Training loss: 0.01171363, Validation loss: 0.01249372, Gradient norm: 0.06720128
INFO:root:At the start of the epoch: mem (CPU python)=8764.2578125MB; mem (CPU total)=8730.16796875MB
INFO:root:[   81] Training loss: 0.01172670, Validation loss: 0.01261793, Gradient norm: 0.06870878
INFO:root:At the start of the epoch: mem (CPU python)=8825.921875MB; mem (CPU total)=8793.93359375MB
INFO:root:[   82] Training loss: 0.01175443, Validation loss: 0.01239757, Gradient norm: 0.07464855
INFO:root:At the start of the epoch: mem (CPU python)=8887.68359375MB; mem (CPU total)=8854.94140625MB
INFO:root:[   83] Training loss: 0.01169206, Validation loss: 0.01261947, Gradient norm: 0.06975094
INFO:root:At the start of the epoch: mem (CPU python)=8949.45703125MB; mem (CPU total)=8916.96484375MB
INFO:root:Learning rate reduced to: 0.0025
INFO:root:[   84] Training loss: 0.01173177, Validation loss: 0.01248759, Gradient norm: 0.07199142
INFO:root:At the start of the epoch: mem (CPU python)=9011.11328125MB; mem (CPU total)=8978.3125MB
INFO:root:Learning rate reduced to: 0.00125
INFO:root:[   85] Training loss: 0.01118415, Validation loss: 0.01196819, Gradient norm: 0.04760368
INFO:root:At the start of the epoch: mem (CPU python)=9072.4296875MB; mem (CPU total)=9043.51171875MB
INFO:root:[   86] Training loss: 0.01092349, Validation loss: 0.01175819, Gradient norm: 0.04478952
INFO:root:At the start of the epoch: mem (CPU python)=9134.5078125MB; mem (CPU total)=9104.390625MB
INFO:root:[   87] Training loss: 0.01087111, Validation loss: 0.01174789, Gradient norm: 0.04319817
INFO:root:At the start of the epoch: mem (CPU python)=9196.25390625MB; mem (CPU total)=9165.51171875MB
INFO:root:[   88] Training loss: 0.01083936, Validation loss: 0.01177501, Gradient norm: 0.04286735
INFO:root:At the start of the epoch: mem (CPU python)=9258.140625MB; mem (CPU total)=9228.390625MB
INFO:root:[   89] Training loss: 0.01082513, Validation loss: 0.01171736, Gradient norm: 0.04345372
INFO:root:At the start of the epoch: mem (CPU python)=9320.0MB; mem (CPU total)=9289.19921875MB
INFO:root:[   90] Training loss: 0.01080912, Validation loss: 0.01167299, Gradient norm: 0.04388762
INFO:root:At the start of the epoch: mem (CPU python)=9381.74609375MB; mem (CPU total)=9351.265625MB
INFO:root:[   91] Training loss: 0.01078380, Validation loss: 0.01167250, Gradient norm: 0.04258106
INFO:root:At the start of the epoch: mem (CPU python)=9443.46484375MB; mem (CPU total)=9412.1640625MB
INFO:root:[   92] Training loss: 0.01078199, Validation loss: 0.01168507, Gradient norm: 0.04479556
INFO:root:At the start of the epoch: mem (CPU python)=9505.16796875MB; mem (CPU total)=12651.87109375MB
INFO:root:[   93] Training loss: 0.01075827, Validation loss: 0.01163938, Gradient norm: 0.04183399
INFO:root:At the start of the epoch: mem (CPU python)=9566.65625MB; mem (CPU total)=12925.578125MB
INFO:root:[   94] Training loss: 0.01074860, Validation loss: 0.01164558, Gradient norm: 0.04255930
INFO:root:At the start of the epoch: mem (CPU python)=9628.45703125MB; mem (CPU total)=13061.75390625MB
INFO:root:[   95] Training loss: 0.01074398, Validation loss: 0.01161713, Gradient norm: 0.04525238
INFO:root:At the start of the epoch: mem (CPU python)=9690.3046875MB; mem (CPU total)=13258.27734375MB
INFO:root:[   96] Training loss: 0.01072543, Validation loss: 0.01163859, Gradient norm: 0.04231981
INFO:root:At the start of the epoch: mem (CPU python)=9752.1484375MB; mem (CPU total)=13456.90625MB
INFO:root:[   97] Training loss: 0.01073171, Validation loss: 0.01174939, Gradient norm: 0.04435577
INFO:root:At the start of the epoch: mem (CPU python)=9813.921875MB; mem (CPU total)=13696.86328125MB
INFO:root:[   98] Training loss: 0.01072968, Validation loss: 0.01167842, Gradient norm: 0.04407176
INFO:root:At the start of the epoch: mem (CPU python)=9875.671875MB; mem (CPU total)=13865.171875MB
INFO:root:[   99] Training loss: 0.01070219, Validation loss: 0.01162487, Gradient norm: 0.04220570
INFO:root:At the start of the epoch: mem (CPU python)=9937.41015625MB; mem (CPU total)=14064.1015625MB
INFO:root:[  100] Training loss: 0.01070176, Validation loss: 0.01158594, Gradient norm: 0.04165666
INFO:root:At the start of the epoch: mem (CPU python)=9999.1015625MB; mem (CPU total)=14271.01171875MB
INFO:root:[  101] Training loss: 0.01069081, Validation loss: 0.01163048, Gradient norm: 0.04402157
INFO:root:At the start of the epoch: mem (CPU python)=10060.61328125MB; mem (CPU total)=14518.80078125MB
INFO:root:[  102] Training loss: 0.01068867, Validation loss: 0.01156882, Gradient norm: 0.04351173
INFO:root:At the start of the epoch: mem (CPU python)=10122.25390625MB; mem (CPU total)=14669.10546875MB
INFO:root:[  103] Training loss: 0.01068361, Validation loss: 0.01159837, Gradient norm: 0.04360671
INFO:root:At the start of the epoch: mem (CPU python)=10184.359375MB; mem (CPU total)=14859.2421875MB
INFO:root:[  104] Training loss: 0.01068068, Validation loss: 0.01152714, Gradient norm: 0.04462545
INFO:root:At the start of the epoch: mem (CPU python)=10246.08984375MB; mem (CPU total)=15117.90625MB
INFO:root:[  105] Training loss: 0.01067155, Validation loss: 0.01177931, Gradient norm: 0.04367867
INFO:root:At the start of the epoch: mem (CPU python)=10307.984375MB; mem (CPU total)=15274.69140625MB
INFO:root:[  106] Training loss: 0.01065511, Validation loss: 0.01166088, Gradient norm: 0.04212049
INFO:root:At the start of the epoch: mem (CPU python)=10369.76953125MB; mem (CPU total)=15556.54296875MB
INFO:root:[  107] Training loss: 0.01066983, Validation loss: 0.01154846, Gradient norm: 0.04673204
INFO:root:At the start of the epoch: mem (CPU python)=10431.53515625MB; mem (CPU total)=15666.28125MB
INFO:root:[  108] Training loss: 0.01066316, Validation loss: 0.01155983, Gradient norm: 0.04662855
INFO:root:At the start of the epoch: mem (CPU python)=10493.0703125MB; mem (CPU total)=15881.79296875MB
INFO:root:[  109] Training loss: 0.01063275, Validation loss: 0.01157426, Gradient norm: 0.04069453
INFO:root:At the start of the epoch: mem (CPU python)=10554.48828125MB; mem (CPU total)=16080.359375MB
INFO:root:[  110] Training loss: 0.01064961, Validation loss: 0.01149776, Gradient norm: 0.04508514
INFO:root:At the start of the epoch: mem (CPU python)=10616.65234375MB; mem (CPU total)=16279.48046875MB
INFO:root:[  111] Training loss: 0.01063739, Validation loss: 0.01151558, Gradient norm: 0.04348232
INFO:root:At the start of the epoch: mem (CPU python)=10678.1953125MB; mem (CPU total)=16543.015625MB
INFO:root:[  112] Training loss: 0.01062662, Validation loss: 0.01155726, Gradient norm: 0.04306227
INFO:root:At the start of the epoch: mem (CPU python)=10740.17578125MB; mem (CPU total)=16682.8828125MB
INFO:root:[  113] Training loss: 0.01062659, Validation loss: 0.01158403, Gradient norm: 0.04432147
INFO:root:At the start of the epoch: mem (CPU python)=10802.0078125MB; mem (CPU total)=16879.20703125MB
INFO:root:[  114] Training loss: 0.01061460, Validation loss: 0.01151433, Gradient norm: 0.04226949
INFO:root:At the start of the epoch: mem (CPU python)=10863.71875MB; mem (CPU total)=17080.8046875MB
INFO:root:[  115] Training loss: 0.01061773, Validation loss: 0.01164260, Gradient norm: 0.04259287
INFO:root:At the start of the epoch: mem (CPU python)=10925.44921875MB; mem (CPU total)=17280.8984375MB
INFO:root:[  116] Training loss: 0.01062160, Validation loss: 0.01164619, Gradient norm: 0.04533592
INFO:root:At the start of the epoch: mem (CPU python)=10987.00390625MB; mem (CPU total)=17485.0546875MB
INFO:root:Learning rate reduced to: 0.000625
INFO:root:[  117] Training loss: 0.01061222, Validation loss: 0.01156131, Gradient norm: 0.04335287
INFO:root:At the start of the epoch: mem (CPU python)=11048.5390625MB; mem (CPU total)=17717.375MB
INFO:root:Learning rate reduced to: 0.0003125
INFO:root:[  118] Training loss: 0.01050394, Validation loss: 0.01144733, Gradient norm: 0.03507721
INFO:root:At the start of the epoch: mem (CPU python)=11110.37890625MB; mem (CPU total)=17918.57421875MB
INFO:root:[  119] Training loss: 0.01043506, Validation loss: 0.01136133, Gradient norm: 0.03196351
INFO:root:At the start of the epoch: mem (CPU python)=11172.328125MB; mem (CPU total)=18135.6171875MB
INFO:root:[  120] Training loss: 0.01038164, Validation loss: 0.01132598, Gradient norm: 0.03099861
INFO:root:At the start of the epoch: mem (CPU python)=11234.09765625MB; mem (CPU total)=18286.13671875MB
INFO:root:[  121] Training loss: 0.01036656, Validation loss: 0.01137391, Gradient norm: 0.03157694
INFO:root:At the start of the epoch: mem (CPU python)=11295.9453125MB; mem (CPU total)=18480.60546875MB
INFO:root:[  122] Training loss: 0.01035823, Validation loss: 0.01130842, Gradient norm: 0.03118658
INFO:root:At the start of the epoch: mem (CPU python)=11357.7421875MB; mem (CPU total)=18682.1015625MB
INFO:root:[  123] Training loss: 0.01036345, Validation loss: 0.01133045, Gradient norm: 0.03331456
INFO:root:At the start of the epoch: mem (CPU python)=11419.6171875MB; mem (CPU total)=18881.1015625MB
INFO:root:[  124] Training loss: 0.01035135, Validation loss: 0.01132801, Gradient norm: 0.03239784
INFO:root:At the start of the epoch: mem (CPU python)=11481.19140625MB; mem (CPU total)=19082.1640625MB
INFO:root:[  125] Training loss: 0.01035657, Validation loss: 0.01129610, Gradient norm: 0.03322036
INFO:root:At the start of the epoch: mem (CPU python)=11542.67578125MB; mem (CPU total)=19284.80859375MB
INFO:root:[  126] Training loss: 0.01034406, Validation loss: 0.01133705, Gradient norm: 0.03192571
INFO:root:At the start of the epoch: mem (CPU python)=11604.546875MB; mem (CPU total)=19483.90234375MB
INFO:root:[  127] Training loss: 0.01034019, Validation loss: 0.01131075, Gradient norm: 0.03238037
INFO:root:At the start of the epoch: mem (CPU python)=11666.3125MB; mem (CPU total)=19682.16015625MB
INFO:root:[  128] Training loss: 0.01033583, Validation loss: 0.01137238, Gradient norm: 0.03195804
INFO:root:At the start of the epoch: mem (CPU python)=11728.19140625MB; mem (CPU total)=19873.15234375MB
INFO:root:[  129] Training loss: 0.01032792, Validation loss: 0.01129760, Gradient norm: 0.03253387
INFO:root:At the start of the epoch: mem (CPU python)=11790.0625MB; mem (CPU total)=20078.04296875MB
INFO:root:[  130] Training loss: 0.01033442, Validation loss: 0.01130862, Gradient norm: 0.03211735
INFO:root:At the start of the epoch: mem (CPU python)=11851.89453125MB; mem (CPU total)=20281.265625MB
INFO:root:[  131] Training loss: 0.01032995, Validation loss: 0.01130457, Gradient norm: 0.03157424
INFO:root:At the start of the epoch: mem (CPU python)=11913.59375MB; mem (CPU total)=20408.27734375MB
INFO:root:Learning rate reduced to: 0.00015625
INFO:root:[  132] Training loss: 0.01032613, Validation loss: 0.01136982, Gradient norm: 0.03196652
INFO:root:At the start of the epoch: mem (CPU python)=11975.3515625MB; mem (CPU total)=20622.984375MB
INFO:root:Learning rate reduced to: 7.8125e-05
INFO:root:[  133] Training loss: 0.01029910, Validation loss: 0.01125016, Gradient norm: 0.02898129
INFO:root:At the start of the epoch: mem (CPU python)=12036.80078125MB; mem (CPU total)=20728.6640625MB
INFO:root:[  134] Training loss: 0.01027809, Validation loss: 0.01124976, Gradient norm: 0.02696454
INFO:root:At the start of the epoch: mem (CPU python)=12098.625MB; mem (CPU total)=20972.36328125MB
INFO:root:[  135] Training loss: 0.01026072, Validation loss: 0.01124578, Gradient norm: 0.02681079
INFO:root:At the start of the epoch: mem (CPU python)=12160.234375MB; mem (CPU total)=21234.31640625MB
INFO:root:[  136] Training loss: 0.01024870, Validation loss: 0.01123663, Gradient norm: 0.02717510
INFO:root:At the start of the epoch: mem (CPU python)=12222.125MB; mem (CPU total)=21368.203125MB
INFO:root:[  137] Training loss: 0.01024277, Validation loss: 0.01122490, Gradient norm: 0.02728221
INFO:root:At the start of the epoch: mem (CPU python)=12284.06640625MB; mem (CPU total)=21611.6484375MB
INFO:root:[  138] Training loss: 0.01023724, Validation loss: 0.01123359, Gradient norm: 0.02719336
INFO:root:At the start of the epoch: mem (CPU python)=12345.9296875MB; mem (CPU total)=21796.99609375MB
INFO:root:[  139] Training loss: 0.01023154, Validation loss: 0.01120442, Gradient norm: 0.02776853
INFO:root:At the start of the epoch: mem (CPU python)=12407.59765625MB; mem (CPU total)=21968.7734375MB
INFO:root:[  140] Training loss: 0.01021531, Validation loss: 0.01122404, Gradient norm: 0.02746138
INFO:root:At the start of the epoch: mem (CPU python)=12469.34765625MB; mem (CPU total)=22168.90234375MB
INFO:root:[  141] Training loss: 0.01021597, Validation loss: 0.01120746, Gradient norm: 0.02684875
INFO:root:At the start of the epoch: mem (CPU python)=12530.89453125MB; mem (CPU total)=22367.1171875MB
INFO:root:[  142] Training loss: 0.01021979, Validation loss: 0.01122846, Gradient norm: 0.02795677
INFO:root:At the start of the epoch: mem (CPU python)=12592.51953125MB; mem (CPU total)=22565.2578125MB
INFO:root:[  143] Training loss: 0.01021518, Validation loss: 0.01120886, Gradient norm: 0.02732516
INFO:root:At the start of the epoch: mem (CPU python)=12654.19921875MB; mem (CPU total)=22768.98828125MB
INFO:root:[  144] Training loss: 0.01021477, Validation loss: 0.01118459, Gradient norm: 0.02749454
INFO:root:At the start of the epoch: mem (CPU python)=12716.1953125MB; mem (CPU total)=22967.9375MB
INFO:root:[  145] Training loss: 0.01021021, Validation loss: 0.01121040, Gradient norm: 0.02747019
INFO:root:At the start of the epoch: mem (CPU python)=12778.140625MB; mem (CPU total)=23164.5390625MB
INFO:root:[  146] Training loss: 0.01020716, Validation loss: 0.01121159, Gradient norm: 0.02718824
INFO:root:At the start of the epoch: mem (CPU python)=12839.8046875MB; mem (CPU total)=23427.89453125MB
INFO:root:[  147] Training loss: 0.01020457, Validation loss: 0.01118834, Gradient norm: 0.02738267
INFO:root:At the start of the epoch: mem (CPU python)=12901.6171875MB; mem (CPU total)=23633.6953125MB
INFO:root:[  148] Training loss: 0.01020482, Validation loss: 0.01120432, Gradient norm: 0.02752664
INFO:root:At the start of the epoch: mem (CPU python)=12963.3671875MB; mem (CPU total)=23765.65234375MB
INFO:root:[  149] Training loss: 0.01020393, Validation loss: 0.01121112, Gradient norm: 0.02750777
INFO:root:At the start of the epoch: mem (CPU python)=13024.796875MB; mem (CPU total)=23964.4140625MB
INFO:root:[  150] Training loss: 0.01019978, Validation loss: 0.01119768, Gradient norm: 0.02669217
INFO:root:At the start of the epoch: mem (CPU python)=13086.42578125MB; mem (CPU total)=24162.4609375MB
INFO:root:[  151] Training loss: 0.01020333, Validation loss: 0.01121890, Gradient norm: 0.02741804
INFO:root:At the start of the epoch: mem (CPU python)=13148.25MB; mem (CPU total)=24358.8046875MB
INFO:root:[  152] Training loss: 0.01020225, Validation loss: 0.01120553, Gradient norm: 0.02794088
INFO:root:At the start of the epoch: mem (CPU python)=13210.12890625MB; mem (CPU total)=24563.90234375MB
INFO:root:[  153] Training loss: 0.01019836, Validation loss: 0.01118415, Gradient norm: 0.02810594
INFO:root:At the start of the epoch: mem (CPU python)=13272.1875MB; mem (CPU total)=24760.73046875MB
INFO:root:[  154] Training loss: 0.01019849, Validation loss: 0.01120596, Gradient norm: 0.02765840
INFO:root:At the start of the epoch: mem (CPU python)=13333.9140625MB; mem (CPU total)=24960.46875MB
INFO:root:[  155] Training loss: 0.01020408, Validation loss: 0.01121800, Gradient norm: 0.02701555
INFO:root:At the start of the epoch: mem (CPU python)=13395.57421875MB; mem (CPU total)=25158.05078125MB
INFO:root:[  156] Training loss: 0.01019846, Validation loss: 0.01120929, Gradient norm: 0.02798698
INFO:root:At the start of the epoch: mem (CPU python)=13457.4296875MB; mem (CPU total)=25363.1875MB
INFO:root:[  157] Training loss: 0.01019149, Validation loss: 0.01121160, Gradient norm: 0.02774023
INFO:root:At the start of the epoch: mem (CPU python)=13519.09375MB; mem (CPU total)=25624.328125MB
INFO:root:[  158] Training loss: 0.01019243, Validation loss: 0.01122277, Gradient norm: 0.02794550
INFO:root:At the start of the epoch: mem (CPU python)=13580.546875MB; mem (CPU total)=25780.296875MB
INFO:root:[  159] Training loss: 0.01019372, Validation loss: 0.01118341, Gradient norm: 0.02823128
INFO:root:At the start of the epoch: mem (CPU python)=13642.4296875MB; mem (CPU total)=26018.7890625MB
INFO:root:[  160] Training loss: 0.01019521, Validation loss: 0.01119870, Gradient norm: 0.02730816
INFO:root:At the start of the epoch: mem (CPU python)=13704.21484375MB; mem (CPU total)=26221.0390625MB
INFO:root:[  161] Training loss: 0.01018898, Validation loss: 0.01121172, Gradient norm: 0.02774726
INFO:root:At the start of the epoch: mem (CPU python)=13766.1875MB; mem (CPU total)=26360.0625MB
INFO:root:[  162] Training loss: 0.01018690, Validation loss: 0.01118577, Gradient norm: 0.02781517
INFO:root:At the start of the epoch: mem (CPU python)=13827.9140625MB; mem (CPU total)=26617.625MB
INFO:root:[  163] Training loss: 0.01019254, Validation loss: 0.01117685, Gradient norm: 0.02795740
INFO:root:At the start of the epoch: mem (CPU python)=13889.76953125MB; mem (CPU total)=26754.13671875MB
INFO:root:[  164] Training loss: 0.01018578, Validation loss: 0.01121406, Gradient norm: 0.02772013
INFO:root:At the start of the epoch: mem (CPU python)=13951.34765625MB; mem (CPU total)=27017.30859375MB
INFO:root:[  165] Training loss: 0.01018876, Validation loss: 0.01120628, Gradient norm: 0.02738045
INFO:root:At the start of the epoch: mem (CPU python)=14013.0234375MB; mem (CPU total)=27227.78515625MB
INFO:root:[  166] Training loss: 0.01018837, Validation loss: 0.01119975, Gradient norm: 0.02798213
INFO:root:At the start of the epoch: mem (CPU python)=14074.6953125MB; mem (CPU total)=27352.9765625MB
INFO:root:[  167] Training loss: 0.01018472, Validation loss: 0.01117798, Gradient norm: 0.02700563
INFO:root:At the start of the epoch: mem (CPU python)=14136.3359375MB; mem (CPU total)=27616.17578125MB
INFO:root:[  168] Training loss: 0.01019052, Validation loss: 0.01117923, Gradient norm: 0.02771528
INFO:root:At the start of the epoch: mem (CPU python)=14198.140625MB; mem (CPU total)=27782.83203125MB
INFO:root:[  169] Training loss: 0.01019448, Validation loss: 0.01115905, Gradient norm: 0.02831802
INFO:root:At the start of the epoch: mem (CPU python)=14260.203125MB; mem (CPU total)=27952.74609375MB
INFO:root:[  170] Training loss: 0.01018837, Validation loss: 0.01117769, Gradient norm: 0.02769314
INFO:root:At the start of the epoch: mem (CPU python)=14321.92578125MB; mem (CPU total)=28150.6484375MB
INFO:root:[  171] Training loss: 0.01018575, Validation loss: 0.01118182, Gradient norm: 0.02822797
INFO:root:At the start of the epoch: mem (CPU python)=14383.81640625MB; mem (CPU total)=28355.47265625MB
INFO:root:[  172] Training loss: 0.01018330, Validation loss: 0.01117874, Gradient norm: 0.02796132
INFO:root:At the start of the epoch: mem (CPU python)=14445.44140625MB; mem (CPU total)=28545.5703125MB
INFO:root:[  173] Training loss: 0.01018120, Validation loss: 0.01117833, Gradient norm: 0.02777010
INFO:root:At the start of the epoch: mem (CPU python)=14506.7421875MB; mem (CPU total)=28744.421875MB
INFO:root:[  174] Training loss: 0.01017948, Validation loss: 0.01117738, Gradient norm: 0.02770455
INFO:root:At the start of the epoch: mem (CPU python)=14568.6328125MB; mem (CPU total)=29005.36328125MB
INFO:root:[  175] Training loss: 0.01018214, Validation loss: 0.01117745, Gradient norm: 0.02833575
INFO:root:At the start of the epoch: mem (CPU python)=14630.39453125MB; mem (CPU total)=29206.7421875MB
INFO:root:[  176] Training loss: 0.01017890, Validation loss: 0.01119266, Gradient norm: 0.02760824
INFO:root:At the start of the epoch: mem (CPU python)=14692.07421875MB; mem (CPU total)=29339.31640625MB
INFO:root:[  177] Training loss: 0.01018322, Validation loss: 0.01115515, Gradient norm: 0.02793260
INFO:root:At the start of the epoch: mem (CPU python)=14754.1015625MB; mem (CPU total)=29536.90625MB
INFO:root:[  178] Training loss: 0.01017975, Validation loss: 0.01117824, Gradient norm: 0.02773293
INFO:root:At the start of the epoch: mem (CPU python)=14815.9375MB; mem (CPU total)=29735.01171875MB
INFO:root:[  179] Training loss: 0.01018173, Validation loss: 0.01115105, Gradient norm: 0.02753726
INFO:root:At the start of the epoch: mem (CPU python)=14877.703125MB; mem (CPU total)=29969.73046875MB
INFO:root:[  180] Training loss: 0.01018426, Validation loss: 0.01119759, Gradient norm: 0.02803734
INFO:root:At the start of the epoch: mem (CPU python)=14939.53515625MB; mem (CPU total)=30557.05859375MB
INFO:root:[  181] Training loss: 0.01017823, Validation loss: 0.01118474, Gradient norm: 0.02755892
INFO:root:At the start of the epoch: mem (CPU python)=15001.31640625MB; mem (CPU total)=14982.1640625MB
INFO:root:[  182] Training loss: 0.01017939, Validation loss: 0.01118332, Gradient norm: 0.02759858
INFO:root:At the start of the epoch: mem (CPU python)=15062.5234375MB; mem (CPU total)=15045.6328125MB
INFO:root:[  183] Training loss: 0.01017396, Validation loss: 0.01118072, Gradient norm: 0.02822152
INFO:root:At the start of the epoch: mem (CPU python)=15124.3828125MB; mem (CPU total)=15107.09375MB
INFO:root:[  184] Training loss: 0.01017585, Validation loss: 0.01115441, Gradient norm: 0.02863178
INFO:root:At the start of the epoch: mem (CPU python)=15186.2109375MB; mem (CPU total)=15169.109375MB
INFO:root:[  185] Training loss: 0.01018177, Validation loss: 0.01118534, Gradient norm: 0.02744257
INFO:root:At the start of the epoch: mem (CPU python)=15248.15234375MB; mem (CPU total)=15230.83203125MB
INFO:root:[  186] Training loss: 0.01017849, Validation loss: 0.01118756, Gradient norm: 0.02790832
INFO:root:At the start of the epoch: mem (CPU python)=15309.9765625MB; mem (CPU total)=15292.65234375MB
INFO:root:[  187] Training loss: 0.01017658, Validation loss: 0.01116103, Gradient norm: 0.02839781
INFO:root:At the start of the epoch: mem (CPU python)=15371.7578125MB; mem (CPU total)=15354.1953125MB
INFO:root:[  188] Training loss: 0.01017485, Validation loss: 0.01120318, Gradient norm: 0.02905925
INFO:root:At the start of the epoch: mem (CPU python)=15433.44140625MB; mem (CPU total)=15414.87109375MB
INFO:root:EP 188: Early stopping
INFO:root:After finishing all epochs: mem (CPU python)=15495.0859375MB; mem (CPU total)=15477.33203125MB
INFO:root:Training the model took 231917.545s.
INFO:root:Emptying the cuda cache took 0.082s.
INFO:root:Starting evaluation: model FNO & uncertainty quantification scoring-rule-dropout
INFO:root:Evaluating the model on Validation data.
INFO:root:MSEValidation: 0.0157
INFO:root:EnergyScoreValidation: 0.01116
INFO:root:CRPSValidation: 0.01221
INFO:root:Gaussian NLLValidation: -2.42633
INFO:root:CoverageValidation: 0.96676
INFO:root:IntervalWidthValidation: 0.09946
INFO:root:Evaluating the model on Test data.
INFO:root:MSETest: 0.02422
INFO:root:EnergyScoreTest: 0.01736
INFO:root:CRPSTest: 0.0187
INFO:root:Gaussian NLLTest: -1.96261
INFO:root:CoverageTest: 0.86279
INFO:root:IntervalWidthTest: 0.09759
INFO:root:After validation: mem (CPU python)=15495.0859375MB; mem (CPU total)=15500.06640625MB
