INFO:root:Starting the logger.
INFO:root:Using cuda.
INFO:root:: mem (CPU python)=580.078125MB; mem (CPU total)=14769.5234375MB
INFO:root:############### Starting experiment with config file era5/fno_dropout2.ini ###############
INFO:root:###1 out of 1 data set parameter combinations ###
INFO:root:Data parameters: {'dataset_name': 'era5', 'max_training_set_size': 20000, 'init_steps': 10, 'pred_horizon': 10}
INFO:root:After loading the datasets: mem (CPU python)=5499.48828125MB; mem (CPU total)=14784.4140625MB
INFO:root:###1 out of 2 training parameter combinations ###
INFO:root:Training parameters: {'seed': 123, 'model': 'FNO', 'uncertainty_quantification': 'dropout', 'batch_size': 16, 'n_epochs': 1000, 'early_stopping': 10, 'init': 'default', 'learning_rate': 0.005, 'lr_schedule': 'step', 'optimizer': 'adam', 'gradient_clipping': 1, 'layer_normalization': True, 'data_loader_pin_memory': False, 'data_loader_num_workers': 0, 'distributed_training': False, 'alpha': 0.05, 'n_samples_uq': 100, 'weight_decay': 0, 'dropout': 0.05, 'fourier_dropout': None, 'hidden_channels': 20, 'projection_channels': 128, 'lifting_channels': 128, 'n_modes': (10, 12, 12), 'n_samples': 3}
INFO:root:After creating the dataloaders: mem (CPU python)=5499.48828125MB; mem (CPU total)=14784.4140625MB
INFO:root:NumberParameters: 2695717
INFO:root:GPU memory allocated: 23068672
INFO:root:After setting up the model: mem (CPU python)=5499.48828125MB; mem (CPU total)=16125.04296875MB
INFO:root:Training starts now.
INFO:root:At the start of the epoch: mem (CPU python)=5499.48828125MB; mem (CPU total)=16133.65625MB
INFO:root:[    1] Training loss: 0.03186316, Validation loss: 0.02610462, Gradient norm: 0.16113356
INFO:root:At the start of the epoch: mem (CPU python)=5499.48828125MB; mem (CPU total)=17468.40625MB
INFO:root:[    2] Training loss: 0.02616578, Validation loss: 0.02638622, Gradient norm: 0.13338901
INFO:root:At the start of the epoch: mem (CPU python)=5499.48828125MB; mem (CPU total)=17615.65625MB
INFO:root:[    3] Training loss: 0.02522522, Validation loss: 0.02689038, Gradient norm: 0.13350452
INFO:root:At the start of the epoch: mem (CPU python)=5499.48828125MB; mem (CPU total)=17744.4609375MB
INFO:root:[    4] Training loss: 0.02430244, Validation loss: 0.02395731, Gradient norm: 0.12236738
INFO:root:At the start of the epoch: mem (CPU python)=5499.48828125MB; mem (CPU total)=17892.7421875MB
INFO:root:[    5] Training loss: 0.02381702, Validation loss: 0.02369128, Gradient norm: 0.12925814
INFO:root:At the start of the epoch: mem (CPU python)=5499.48828125MB; mem (CPU total)=17989.56640625MB
INFO:root:[    6] Training loss: 0.02287187, Validation loss: 0.02272898, Gradient norm: 0.11224052
INFO:root:At the start of the epoch: mem (CPU python)=5499.48828125MB; mem (CPU total)=18112.53515625MB
INFO:root:[    7] Training loss: 0.02236041, Validation loss: 0.02239456, Gradient norm: 0.11939109
INFO:root:At the start of the epoch: mem (CPU python)=5499.48828125MB; mem (CPU total)=18235.984375MB
INFO:root:[    8] Training loss: 0.02166210, Validation loss: 0.02187768, Gradient norm: 0.11742588
INFO:root:At the start of the epoch: mem (CPU python)=5499.48828125MB; mem (CPU total)=18360.3515625MB
INFO:root:[    9] Training loss: 0.02122344, Validation loss: 0.02242735, Gradient norm: 0.12320419
INFO:root:At the start of the epoch: mem (CPU python)=5499.48828125MB; mem (CPU total)=18482.9609375MB
INFO:root:[   10] Training loss: 0.02078254, Validation loss: 0.02204702, Gradient norm: 0.11717190
INFO:root:At the start of the epoch: mem (CPU python)=5499.48828125MB; mem (CPU total)=18613.88671875MB
INFO:root:[   11] Training loss: 0.02040245, Validation loss: 0.02259503, Gradient norm: 0.11067094
INFO:root:At the start of the epoch: mem (CPU python)=5499.48828125MB; mem (CPU total)=18732.66015625MB
INFO:root:[   12] Training loss: 0.02013568, Validation loss: 0.02091191, Gradient norm: 0.11700500
INFO:root:At the start of the epoch: mem (CPU python)=5499.48828125MB; mem (CPU total)=18855.26953125MB
INFO:root:[   13] Training loss: 0.01990745, Validation loss: 0.02104123, Gradient norm: 0.11552239
INFO:root:At the start of the epoch: mem (CPU python)=5499.48828125MB; mem (CPU total)=18980.14453125MB
INFO:root:[   14] Training loss: 0.01962256, Validation loss: 0.02042830, Gradient norm: 0.11210475
INFO:root:At the start of the epoch: mem (CPU python)=5499.48828125MB; mem (CPU total)=19105.25390625MB
INFO:root:[   15] Training loss: 0.01944470, Validation loss: 0.02073617, Gradient norm: 0.10725337
INFO:root:At the start of the epoch: mem (CPU python)=5499.48828125MB; mem (CPU total)=19227.82421875MB
INFO:root:[   16] Training loss: 0.01937118, Validation loss: 0.02165907, Gradient norm: 0.11133755
INFO:root:At the start of the epoch: mem (CPU python)=5499.48828125MB; mem (CPU total)=19351.96875MB
INFO:root:[   17] Training loss: 0.01914103, Validation loss: 0.02015687, Gradient norm: 0.11262000
INFO:root:At the start of the epoch: mem (CPU python)=5499.48828125MB; mem (CPU total)=19475.06640625MB
INFO:root:[   18] Training loss: 0.01892556, Validation loss: 0.02046476, Gradient norm: 0.10275240
INFO:root:At the start of the epoch: mem (CPU python)=5499.48828125MB; mem (CPU total)=19600.359375MB
INFO:root:[   19] Training loss: 0.01879162, Validation loss: 0.01989781, Gradient norm: 0.10378589
INFO:root:At the start of the epoch: mem (CPU python)=5499.48828125MB; mem (CPU total)=19723.21484375MB
INFO:root:[   20] Training loss: 0.01878088, Validation loss: 0.02002357, Gradient norm: 0.11321736
INFO:root:At the start of the epoch: mem (CPU python)=5499.48828125MB; mem (CPU total)=19848.6640625MB
INFO:root:[   21] Training loss: 0.01848528, Validation loss: 0.01961335, Gradient norm: 0.09590004
INFO:root:At the start of the epoch: mem (CPU python)=5499.48828125MB; mem (CPU total)=19970.19140625MB
INFO:root:[   22] Training loss: 0.01838766, Validation loss: 0.01970968, Gradient norm: 0.10070559
INFO:root:At the start of the epoch: mem (CPU python)=5499.48828125MB; mem (CPU total)=20163.12109375MB
INFO:root:[   23] Training loss: 0.01831663, Validation loss: 0.01959368, Gradient norm: 0.09990103
INFO:root:At the start of the epoch: mem (CPU python)=5499.48828125MB; mem (CPU total)=20219.5703125MB
INFO:root:[   24] Training loss: 0.01829459, Validation loss: 0.02037294, Gradient norm: 0.10807258
INFO:root:At the start of the epoch: mem (CPU python)=5499.48828125MB; mem (CPU total)=20342.390625MB
INFO:root:[   25] Training loss: 0.01822380, Validation loss: 0.01954207, Gradient norm: 0.10795829
INFO:root:At the start of the epoch: mem (CPU python)=5499.48828125MB; mem (CPU total)=20466.4765625MB
INFO:root:[   26] Training loss: 0.01800776, Validation loss: 0.02002706, Gradient norm: 0.09429641
INFO:root:At the start of the epoch: mem (CPU python)=5536.3046875MB; mem (CPU total)=20588.90234375MB
INFO:root:[   27] Training loss: 0.01800935, Validation loss: 0.01929750, Gradient norm: 0.10398469
INFO:root:At the start of the epoch: mem (CPU python)=5599.93359375MB; mem (CPU total)=20714.98828125MB
INFO:root:[   28] Training loss: 0.01803038, Validation loss: 0.01922735, Gradient norm: 0.11065869
INFO:root:At the start of the epoch: mem (CPU python)=5662.67578125MB; mem (CPU total)=20840.19140625MB
INFO:root:[   29] Training loss: 0.01786169, Validation loss: 0.01937382, Gradient norm: 0.10224958
INFO:root:At the start of the epoch: mem (CPU python)=5723.265625MB; mem (CPU total)=20964.20703125MB
INFO:root:[   30] Training loss: 0.01787864, Validation loss: 0.01936444, Gradient norm: 0.10792631
INFO:root:At the start of the epoch: mem (CPU python)=5785.44921875MB; mem (CPU total)=21087.87109375MB
INFO:root:[   31] Training loss: 0.01770508, Validation loss: 0.01888325, Gradient norm: 0.09803818
INFO:root:At the start of the epoch: mem (CPU python)=5856.109375MB; mem (CPU total)=21209.3984375MB
INFO:root:[   32] Training loss: 0.01772548, Validation loss: 0.01897805, Gradient norm: 0.10341463
INFO:root:At the start of the epoch: mem (CPU python)=5909.9921875MB; mem (CPU total)=21334.51171875MB
INFO:root:[   33] Training loss: 0.01763422, Validation loss: 0.01910990, Gradient norm: 0.09975608
INFO:root:At the start of the epoch: mem (CPU python)=5972.55078125MB; mem (CPU total)=21489.30078125MB
INFO:root:[   34] Training loss: 0.01755834, Validation loss: 0.01894862, Gradient norm: 0.09964162
INFO:root:At the start of the epoch: mem (CPU python)=6035.51171875MB; mem (CPU total)=21582.609375MB
INFO:root:[   35] Training loss: 0.01758846, Validation loss: 0.01877873, Gradient norm: 0.10822978
INFO:root:At the start of the epoch: mem (CPU python)=6087.09375MB; mem (CPU total)=21704.86328125MB
INFO:root:[   36] Training loss: 0.01753650, Validation loss: 0.01862494, Gradient norm: 0.10182427
INFO:root:At the start of the epoch: mem (CPU python)=6156.375MB; mem (CPU total)=21829.2109375MB
INFO:root:[   37] Training loss: 0.01739060, Validation loss: 0.01863135, Gradient norm: 0.09500520
INFO:root:At the start of the epoch: mem (CPU python)=6221.66015625MB; mem (CPU total)=21955.6484375MB
INFO:root:[   38] Training loss: 0.01750781, Validation loss: 0.01867934, Gradient norm: 0.10984029
INFO:root:At the start of the epoch: mem (CPU python)=6282.21875MB; mem (CPU total)=22077.53515625MB
INFO:root:[   39] Training loss: 0.01728434, Validation loss: 0.01879011, Gradient norm: 0.09475666
INFO:root:At the start of the epoch: mem (CPU python)=6327.54296875MB; mem (CPU total)=22202.37890625MB
INFO:root:[   40] Training loss: 0.01730403, Validation loss: 0.01848423, Gradient norm: 0.09817301
INFO:root:At the start of the epoch: mem (CPU python)=6402.76171875MB; mem (CPU total)=22324.19140625MB
INFO:root:[   41] Training loss: 0.01730812, Validation loss: 0.01847649, Gradient norm: 0.10045179
INFO:root:At the start of the epoch: mem (CPU python)=6460.49609375MB; mem (CPU total)=22449.60546875MB
INFO:root:[   42] Training loss: 0.01725840, Validation loss: 0.01866677, Gradient norm: 0.10380236
INFO:root:At the start of the epoch: mem (CPU python)=6528.8125MB; mem (CPU total)=22576.03125MB
INFO:root:[   43] Training loss: 0.01714509, Validation loss: 0.01845035, Gradient norm: 0.09256061
INFO:root:At the start of the epoch: mem (CPU python)=6591.15234375MB; mem (CPU total)=22723.72265625MB
INFO:root:[   44] Training loss: 0.01722184, Validation loss: 0.01837301, Gradient norm: 0.10621724
INFO:root:At the start of the epoch: mem (CPU python)=6655.984375MB; mem (CPU total)=22822.4453125MB
INFO:root:[   45] Training loss: 0.01721166, Validation loss: 0.01825815, Gradient norm: 0.10752398
INFO:root:At the start of the epoch: mem (CPU python)=6712.46484375MB; mem (CPU total)=22946.73046875MB
INFO:root:[   46] Training loss: 0.01707290, Validation loss: 0.01836035, Gradient norm: 0.09529425
INFO:root:At the start of the epoch: mem (CPU python)=6775.8359375MB; mem (CPU total)=23071.359375MB
INFO:root:[   47] Training loss: 0.01710397, Validation loss: 0.01825958, Gradient norm: 0.10208431
INFO:root:At the start of the epoch: mem (CPU python)=6840.66015625MB; mem (CPU total)=23195.39453125MB
INFO:root:[   48] Training loss: 0.01703241, Validation loss: 0.01833591, Gradient norm: 0.10027729
INFO:root:At the start of the epoch: mem (CPU python)=6894.14453125MB; mem (CPU total)=23327.90625MB
INFO:root:[   49] Training loss: 0.01704398, Validation loss: 0.01871043, Gradient norm: 0.10241798
INFO:root:At the start of the epoch: mem (CPU python)=6963.81640625MB; mem (CPU total)=23442.6015625MB
INFO:root:[   50] Training loss: 0.01699880, Validation loss: 0.01840323, Gradient norm: 0.09916228
INFO:root:At the start of the epoch: mem (CPU python)=7026.4609375MB; mem (CPU total)=23569.015625MB
INFO:root:[   51] Training loss: 0.01693619, Validation loss: 0.01829199, Gradient norm: 0.09405143
INFO:root:At the start of the epoch: mem (CPU python)=7084.6015625MB; mem (CPU total)=23691.859375MB
INFO:root:[   52] Training loss: 0.01689119, Validation loss: 0.01810141, Gradient norm: 0.09579291
INFO:root:At the start of the epoch: mem (CPU python)=7145.74609375MB; mem (CPU total)=23815.640625MB
INFO:root:[   53] Training loss: 0.01691710, Validation loss: 0.01818735, Gradient norm: 0.09925684
INFO:root:At the start of the epoch: mem (CPU python)=7206.8359375MB; mem (CPU total)=23937.8125MB
INFO:root:[   54] Training loss: 0.01687515, Validation loss: 0.01808773, Gradient norm: 0.09517891
INFO:root:At the start of the epoch: mem (CPU python)=7268.53125MB; mem (CPU total)=24069.984375MB
INFO:root:[   55] Training loss: 0.01690718, Validation loss: 0.01833173, Gradient norm: 0.10189422
INFO:root:At the start of the epoch: mem (CPU python)=7330.9296875MB; mem (CPU total)=24172.84765625MB
INFO:root:[   56] Training loss: 0.01683618, Validation loss: 0.01838842, Gradient norm: 0.09879084
INFO:root:At the start of the epoch: mem (CPU python)=7395.4296875MB; mem (CPU total)=24250.20703125MB
INFO:root:[   57] Training loss: 0.01683526, Validation loss: 0.01807443, Gradient norm: 0.10346157
INFO:root:At the start of the epoch: mem (CPU python)=7452.76171875MB; mem (CPU total)=24327.67578125MB
INFO:root:[   58] Training loss: 0.01672429, Validation loss: 0.01817681, Gradient norm: 0.08837149
INFO:root:At the start of the epoch: mem (CPU python)=7516.62109375MB; mem (CPU total)=7355.49609375MB
INFO:root:[   59] Training loss: 0.01674927, Validation loss: 0.01796372, Gradient norm: 0.09388730
INFO:root:At the start of the epoch: mem (CPU python)=7580.015625MB; mem (CPU total)=7416.71875MB
INFO:root:[   60] Training loss: 0.01676242, Validation loss: 0.01799163, Gradient norm: 0.09844620
INFO:root:At the start of the epoch: mem (CPU python)=7642.375MB; mem (CPU total)=7477.58203125MB
INFO:root:[   61] Training loss: 0.01673616, Validation loss: 0.01877056, Gradient norm: 0.10123258
INFO:root:At the start of the epoch: mem (CPU python)=7698.8046875MB; mem (CPU total)=7542.10546875MB
INFO:root:[   62] Training loss: 0.01671592, Validation loss: 0.01787155, Gradient norm: 0.09645643
INFO:root:At the start of the epoch: mem (CPU python)=7777.26171875MB; mem (CPU total)=7603.3984375MB
INFO:root:[   63] Training loss: 0.01678383, Validation loss: 0.01948170, Gradient norm: 0.11347022
INFO:root:At the start of the epoch: mem (CPU python)=7825.33203125MB; mem (CPU total)=7677.13671875MB
INFO:root:[   64] Training loss: 0.01665187, Validation loss: 0.01787146, Gradient norm: 0.09325193
INFO:root:At the start of the epoch: mem (CPU python)=7889.65234375MB; mem (CPU total)=7723.71484375MB
INFO:root:[   65] Training loss: 0.01671978, Validation loss: 0.01778464, Gradient norm: 0.10152256
INFO:root:At the start of the epoch: mem (CPU python)=7949.33984375MB; mem (CPU total)=7797.24609375MB
INFO:root:[   66] Training loss: 0.01669585, Validation loss: 0.01806742, Gradient norm: 0.10471837
INFO:root:At the start of the epoch: mem (CPU python)=8011.1484375MB; mem (CPU total)=7849.05859375MB
INFO:root:[   67] Training loss: 0.01665636, Validation loss: 0.01860673, Gradient norm: 0.10409031
INFO:root:At the start of the epoch: mem (CPU python)=8070.32421875MB; mem (CPU total)=7909.76171875MB
INFO:root:[   68] Training loss: 0.01656476, Validation loss: 0.01803054, Gradient norm: 0.09400563
INFO:root:At the start of the epoch: mem (CPU python)=8143.27734375MB; mem (CPU total)=7990.3359375MB
INFO:root:[   69] Training loss: 0.01659382, Validation loss: 0.01801094, Gradient norm: 0.09572281
INFO:root:At the start of the epoch: mem (CPU python)=8194.4140625MB; mem (CPU total)=8034.37109375MB
INFO:root:[   70] Training loss: 0.01660007, Validation loss: 0.01808793, Gradient norm: 0.09946502
INFO:root:At the start of the epoch: mem (CPU python)=8256.30078125MB; mem (CPU total)=8120.03515625MB
INFO:root:[   71] Training loss: 0.01651592, Validation loss: 0.01814611, Gradient norm: 0.09313414
INFO:root:At the start of the epoch: mem (CPU python)=8319.71875MB; mem (CPU total)=8157.60546875MB
INFO:root:Learning rate reduced to: 0.0025
INFO:root:[   72] Training loss: 0.01658261, Validation loss: 0.01845431, Gradient norm: 0.10353742
INFO:root:At the start of the epoch: mem (CPU python)=8380.86328125MB; mem (CPU total)=8220.34765625MB
INFO:root:Learning rate reduced to: 0.00125
INFO:root:[   73] Training loss: 0.01599427, Validation loss: 0.01741530, Gradient norm: 0.06305389
INFO:root:At the start of the epoch: mem (CPU python)=8442.328125MB; mem (CPU total)=8283.0MB
INFO:root:[   74] Training loss: 0.01570927, Validation loss: 0.01713563, Gradient norm: 0.04533323
INFO:root:At the start of the epoch: mem (CPU python)=8525.18359375MB; mem (CPU total)=8365.39453125MB
INFO:root:[   75] Training loss: 0.01565014, Validation loss: 0.01741697, Gradient norm: 0.04929288
INFO:root:At the start of the epoch: mem (CPU python)=8564.59765625MB; mem (CPU total)=8407.62890625MB
INFO:root:[   76] Training loss: 0.01561409, Validation loss: 0.01713914, Gradient norm: 0.05345591
INFO:root:At the start of the epoch: mem (CPU python)=8626.3359375MB; mem (CPU total)=8492.71875MB
INFO:root:[   77] Training loss: 0.01558007, Validation loss: 0.01705035, Gradient norm: 0.05232629
INFO:root:At the start of the epoch: mem (CPU python)=8690.27734375MB; mem (CPU total)=8529.94921875MB
INFO:root:[   78] Training loss: 0.01557484, Validation loss: 0.01701644, Gradient norm: 0.05127244
INFO:root:At the start of the epoch: mem (CPU python)=8746.0234375MB; mem (CPU total)=8592.6953125MB
INFO:root:[   79] Training loss: 0.01557182, Validation loss: 0.01713217, Gradient norm: 0.05642829
INFO:root:At the start of the epoch: mem (CPU python)=8815.08203125MB; mem (CPU total)=8653.42578125MB
INFO:root:[   80] Training loss: 0.01554180, Validation loss: 0.01705055, Gradient norm: 0.05254531
INFO:root:At the start of the epoch: mem (CPU python)=8877.203125MB; mem (CPU total)=8714.41796875MB
INFO:root:[   81] Training loss: 0.01552908, Validation loss: 0.01719723, Gradient norm: 0.05170432
INFO:root:At the start of the epoch: mem (CPU python)=8937.38671875MB; mem (CPU total)=8779.63671875MB
INFO:root:[   82] Training loss: 0.01551811, Validation loss: 0.01711882, Gradient norm: 0.04934499
INFO:root:At the start of the epoch: mem (CPU python)=9006.65234375MB; mem (CPU total)=8840.42578125MB
INFO:root:[   83] Training loss: 0.01551355, Validation loss: 0.01699844, Gradient norm: 0.05497263
INFO:root:At the start of the epoch: mem (CPU python)=9063.390625MB; mem (CPU total)=8903.13671875MB
INFO:root:[   84] Training loss: 0.01550639, Validation loss: 0.01695760, Gradient norm: 0.05169083
INFO:root:At the start of the epoch: mem (CPU python)=9125.22265625MB; mem (CPU total)=8971.73046875MB
INFO:root:[   85] Training loss: 0.01550906, Validation loss: 0.01704570, Gradient norm: 0.04986333
INFO:root:At the start of the epoch: mem (CPU python)=9183.7578125MB; mem (CPU total)=9026.734375MB
INFO:root:[   86] Training loss: 0.01550309, Validation loss: 0.01702339, Gradient norm: 0.05616347
INFO:root:At the start of the epoch: mem (CPU python)=9248.08203125MB; mem (CPU total)=9088.37109375MB
INFO:root:[   87] Training loss: 0.01548739, Validation loss: 0.01695484, Gradient norm: 0.05199301
INFO:root:At the start of the epoch: mem (CPU python)=9309.453125MB; mem (CPU total)=9149.65234375MB
INFO:root:[   88] Training loss: 0.01547516, Validation loss: 0.01696402, Gradient norm: 0.05172178
INFO:root:At the start of the epoch: mem (CPU python)=9365.85546875MB; mem (CPU total)=9213.4140625MB
INFO:root:[   89] Training loss: 0.01547791, Validation loss: 0.01692002, Gradient norm: 0.05448643
INFO:root:At the start of the epoch: mem (CPU python)=9424.98046875MB; mem (CPU total)=9274.703125MB
INFO:root:[   90] Training loss: 0.01544857, Validation loss: 0.01694049, Gradient norm: 0.05046984
INFO:root:At the start of the epoch: mem (CPU python)=9495.828125MB; mem (CPU total)=9335.62109375MB
INFO:root:[   91] Training loss: 0.01547215, Validation loss: 0.01696095, Gradient norm: 0.05456103
INFO:root:At the start of the epoch: mem (CPU python)=9555.015625MB; mem (CPU total)=9397.91796875MB
INFO:root:[   92] Training loss: 0.01545524, Validation loss: 0.01691938, Gradient norm: 0.05676083
INFO:root:At the start of the epoch: mem (CPU python)=9616.86328125MB; mem (CPU total)=9460.53515625MB
INFO:root:[   93] Training loss: 0.01544438, Validation loss: 0.01692181, Gradient norm: 0.05337814
INFO:root:At the start of the epoch: mem (CPU python)=9678.55078125MB; mem (CPU total)=9521.42578125MB
INFO:root:[   94] Training loss: 0.01543687, Validation loss: 0.01690562, Gradient norm: 0.05328618
INFO:root:At the start of the epoch: mem (CPU python)=9740.48046875MB; mem (CPU total)=9592.05859375MB
INFO:root:[   95] Training loss: 0.01543049, Validation loss: 0.01705837, Gradient norm: 0.05255668
INFO:root:At the start of the epoch: mem (CPU python)=9801.94140625MB; mem (CPU total)=9646.38671875MB
INFO:root:[   96] Training loss: 0.01542524, Validation loss: 0.01691449, Gradient norm: 0.05362085
INFO:root:At the start of the epoch: mem (CPU python)=9864.109375MB; mem (CPU total)=9707.6015625MB
INFO:root:[   97] Training loss: 0.01543721, Validation loss: 0.01722357, Gradient norm: 0.05645819
INFO:root:At the start of the epoch: mem (CPU python)=9924.83984375MB; mem (CPU total)=9768.65625MB
INFO:root:[   98] Training loss: 0.01542766, Validation loss: 0.01689449, Gradient norm: 0.05762959
INFO:root:At the start of the epoch: mem (CPU python)=9981.55859375MB; mem (CPU total)=9829.2265625MB
INFO:root:[   99] Training loss: 0.01540991, Validation loss: 0.01689723, Gradient norm: 0.05057409
INFO:root:At the start of the epoch: mem (CPU python)=10048.70703125MB; mem (CPU total)=9892.28125MB
INFO:root:[  100] Training loss: 0.01542440, Validation loss: 0.01688549, Gradient norm: 0.06080537
INFO:root:At the start of the epoch: mem (CPU python)=10108.68359375MB; mem (CPU total)=9952.765625MB
INFO:root:[  101] Training loss: 0.01539792, Validation loss: 0.01702106, Gradient norm: 0.05218429
INFO:root:At the start of the epoch: mem (CPU python)=10174.14453125MB; mem (CPU total)=10014.4140625MB
INFO:root:[  102] Training loss: 0.01540109, Validation loss: 0.01690777, Gradient norm: 0.05776318
INFO:root:At the start of the epoch: mem (CPU python)=10231.875MB; mem (CPU total)=10101.2734375MB
INFO:root:[  103] Training loss: 0.01542008, Validation loss: 0.01692276, Gradient norm: 0.05914571
INFO:root:At the start of the epoch: mem (CPU python)=10296.9140625MB; mem (CPU total)=10136.47265625MB
INFO:root:[  104] Training loss: 0.01537972, Validation loss: 0.01691737, Gradient norm: 0.04862376
INFO:root:At the start of the epoch: mem (CPU python)=10355.84375MB; mem (CPU total)=10198.671875MB
INFO:root:[  105] Training loss: 0.01539072, Validation loss: 0.01699595, Gradient norm: 0.05375806
INFO:root:At the start of the epoch: mem (CPU python)=10419.33984375MB; mem (CPU total)=10260.61328125MB
INFO:root:[  106] Training loss: 0.01536347, Validation loss: 0.01693365, Gradient norm: 0.05085569
INFO:root:At the start of the epoch: mem (CPU python)=10473.984375MB; mem (CPU total)=10321.88671875MB
INFO:root:Learning rate reduced to: 0.000625
INFO:root:[  107] Training loss: 0.01538217, Validation loss: 0.01712872, Gradient norm: 0.05415662
INFO:root:At the start of the epoch: mem (CPU python)=10541.9140625MB; mem (CPU total)=10384.609375MB
INFO:root:Learning rate reduced to: 0.0003125
INFO:root:[  108] Training loss: 0.01525421, Validation loss: 0.01676688, Gradient norm: 0.03887664
INFO:root:At the start of the epoch: mem (CPU python)=10603.2265625MB; mem (CPU total)=10446.98046875MB
INFO:root:[  109] Training loss: 0.01518648, Validation loss: 0.01674545, Gradient norm: 0.03109679
INFO:root:At the start of the epoch: mem (CPU python)=10666.87890625MB; mem (CPU total)=10518.171875MB
INFO:root:[  110] Training loss: 0.01517583, Validation loss: 0.01671598, Gradient norm: 0.03205405
INFO:root:At the start of the epoch: mem (CPU python)=10726.375MB; mem (CPU total)=10570.30078125MB
INFO:root:[  111] Training loss: 0.01515663, Validation loss: 0.01671072, Gradient norm: 0.03473308
INFO:root:At the start of the epoch: mem (CPU python)=10793.203125MB; mem (CPU total)=10632.22265625MB
INFO:root:[  112] Training loss: 0.01515204, Validation loss: 0.01672312, Gradient norm: 0.03552779
INFO:root:At the start of the epoch: mem (CPU python)=10845.890625MB; mem (CPU total)=10695.58203125MB
INFO:root:[  113] Training loss: 0.01513192, Validation loss: 0.01671445, Gradient norm: 0.03306581
INFO:root:At the start of the epoch: mem (CPU python)=10915.14453125MB; mem (CPU total)=10756.8203125MB
INFO:root:[  114] Training loss: 0.01512945, Validation loss: 0.01670906, Gradient norm: 0.03622026
INFO:root:At the start of the epoch: mem (CPU python)=10974.72265625MB; mem (CPU total)=10817.65625MB
INFO:root:[  115] Training loss: 0.01513231, Validation loss: 0.01667061, Gradient norm: 0.03415787
INFO:root:At the start of the epoch: mem (CPU python)=11038.1796875MB; mem (CPU total)=10879.7109375MB
INFO:root:[  116] Training loss: 0.01512271, Validation loss: 0.01668867, Gradient norm: 0.03354348
INFO:root:At the start of the epoch: mem (CPU python)=11098.75390625MB; mem (CPU total)=10943.47265625MB
INFO:root:[  117] Training loss: 0.01512021, Validation loss: 0.01671953, Gradient norm: 0.03233838
INFO:root:At the start of the epoch: mem (CPU python)=11162.87109375MB; mem (CPU total)=11004.578125MB
INFO:root:[  118] Training loss: 0.01512033, Validation loss: 0.01667992, Gradient norm: 0.03668533
INFO:root:At the start of the epoch: mem (CPU python)=11224.26953125MB; mem (CPU total)=11088.3828125MB
INFO:root:[  119] Training loss: 0.01511424, Validation loss: 0.01669977, Gradient norm: 0.03536604
INFO:root:At the start of the epoch: mem (CPU python)=11281.4921875MB; mem (CPU total)=11141.40234375MB
INFO:root:[  120] Training loss: 0.01511519, Validation loss: 0.01667231, Gradient norm: 0.03589500
INFO:root:At the start of the epoch: mem (CPU python)=11338.94140625MB; mem (CPU total)=11191.953125MB
INFO:root:[  121] Training loss: 0.01511361, Validation loss: 0.01669063, Gradient norm: 0.03389985
INFO:root:At the start of the epoch: mem (CPU python)=11414.7734375MB; mem (CPU total)=11251.35546875MB
INFO:root:Learning rate reduced to: 0.00015625
INFO:root:[  122] Training loss: 0.01510823, Validation loss: 0.01667443, Gradient norm: 0.03360874
INFO:root:At the start of the epoch: mem (CPU python)=11471.27734375MB; mem (CPU total)=11313.37109375MB
INFO:root:Learning rate reduced to: 7.8125e-05
INFO:root:[  123] Training loss: 0.01507615, Validation loss: 0.01664985, Gradient norm: 0.02672615
INFO:root:At the start of the epoch: mem (CPU python)=11533.890625MB; mem (CPU total)=11375.58203125MB
INFO:root:[  124] Training loss: 0.01506007, Validation loss: 0.01663154, Gradient norm: 0.02554878
INFO:root:At the start of the epoch: mem (CPU python)=11594.2890625MB; mem (CPU total)=11438.2109375MB
INFO:root:[  125] Training loss: 0.01505411, Validation loss: 0.01663482, Gradient norm: 0.02502894
INFO:root:At the start of the epoch: mem (CPU python)=11654.3203125MB; mem (CPU total)=11516.50390625MB
INFO:root:[  126] Training loss: 0.01505237, Validation loss: 0.01664386, Gradient norm: 0.02542144
INFO:root:At the start of the epoch: mem (CPU python)=11716.12109375MB; mem (CPU total)=11560.3046875MB
INFO:root:[  127] Training loss: 0.01505194, Validation loss: 0.01662947, Gradient norm: 0.02592980
INFO:root:At the start of the epoch: mem (CPU python)=11777.97265625MB; mem (CPU total)=11622.03125MB
INFO:root:[  128] Training loss: 0.01505138, Validation loss: 0.01663192, Gradient norm: 0.02647170
INFO:root:At the start of the epoch: mem (CPU python)=11834.09375MB; mem (CPU total)=11684.19921875MB
INFO:root:[  129] Training loss: 0.01504817, Validation loss: 0.01660923, Gradient norm: 0.02580499
INFO:root:At the start of the epoch: mem (CPU python)=11901.96875MB; mem (CPU total)=11746.1171875MB
INFO:root:[  130] Training loss: 0.01504497, Validation loss: 0.01661679, Gradient norm: 0.02630702
INFO:root:At the start of the epoch: mem (CPU python)=11960.19140625MB; mem (CPU total)=11807.78125MB
INFO:root:[  131] Training loss: 0.01503730, Validation loss: 0.01663599, Gradient norm: 0.02647184
INFO:root:At the start of the epoch: mem (CPU python)=12025.47265625MB; mem (CPU total)=11874.80078125MB
INFO:root:[  132] Training loss: 0.01503426, Validation loss: 0.01663241, Gradient norm: 0.02522236
INFO:root:At the start of the epoch: mem (CPU python)=12092.86328125MB; mem (CPU total)=11960.97265625MB
INFO:root:[  133] Training loss: 0.01503021, Validation loss: 0.01662368, Gradient norm: 0.02495992
INFO:root:At the start of the epoch: mem (CPU python)=12144.1171875MB; mem (CPU total)=11993.99609375MB
INFO:root:[  134] Training loss: 0.01503799, Validation loss: 0.01661346, Gradient norm: 0.02559232
INFO:root:At the start of the epoch: mem (CPU python)=12212.9296875MB; mem (CPU total)=12079.7109375MB
INFO:root:[  135] Training loss: 0.01503827, Validation loss: 0.01662165, Gradient norm: 0.02647504
INFO:root:At the start of the epoch: mem (CPU python)=12275.67578125MB; mem (CPU total)=12118.98828125MB
INFO:root:[  136] Training loss: 0.01503619, Validation loss: 0.01660902, Gradient norm: 0.02474231
INFO:root:At the start of the epoch: mem (CPU python)=12332.58203125MB; mem (CPU total)=12179.59375MB
INFO:root:[  137] Training loss: 0.01503496, Validation loss: 0.01663061, Gradient norm: 0.02525073
INFO:root:At the start of the epoch: mem (CPU python)=12399.6171875MB; mem (CPU total)=12261.1796875MB
INFO:root:[  138] Training loss: 0.01503188, Validation loss: 0.01663699, Gradient norm: 0.02505679
INFO:root:At the start of the epoch: mem (CPU python)=12452.18359375MB; mem (CPU total)=12303.25MB
INFO:root:[  139] Training loss: 0.01502974, Validation loss: 0.01661154, Gradient norm: 0.02629238
INFO:root:At the start of the epoch: mem (CPU python)=12511.03125MB; mem (CPU total)=12364.1875MB
INFO:root:[  140] Training loss: 0.01503504, Validation loss: 0.01660065, Gradient norm: 0.02636212
INFO:root:At the start of the epoch: mem (CPU python)=12573.3984375MB; mem (CPU total)=12425.7578125MB
INFO:root:[  141] Training loss: 0.01503075, Validation loss: 0.01660695, Gradient norm: 0.02533917
INFO:root:At the start of the epoch: mem (CPU python)=12637.765625MB; mem (CPU total)=12489.328125MB
INFO:root:[  142] Training loss: 0.01503100, Validation loss: 0.01660641, Gradient norm: 0.02636696
INFO:root:At the start of the epoch: mem (CPU python)=12701.33203125MB; mem (CPU total)=12551.58984375MB
INFO:root:[  143] Training loss: 0.01502613, Validation loss: 0.01663606, Gradient norm: 0.02662973
INFO:root:At the start of the epoch: mem (CPU python)=12765.171875MB; mem (CPU total)=12638.12890625MB
INFO:root:[  144] Training loss: 0.01502599, Validation loss: 0.01659021, Gradient norm: 0.02626927
INFO:root:At the start of the epoch: mem (CPU python)=12825.35546875MB; mem (CPU total)=12674.87109375MB
INFO:root:[  145] Training loss: 0.01502837, Validation loss: 0.01662645, Gradient norm: 0.02598051
INFO:root:At the start of the epoch: mem (CPU python)=12885.3359375MB; mem (CPU total)=12737.71875MB
INFO:root:[  146] Training loss: 0.01502297, Validation loss: 0.01661773, Gradient norm: 0.02644202
INFO:root:At the start of the epoch: mem (CPU python)=12951.05078125MB; mem (CPU total)=12801.8203125MB
INFO:root:[  147] Training loss: 0.01502514, Validation loss: 0.01660878, Gradient norm: 0.02566340
INFO:root:At the start of the epoch: mem (CPU python)=13009.44921875MB; mem (CPU total)=12862.66015625MB
INFO:root:[  148] Training loss: 0.01501805, Validation loss: 0.01663148, Gradient norm: 0.02562237
INFO:root:At the start of the epoch: mem (CPU python)=13071.80078125MB; mem (CPU total)=12947.98046875MB
INFO:root:[  149] Training loss: 0.01501755, Validation loss: 0.01660143, Gradient norm: 0.02545478
INFO:root:At the start of the epoch: mem (CPU python)=13141.40234375MB; mem (CPU total)=12985.0859375MB
INFO:root:[  150] Training loss: 0.01502433, Validation loss: 0.01661162, Gradient norm: 0.02693874
INFO:root:At the start of the epoch: mem (CPU python)=13197.765625MB; mem (CPU total)=13045.6796875MB
INFO:root:[  151] Training loss: 0.01502092, Validation loss: 0.01662590, Gradient norm: 0.02561761
INFO:root:At the start of the epoch: mem (CPU python)=13263.2265625MB; mem (CPU total)=13107.76171875MB
INFO:root:[  152] Training loss: 0.01502796, Validation loss: 0.01660986, Gradient norm: 0.02663795
INFO:root:At the start of the epoch: mem (CPU python)=13320.2265625MB; mem (CPU total)=13172.484375MB
INFO:root:[  153] Training loss: 0.01502081, Validation loss: 0.01660561, Gradient norm: 0.02647548
INFO:root:At the start of the epoch: mem (CPU python)=13382.59765625MB; mem (CPU total)=13232.83203125MB
INFO:root:EP 153: Early stopping
INFO:root:After finishing all epochs: mem (CPU python)=13442.9453125MB; mem (CPU total)=13320.2890625MB
INFO:root:Training the model took 74082.705s.
INFO:root:Emptying the cuda cache took 0.044s.
INFO:root:Starting evaluation: model FNO & uncertainty quantification dropout
INFO:root:Evaluating the model on Validation data.
INFO:root:MSEValidation: 0.01513
INFO:root:EnergyScoreValidation: 0.01173
INFO:root:CRPSValidation: 0.01263
INFO:root:Gaussian NLLValidation: -1.28786
INFO:root:CoverageValidation: 0.63438
INFO:root:IntervalWidthValidation: 0.03571
INFO:root:Evaluating the model on Test data.
INFO:root:MSETest: 0.02397
INFO:root:EnergyScoreTest: 0.02013
INFO:root:CRPSTest: 0.0214
INFO:root:Gaussian NLLTest: 2.39405
INFO:root:CoverageTest: 0.44518
INFO:root:IntervalWidthTest: 0.03495
INFO:root:After validation: mem (CPU python)=13913.46484375MB; mem (CPU total)=13372.1640625MB
INFO:root:###2 out of 2 training parameter combinations ###
INFO:root:Training parameters: {'seed': 1234, 'model': 'FNO', 'uncertainty_quantification': 'dropout', 'batch_size': 16, 'n_epochs': 1000, 'early_stopping': 10, 'init': 'default', 'learning_rate': 0.005, 'lr_schedule': 'step', 'optimizer': 'adam', 'gradient_clipping': 1, 'layer_normalization': True, 'data_loader_pin_memory': False, 'data_loader_num_workers': 0, 'distributed_training': False, 'alpha': 0.05, 'n_samples_uq': 100, 'weight_decay': 0, 'dropout': 0.05, 'fourier_dropout': None, 'hidden_channels': 20, 'projection_channels': 128, 'lifting_channels': 128, 'n_modes': (10, 12, 12), 'n_samples': 3}
INFO:root:After creating the dataloaders: mem (CPU python)=13913.46484375MB; mem (CPU total)=13372.12890625MB
INFO:root:NumberParameters: 2695717
INFO:root:GPU memory allocated: 564133888
INFO:root:After setting up the model: mem (CPU python)=13913.46484375MB; mem (CPU total)=13380.8125MB
INFO:root:Training starts now.
INFO:root:At the start of the epoch: mem (CPU python)=13913.46484375MB; mem (CPU total)=13381.296875MB
INFO:root:[    1] Training loss: 0.03174345, Validation loss: 0.02650349, Gradient norm: 0.16521142
INFO:root:At the start of the epoch: mem (CPU python)=13913.46484375MB; mem (CPU total)=13488.04296875MB
INFO:root:[    2] Training loss: 0.02622771, Validation loss: 0.02551132, Gradient norm: 0.14910593
INFO:root:At the start of the epoch: mem (CPU python)=13913.46484375MB; mem (CPU total)=13553.32421875MB
INFO:root:[    3] Training loss: 0.02510159, Validation loss: 0.02596448, Gradient norm: 0.13185100
INFO:root:At the start of the epoch: mem (CPU python)=13913.46484375MB; mem (CPU total)=13614.8828125MB
INFO:root:[    4] Training loss: 0.02443169, Validation loss: 0.02415597, Gradient norm: 0.13350661
INFO:root:At the start of the epoch: mem (CPU python)=13913.46484375MB; mem (CPU total)=13676.72265625MB
INFO:root:[    5] Training loss: 0.02378673, Validation loss: 0.02394757, Gradient norm: 0.12461018
INFO:root:At the start of the epoch: mem (CPU python)=13913.46484375MB; mem (CPU total)=13737.7421875MB
INFO:root:[    6] Training loss: 0.02298719, Validation loss: 0.02330761, Gradient norm: 0.11210268
INFO:root:At the start of the epoch: mem (CPU python)=13913.46484375MB; mem (CPU total)=13801.546875MB
INFO:root:[    7] Training loss: 0.02234199, Validation loss: 0.02264898, Gradient norm: 0.11265903
INFO:root:At the start of the epoch: mem (CPU python)=13932.79296875MB; mem (CPU total)=13861.671875MB
INFO:root:[    8] Training loss: 0.02198127, Validation loss: 0.02204577, Gradient norm: 0.12426502
INFO:root:At the start of the epoch: mem (CPU python)=13994.37109375MB; mem (CPU total)=13923.9453125MB
INFO:root:[    9] Training loss: 0.02121304, Validation loss: 0.02159036, Gradient norm: 0.10876729
INFO:root:At the start of the epoch: mem (CPU python)=14056.36328125MB; mem (CPU total)=13984.6484375MB
INFO:root:[   10] Training loss: 0.02087328, Validation loss: 0.02146614, Gradient norm: 0.12063445
INFO:root:At the start of the epoch: mem (CPU python)=14117.9765625MB; mem (CPU total)=14046.296875MB
INFO:root:[   11] Training loss: 0.02045577, Validation loss: 0.02134109, Gradient norm: 0.10960593
INFO:root:At the start of the epoch: mem (CPU python)=14170.15234375MB; mem (CPU total)=14096.09765625MB
INFO:root:[   12] Training loss: 0.02014470, Validation loss: 0.02096965, Gradient norm: 0.11371481
INFO:root:At the start of the epoch: mem (CPU python)=14239.0625MB; mem (CPU total)=14165.65234375MB
INFO:root:[   13] Training loss: 0.01983251, Validation loss: 0.02099694, Gradient norm: 0.10980069
INFO:root:At the start of the epoch: mem (CPU python)=14303.55859375MB; mem (CPU total)=14231.1875MB
INFO:root:[   14] Training loss: 0.01958830, Validation loss: 0.02050708, Gradient norm: 0.10761661
INFO:root:At the start of the epoch: mem (CPU python)=14362.484375MB; mem (CPU total)=14289.4609375MB
INFO:root:[   15] Training loss: 0.01942348, Validation loss: 0.02074224, Gradient norm: 0.10950982
INFO:root:At the start of the epoch: mem (CPU python)=14426.83984375MB; mem (CPU total)=14357.18359375MB
INFO:root:[   16] Training loss: 0.01933522, Validation loss: 0.02155925, Gradient norm: 0.11694278
INFO:root:At the start of the epoch: mem (CPU python)=14488.64453125MB; mem (CPU total)=14418.9375MB
INFO:root:[   17] Training loss: 0.01907891, Validation loss: 0.02018571, Gradient norm: 0.10478597
INFO:root:At the start of the epoch: mem (CPU python)=14550.41796875MB; mem (CPU total)=17431.109375MB
INFO:root:[   18] Training loss: 0.01902294, Validation loss: 0.01996614, Gradient norm: 0.11440286
INFO:root:At the start of the epoch: mem (CPU python)=14609.4921875MB; mem (CPU total)=17512.37890625MB
INFO:root:[   19] Training loss: 0.01889237, Validation loss: 0.01984821, Gradient norm: 0.11218064
INFO:root:At the start of the epoch: mem (CPU python)=14673.921875MB; mem (CPU total)=17606.421875MB
INFO:root:[   20] Training loss: 0.01863783, Validation loss: 0.02012152, Gradient norm: 0.10435677
INFO:root:At the start of the epoch: mem (CPU python)=14735.89453125MB; mem (CPU total)=17760.16015625MB
INFO:root:[   21] Training loss: 0.01868285, Validation loss: 0.02003934, Gradient norm: 0.11024765
INFO:root:At the start of the epoch: mem (CPU python)=14794.91796875MB; mem (CPU total)=17798.56640625MB
INFO:root:[   22] Training loss: 0.01848555, Validation loss: 0.01980771, Gradient norm: 0.10609101
INFO:root:At the start of the epoch: mem (CPU python)=14860.69140625MB; mem (CPU total)=17899.96484375MB
INFO:root:[   23] Training loss: 0.01844084, Validation loss: 0.02062907, Gradient norm: 0.10988173
INFO:root:At the start of the epoch: mem (CPU python)=14922.20703125MB; mem (CPU total)=17983.16015625MB
INFO:root:[   24] Training loss: 0.01838227, Validation loss: 0.01929387, Gradient norm: 0.10964597
INFO:root:At the start of the epoch: mem (CPU python)=14982.68359375MB; mem (CPU total)=18064.05859375MB
INFO:root:[   25] Training loss: 0.01824194, Validation loss: 0.02006801, Gradient norm: 0.10366804
INFO:root:At the start of the epoch: mem (CPU python)=15044.15234375MB; mem (CPU total)=18156.28515625MB
INFO:root:[   26] Training loss: 0.01818582, Validation loss: 0.01921812, Gradient norm: 0.10573103
INFO:root:At the start of the epoch: mem (CPU python)=15106.31640625MB; mem (CPU total)=18239.609375MB
INFO:root:[   27] Training loss: 0.01809341, Validation loss: 0.01981308, Gradient norm: 0.10972987
INFO:root:At the start of the epoch: mem (CPU python)=15168.11328125MB; mem (CPU total)=18331.5546875MB
INFO:root:[   28] Training loss: 0.01795451, Validation loss: 0.01966356, Gradient norm: 0.09702696
INFO:root:At the start of the epoch: mem (CPU python)=15229.875MB; mem (CPU total)=18415.47265625MB
INFO:root:[   29] Training loss: 0.01786914, Validation loss: 0.01910589, Gradient norm: 0.09782597
INFO:root:At the start of the epoch: mem (CPU python)=15288.8984375MB; mem (CPU total)=18495.09765625MB
INFO:root:[   30] Training loss: 0.01785270, Validation loss: 0.01903233, Gradient norm: 0.10253771
INFO:root:At the start of the epoch: mem (CPU python)=15353.40625MB; mem (CPU total)=18588.66015625MB
INFO:root:[   31] Training loss: 0.01785674, Validation loss: 0.01890928, Gradient norm: 0.10788009
INFO:root:At the start of the epoch: mem (CPU python)=15414.765625MB; mem (CPU total)=18671.27734375MB
INFO:root:[   32] Training loss: 0.01769683, Validation loss: 0.01880885, Gradient norm: 0.09647922
INFO:root:At the start of the epoch: mem (CPU python)=15476.71484375MB; mem (CPU total)=18762.7890625MB
INFO:root:[   33] Training loss: 0.01768594, Validation loss: 0.01885682, Gradient norm: 0.10045998
INFO:root:At the start of the epoch: mem (CPU python)=15538.48828125MB; mem (CPU total)=18846.5625MB
INFO:root:[   34] Training loss: 0.01772447, Validation loss: 0.01916224, Gradient norm: 0.10724143
INFO:root:At the start of the epoch: mem (CPU python)=15597.546875MB; mem (CPU total)=18927.03125MB
INFO:root:[   35] Training loss: 0.01761072, Validation loss: 0.01865319, Gradient norm: 0.10176277
INFO:root:At the start of the epoch: mem (CPU python)=15662.046875MB; mem (CPU total)=19019.6796875MB
INFO:root:[   36] Training loss: 0.01744414, Validation loss: 0.01889168, Gradient norm: 0.09305110
INFO:root:At the start of the epoch: mem (CPU python)=15723.83984375MB; mem (CPU total)=19104.24609375MB
INFO:root:[   37] Training loss: 0.01755623, Validation loss: 0.01906562, Gradient norm: 0.10909428
INFO:root:At the start of the epoch: mem (CPU python)=15785.50390625MB; mem (CPU total)=19192.2578125MB
INFO:root:[   38] Training loss: 0.01748585, Validation loss: 0.01901595, Gradient norm: 0.10622934
INFO:root:At the start of the epoch: mem (CPU python)=15842.11328125MB; mem (CPU total)=19274.63671875MB
INFO:root:[   39] Training loss: 0.01742221, Validation loss: 0.01853551, Gradient norm: 0.10710559
INFO:root:At the start of the epoch: mem (CPU python)=15903.5703125MB; mem (CPU total)=19402.09765625MB
INFO:root:[   40] Training loss: 0.01732318, Validation loss: 0.01882628, Gradient norm: 0.10199501
INFO:root:At the start of the epoch: mem (CPU python)=15967.859375MB; mem (CPU total)=19450.8828125MB
INFO:root:[   41] Training loss: 0.01735020, Validation loss: 0.01841661, Gradient norm: 0.10619730
INFO:root:At the start of the epoch: mem (CPU python)=16032.44921875MB; mem (CPU total)=19534.92578125MB
INFO:root:[   42] Training loss: 0.01727933, Validation loss: 0.01911050, Gradient norm: 0.10105200
INFO:root:At the start of the epoch: mem (CPU python)=16088.80078125MB; mem (CPU total)=19616.1640625MB
INFO:root:[   43] Training loss: 0.01718687, Validation loss: 0.02041445, Gradient norm: 0.09694104
INFO:root:At the start of the epoch: mem (CPU python)=16150.76953125MB; mem (CPU total)=19704.1953125MB
INFO:root:[   44] Training loss: 0.01721802, Validation loss: 0.01831675, Gradient norm: 0.10159184
INFO:root:At the start of the epoch: mem (CPU python)=16212.46875MB; mem (CPU total)=19786.6953125MB
INFO:root:[   45] Training loss: 0.01717356, Validation loss: 0.01826341, Gradient norm: 0.10047879
INFO:root:At the start of the epoch: mem (CPU python)=16274.0859375MB; mem (CPU total)=19878.3828125MB
INFO:root:[   46] Training loss: 0.01722263, Validation loss: 0.01936500, Gradient norm: 0.10978085
INFO:root:At the start of the epoch: mem (CPU python)=16336.0234375MB; mem (CPU total)=19961.828125MB
INFO:root:[   47] Training loss: 0.01710520, Validation loss: 0.01833289, Gradient norm: 0.10154418
INFO:root:At the start of the epoch: mem (CPU python)=16400.484375MB; mem (CPU total)=20049.8515625MB
INFO:root:[   48] Training loss: 0.01714356, Validation loss: 0.01837617, Gradient norm: 0.10512731
INFO:root:At the start of the epoch: mem (CPU python)=16461.90234375MB; mem (CPU total)=20138.9140625MB
INFO:root:[   49] Training loss: 0.01710851, Validation loss: 0.01815516, Gradient norm: 0.10377117
INFO:root:At the start of the epoch: mem (CPU python)=16527.91015625MB; mem (CPU total)=20225.62890625MB
INFO:root:[   50] Training loss: 0.01694751, Validation loss: 0.01846079, Gradient norm: 0.09232476
INFO:root:At the start of the epoch: mem (CPU python)=16589.46875MB; mem (CPU total)=20360.703125MB
INFO:root:[   51] Training loss: 0.01710083, Validation loss: 0.01832742, Gradient norm: 0.11043428
INFO:root:At the start of the epoch: mem (CPU python)=16647.46484375MB; mem (CPU total)=20396.1953125MB
INFO:root:[   52] Training loss: 0.01694480, Validation loss: 0.01818496, Gradient norm: 0.10022505
INFO:root:At the start of the epoch: mem (CPU python)=16711.83203125MB; mem (CPU total)=20483.11328125MB
INFO:root:[   53] Training loss: 0.01694595, Validation loss: 0.01793286, Gradient norm: 0.09832407
INFO:root:At the start of the epoch: mem (CPU python)=16773.640625MB; mem (CPU total)=20572.734375MB
INFO:root:[   54] Training loss: 0.01690839, Validation loss: 0.01793652, Gradient norm: 0.09993136
INFO:root:At the start of the epoch: mem (CPU python)=16847.07421875MB; mem (CPU total)=20606.171875MB
INFO:root:[   55] Training loss: 0.01684021, Validation loss: 0.01823788, Gradient norm: 0.09545622
INFO:root:At the start of the epoch: mem (CPU python)=16894.40625MB; mem (CPU total)=20745.51171875MB
INFO:root:[   56] Training loss: 0.01682968, Validation loss: 0.01853133, Gradient norm: 0.09612995
INFO:root:At the start of the epoch: mem (CPU python)=16961.0390625MB; mem (CPU total)=20780.27734375MB
INFO:root:[   57] Training loss: 0.01681967, Validation loss: 0.01803556, Gradient norm: 0.09779396
INFO:root:At the start of the epoch: mem (CPU python)=17020.4296875MB; mem (CPU total)=20915.9375MB
INFO:root:[   58] Training loss: 0.01684062, Validation loss: 0.01814588, Gradient norm: 0.10223728
INFO:root:At the start of the epoch: mem (CPU python)=17079.69921875MB; mem (CPU total)=21002.18359375MB
INFO:root:[   59] Training loss: 0.01682754, Validation loss: 0.01831544, Gradient norm: 0.10463937
INFO:root:At the start of the epoch: mem (CPU python)=17141.47265625MB; mem (CPU total)=21085.82421875MB
INFO:root:Learning rate reduced to: 0.0025
INFO:root:[   60] Training loss: 0.01683874, Validation loss: 0.01796909, Gradient norm: 0.10565048
INFO:root:At the start of the epoch: mem (CPU python)=17203.390625MB; mem (CPU total)=21177.40234375MB
INFO:root:Learning rate reduced to: 0.00125
INFO:root:[   61] Training loss: 0.01615664, Validation loss: 0.01762614, Gradient norm: 0.05516769
INFO:root:At the start of the epoch: mem (CPU python)=17265.03515625MB; mem (CPU total)=21261.55859375MB
INFO:root:[   62] Training loss: 0.01588403, Validation loss: 0.01740531, Gradient norm: 0.04674762
INFO:root:At the start of the epoch: mem (CPU python)=17329.375MB; mem (CPU total)=21346.73046875MB
INFO:root:[   63] Training loss: 0.01582565, Validation loss: 0.01726061, Gradient norm: 0.04970038
INFO:root:At the start of the epoch: mem (CPU python)=17391.09375MB; mem (CPU total)=21437.09375MB
INFO:root:[   64] Training loss: 0.01580351, Validation loss: 0.01724576, Gradient norm: 0.05722990
INFO:root:At the start of the epoch: mem (CPU python)=17452.796875MB; mem (CPU total)=21521.09765625MB
INFO:root:[   65] Training loss: 0.01576514, Validation loss: 0.01728246, Gradient norm: 0.05492674
INFO:root:At the start of the epoch: mem (CPU python)=17514.6328125MB; mem (CPU total)=21612.50390625MB
INFO:root:[   66] Training loss: 0.01572734, Validation loss: 0.01738840, Gradient norm: 0.05172915
INFO:root:At the start of the epoch: mem (CPU python)=17573.66015625MB; mem (CPU total)=21693.31640625MB
INFO:root:[   67] Training loss: 0.01573953, Validation loss: 0.01728168, Gradient norm: 0.05451399
INFO:root:At the start of the epoch: mem (CPU python)=17635.4140625MB; mem (CPU total)=21776.55078125MB
INFO:root:[   68] Training loss: 0.01571574, Validation loss: 0.01723506, Gradient norm: 0.05382160
INFO:root:At the start of the epoch: mem (CPU python)=17711.68359375MB; mem (CPU total)=21816.8046875MB
INFO:root:[   69] Training loss: 0.01570269, Validation loss: 0.01725044, Gradient norm: 0.05468665
INFO:root:At the start of the epoch: mem (CPU python)=17759.00390625MB; mem (CPU total)=21950.4609375MB
INFO:root:[   70] Training loss: 0.01569680, Validation loss: 0.01737784, Gradient norm: 0.05585148
INFO:root:At the start of the epoch: mem (CPU python)=17823.359375MB; mem (CPU total)=22042.828125MB
INFO:root:[   71] Training loss: 0.01567506, Validation loss: 0.01738138, Gradient norm: 0.05354214
INFO:root:At the start of the epoch: mem (CPU python)=17882.59375MB; mem (CPU total)=22124.43359375MB
INFO:root:[   72] Training loss: 0.01568130, Validation loss: 0.01718454, Gradient norm: 0.05873737
INFO:root:At the start of the epoch: mem (CPU python)=17944.05859375MB; mem (CPU total)=22207.7734375MB
INFO:root:[   73] Training loss: 0.01567286, Validation loss: 0.01711582, Gradient norm: 0.05722142
INFO:root:At the start of the epoch: mem (CPU python)=18020.12109375MB; mem (CPU total)=22293.08203125MB
INFO:root:[   74] Training loss: 0.01563949, Validation loss: 0.01730973, Gradient norm: 0.04968354
INFO:root:At the start of the epoch: mem (CPU python)=18067.71484375MB; mem (CPU total)=22383.8203125MB
INFO:root:[   75] Training loss: 0.01564174, Validation loss: 0.01717228, Gradient norm: 0.05572790
INFO:root:At the start of the epoch: mem (CPU python)=18132.17578125MB; mem (CPU total)=22476.171875MB
INFO:root:[   76] Training loss: 0.01562257, Validation loss: 0.01713958, Gradient norm: 0.05466347
INFO:root:At the start of the epoch: mem (CPU python)=18191.359375MB; mem (CPU total)=22557.53125MB
INFO:root:[   77] Training loss: 0.01563248, Validation loss: 0.01714042, Gradient norm: 0.05775826
INFO:root:At the start of the epoch: mem (CPU python)=18253.0546875MB; mem (CPU total)=22639.8984375MB
INFO:root:[   78] Training loss: 0.01560283, Validation loss: 0.01710770, Gradient norm: 0.05219625
INFO:root:At the start of the epoch: mem (CPU python)=18314.8359375MB; mem (CPU total)=22730.73046875MB
INFO:root:[   79] Training loss: 0.01558933, Validation loss: 0.01707491, Gradient norm: 0.04876984
INFO:root:At the start of the epoch: mem (CPU python)=18379.10546875MB; mem (CPU total)=22816.0859375MB
INFO:root:[   80] Training loss: 0.01559651, Validation loss: 0.01710270, Gradient norm: 0.05485115
INFO:root:At the start of the epoch: mem (CPU python)=18431.2578125MB; mem (CPU total)=22895.0390625MB
INFO:root:[   81] Training loss: 0.01559046, Validation loss: 0.01711911, Gradient norm: 0.05175699
INFO:root:At the start of the epoch: mem (CPU python)=18497.19140625MB; mem (CPU total)=22987.3046875MB
INFO:root:[   82] Training loss: 0.01558912, Validation loss: 0.01725899, Gradient norm: 0.05496708
INFO:root:At the start of the epoch: mem (CPU python)=18561.89453125MB; mem (CPU total)=23072.53515625MB
INFO:root:[   83] Training loss: 0.01556938, Validation loss: 0.01702942, Gradient norm: 0.05509634
INFO:root:At the start of the epoch: mem (CPU python)=18623.33984375MB; mem (CPU total)=23163.08984375MB
INFO:root:[   84] Training loss: 0.01555855, Validation loss: 0.01711600, Gradient norm: 0.05041240
INFO:root:At the start of the epoch: mem (CPU python)=18687.86328125MB; mem (CPU total)=23250.2578125MB
INFO:root:[   85] Training loss: 0.01555573, Validation loss: 0.01731076, Gradient norm: 0.05619845
INFO:root:At the start of the epoch: mem (CPU python)=18749.6640625MB; mem (CPU total)=23335.39453125MB
INFO:root:[   86] Training loss: 0.01556931, Validation loss: 0.01707071, Gradient norm: 0.05951830
INFO:root:At the start of the epoch: mem (CPU python)=18811.43359375MB; mem (CPU total)=23423.37890625MB
INFO:root:[   87] Training loss: 0.01554697, Validation loss: 0.01713337, Gradient norm: 0.05732499
INFO:root:At the start of the epoch: mem (CPU python)=18873.2421875MB; mem (CPU total)=23507.15234375MB
INFO:root:[   88] Training loss: 0.01553066, Validation loss: 0.01704928, Gradient norm: 0.05048967
INFO:root:At the start of the epoch: mem (CPU python)=18934.92578125MB; mem (CPU total)=23597.0625MB
INFO:root:[   89] Training loss: 0.01551459, Validation loss: 0.01702925, Gradient norm: 0.04984390
INFO:root:At the start of the epoch: mem (CPU python)=18996.73828125MB; mem (CPU total)=23680.44921875MB
INFO:root:[   90] Training loss: 0.01551598, Validation loss: 0.01719919, Gradient norm: 0.05243262
INFO:root:At the start of the epoch: mem (CPU python)=19070.2734375MB; mem (CPU total)=23715.95703125MB
INFO:root:[   91] Training loss: 0.01552568, Validation loss: 0.01702429, Gradient norm: 0.05572242
INFO:root:At the start of the epoch: mem (CPU python)=19121.484375MB; mem (CPU total)=23856.58984375MB
INFO:root:[   92] Training loss: 0.01552815, Validation loss: 0.01701650, Gradient norm: 0.05874674
INFO:root:At the start of the epoch: mem (CPU python)=19183.21484375MB; mem (CPU total)=23940.78515625MB
INFO:root:[   93] Training loss: 0.01550649, Validation loss: 0.01702854, Gradient norm: 0.05617880
INFO:root:At the start of the epoch: mem (CPU python)=19245.1171875MB; mem (CPU total)=24031.41796875MB
INFO:root:[   94] Training loss: 0.01549578, Validation loss: 0.01705191, Gradient norm: 0.05238030
INFO:root:At the start of the epoch: mem (CPU python)=19305.57421875MB; mem (CPU total)=24113.5625MB
INFO:root:[   95] Training loss: 0.01548392, Validation loss: 0.01718384, Gradient norm: 0.05163624
INFO:root:At the start of the epoch: mem (CPU python)=19367.27734375MB; mem (CPU total)=24196.546875MB
INFO:root:[   96] Training loss: 0.01548013, Validation loss: 0.01699988, Gradient norm: 0.05422503
INFO:root:At the start of the epoch: mem (CPU python)=19428.83984375MB; mem (CPU total)=24284.4609375MB
INFO:root:[   97] Training loss: 0.01548625, Validation loss: 0.01705781, Gradient norm: 0.05527360
INFO:root:At the start of the epoch: mem (CPU python)=19490.55078125MB; mem (CPU total)=24370.5078125MB
INFO:root:[   98] Training loss: 0.01548870, Validation loss: 0.01726340, Gradient norm: 0.05835576
INFO:root:At the start of the epoch: mem (CPU python)=19552.28515625MB; mem (CPU total)=24461.5078125MB
INFO:root:[   99] Training loss: 0.01547965, Validation loss: 0.01699267, Gradient norm: 0.05776563
INFO:root:At the start of the epoch: mem (CPU python)=19614.23046875MB; mem (CPU total)=24542.48046875MB
INFO:root:[  100] Training loss: 0.01544907, Validation loss: 0.01694583, Gradient norm: 0.05247170
INFO:root:At the start of the epoch: mem (CPU python)=19676.046875MB; mem (CPU total)=24626.6953125MB
INFO:root:[  101] Training loss: 0.01544606, Validation loss: 0.01700238, Gradient norm: 0.04922524
INFO:root:At the start of the epoch: mem (CPU python)=19735.03125MB; mem (CPU total)=24717.8046875MB
INFO:root:[  102] Training loss: 0.01548627, Validation loss: 0.01691672, Gradient norm: 0.05920543
INFO:root:At the start of the epoch: mem (CPU python)=19799.55859375MB; mem (CPU total)=24800.55859375MB
INFO:root:[  103] Training loss: 0.01544892, Validation loss: 0.01692077, Gradient norm: 0.05286956
INFO:root:At the start of the epoch: mem (CPU python)=19861.0234375MB; mem (CPU total)=24890.8046875MB
INFO:root:[  104] Training loss: 0.01542803, Validation loss: 0.01697720, Gradient norm: 0.05019203
INFO:root:At the start of the epoch: mem (CPU python)=19922.859375MB; mem (CPU total)=24975.09765625MB
INFO:root:[  105] Training loss: 0.01544976, Validation loss: 0.01696361, Gradient norm: 0.05846970
INFO:root:At the start of the epoch: mem (CPU python)=19982.12890625MB; mem (CPU total)=25056.7578125MB
INFO:root:[  106] Training loss: 0.01542255, Validation loss: 0.01694135, Gradient norm: 0.05152102
INFO:root:At the start of the epoch: mem (CPU python)=20043.62890625MB; mem (CPU total)=25188.89453125MB
INFO:root:[  107] Training loss: 0.01542652, Validation loss: 0.01706004, Gradient norm: 0.05387523
INFO:root:At the start of the epoch: mem (CPU python)=20105.5625MB; mem (CPU total)=25229.6171875MB
INFO:root:[  108] Training loss: 0.01541509, Validation loss: 0.01703467, Gradient norm: 0.05143726
INFO:root:At the start of the epoch: mem (CPU python)=20170.015625MB; mem (CPU total)=25323.36328125MB
INFO:root:Learning rate reduced to: 0.000625
INFO:root:[  109] Training loss: 0.01541762, Validation loss: 0.01692660, Gradient norm: 0.05195542
INFO:root:At the start of the epoch: mem (CPU python)=20222.4921875MB; mem (CPU total)=25399.3515625MB
INFO:root:Learning rate reduced to: 0.0003125
INFO:root:[  110] Training loss: 0.01528506, Validation loss: 0.01680268, Gradient norm: 0.04077874
INFO:root:At the start of the epoch: mem (CPU python)=20284.43359375MB; mem (CPU total)=25481.7890625MB
INFO:root:[  111] Training loss: 0.01521815, Validation loss: 0.01676580, Gradient norm: 0.03148759
INFO:root:At the start of the epoch: mem (CPU python)=20355.16015625MB; mem (CPU total)=25581.8671875MB
INFO:root:[  112] Training loss: 0.01520564, Validation loss: 0.01678874, Gradient norm: 0.03419838
INFO:root:At the start of the epoch: mem (CPU python)=20416.96484375MB; mem (CPU total)=25666.9609375MB
INFO:root:[  113] Training loss: 0.01519987, Validation loss: 0.01676817, Gradient norm: 0.03253121
INFO:root:At the start of the epoch: mem (CPU python)=20478.8125MB; mem (CPU total)=25757.05078125MB
INFO:root:[  114] Training loss: 0.01519105, Validation loss: 0.01679756, Gradient norm: 0.03197990
INFO:root:At the start of the epoch: mem (CPU python)=20540.41015625MB; mem (CPU total)=25840.80859375MB
INFO:root:[  115] Training loss: 0.01517811, Validation loss: 0.01680506, Gradient norm: 0.03288709
INFO:root:At the start of the epoch: mem (CPU python)=20602.19140625MB; mem (CPU total)=25925.35546875MB
INFO:root:[  116] Training loss: 0.01517707, Validation loss: 0.01676834, Gradient norm: 0.03490223
INFO:root:At the start of the epoch: mem (CPU python)=20664.04296875MB; mem (CPU total)=26014.37890625MB
INFO:root:[  117] Training loss: 0.01516537, Validation loss: 0.01676562, Gradient norm: 0.03294414
INFO:root:At the start of the epoch: mem (CPU python)=20729.51953125MB; mem (CPU total)=26094.7265625MB
INFO:root:[  118] Training loss: 0.01516216, Validation loss: 0.01673592, Gradient norm: 0.03250320
INFO:root:At the start of the epoch: mem (CPU python)=20787.4921875MB; mem (CPU total)=26191.046875MB
INFO:root:[  119] Training loss: 0.01516428, Validation loss: 0.01673008, Gradient norm: 0.03426977
INFO:root:At the start of the epoch: mem (CPU python)=20841.2421875MB; mem (CPU total)=26268.8515625MB
INFO:root:[  120] Training loss: 0.01515555, Validation loss: 0.01673224, Gradient norm: 0.03341319
INFO:root:At the start of the epoch: mem (CPU python)=20908.16015625MB; mem (CPU total)=26357.26171875MB
INFO:root:[  121] Training loss: 0.01515300, Validation loss: 0.01674141, Gradient norm: 0.03345995
INFO:root:At the start of the epoch: mem (CPU python)=20972.64453125MB; mem (CPU total)=26450.4609375MB
INFO:root:[  122] Training loss: 0.01516019, Validation loss: 0.01674995, Gradient norm: 0.03600908
INFO:root:At the start of the epoch: mem (CPU python)=21025.47265625MB; mem (CPU total)=26524.25MB
INFO:root:[  123] Training loss: 0.01515097, Validation loss: 0.01671554, Gradient norm: 0.03684541
INFO:root:At the start of the epoch: mem (CPU python)=21096.3828125MB; mem (CPU total)=26624.52734375MB
INFO:root:[  124] Training loss: 0.01514759, Validation loss: 0.01674026, Gradient norm: 0.03120844
INFO:root:At the start of the epoch: mem (CPU python)=21152.74609375MB; mem (CPU total)=26704.578125MB
INFO:root:[  125] Training loss: 0.01514127, Validation loss: 0.01672470, Gradient norm: 0.03363597
INFO:root:At the start of the epoch: mem (CPU python)=21219.7109375MB; mem (CPU total)=26792.375MB
INFO:root:[  126] Training loss: 0.01514579, Validation loss: 0.01672871, Gradient norm: 0.03402095
INFO:root:At the start of the epoch: mem (CPU python)=21281.72265625MB; mem (CPU total)=26884.46484375MB
INFO:root:[  127] Training loss: 0.01514326, Validation loss: 0.01674696, Gradient norm: 0.03290535
INFO:root:At the start of the epoch: mem (CPU python)=21343.25390625MB; mem (CPU total)=26966.59765625MB
INFO:root:[  128] Training loss: 0.01513738, Validation loss: 0.01671811, Gradient norm: 0.03493785
INFO:root:At the start of the epoch: mem (CPU python)=21404.99609375MB; mem (CPU total)=27056.61328125MB
INFO:root:[  129] Training loss: 0.01513376, Validation loss: 0.01671593, Gradient norm: 0.03484021
INFO:root:At the start of the epoch: mem (CPU python)=21457.84375MB; mem (CPU total)=27129.6875MB
INFO:root:Learning rate reduced to: 0.00015625
INFO:root:[  130] Training loss: 0.01512867, Validation loss: 0.01670714, Gradient norm: 0.03349121
INFO:root:At the start of the epoch: mem (CPU python)=21528.44921875MB; mem (CPU total)=27224.640625MB
INFO:root:[  131] Training loss: 0.01509884, Validation loss: 0.01669249, Gradient norm: 0.02759938
INFO:root:At the start of the epoch: mem (CPU python)=21590.1640625MB; mem (CPU total)=27313.921875MB
INFO:root:[  132] Training loss: 0.01509357, Validation loss: 0.01666167, Gradient norm: 0.02885017
INFO:root:At the start of the epoch: mem (CPU python)=21644.14453125MB; mem (CPU total)=27390.453125MB
INFO:root:[  133] Training loss: 0.01507985, Validation loss: 0.01667926, Gradient norm: 0.02933665
INFO:root:At the start of the epoch: mem (CPU python)=21713.88671875MB; mem (CPU total)=27488.45703125MB
INFO:root:[  134] Training loss: 0.01507914, Validation loss: 0.01666847, Gradient norm: 0.02888220
INFO:root:At the start of the epoch: mem (CPU python)=21775.5390625MB; mem (CPU total)=27575.6953125MB
INFO:root:[  135] Training loss: 0.01507218, Validation loss: 0.01666856, Gradient norm: 0.02781786
INFO:root:At the start of the epoch: mem (CPU python)=21841.0234375MB; mem (CPU total)=27654.45703125MB
INFO:root:[  136] Training loss: 0.01506777, Validation loss: 0.01664037, Gradient norm: 0.02853354
INFO:root:At the start of the epoch: mem (CPU python)=21902.50390625MB; mem (CPU total)=27744.3671875MB
INFO:root:[  137] Training loss: 0.01507718, Validation loss: 0.01667239, Gradient norm: 0.02967429
INFO:root:At the start of the epoch: mem (CPU python)=21960.81640625MB; mem (CPU total)=27832.93359375MB
INFO:root:[  138] Training loss: 0.01506677, Validation loss: 0.01666447, Gradient norm: 0.02790544
INFO:root:At the start of the epoch: mem (CPU python)=22022.375MB; mem (CPU total)=27922.3984375MB
INFO:root:[  139] Training loss: 0.01506228, Validation loss: 0.01666757, Gradient norm: 0.02868515
INFO:root:At the start of the epoch: mem (CPU python)=22084.2265625MB; mem (CPU total)=28005.625MB
INFO:root:[  140] Training loss: 0.01507292, Validation loss: 0.01669533, Gradient norm: 0.03028639
INFO:root:At the start of the epoch: mem (CPU python)=22146.078125MB; mem (CPU total)=28089.59375MB
INFO:root:[  141] Training loss: 0.01506905, Validation loss: 0.01664640, Gradient norm: 0.02839777
INFO:root:At the start of the epoch: mem (CPU python)=22207.9453125MB; mem (CPU total)=28180.66796875MB
INFO:root:[  142] Training loss: 0.01506620, Validation loss: 0.01665376, Gradient norm: 0.02966834
INFO:root:At the start of the epoch: mem (CPU python)=22267.0234375MB; mem (CPU total)=28262.21484375MB
INFO:root:Learning rate reduced to: 7.8125e-05
INFO:root:[  143] Training loss: 0.01505823, Validation loss: 0.01665711, Gradient norm: 0.02746904
INFO:root:At the start of the epoch: mem (CPU python)=22322.47265625MB; mem (CPU total)=28342.5MB
INFO:root:[  144] Training loss: 0.01504578, Validation loss: 0.01664586, Gradient norm: 0.02554433
INFO:root:At the start of the epoch: mem (CPU python)=22392.87890625MB; mem (CPU total)=28439.109375MB
INFO:root:[  145] Training loss: 0.01504470, Validation loss: 0.01662593, Gradient norm: 0.02550331
INFO:root:At the start of the epoch: mem (CPU python)=22454.7890625MB; mem (CPU total)=28520.8203125MB
INFO:root:[  146] Training loss: 0.01504228, Validation loss: 0.01665314, Gradient norm: 0.02567298
INFO:root:At the start of the epoch: mem (CPU python)=22507.078125MB; mem (CPU total)=28644.55078125MB
INFO:root:[  147] Training loss: 0.01504583, Validation loss: 0.01664730, Gradient norm: 0.02676736
INFO:root:At the start of the epoch: mem (CPU python)=22578.12890625MB; mem (CPU total)=28696.9375MB
INFO:root:[  148] Training loss: 0.01503726, Validation loss: 0.01664633, Gradient norm: 0.02613081
INFO:root:At the start of the epoch: mem (CPU python)=22637.453125MB; mem (CPU total)=28782.5546875MB
INFO:root:[  149] Training loss: 0.01503594, Validation loss: 0.01665388, Gradient norm: 0.02506257
INFO:root:At the start of the epoch: mem (CPU python)=22692.765625MB; mem (CPU total)=28860.2109375MB
INFO:root:[  150] Training loss: 0.01503886, Validation loss: 0.01663561, Gradient norm: 0.02592983
INFO:root:At the start of the epoch: mem (CPU python)=22758.39453125MB; mem (CPU total)=28949.8203125MB
INFO:root:[  151] Training loss: 0.01503737, Validation loss: 0.01665604, Gradient norm: 0.02582524
INFO:root:At the start of the epoch: mem (CPU python)=22825.3984375MB; mem (CPU total)=29045.56640625MB
INFO:root:[  152] Training loss: 0.01503188, Validation loss: 0.01663488, Gradient norm: 0.02508054
INFO:root:At the start of the epoch: mem (CPU python)=22892.47265625MB; mem (CPU total)=29105.01171875MB
INFO:root:[  153] Training loss: 0.01503224, Validation loss: 0.01663797, Gradient norm: 0.02457734
INFO:root:At the start of the epoch: mem (CPU python)=22948.8125MB; mem (CPU total)=29216.984375MB
INFO:root:[  154] Training loss: 0.01503371, Validation loss: 0.01664844, Gradient norm: 0.02635963
INFO:root:At the start of the epoch: mem (CPU python)=23010.53125MB; mem (CPU total)=29305.03125MB
INFO:root:EP 154: Early stopping
INFO:root:After finishing all epochs: mem (CPU python)=23072.31640625MB; mem (CPU total)=29386.76171875MB
INFO:root:Training the model took 75100.589s.
INFO:root:Emptying the cuda cache took 0.046s.
INFO:root:Starting evaluation: model FNO & uncertainty quantification dropout
INFO:root:Evaluating the model on Validation data.
INFO:root:MSEValidation: 0.01515
INFO:root:EnergyScoreValidation: 0.01174
INFO:root:CRPSValidation: 0.01264
INFO:root:Gaussian NLLValidation: -1.30924
INFO:root:CoverageValidation: 0.63572
INFO:root:IntervalWidthValidation: 0.03587
INFO:root:Evaluating the model on Test data.
INFO:root:MSETest: 0.02411
INFO:root:EnergyScoreTest: 0.02023
INFO:root:CRPSTest: 0.0215
INFO:root:Gaussian NLLTest: 2.35702
INFO:root:CoverageTest: 0.44436
INFO:root:IntervalWidthTest: 0.03521
INFO:root:After validation: mem (CPU python)=23483.21484375MB; mem (CPU total)=29643.4296875MB
