INFO:root:Starting the logger.
INFO:root:Using cuda.
INFO:root:: mem (CPU python)=574.4453125MB; mem (CPU total)=1076.6328125MB
INFO:root:############### Starting experiment with config file ks/fno_sr_reparam_n_samples2.ini ###############
INFO:root:###1 out of 1 data set parameter combinations ###
INFO:root:Data parameters: {'dataset_name': 'KS', 'max_training_set_size': 10000, 'downscaling_factor': 1, 'temporal_downscaling': 2, 'init_steps': 20, 't_start': 0, 'pred_horizon': 20}
INFO:root:After loading the datasets: mem (CPU python)=12453.7578125MB; mem (CPU total)=1086.1953125MB
INFO:root:###1 out of 9 training parameter combinations ###
INFO:root:Training parameters: {'seed': 1, 'model': 'FNO', 'uncertainty_quantification': 'scoring-rule-reparam', 'batch_size': 64, 'n_epochs': 1000, 'early_stopping': 10, 'init': 'default', 'learning_rate': 0.001, 'lr_schedule': 'step', 'optimizer': 'adam', 'gradient_clipping': 1, 'layer_normalization': True, 'data_loader_pin_memory': False, 'data_loader_num_workers': 0, 'distributed_training': False, 'alpha': 0.05, 'n_samples_uq': 100, 'weight_decay': 0, 'dropout': 0.1, 'fourier_dropout': None, 'hidden_channels': 20, 'projection_channels': 128, 'lifting_channels': 128, 'n_modes': (10, 12), 'n_samples': 10}
INFO:root:After creating the dataloaders: mem (CPU python)=12453.7578125MB; mem (CPU total)=1085.41015625MB
INFO:root:NumberParameters: 234406
INFO:root:GPU memory allocated: 2097152
INFO:root:After setting up the model: mem (CPU python)=12453.7578125MB; mem (CPU total)=2286.03125MB
INFO:root:Training starts now.
INFO:root:At the start of the epoch: mem (CPU python)=12453.7578125MB; mem (CPU total)=2300.0234375MB
INFO:root:[    1] Training loss: 0.72470799, Validation loss: 0.72049884, Gradient norm: 0.01806598
INFO:root:At the start of the epoch: mem (CPU python)=12453.7578125MB; mem (CPU total)=3500.75390625MB
INFO:root:[    2] Training loss: 0.71966699, Validation loss: 0.71888311, Gradient norm: 0.00527700
INFO:root:At the start of the epoch: mem (CPU python)=12453.7578125MB; mem (CPU total)=3551.8125MB
INFO:root:[    3] Training loss: 0.71801849, Validation loss: 0.71530220, Gradient norm: 0.00683408
INFO:root:At the start of the epoch: mem (CPU python)=12453.7578125MB; mem (CPU total)=3589.75MB
INFO:root:[    4] Training loss: 0.71203693, Validation loss: 0.70561804, Gradient norm: 0.01436709
INFO:root:At the start of the epoch: mem (CPU python)=12453.7578125MB; mem (CPU total)=3627.8125MB
INFO:root:[    5] Training loss: 0.70467976, Validation loss: 0.69855780, Gradient norm: 0.02358656
INFO:root:At the start of the epoch: mem (CPU python)=12453.7578125MB; mem (CPU total)=3666.22265625MB
INFO:root:[    6] Training loss: 0.69881570, Validation loss: 0.69180104, Gradient norm: 0.03079048
INFO:root:At the start of the epoch: mem (CPU python)=12453.7578125MB; mem (CPU total)=3704.359375MB
INFO:root:[    7] Training loss: 0.69270435, Validation loss: 0.68490113, Gradient norm: 0.02747653
INFO:root:At the start of the epoch: mem (CPU python)=12453.7578125MB; mem (CPU total)=3755.28125MB
INFO:root:[    8] Training loss: 0.68714091, Validation loss: 0.67965904, Gradient norm: 0.03185142
INFO:root:At the start of the epoch: mem (CPU python)=12453.7578125MB; mem (CPU total)=3793.421875MB
INFO:root:[    9] Training loss: 0.68206822, Validation loss: 0.67331147, Gradient norm: 0.02882813
INFO:root:At the start of the epoch: mem (CPU python)=12453.7578125MB; mem (CPU total)=3831.7265625MB
INFO:root:[   10] Training loss: 0.67755370, Validation loss: 0.66834046, Gradient norm: 0.03162474
INFO:root:At the start of the epoch: mem (CPU python)=12453.7578125MB; mem (CPU total)=3869.4375MB
INFO:root:[   11] Training loss: 0.67374026, Validation loss: 0.66427071, Gradient norm: 0.03298676
INFO:root:At the start of the epoch: mem (CPU python)=12453.7578125MB; mem (CPU total)=3907.59375MB
INFO:root:[   12] Training loss: 0.67060188, Validation loss: 0.66143869, Gradient norm: 0.03222027
INFO:root:At the start of the epoch: mem (CPU python)=12453.7578125MB; mem (CPU total)=3945.9453125MB
INFO:root:[   13] Training loss: 0.66797679, Validation loss: 0.65810426, Gradient norm: 0.03401112
INFO:root:At the start of the epoch: mem (CPU python)=12453.7578125MB; mem (CPU total)=3984.09765625MB
