INFO:root:Starting the logger.
INFO:root:Using cuda.
INFO:root:: mem (CPU python)=579.71875MB; mem (CPU total)=1152.02734375MB
INFO:root:############### Starting experiment with config file era5/fno_laplace.ini ###############
INFO:root:###1 out of 1 data set parameter combinations ###
INFO:root:Data parameters: {'dataset_name': 'era5', 'max_training_set_size': 20000, 'init_steps': 10, 'pred_horizon': 10}
INFO:root:After loading the datasets: mem (CPU python)=5498.72265625MB; mem (CPU total)=1192.6484375MB
INFO:root:###1 out of 2 training parameter combinations ###
INFO:root:Training parameters: {'seed': 1, 'model': 'FNO', 'uncertainty_quantification': 'laplace', 'batch_size': 16, 'n_epochs': 1000, 'early_stopping': 10, 'init': 'default', 'learning_rate': 0.01, 'lr_schedule': 'step', 'optimizer': 'adam', 'gradient_clipping': 1, 'layer_normalization': True, 'data_loader_pin_memory': False, 'data_loader_num_workers': 0, 'distributed_training': False, 'alpha': 0.05, 'n_samples_uq': 100, 'weight_decay': 0, 'dropout': 0.01, 'fourier_dropout': None, 'hidden_channels': 20, 'projection_channels': 128, 'lifting_channels': 128, 'n_modes': (10, 12, 12), 'n_samples': 3}
INFO:root:After creating the dataloaders: mem (CPU python)=5498.72265625MB; mem (CPU total)=1191.63671875MB
INFO:root:NumberParameters: 2695717
INFO:root:GPU memory allocated: 23068672
INFO:root:After setting up the model: mem (CPU python)=5498.72265625MB; mem (CPU total)=2556.19921875MB
INFO:root:Training starts now.
INFO:root:At the start of the epoch: mem (CPU python)=5498.72265625MB; mem (CPU total)=2562.5234375MB
INFO:root:[    1] Training loss: 0.03139523, Validation loss: 0.02533580, Gradient norm: 0.18059030
INFO:root:At the start of the epoch: mem (CPU python)=5498.72265625MB; mem (CPU total)=3846.828125MB
INFO:root:[    2] Training loss: 0.02556501, Validation loss: 0.02576179, Gradient norm: 0.14362576
INFO:root:At the start of the epoch: mem (CPU python)=5498.72265625MB; mem (CPU total)=3910.6484375MB
INFO:root:[    3] Training loss: 0.02441510, Validation loss: 0.02365393, Gradient norm: 0.13849144
INFO:root:At the start of the epoch: mem (CPU python)=5498.72265625MB; mem (CPU total)=3977.1875MB
INFO:root:[    4] Training loss: 0.02311719, Validation loss: 0.02461326, Gradient norm: 0.12983985
INFO:root:At the start of the epoch: mem (CPU python)=5498.72265625MB; mem (CPU total)=4037.0078125MB
INFO:root:[    5] Training loss: 0.02205885, Validation loss: 0.02142102, Gradient norm: 0.12191699
INFO:root:At the start of the epoch: mem (CPU python)=5498.72265625MB; mem (CPU total)=4098.7421875MB
INFO:root:[    6] Training loss: 0.02102957, Validation loss: 0.02250087, Gradient norm: 0.12417366
INFO:root:At the start of the epoch: mem (CPU python)=5498.72265625MB; mem (CPU total)=4232.02734375MB
INFO:root:[    7] Training loss: 0.02055213, Validation loss: 0.02061105, Gradient norm: 0.13619811
INFO:root:At the start of the epoch: mem (CPU python)=5498.72265625MB; mem (CPU total)=4221.10546875MB
INFO:root:[    8] Training loss: 0.01979346, Validation loss: 0.01999143, Gradient norm: 0.13103061
INFO:root:At the start of the epoch: mem (CPU python)=5498.72265625MB; mem (CPU total)=4282.359375MB
INFO:root:[    9] Training loss: 0.01930104, Validation loss: 0.01988734, Gradient norm: 0.13119207
INFO:root:At the start of the epoch: mem (CPU python)=5498.72265625MB; mem (CPU total)=4343.6015625MB
INFO:root:[   10] Training loss: 0.01901747, Validation loss: 0.01907935, Gradient norm: 0.12371795
INFO:root:At the start of the epoch: mem (CPU python)=5498.72265625MB; mem (CPU total)=4403.00390625MB
INFO:root:[   11] Training loss: 0.01864727, Validation loss: 0.01926957, Gradient norm: 0.12687171
INFO:root:At the start of the epoch: mem (CPU python)=5498.72265625MB; mem (CPU total)=4466.9921875MB
INFO:root:[   12] Training loss: 0.01837597, Validation loss: 0.01941072, Gradient norm: 0.12576153
INFO:root:At the start of the epoch: mem (CPU python)=5498.72265625MB; mem (CPU total)=4528.44921875MB
INFO:root:[   13] Training loss: 0.01803192, Validation loss: 0.01896633, Gradient norm: 0.11576501
INFO:root:At the start of the epoch: mem (CPU python)=5498.72265625MB; mem (CPU total)=4603.140625MB
INFO:root:[   14] Training loss: 0.01819643, Validation loss: 0.01855102, Gradient norm: 0.13171529
INFO:root:At the start of the epoch: mem (CPU python)=5498.72265625MB; mem (CPU total)=4652.72265625MB
INFO:root:[   15] Training loss: 0.01794950, Validation loss: 0.01854545, Gradient norm: 0.13217038
INFO:root:At the start of the epoch: mem (CPU python)=5498.72265625MB; mem (CPU total)=4713.4296875MB
INFO:root:[   16] Training loss: 0.01783342, Validation loss: 0.01911672, Gradient norm: 0.13025697
INFO:root:At the start of the epoch: mem (CPU python)=5498.72265625MB; mem (CPU total)=4776.578125MB
INFO:root:[   17] Training loss: 0.01755991, Validation loss: 0.01809197, Gradient norm: 0.12786503
INFO:root:At the start of the epoch: mem (CPU python)=5498.72265625MB; mem (CPU total)=4836.89453125MB
INFO:root:[   18] Training loss: 0.01738530, Validation loss: 0.01794432, Gradient norm: 0.12033869
INFO:root:At the start of the epoch: mem (CPU python)=5498.72265625MB; mem (CPU total)=4897.6796875MB
INFO:root:[   19] Training loss: 0.01722344, Validation loss: 0.01826750, Gradient norm: 0.12351838
INFO:root:At the start of the epoch: mem (CPU python)=5498.72265625MB; mem (CPU total)=4959.83203125MB
INFO:root:[   20] Training loss: 0.01705462, Validation loss: 0.01807419, Gradient norm: 0.11943981
INFO:root:At the start of the epoch: mem (CPU python)=5498.72265625MB; mem (CPU total)=5022.05078125MB
INFO:root:[   21] Training loss: 0.01932548, Validation loss: 0.01754424, Gradient norm: 0.15112607
INFO:root:At the start of the epoch: mem (CPU python)=5498.72265625MB; mem (CPU total)=5083.9921875MB
INFO:root:[   22] Training loss: 0.01703117, Validation loss: 0.01781185, Gradient norm: 0.12859915
INFO:root:At the start of the epoch: mem (CPU python)=5498.72265625MB; mem (CPU total)=5156.0859375MB
INFO:root:[   23] Training loss: 0.01679476, Validation loss: 0.01732429, Gradient norm: 0.12010580
INFO:root:At the start of the epoch: mem (CPU python)=5498.72265625MB; mem (CPU total)=5215.40625MB
INFO:root:[   24] Training loss: 0.01667191, Validation loss: 0.01756216, Gradient norm: 0.11406980
INFO:root:At the start of the epoch: mem (CPU python)=5498.72265625MB; mem (CPU total)=5270.7421875MB
INFO:root:[   25] Training loss: 0.01666303, Validation loss: 0.01728954, Gradient norm: 0.10990463
INFO:root:At the start of the epoch: mem (CPU python)=5498.72265625MB; mem (CPU total)=5331.69140625MB
INFO:root:[   26] Training loss: 0.01695428, Validation loss: 0.01930995, Gradient norm: 0.14211717
INFO:root:At the start of the epoch: mem (CPU python)=5526.3984375MB; mem (CPU total)=5393.10546875MB
INFO:root:[   27] Training loss: 0.01659426, Validation loss: 0.01708414, Gradient norm: 0.12612112
INFO:root:At the start of the epoch: mem (CPU python)=5587.8125MB; mem (CPU total)=5454.45703125MB
INFO:root:[   28] Training loss: 0.01658852, Validation loss: 0.01687986, Gradient norm: 0.12514874
INFO:root:At the start of the epoch: mem (CPU python)=5645.71875MB; mem (CPU total)=5517.80859375MB
INFO:root:[   29] Training loss: 0.01650268, Validation loss: 0.01758563, Gradient norm: 0.13237983
INFO:root:At the start of the epoch: mem (CPU python)=5710.73828125MB; mem (CPU total)=5590.5625MB
INFO:root:[   30] Training loss: 0.01634729, Validation loss: 0.01668396, Gradient norm: 0.11689185
INFO:root:At the start of the epoch: mem (CPU python)=5772.58984375MB; mem (CPU total)=5652.578125MB
INFO:root:[   31] Training loss: 0.01628525, Validation loss: 0.01695742, Gradient norm: 0.12009461
INFO:root:At the start of the epoch: mem (CPU python)=5834.796875MB; mem (CPU total)=5701.62109375MB
INFO:root:[   32] Training loss: 0.01639693, Validation loss: 0.01669002, Gradient norm: 0.12706988
INFO:root:At the start of the epoch: mem (CPU python)=5895.49609375MB; mem (CPU total)=5762.3515625MB
INFO:root:[   33] Training loss: 0.01612043, Validation loss: 0.01657562, Gradient norm: 0.11038716
INFO:root:At the start of the epoch: mem (CPU python)=5950.58984375MB; mem (CPU total)=5823.31640625MB
INFO:root:[   34] Training loss: 0.01632054, Validation loss: 0.01672633, Gradient norm: 0.12204133
INFO:root:At the start of the epoch: mem (CPU python)=6019.203125MB; mem (CPU total)=5885.50390625MB
INFO:root:[   35] Training loss: 0.01611789, Validation loss: 0.01721397, Gradient norm: 0.12188089
INFO:root:At the start of the epoch: mem (CPU python)=6080.2578125MB; mem (CPU total)=5946.96484375MB
INFO:root:[   36] Training loss: 0.01643228, Validation loss: 0.01726065, Gradient norm: 0.13809132
INFO:root:At the start of the epoch: mem (CPU python)=6139.99609375MB; mem (CPU total)=6028.140625MB
INFO:root:[   37] Training loss: 0.01606360, Validation loss: 0.01665068, Gradient norm: 0.11322547
INFO:root:At the start of the epoch: mem (CPU python)=6206.06640625MB; mem (CPU total)=6146.0859375MB
INFO:root:[   38] Training loss: 0.01586883, Validation loss: 0.01643341, Gradient norm: 0.11002512
INFO:root:At the start of the epoch: mem (CPU python)=6267.0390625MB; mem (CPU total)=6131.58203125MB
INFO:root:[   39] Training loss: 0.03253282, Validation loss: 0.03062246, Gradient norm: 0.21497833
INFO:root:At the start of the epoch: mem (CPU python)=6328.52734375MB; mem (CPU total)=6193.765625MB
INFO:root:[   40] Training loss: 0.02973578, Validation loss: 0.02967638, Gradient norm: 0.16811750
INFO:root:At the start of the epoch: mem (CPU python)=6382.16796875MB; mem (CPU total)=6256.84765625MB
INFO:root:[   41] Training loss: 0.02747700, Validation loss: 0.02590282, Gradient norm: 0.15072664
INFO:root:At the start of the epoch: mem (CPU python)=6452.296875MB; mem (CPU total)=6317.625MB
INFO:root:[   42] Training loss: 0.02645271, Validation loss: 0.02544406, Gradient norm: 0.15446426
INFO:root:At the start of the epoch: mem (CPU python)=6514.12890625MB; mem (CPU total)=6378.6875MB
INFO:root:[   43] Training loss: 0.02573644, Validation loss: 0.02455838, Gradient norm: 0.14865099
INFO:root:At the start of the epoch: mem (CPU python)=6574.8515625MB; mem (CPU total)=6503.89453125MB
INFO:root:[   44] Training loss: 0.02512181, Validation loss: 0.02411833, Gradient norm: 0.14469839
INFO:root:At the start of the epoch: mem (CPU python)=6637.3046875MB; mem (CPU total)=6502.390625MB
INFO:root:[   45] Training loss: 0.02459879, Validation loss: 0.02345147, Gradient norm: 0.14513624
INFO:root:At the start of the epoch: mem (CPU python)=6693.59765625MB; mem (CPU total)=6562.52734375MB
INFO:root:[   46] Training loss: 0.02401481, Validation loss: 0.02326170, Gradient norm: 0.14193563
INFO:root:At the start of the epoch: mem (CPU python)=6753.29296875MB; mem (CPU total)=6624.4765625MB
INFO:root:[   47] Training loss: 0.02348287, Validation loss: 0.02324770, Gradient norm: 0.13807439
INFO:root:At the start of the epoch: mem (CPU python)=6824.5078125MB; mem (CPU total)=6687.2578125MB
INFO:root:[   48] Training loss: 0.02293268, Validation loss: 0.02317667, Gradient norm: 0.12724587
INFO:root:At the start of the epoch: mem (CPU python)=6889.046875MB; mem (CPU total)=6749.31640625MB
INFO:root:[   49] Training loss: 0.02248984, Validation loss: 0.02255109, Gradient norm: 0.12877236
INFO:root:At the start of the epoch: mem (CPU python)=6942.92578125MB; mem (CPU total)=6810.98828125MB
INFO:root:[   50] Training loss: 0.02208015, Validation loss: 0.02164658, Gradient norm: 0.12330088
INFO:root:At the start of the epoch: mem (CPU python)=7002.78125MB; mem (CPU total)=6871.73828125MB
INFO:root:[   51] Training loss: 0.02166657, Validation loss: 0.02203101, Gradient norm: 0.12853868
INFO:root:At the start of the epoch: mem (CPU python)=7069.765625MB; mem (CPU total)=6993.02734375MB
INFO:root:[   52] Training loss: 0.02117865, Validation loss: 0.02193158, Gradient norm: 0.11482729
INFO:root:At the start of the epoch: mem (CPU python)=7129.8984375MB; mem (CPU total)=6997.9453125MB
INFO:root:[   53] Training loss: 0.02081193, Validation loss: 0.02122313, Gradient norm: 0.11870402
INFO:root:At the start of the epoch: mem (CPU python)=7187.87890625MB; mem (CPU total)=7058.81640625MB
INFO:root:[   54] Training loss: 0.02042524, Validation loss: 0.02106042, Gradient norm: 0.12238863
INFO:root:At the start of the epoch: mem (CPU python)=7257.1484375MB; mem (CPU total)=7133.9609375MB
INFO:root:[   55] Training loss: 0.02029176, Validation loss: 0.02215590, Gradient norm: 0.13398409
INFO:root:At the start of the epoch: mem (CPU python)=7318.60546875MB; mem (CPU total)=7181.55078125MB
INFO:root:[   56] Training loss: 0.01981593, Validation loss: 0.02137280, Gradient norm: 0.11388505
INFO:root:At the start of the epoch: mem (CPU python)=7378.33984375MB; mem (CPU total)=7242.0625MB
INFO:root:[   57] Training loss: 0.01968670, Validation loss: 0.02018372, Gradient norm: 0.11822676
INFO:root:At the start of the epoch: mem (CPU python)=7432.5546875MB; mem (CPU total)=7306.078125MB
INFO:root:[   58] Training loss: 0.01945762, Validation loss: 0.02014117, Gradient norm: 0.11530633
INFO:root:At the start of the epoch: mem (CPU python)=7491.97265625MB; mem (CPU total)=7367.09375MB
INFO:root:[   59] Training loss: 0.01916806, Validation loss: 0.02056615, Gradient norm: 0.11052380
INFO:root:At the start of the epoch: mem (CPU python)=7561.78125MB; mem (CPU total)=7450.72265625MB
INFO:root:[   60] Training loss: 0.01898044, Validation loss: 0.01948591, Gradient norm: 0.11750228
INFO:root:At the start of the epoch: mem (CPU python)=7623.09375MB; mem (CPU total)=7490.57421875MB
INFO:root:[   61] Training loss: 0.01879426, Validation loss: 0.01945742, Gradient norm: 0.11021480
INFO:root:At the start of the epoch: mem (CPU python)=7683.33984375MB; mem (CPU total)=7553.02734375MB
INFO:root:[   62] Training loss: 0.01865533, Validation loss: 0.01936615, Gradient norm: 0.12362698
INFO:root:At the start of the epoch: mem (CPU python)=7748.46875MB; mem (CPU total)=7614.109375MB
INFO:root:[   63] Training loss: 0.01846084, Validation loss: 0.02032814, Gradient norm: 0.11475282
INFO:root:At the start of the epoch: mem (CPU python)=7807.953125MB; mem (CPU total)=7675.5546875MB
INFO:root:[   64] Training loss: 0.01840136, Validation loss: 0.02021403, Gradient norm: 0.12165841
INFO:root:At the start of the epoch: mem (CPU python)=7862.625MB; mem (CPU total)=7737.41015625MB
INFO:root:[   65] Training loss: 0.01812045, Validation loss: 0.01939391, Gradient norm: 0.10617743
INFO:root:At the start of the epoch: mem (CPU python)=7921.2421875MB; mem (CPU total)=7798.53515625MB
INFO:root:[   66] Training loss: 0.01797804, Validation loss: 0.01938967, Gradient norm: 0.10672227
INFO:root:At the start of the epoch: mem (CPU python)=7985.84375MB; mem (CPU total)=7861.1875MB
INFO:root:[   67] Training loss: 0.01803336, Validation loss: 0.01927781, Gradient norm: 0.12326174
INFO:root:At the start of the epoch: mem (CPU python)=8057.69140625MB; mem (CPU total)=7922.390625MB
INFO:root:[   68] Training loss: 0.01774141, Validation loss: 0.01838011, Gradient norm: 0.10744272
INFO:root:At the start of the epoch: mem (CPU python)=8120.0625MB; mem (CPU total)=7985.28125MB
INFO:root:[   69] Training loss: 0.01764699, Validation loss: 0.01854058, Gradient norm: 0.10606296
INFO:root:At the start of the epoch: mem (CPU python)=8181.359375MB; mem (CPU total)=8046.828125MB
INFO:root:[   70] Training loss: 0.01766106, Validation loss: 0.01847938, Gradient norm: 0.11575191
INFO:root:At the start of the epoch: mem (CPU python)=8242.55078125MB; mem (CPU total)=8108.109375MB
INFO:root:[   71] Training loss: 0.01750092, Validation loss: 0.01808847, Gradient norm: 0.11185857
INFO:root:At the start of the epoch: mem (CPU python)=8304.79296875MB; mem (CPU total)=8170.01171875MB
INFO:root:[   72] Training loss: 0.01737767, Validation loss: 0.01834513, Gradient norm: 0.10328711
INFO:root:At the start of the epoch: mem (CPU python)=8366.66015625MB; mem (CPU total)=8232.50390625MB
INFO:root:[   73] Training loss: 0.01741162, Validation loss: 0.01929004, Gradient norm: 0.11340008
INFO:root:At the start of the epoch: mem (CPU python)=8425.9375MB; mem (CPU total)=8295.4765625MB
INFO:root:[   74] Training loss: 0.01722948, Validation loss: 0.01802451, Gradient norm: 0.11429903
INFO:root:At the start of the epoch: mem (CPU python)=8492.80859375MB; mem (CPU total)=8363.66015625MB
INFO:root:[   75] Training loss: 0.01715566, Validation loss: 0.01780298, Gradient norm: 0.10282993
INFO:root:At the start of the epoch: mem (CPU python)=8552.3671875MB; mem (CPU total)=8417.3671875MB
INFO:root:[   76] Training loss: 0.01716914, Validation loss: 0.01775047, Gradient norm: 0.10651754
INFO:root:At the start of the epoch: mem (CPU python)=8613.8515625MB; mem (CPU total)=8478.890625MB
INFO:root:[   77] Training loss: 0.01696241, Validation loss: 0.01824729, Gradient norm: 0.10080936
INFO:root:At the start of the epoch: mem (CPU python)=8672.17578125MB; mem (CPU total)=8542.24609375MB
INFO:root:[   78] Training loss: 0.01702010, Validation loss: 0.01777576, Gradient norm: 0.11210185
INFO:root:At the start of the epoch: mem (CPU python)=8733.9609375MB; mem (CPU total)=8674.515625MB
INFO:root:[   79] Training loss: 0.01682342, Validation loss: 0.01922635, Gradient norm: 0.10496500
INFO:root:At the start of the epoch: mem (CPU python)=8797.48828125MB; mem (CPU total)=8665.8671875MB
INFO:root:[   80] Training loss: 0.01681306, Validation loss: 0.01763916, Gradient norm: 0.10600170
INFO:root:At the start of the epoch: mem (CPU python)=8857.9609375MB; mem (CPU total)=8727.8828125MB
INFO:root:[   81] Training loss: 0.01674535, Validation loss: 0.02010443, Gradient norm: 0.10510382
INFO:root:At the start of the epoch: mem (CPU python)=8922.078125MB; mem (CPU total)=8853.08203125MB
INFO:root:[   82] Training loss: 0.01667972, Validation loss: 0.01762361, Gradient norm: 0.09851709
INFO:root:At the start of the epoch: mem (CPU python)=8981.8359375MB; mem (CPU total)=8858.0703125MB
INFO:root:[   83] Training loss: 0.01664465, Validation loss: 0.01823921, Gradient norm: 0.10904047
INFO:root:At the start of the epoch: mem (CPU python)=9046.67578125MB; mem (CPU total)=8982.6875MB
INFO:root:[   84] Training loss: 0.01661995, Validation loss: 0.01847780, Gradient norm: 0.11344177
INFO:root:At the start of the epoch: mem (CPU python)=9094.20703125MB; mem (CPU total)=8974.53515625MB
INFO:root:[   85] Training loss: 0.01648956, Validation loss: 0.01755191, Gradient norm: 0.09738290
INFO:root:At the start of the epoch: mem (CPU python)=9168.3203125MB; mem (CPU total)=9036.63671875MB
INFO:root:[   86] Training loss: 0.01643952, Validation loss: 0.01853543, Gradient norm: 0.09872091
INFO:root:At the start of the epoch: mem (CPU python)=9222.3828125MB; mem (CPU total)=9123.74609375MB
INFO:root:[   87] Training loss: 0.01643666, Validation loss: 0.01738615, Gradient norm: 0.11150173
INFO:root:At the start of the epoch: mem (CPU python)=9295.4375MB; mem (CPU total)=9160.29296875MB
INFO:root:[   88] Training loss: 0.01645914, Validation loss: 0.01712697, Gradient norm: 0.10946954
INFO:root:At the start of the epoch: mem (CPU python)=9352.34375MB; mem (CPU total)=9222.609375MB
INFO:root:[   89] Training loss: 0.01629908, Validation loss: 0.01762128, Gradient norm: 0.10208052
INFO:root:At the start of the epoch: mem (CPU python)=9419.4375MB; mem (CPU total)=9284.2578125MB
INFO:root:[   90] Training loss: 0.01639304, Validation loss: 0.01728215, Gradient norm: 0.11214322
INFO:root:At the start of the epoch: mem (CPU python)=9473.3828125MB; mem (CPU total)=9347.0078125MB
INFO:root:[   91] Training loss: 0.01629378, Validation loss: 0.01704443, Gradient norm: 0.10106993
INFO:root:At the start of the epoch: mem (CPU python)=9539.93359375MB; mem (CPU total)=9408.921875MB
INFO:root:[   92] Training loss: 0.01619632, Validation loss: 0.01751732, Gradient norm: 0.10059579
INFO:root:At the start of the epoch: mem (CPU python)=9598.9609375MB; mem (CPU total)=9470.58203125MB
INFO:root:[   93] Training loss: 0.01623148, Validation loss: 0.01773245, Gradient norm: 0.11188877
INFO:root:At the start of the epoch: mem (CPU python)=9663.12109375MB; mem (CPU total)=9530.75MB
INFO:root:[   94] Training loss: 0.01623853, Validation loss: 0.01684113, Gradient norm: 0.11153270
INFO:root:At the start of the epoch: mem (CPU python)=9731.00390625MB; mem (CPU total)=9593.91015625MB
INFO:root:[   95] Training loss: 0.01604481, Validation loss: 0.01700162, Gradient norm: 0.09451910
INFO:root:At the start of the epoch: mem (CPU python)=9786.94140625MB; mem (CPU total)=9666.78125MB
INFO:root:[   96] Training loss: 0.01623582, Validation loss: 0.01800373, Gradient norm: 0.11390110
INFO:root:At the start of the epoch: mem (CPU python)=9845.9453125MB; mem (CPU total)=9716.125MB
INFO:root:[   97] Training loss: 0.01603186, Validation loss: 0.01711435, Gradient norm: 0.09932829
INFO:root:At the start of the epoch: mem (CPU python)=9908.92578125MB; mem (CPU total)=9778.3984375MB
INFO:root:[   98] Training loss: 0.01595551, Validation loss: 0.01714986, Gradient norm: 0.09331302
INFO:root:At the start of the epoch: mem (CPU python)=9969.39453125MB; mem (CPU total)=9841.63671875MB
INFO:root:[   99] Training loss: 0.01601020, Validation loss: 0.01701894, Gradient norm: 0.10824196
INFO:root:At the start of the epoch: mem (CPU python)=10028.0859375MB; mem (CPU total)=9902.6484375MB
INFO:root:[  100] Training loss: 0.01585235, Validation loss: 0.01686947, Gradient norm: 0.09469119
INFO:root:At the start of the epoch: mem (CPU python)=10092.59765625MB; mem (CPU total)=10035.28125MB
INFO:root:Learning rate reduced to: 0.005
INFO:root:[  101] Training loss: 0.01587127, Validation loss: 0.01721602, Gradient norm: 0.10077262
INFO:root:At the start of the epoch: mem (CPU python)=10156.1015625MB; mem (CPU total)=10025.92578125MB
INFO:root:Learning rate reduced to: 0.0025
INFO:root:[  102] Training loss: 0.01526999, Validation loss: 0.01633744, Gradient norm: 0.06016064
INFO:root:At the start of the epoch: mem (CPU python)=10214.7578125MB; mem (CPU total)=10087.86328125MB
INFO:root:[  103] Training loss: 0.01498761, Validation loss: 0.01631745, Gradient norm: 0.04279067
INFO:root:At the start of the epoch: mem (CPU python)=10282.76953125MB; mem (CPU total)=10149.35546875MB
INFO:root:[  104] Training loss: 0.01496651, Validation loss: 0.01626615, Gradient norm: 0.04509080
INFO:root:At the start of the epoch: mem (CPU python)=10334.89453125MB; mem (CPU total)=10210.6640625MB
INFO:root:[  105] Training loss: 0.01496464, Validation loss: 0.01618853, Gradient norm: 0.04934375
INFO:root:At the start of the epoch: mem (CPU python)=10410.078125MB; mem (CPU total)=10273.06640625MB
INFO:root:[  106] Training loss: 0.01494860, Validation loss: 0.01647229, Gradient norm: 0.05104977
INFO:root:At the start of the epoch: mem (CPU python)=10466.1640625MB; mem (CPU total)=10338.83984375MB
INFO:root:[  107] Training loss: 0.01492092, Validation loss: 0.01628898, Gradient norm: 0.05088762
INFO:root:At the start of the epoch: mem (CPU python)=10524.484375MB; mem (CPU total)=10413.4921875MB
INFO:root:[  108] Training loss: 0.01490132, Validation loss: 0.01608814, Gradient norm: 0.04790893
INFO:root:At the start of the epoch: mem (CPU python)=10579.57421875MB; mem (CPU total)=10458.6640625MB
INFO:root:[  109] Training loss: 0.01488571, Validation loss: 0.01625639, Gradient norm: 0.04997368
INFO:root:At the start of the epoch: mem (CPU python)=10650.60546875MB; mem (CPU total)=10520.55859375MB
INFO:root:[  110] Training loss: 0.01486900, Validation loss: 0.01619961, Gradient norm: 0.04865965
INFO:root:At the start of the epoch: mem (CPU python)=10711.64453125MB; mem (CPU total)=10582.31640625MB
INFO:root:[  111] Training loss: 0.01488623, Validation loss: 0.01649174, Gradient norm: 0.05770939
INFO:root:At the start of the epoch: mem (CPU python)=10773.80859375MB; mem (CPU total)=10645.33203125MB
INFO:root:[  112] Training loss: 0.01485389, Validation loss: 0.01663128, Gradient norm: 0.04983796
INFO:root:At the start of the epoch: mem (CPU python)=10836.66796875MB; mem (CPU total)=10706.3046875MB
INFO:root:[  113] Training loss: 0.01483714, Validation loss: 0.01626584, Gradient norm: 0.04675812
INFO:root:At the start of the epoch: mem (CPU python)=10895.52734375MB; mem (CPU total)=10768.48046875MB
INFO:root:[  114] Training loss: 0.01482811, Validation loss: 0.01615630, Gradient norm: 0.05243368
INFO:root:At the start of the epoch: mem (CPU python)=10959.1953125MB; mem (CPU total)=10857.12890625MB
INFO:root:Learning rate reduced to: 0.00125
INFO:root:[  115] Training loss: 0.01481037, Validation loss: 0.01603765, Gradient norm: 0.04835222
INFO:root:At the start of the epoch: mem (CPU python)=11016.1953125MB; mem (CPU total)=10913.50390625MB
INFO:root:[  116] Training loss: 0.01469984, Validation loss: 0.01606953, Gradient norm: 0.03957707
INFO:root:At the start of the epoch: mem (CPU python)=11083.51953125MB; mem (CPU total)=10966.30859375MB
INFO:root:[  117] Training loss: 0.01467976, Validation loss: 0.01593009, Gradient norm: 0.03817876
INFO:root:At the start of the epoch: mem (CPU python)=11141.93359375MB; mem (CPU total)=11016.5546875MB
INFO:root:[  118] Training loss: 0.01467126, Validation loss: 0.01596700, Gradient norm: 0.03869174
INFO:root:At the start of the epoch: mem (CPU python)=11206.70703125MB; mem (CPU total)=11078.8984375MB
INFO:root:[  119] Training loss: 0.01466830, Validation loss: 0.01616896, Gradient norm: 0.03925479
INFO:root:At the start of the epoch: mem (CPU python)=11268.48046875MB; mem (CPU total)=11140.640625MB
INFO:root:[  120] Training loss: 0.01466221, Validation loss: 0.01605782, Gradient norm: 0.04191065
INFO:root:At the start of the epoch: mem (CPU python)=11327.51953125MB; mem (CPU total)=11270.76953125MB
INFO:root:[  121] Training loss: 0.01465300, Validation loss: 0.01600955, Gradient norm: 0.03812850
INFO:root:At the start of the epoch: mem (CPU python)=11389.87109375MB; mem (CPU total)=11271.8984375MB
INFO:root:[  122] Training loss: 0.01465422, Validation loss: 0.01605104, Gradient norm: 0.04144842
INFO:root:At the start of the epoch: mem (CPU python)=11451.4765625MB; mem (CPU total)=11325.19140625MB
INFO:root:[  123] Training loss: 0.01464187, Validation loss: 0.01592286, Gradient norm: 0.03974257
INFO:root:At the start of the epoch: mem (CPU python)=11515.16015625MB; mem (CPU total)=11391.45703125MB
INFO:root:[  124] Training loss: 0.01463712, Validation loss: 0.01590056, Gradient norm: 0.04029461
INFO:root:At the start of the epoch: mem (CPU python)=11572.328125MB; mem (CPU total)=11448.8359375MB
INFO:root:[  125] Training loss: 0.01462912, Validation loss: 0.01594874, Gradient norm: 0.03838913
INFO:root:At the start of the epoch: mem (CPU python)=11634.76171875MB; mem (CPU total)=11511.6015625MB
INFO:root:[  126] Training loss: 0.01462321, Validation loss: 0.01590678, Gradient norm: 0.03803609
INFO:root:At the start of the epoch: mem (CPU python)=11692.02734375MB; mem (CPU total)=11575.3515625MB
INFO:root:[  127] Training loss: 0.01462505, Validation loss: 0.01590331, Gradient norm: 0.03956813
INFO:root:At the start of the epoch: mem (CPU python)=11761.58984375MB; mem (CPU total)=11636.4765625MB
INFO:root:[  128] Training loss: 0.01461157, Validation loss: 0.01601509, Gradient norm: 0.03859638
INFO:root:At the start of the epoch: mem (CPU python)=11822.8046875MB; mem (CPU total)=11766.30078125MB
INFO:root:[  129] Training loss: 0.01461275, Validation loss: 0.01595122, Gradient norm: 0.04219237
INFO:root:At the start of the epoch: mem (CPU python)=11886.95703125MB; mem (CPU total)=11758.140625MB
INFO:root:[  130] Training loss: 0.01460157, Validation loss: 0.01585556, Gradient norm: 0.04019770
INFO:root:At the start of the epoch: mem (CPU python)=11958.79296875MB; mem (CPU total)=11901.45703125MB
INFO:root:[  131] Training loss: 0.01458912, Validation loss: 0.01580145, Gradient norm: 0.03724583
INFO:root:At the start of the epoch: mem (CPU python)=12004.125MB; mem (CPU total)=11882.015625MB
INFO:root:[  132] Training loss: 0.01458748, Validation loss: 0.01593799, Gradient norm: 0.04136531
INFO:root:At the start of the epoch: mem (CPU python)=12074.90234375MB; mem (CPU total)=11944.28125MB
INFO:root:[  133] Training loss: 0.01457245, Validation loss: 0.01583564, Gradient norm: 0.03484349
INFO:root:At the start of the epoch: mem (CPU python)=12126.30078125MB; mem (CPU total)=12008.84375MB
INFO:root:[  134] Training loss: 0.01457926, Validation loss: 0.01609226, Gradient norm: 0.03866587
INFO:root:At the start of the epoch: mem (CPU python)=12194.13671875MB; mem (CPU total)=12071.8671875MB
INFO:root:[  135] Training loss: 0.01457540, Validation loss: 0.01592147, Gradient norm: 0.03948029
INFO:root:At the start of the epoch: mem (CPU python)=12256.27734375MB; mem (CPU total)=12198.27734375MB
INFO:root:[  136] Training loss: 0.01456573, Validation loss: 0.01585694, Gradient norm: 0.04070844
INFO:root:At the start of the epoch: mem (CPU python)=12322.1171875MB; mem (CPU total)=12193.98046875MB
INFO:root:[  137] Training loss: 0.01455961, Validation loss: 0.01592825, Gradient norm: 0.03886857
INFO:root:At the start of the epoch: mem (CPU python)=12380.81640625MB; mem (CPU total)=12271.31640625MB
INFO:root:Learning rate reduced to: 0.000625
INFO:root:[  138] Training loss: 0.01455116, Validation loss: 0.01598100, Gradient norm: 0.03994967
INFO:root:At the start of the epoch: mem (CPU python)=12442.61328125MB; mem (CPU total)=12316.921875MB
INFO:root:Learning rate reduced to: 0.0003125
INFO:root:[  139] Training loss: 0.01449593, Validation loss: 0.01585470, Gradient norm: 0.02921311
INFO:root:At the start of the epoch: mem (CPU python)=12494.78515625MB; mem (CPU total)=12386.87890625MB
INFO:root:Learning rate reduced to: 0.00015625
INFO:root:[  140] Training loss: 0.01445328, Validation loss: 0.01589201, Gradient norm: 0.02497175
INFO:root:At the start of the epoch: mem (CPU python)=12555.375MB; mem (CPU total)=12442.328125MB
INFO:root:Learning rate reduced to: 7.8125e-05
INFO:root:EP 140: Early stopping
INFO:root:After finishing all epochs: mem (CPU python)=12619.82421875MB; mem (CPU total)=12503.5625MB
INFO:root:Training the model took 66494.07s.
INFO:root:Emptying the cuda cache took 0.046s.
INFO:root:Starting evaluation: model FNO & uncertainty quantification laplace
INFO:root:Evaluating the model on Validation data.
INFO:root:MSEValidation: 0.02153
INFO:root:EnergyScoreValidation: 0.01239
INFO:root:CRPSValidation: 0.01376
INFO:root:Gaussian NLLValidation: 7.67949
INFO:root:CoverageValidation: 0.56897
INFO:root:IntervalWidthValidation: 0.05645
INFO:root:Evaluating the model on Test data.
INFO:root:MSETest: 0.02926
INFO:root:EnergyScoreTest: 0.01883
INFO:root:CRPSTest: 0.02054
INFO:root:Gaussian NLLTest: 18.80504
INFO:root:CoverageTest: 0.47277
INFO:root:IntervalWidthTest: 0.05605
INFO:root:After validation: mem (CPU python)=12940.66015625MB; mem (CPU total)=12834.66796875MB
INFO:root:###2 out of 2 training parameter combinations ###
INFO:root:Training parameters: {'seed': 12, 'model': 'FNO', 'uncertainty_quantification': 'laplace', 'batch_size': 16, 'n_epochs': 1000, 'early_stopping': 10, 'init': 'default', 'learning_rate': 0.01, 'lr_schedule': 'step', 'optimizer': 'adam', 'gradient_clipping': 1, 'layer_normalization': True, 'data_loader_pin_memory': False, 'data_loader_num_workers': 0, 'distributed_training': False, 'alpha': 0.05, 'n_samples_uq': 100, 'weight_decay': 0, 'dropout': 0.01, 'fourier_dropout': None, 'hidden_channels': 20, 'projection_channels': 128, 'lifting_channels': 128, 'n_modes': (10, 12, 12), 'n_samples': 3}
INFO:root:After creating the dataloaders: mem (CPU python)=12940.66015625MB; mem (CPU total)=12834.37109375MB
INFO:root:NumberParameters: 2695717
INFO:root:GPU memory allocated: 1285554176
INFO:root:After setting up the model: mem (CPU python)=13034.734375MB; mem (CPU total)=12855.875MB
INFO:root:Training starts now.
INFO:root:At the start of the epoch: mem (CPU python)=13034.734375MB; mem (CPU total)=12855.9921875MB
INFO:root:[    1] Training loss: 0.03034913, Validation loss: 0.02512330, Gradient norm: 0.17061414
INFO:root:At the start of the epoch: mem (CPU python)=13095.65234375MB; mem (CPU total)=12843.2734375MB
INFO:root:[    2] Training loss: 0.02546706, Validation loss: 0.02853561, Gradient norm: 0.14968718
INFO:root:At the start of the epoch: mem (CPU python)=13165.5625MB; mem (CPU total)=12903.68359375MB
INFO:root:[    3] Training loss: 0.02434402, Validation loss: 0.02397048, Gradient norm: 0.14268368
INFO:root:At the start of the epoch: mem (CPU python)=13231.92578125MB; mem (CPU total)=12964.7421875MB
INFO:root:[    4] Training loss: 0.02284343, Validation loss: 0.02380353, Gradient norm: 0.11879047
INFO:root:At the start of the epoch: mem (CPU python)=13284.06640625MB; mem (CPU total)=13025.1328125MB
INFO:root:[    5] Training loss: 0.02186992, Validation loss: 0.02329941, Gradient norm: 0.13636569
INFO:root:At the start of the epoch: mem (CPU python)=13349.50390625MB; mem (CPU total)=13085.84765625MB
INFO:root:[    6] Training loss: 0.02070927, Validation loss: 0.02130259, Gradient norm: 0.12394661
INFO:root:At the start of the epoch: mem (CPU python)=13412.09765625MB; mem (CPU total)=13173.46484375MB
INFO:root:[    7] Training loss: 0.02007450, Validation loss: 0.02044161, Gradient norm: 0.13421713
INFO:root:At the start of the epoch: mem (CPU python)=13474.48828125MB; mem (CPU total)=13215.3359375MB
INFO:root:[    8] Training loss: 0.01947318, Validation loss: 0.01982530, Gradient norm: 0.12626683
INFO:root:At the start of the epoch: mem (CPU python)=13533.90234375MB; mem (CPU total)=13271.30859375MB
INFO:root:[    9] Training loss: 0.01912099, Validation loss: 0.01999496, Gradient norm: 0.12996635
INFO:root:At the start of the epoch: mem (CPU python)=13602.82421875MB; mem (CPU total)=13398.9453125MB
INFO:root:[   10] Training loss: 0.01860799, Validation loss: 0.01938653, Gradient norm: 0.11606730
INFO:root:At the start of the epoch: mem (CPU python)=13658.89453125MB; mem (CPU total)=13394.375MB
INFO:root:[   11] Training loss: 0.01869914, Validation loss: 0.01934837, Gradient norm: 0.14271900
INFO:root:At the start of the epoch: mem (CPU python)=13720.8671875MB; mem (CPU total)=13456.671875MB
INFO:root:[   12] Training loss: 0.01818855, Validation loss: 0.01949197, Gradient norm: 0.12259627
INFO:root:At the start of the epoch: mem (CPU python)=13781.67578125MB; mem (CPU total)=13519.9375MB
INFO:root:[   13] Training loss: 0.01806129, Validation loss: 0.01855340, Gradient norm: 0.12962041
INFO:root:At the start of the epoch: mem (CPU python)=13840.29296875MB; mem (CPU total)=13580.62890625MB
INFO:root:[   14] Training loss: 0.01765693, Validation loss: 0.01829986, Gradient norm: 0.11192295
INFO:root:At the start of the epoch: mem (CPU python)=13900.34375MB; mem (CPU total)=13643.16796875MB
INFO:root:[   15] Training loss: 0.01790100, Validation loss: 0.01935877, Gradient norm: 0.13561774
INFO:root:At the start of the epoch: mem (CPU python)=13966.015625MB; mem (CPU total)=13730.15234375MB
INFO:root:[   16] Training loss: 0.01746965, Validation loss: 0.01831939, Gradient norm: 0.11995969
INFO:root:At the start of the epoch: mem (CPU python)=14028.44140625MB; mem (CPU total)=13815.5MB
INFO:root:[   17] Training loss: 0.01742078, Validation loss: 0.01813205, Gradient norm: 0.12228021
INFO:root:At the start of the epoch: mem (CPU python)=14086.4296875MB; mem (CPU total)=13826.109375MB
INFO:root:[   18] Training loss: 0.01742969, Validation loss: 0.01756769, Gradient norm: 0.12950279
INFO:root:At the start of the epoch: mem (CPU python)=14150.48046875MB; mem (CPU total)=13894.6015625MB
INFO:root:[   19] Training loss: 0.01714803, Validation loss: 0.01786914, Gradient norm: 0.12481383
INFO:root:At the start of the epoch: mem (CPU python)=14211.41796875MB; mem (CPU total)=13951.3828125MB
INFO:root:[   20] Training loss: 0.01748872, Validation loss: 0.01757108, Gradient norm: 0.13550709
INFO:root:At the start of the epoch: mem (CPU python)=14274.2109375MB; mem (CPU total)=14012.5234375MB
INFO:root:[   21] Training loss: 0.01686174, Validation loss: 0.01741007, Gradient norm: 0.11291357
INFO:root:At the start of the epoch: mem (CPU python)=14339.05859375MB; mem (CPU total)=14072.65625MB
INFO:root:[   22] Training loss: 0.01681062, Validation loss: 0.01730980, Gradient norm: 0.11930805
INFO:root:At the start of the epoch: mem (CPU python)=14405.8828125MB; mem (CPU total)=14134.8984375MB
INFO:root:[   23] Training loss: 0.01721456, Validation loss: 0.01724615, Gradient norm: 0.13387927
INFO:root:At the start of the epoch: mem (CPU python)=14465.8828125MB; mem (CPU total)=14206.93359375MB
INFO:root:[   24] Training loss: 0.01668648, Validation loss: 0.01682052, Gradient norm: 0.11901499
INFO:root:At the start of the epoch: mem (CPU python)=14522.81640625MB; mem (CPU total)=14258.2109375MB
INFO:root:[   25] Training loss: 0.01664032, Validation loss: 0.01724400, Gradient norm: 0.11698898
INFO:root:At the start of the epoch: mem (CPU python)=14582.06640625MB; mem (CPU total)=14333.453125MB
INFO:root:[   26] Training loss: 0.01667358, Validation loss: 0.01698208, Gradient norm: 0.12231743
INFO:root:At the start of the epoch: mem (CPU python)=14645.6953125MB; mem (CPU total)=17454.49609375MB
INFO:root:[   27] Training loss: 0.01640277, Validation loss: 0.01837088, Gradient norm: 0.11028149
INFO:root:At the start of the epoch: mem (CPU python)=14708.80859375MB; mem (CPU total)=17584.14453125MB
INFO:root:[   28] Training loss: 0.04899148, Validation loss: 0.09210120, Gradient norm: 0.17100375
INFO:root:At the start of the epoch: mem (CPU python)=14768.55859375MB; mem (CPU total)=17705.26171875MB
INFO:root:[   29] Training loss: 0.09252997, Validation loss: 0.09211207, Gradient norm: 0.09546299
INFO:root:At the start of the epoch: mem (CPU python)=14830.13671875MB; mem (CPU total)=17828.85546875MB
INFO:root:[   30] Training loss: 0.09237086, Validation loss: 0.09210607, Gradient norm: 0.09279295
INFO:root:At the start of the epoch: mem (CPU python)=14895.12109375MB; mem (CPU total)=17958.1953125MB
INFO:root:[   31] Training loss: 0.09232929, Validation loss: 0.09229569, Gradient norm: 0.08781737
INFO:root:At the start of the epoch: mem (CPU python)=14957.7265625MB; mem (CPU total)=18101.2578125MB
INFO:root:[   32] Training loss: 0.09235845, Validation loss: 0.09256754, Gradient norm: 0.08544646
INFO:root:At the start of the epoch: mem (CPU python)=15012.765625MB; mem (CPU total)=18206.9609375MB
INFO:root:[   33] Training loss: 0.09243551, Validation loss: 0.09223394, Gradient norm: 0.09127054
INFO:root:At the start of the epoch: mem (CPU python)=15080.0234375MB; mem (CPU total)=18321.09375MB
INFO:root:[   34] Training loss: 0.09241506, Validation loss: 0.09259323, Gradient norm: 0.09050783
INFO:root:At the start of the epoch: mem (CPU python)=15141.52734375MB; mem (CPU total)=18445.5625MB
INFO:root:[   35] Training loss: 0.09255700, Validation loss: 0.09219365, Gradient norm: 0.09535523
INFO:root:At the start of the epoch: mem (CPU python)=15201.40234375MB; mem (CPU total)=18582.0MB
INFO:root:[   36] Training loss: 0.09233062, Validation loss: 0.09217086, Gradient norm: 0.09101536
INFO:root:At the start of the epoch: mem (CPU python)=15265.015625MB; mem (CPU total)=18750.9296875MB
INFO:root:[   37] Training loss: 0.09263162, Validation loss: 0.09212195, Gradient norm: 0.09817849
INFO:root:At the start of the epoch: mem (CPU python)=15326.74609375MB; mem (CPU total)=18868.55078125MB
INFO:root:[   38] Training loss: 0.09228575, Validation loss: 0.09206430, Gradient norm: 0.09032695
INFO:root:At the start of the epoch: mem (CPU python)=15382.2421875MB; mem (CPU total)=18922.00390625MB
INFO:root:[   39] Training loss: 0.09228748, Validation loss: 0.09210281, Gradient norm: 0.08394959
INFO:root:At the start of the epoch: mem (CPU python)=15450.5078125MB; mem (CPU total)=19126.49609375MB
INFO:root:[   40] Training loss: 0.09236199, Validation loss: 0.09219752, Gradient norm: 0.08928399
INFO:root:At the start of the epoch: mem (CPU python)=15511.39453125MB; mem (CPU total)=19186.09375MB
INFO:root:[   41] Training loss: 0.09247571, Validation loss: 0.09207296, Gradient norm: 0.09067693
INFO:root:At the start of the epoch: mem (CPU python)=15574.42578125MB; mem (CPU total)=19305.5625MB
INFO:root:[   42] Training loss: 0.09245571, Validation loss: 0.09206570, Gradient norm: 0.09452898
INFO:root:At the start of the epoch: mem (CPU python)=15629.12890625MB; mem (CPU total)=19431.03515625MB
INFO:root:[   43] Training loss: 0.09248030, Validation loss: 0.09204079, Gradient norm: 0.09467727
INFO:root:At the start of the epoch: mem (CPU python)=15691.26953125MB; mem (CPU total)=19557.64453125MB
INFO:root:[   44] Training loss: 0.09234973, Validation loss: 0.09208577, Gradient norm: 0.08703354
INFO:root:At the start of the epoch: mem (CPU python)=15752.6328125MB; mem (CPU total)=19682.62890625MB
INFO:root:[   45] Training loss: 0.09242876, Validation loss: 0.09248263, Gradient norm: 0.09051201
INFO:root:At the start of the epoch: mem (CPU python)=15814.5703125MB; mem (CPU total)=19803.40234375MB
INFO:root:[   46] Training loss: 0.09253116, Validation loss: 0.09237797, Gradient norm: 0.09319612
INFO:root:At the start of the epoch: mem (CPU python)=15880.80078125MB; mem (CPU total)=19975.5859375MB
INFO:root:[   47] Training loss: 0.09247551, Validation loss: 0.09237110, Gradient norm: 0.09629376
INFO:root:At the start of the epoch: mem (CPU python)=15944.84375MB; mem (CPU total)=20107.47265625MB
INFO:root:[   48] Training loss: 0.09246050, Validation loss: 0.09223636, Gradient norm: 0.09216591
INFO:root:At the start of the epoch: mem (CPU python)=16006.7265625MB; mem (CPU total)=20247.41796875MB
INFO:root:[   49] Training loss: 0.09283630, Validation loss: 0.09305661, Gradient norm: 0.10062324
INFO:root:At the start of the epoch: mem (CPU python)=16070.6875MB; mem (CPU total)=20281.86328125MB
INFO:root:[   50] Training loss: 0.09228582, Validation loss: 0.09230072, Gradient norm: 0.08445419
INFO:root:At the start of the epoch: mem (CPU python)=16123.51953125MB; mem (CPU total)=20421.64453125MB
INFO:root:[   51] Training loss: 0.09245985, Validation loss: 0.09221545, Gradient norm: 0.09414855
INFO:root:At the start of the epoch: mem (CPU python)=16192.0078125MB; mem (CPU total)=20544.7890625MB
INFO:root:[   52] Training loss: 0.09235215, Validation loss: 0.09252009, Gradient norm: 0.09036886
INFO:root:At the start of the epoch: mem (CPU python)=16250.42578125MB; mem (CPU total)=20675.37109375MB
INFO:root:[   53] Training loss: 0.09245405, Validation loss: 0.09212626, Gradient norm: 0.09530693
INFO:root:At the start of the epoch: mem (CPU python)=16319.0078125MB; mem (CPU total)=20867.140625MB
INFO:root:[   54] Training loss: 0.09233588, Validation loss: 0.09400743, Gradient norm: 0.09095714
INFO:root:At the start of the epoch: mem (CPU python)=16377.22265625MB; mem (CPU total)=20990.48828125MB
INFO:root:[   55] Training loss: 0.09238337, Validation loss: 0.09209121, Gradient norm: 0.08949948
INFO:root:At the start of the epoch: mem (CPU python)=16436.12109375MB; mem (CPU total)=21045.51171875MB
INFO:root:[   56] Training loss: 0.09240474, Validation loss: 0.09206163, Gradient norm: 0.09081916
INFO:root:At the start of the epoch: mem (CPU python)=16499.66796875MB; mem (CPU total)=21164.73828125MB
INFO:root:[   57] Training loss: 0.09241772, Validation loss: 0.09215594, Gradient norm: 0.08818050
INFO:root:At the start of the epoch: mem (CPU python)=16561.4296875MB; mem (CPU total)=21364.4765625MB
INFO:root:[   58] Training loss: 0.09241031, Validation loss: 0.09209510, Gradient norm: 0.09368301
INFO:root:At the start of the epoch: mem (CPU python)=16617.16015625MB; mem (CPU total)=21411.36328125MB
INFO:root:[   59] Training loss: 0.09265645, Validation loss: 0.09776604, Gradient norm: 0.09476462
INFO:root:At the start of the epoch: mem (CPU python)=16679.0703125MB; mem (CPU total)=21543.92578125MB
INFO:root:[   60] Training loss: 0.09236302, Validation loss: 0.09231864, Gradient norm: 0.09025111
INFO:root:At the start of the epoch: mem (CPU python)=16745.00390625MB; mem (CPU total)=21590.98828125MB
INFO:root:[   61] Training loss: 0.09244956, Validation loss: 0.09268300, Gradient norm: 0.09125243
INFO:root:At the start of the epoch: mem (CPU python)=16805.28125MB; mem (CPU total)=21850.86328125MB
INFO:root:[   62] Training loss: 0.09241588, Validation loss: 0.09227394, Gradient norm: 0.09042359
INFO:root:At the start of the epoch: mem (CPU python)=16873.37890625MB; mem (CPU total)=21905.8515625MB
INFO:root:Learning rate reduced to: 0.005
INFO:root:[   63] Training loss: 0.09241388, Validation loss: 0.09208903, Gradient norm: 0.09397562
INFO:root:At the start of the epoch: mem (CPU python)=16934.0703125MB; mem (CPU total)=22039.09765625MB
INFO:root:Learning rate reduced to: 0.0025
INFO:root:[   64] Training loss: 0.09215826, Validation loss: 0.09250398, Gradient norm: 0.08051191
INFO:root:At the start of the epoch: mem (CPU python)=16997.984375MB; mem (CPU total)=22158.52734375MB
INFO:root:Learning rate reduced to: 0.00125
INFO:root:[   65] Training loss: 0.09211533, Validation loss: 0.09217972, Gradient norm: 0.08042919
INFO:root:At the start of the epoch: mem (CPU python)=17052.6875MB; mem (CPU total)=22335.0390625MB
INFO:root:Learning rate reduced to: 0.000625
INFO:root:[   66] Training loss: 0.09209881, Validation loss: 0.09204521, Gradient norm: 0.08404958
INFO:root:At the start of the epoch: mem (CPU python)=17115.0703125MB; mem (CPU total)=22467.70703125MB
INFO:root:[   67] Training loss: 0.09206980, Validation loss: 0.09203757, Gradient norm: 0.07943920
INFO:root:At the start of the epoch: mem (CPU python)=17181.57421875MB; mem (CPU total)=22531.30078125MB
INFO:root:[   68] Training loss: 0.09207943, Validation loss: 0.09213043, Gradient norm: 0.08279911
INFO:root:At the start of the epoch: mem (CPU python)=17244.859375MB; mem (CPU total)=22648.51171875MB
INFO:root:[   69] Training loss: 0.09208006, Validation loss: 0.09208619, Gradient norm: 0.08238727
INFO:root:At the start of the epoch: mem (CPU python)=17300.49609375MB; mem (CPU total)=22771.41796875MB
INFO:root:[   70] Training loss: 0.09206525, Validation loss: 0.09203325, Gradient norm: 0.08080620
INFO:root:At the start of the epoch: mem (CPU python)=17364.7109375MB; mem (CPU total)=23044.16796875MB
INFO:root:[   71] Training loss: 0.09208277, Validation loss: 0.09207327, Gradient norm: 0.08288774
INFO:root:At the start of the epoch: mem (CPU python)=17426.703125MB; mem (CPU total)=23041.9921875MB
INFO:root:[   72] Training loss: 0.09207593, Validation loss: 0.09210626, Gradient norm: 0.07985603
INFO:root:At the start of the epoch: mem (CPU python)=17488.1953125MB; mem (CPU total)=23205.96875MB
INFO:root:[   73] Training loss: 0.09206601, Validation loss: 0.09206511, Gradient norm: 0.08007089
INFO:root:At the start of the epoch: mem (CPU python)=17543.65234375MB; mem (CPU total)=23255.64453125MB
INFO:root:[   74] Training loss: 0.09205360, Validation loss: 0.09204946, Gradient norm: 0.07899899
INFO:root:At the start of the epoch: mem (CPU python)=17608.796875MB; mem (CPU total)=23390.10546875MB
INFO:root:[   75] Training loss: 0.09207031, Validation loss: 0.09215092, Gradient norm: 0.07918395
INFO:root:At the start of the epoch: mem (CPU python)=17673.75390625MB; mem (CPU total)=23513.28515625MB
INFO:root:[   76] Training loss: 0.09205857, Validation loss: 0.09212989, Gradient norm: 0.08147473
INFO:root:At the start of the epoch: mem (CPU python)=17732.55078125MB; mem (CPU total)=23708.55078125MB
INFO:root:Learning rate reduced to: 0.0003125
INFO:root:[   77] Training loss: 0.09207721, Validation loss: 0.09215136, Gradient norm: 0.08087174
INFO:root:At the start of the epoch: mem (CPU python)=17795.3203125MB; mem (CPU total)=23764.765625MB
INFO:root:Learning rate reduced to: 0.00015625
INFO:root:[   78] Training loss: 0.09205871, Validation loss: 0.09213735, Gradient norm: 0.08095097
INFO:root:At the start of the epoch: mem (CPU python)=17858.98828125MB; mem (CPU total)=23883.37109375MB
INFO:root:Learning rate reduced to: 7.8125e-05
INFO:root:[   79] Training loss: 0.09205663, Validation loss: 0.09205995, Gradient norm: 0.08213932
INFO:root:At the start of the epoch: mem (CPU python)=17917.04296875MB; mem (CPU total)=24014.84375MB
INFO:root:EP 79: Early stopping
INFO:root:After finishing all epochs: mem (CPU python)=17976.0078125MB; mem (CPU total)=24136.1484375MB
INFO:root:Training the model took 38018.856s.
INFO:root:Emptying the cuda cache took 0.05s.
INFO:root:Starting evaluation: model FNO & uncertainty quantification laplace
INFO:root:Evaluating the model on Validation data.
INFO:root:MSEValidation: 0.01823
INFO:root:EnergyScoreValidation: 0.01257
INFO:root:CRPSValidation: 0.01365
INFO:root:Gaussian NLLValidation: 27.47603
INFO:root:CoverageValidation: 0.38514
INFO:root:IntervalWidthValidation: 0.02627
INFO:root:Evaluating the model on Test data.
INFO:root:MSETest: 0.02587
INFO:root:EnergyScoreTest: 0.01974
INFO:root:CRPSTest: 0.0212
INFO:root:Gaussian NLLTest: 58.90729
INFO:root:CoverageTest: 0.29217
INFO:root:IntervalWidthTest: 0.02556
INFO:root:After validation: mem (CPU python)=17976.33203125MB; mem (CPU total)=24474.17578125MB
