INFO:root:Starting the logger.
INFO:root:Using cpu.
INFO:root:############### Starting experiment with config file debug.ini ###############
INFO:root:###1 out of 2 data set parameter combinations ###
INFO:root:Data parameters: {'dataset_name': 'SWE', 'max_training_set_size': 10000, 'downscaling_factor': 2, 'temporal_downscaling': 4, 'init_steps': 10, 't_start': 10, 'pred_horizon': 5}
INFO:root:###1 out of 3 training parameter combinations ###
INFO:root:Training parameters: {'model': 'FNO', 'uncertainty_quantification': 'dropout', 'batch_size': 32, 'n_epochs': 10, 'early_stopping': 10, 'dropout': 0.0, 'init': 'default', 'learning_rate': 0.0001, 'lr_schedule': 'no', 'optimizer': 'adam', 'gradient_clipping': 1, 'layer_normalization': True, 'data_loader_pin_memory': False, 'data_loader_num_workers': 0, 'distributed_training': False, 'fourier_dropout': 0.0, 'hidden_channels': 32, 'projection_channels': 64, 'alpha': 0.05, 'n_samples_uq': 100, 'n_samples': 3, 'lifting_channels': 128, 'n_modes': (16, 16), 'uno_out_channels': [32, 64, 64, 32], 'uno_scalings': [[1.0, 1.0], [0.5, 0.5], [1, 1], [2, 2]], 'uno_n_modes': [[16, 16], [8, 8], [8, 8], [16, 16]]}
INFO:root:Number parameters: 1192101
INFO:root:Memory allocated: 0
INFO:root:Training starts now.
INFO:root:[    1] Training loss: 4.78254805, Validation loss: 27.29075098, Gradient norm: 2.92516807
INFO:root:[    2] Training loss: 3.99564531, Validation loss: 17.37510109, Gradient norm: 4.92723993
INFO:root:[    3] Training loss: 1.30864433, Validation loss: 2.15783247, Gradient norm: 10.81553759
INFO:root:[    4] Training loss: 0.25256480, Validation loss: 1.13026902, Gradient norm: 4.45698122
INFO:root:[    5] Training loss: 0.17016807, Validation loss: 0.93940800, Gradient norm: 2.16885782
INFO:root:[    6] Training loss: 0.15076285, Validation loss: 0.86803193, Gradient norm: 2.31475768
INFO:root:[    7] Training loss: 0.14014641, Validation loss: 0.81264128, Gradient norm: 1.83170508
INFO:root:[    8] Training loss: 0.13080271, Validation loss: 0.77320285, Gradient norm: 1.36976582
INFO:root:[    9] Training loss: 0.12342528, Validation loss: 0.72091513, Gradient norm: 2.66822161
INFO:root:[   10] Training loss: 0.11795761, Validation loss: 0.70117627, Gradient norm: 3.39878963
INFO:root:Training the model took 106.692s.
INFO:root:Emptying the cuda cache took 0.0s.
