INFO:root:Starting the logger.
INFO:root:Using cuda.
INFO:root:: mem (CPU python)=581.1328125MB; mem (CPU total)=1036.75390625MB
INFO:root:############### Starting experiment with config file era5/fno_timing2.ini ###############
INFO:root:###1 out of 1 data set parameter combinations ###
INFO:root:Data parameters: {'dataset_name': 'era5', 'max_training_set_size': 20000, 'init_steps': 10, 'pred_horizon': 10}
INFO:root:After loading the datasets: mem (CPU python)=5499.83984375MB; mem (CPU total)=1044.27734375MB
INFO:root:###1 out of 1 training parameter combinations ###
INFO:root:Training parameters: {'seed': 1, 'model': 'FNO', 'uncertainty_quantification': 'scoring-rule-dropout', 'batch_size': 8, 'n_epochs': 2, 'early_stopping': 10, 'init': 'default', 'learning_rate': 0.005, 'lr_schedule': 'step', 'optimizer': 'adam', 'gradient_clipping': 1, 'layer_normalization': True, 'data_loader_pin_memory': False, 'data_loader_num_workers': 0, 'distributed_training': False, 'alpha': 0.05, 'n_samples_uq': 100, 'weight_decay': 0, 'dropout': 0.05, 'fourier_dropout': None, 'hidden_channels': 20, 'projection_channels': 128, 'lifting_channels': 128, 'n_modes': (10, 12, 12), 'n_samples': 3}
INFO:root:After creating the dataloaders: mem (CPU python)=5499.83984375MB; mem (CPU total)=1044.27734375MB
INFO:root:NumberParameters: 2695717
INFO:root:GPU memory allocated: 23068672
INFO:root:After setting up the model: mem (CPU python)=5499.83984375MB; mem (CPU total)=2419.984375MB
INFO:root:Training starts now.
INFO:root:At the start of the epoch: mem (CPU python)=5499.83984375MB; mem (CPU total)=2428.84375MB
INFO:root:[    1] Training loss: 0.02158214, Validation loss: 0.01912445, Gradient norm: 0.17888693
INFO:root:At the start of the epoch: mem (CPU python)=5499.83984375MB; mem (CPU total)=7905.35546875MB
INFO:root:[    2] Training loss: 0.01788293, Validation loss: 0.01684723, Gradient norm: 0.12721241
INFO:root:After finishing all epochs: mem (CPU python)=5499.83984375MB; mem (CPU total)=8773.09765625MB
INFO:root:Training the model took 2470.673s.
INFO:root:Emptying the cuda cache took 0.084s.
INFO:root:Starting evaluation: model FNO & uncertainty quantification scoring-rule-dropout
INFO:root:Evaluating the model on Validation data.
INFO:root:MSEValidation: 0.02385
INFO:root:EnergyScoreValidation: 0.01684
INFO:root:CRPSValidation: 0.01936
INFO:root:Gaussian NLLValidation: -1.7334
INFO:root:CoverageValidation: 0.85116
INFO:root:IntervalWidthValidation: 0.13055
INFO:root:Evaluating the model on Test data.
INFO:root:MSETest: 0.02462
INFO:root:EnergyScoreTest: 0.01738
INFO:root:CRPSTest: 0.02003
INFO:root:Gaussian NLLTest: -1.66817
INFO:root:CoverageTest: 0.84129
INFO:root:IntervalWidthTest: 0.13094
INFO:root:After validation: mem (CPU python)=5499.83984375MB; mem (CPU total)=10275.81640625MB
