INFO:root:Starting the logger.
INFO:root:Using cuda.
INFO:root:: mem (CPU python)=550.43359375MB; mem (CPU total)=3004.48046875MB
INFO:root:############### Starting experiment with config file era5/fno_deterministic.ini ###############
INFO:root:###1 out of 1 data set parameter combinations ###
INFO:root:Data parameters: {'dataset_name': 'era5', 'max_training_set_size': 20000, 'init_steps': 10, 'pred_horizon': 10}
INFO:root:After loading the datasets: mem (CPU python)=5469.53125MB; mem (CPU total)=3015.234375MB
INFO:root:###1 out of 2 training parameter combinations ###
INFO:root:Training parameters: {'seed': 12, 'model': 'FNO', 'uncertainty_quantification': 'deterministic', 'batch_size': 16, 'n_epochs': 1000, 'early_stopping': 10, 'init': 'default', 'learning_rate': 0.01, 'lr_schedule': 'step', 'optimizer': 'adam', 'gradient_clipping': 1, 'layer_normalization': True, 'data_loader_pin_memory': False, 'data_loader_num_workers': 0, 'distributed_training': False, 'alpha': 0.05, 'n_samples_uq': 100, 'weight_decay': 0, 'dropout': 0.01, 'fourier_dropout': None, 'hidden_channels': 20, 'projection_channels': 128, 'lifting_channels': 128, 'n_modes': (10, 12, 12), 'n_samples': 3, 'filename_to_validate': 'results/optimal_hp_multiple_seeds/era5/fno/20241008_125404_era5_fno_laplace/Datetime_20241008_125429_Loss_era5_FNO_laplace_dropout_0.01.pt'}
INFO:root:After creating the dataloaders: mem (CPU python)=5469.53125MB; mem (CPU total)=3015.234375MB
INFO:root:Starting evaluation: model FNO & uncertainty quantification deterministic
INFO:root:Evaluating the model on Validation data.
INFO:root:MSEValidation: 0.0158
INFO:root:EnergyScoreValidation: 0.01517
INFO:root:CRPSValidation: 0.01704
INFO:root:Gaussian NLLValidation: 268546835.35139
INFO:root:CoverageValidation: 0.0
INFO:root:IntervalWidthValidation: 0.0
INFO:root:Evaluating the model on Test data.
INFO:root:MSETest: 0.02497
INFO:root:EnergyScoreTest: 0.02434
INFO:root:CRPSTest: 0.02661
INFO:root:Gaussian NLLTest: 677386937.63118
INFO:root:CoverageTest: 0.0
INFO:root:IntervalWidthTest: 0.0
INFO:root:After validation: mem (CPU python)=5469.53125MB; mem (CPU total)=3521.94921875MB
INFO:root:###2 out of 2 training parameter combinations ###
INFO:root:Training parameters: {'seed': 12, 'model': 'FNO', 'uncertainty_quantification': 'deterministic', 'batch_size': 16, 'n_epochs': 1000, 'early_stopping': 10, 'init': 'default', 'learning_rate': 0.01, 'lr_schedule': 'step', 'optimizer': 'adam', 'gradient_clipping': 1, 'layer_normalization': True, 'data_loader_pin_memory': False, 'data_loader_num_workers': 0, 'distributed_training': False, 'alpha': 0.05, 'n_samples_uq': 100, 'weight_decay': 0, 'dropout': 0.01, 'fourier_dropout': None, 'hidden_channels': 20, 'projection_channels': 128, 'lifting_channels': 128, 'n_modes': (10, 12, 12), 'n_samples': 3, 'filename_to_validate': 'results/optimal_hp_multiple_seeds/era5/fno/20241008_125404_era5_fno_laplace/Datetime_20241009_074921_Loss_era5_FNO_laplace_dropout_0.01.pt'}
INFO:root:After creating the dataloaders: mem (CPU python)=5469.53125MB; mem (CPU total)=3521.94921875MB
INFO:root:Starting evaluation: model FNO & uncertainty quantification deterministic
INFO:root:Evaluating the model on Validation data.
INFO:root:MSEValidation: 0.01682
INFO:root:EnergyScoreValidation: 0.01619
INFO:root:CRPSValidation: 0.01822
INFO:root:Gaussian NLLValidation: 302999399.27323
INFO:root:CoverageValidation: 0.0
INFO:root:IntervalWidthValidation: 0.0
INFO:root:Evaluating the model on Test data.
INFO:root:MSETest: 0.02494
INFO:root:EnergyScoreTest: 0.02432
INFO:root:CRPSTest: 0.02678
INFO:root:Gaussian NLLTest: 674843829.53375
INFO:root:CoverageTest: 0.0
INFO:root:IntervalWidthTest: 0.0
INFO:root:After validation: mem (CPU python)=5469.53125MB; mem (CPU total)=3555.6640625MB
