INFO:root:Starting the logger.
INFO:root:Using cuda.
INFO:root:############### Starting experiment with config file debug.ini ###############
INFO:root:###1 out of 1 data set parameter combinations ###
INFO:root:Data parameters: {'dataset_name': 'SWE', 'max_training_set_size': 10000, 'downscaling_factor': 2, 'temporal_downscaling': 2, 'init_steps': 10, 't_start': 0, 'pred_horizon': 10, 'ood': False}
INFO:root:###1 out of 2 training parameter combinations ###
INFO:root:Training parameters: {'seed': 1, 'model': 'FNO', 'uncertainty_quantification': 'scoring-rule-dropout', 'batch_size': 32, 'n_epochs': 2, 'early_stopping': 10, 'dropout': 0.1, 'init': 'default', 'learning_rate': 0.0001, 'lr_schedule': 'no', 'optimizer': 'adam', 'gradient_clipping': 1, 'layer_normalization': True, 'data_loader_pin_memory': False, 'data_loader_num_workers': 0, 'distributed_training': False, 'fourier_dropout': 0.0, 'hidden_channels': 32, 'projection_channels': 64, 'alpha': 0.05, 'n_samples_uq': 10, 'weight_decay': 0, 'n_samples': 3, 'lifting_channels': 128, 'n_modes': (2, 2, 2), 'uno_out_channels': [32, 64, 64, 32], 'uno_scalings': [[1.0, 1.0], [0.5, 0.5], [1, 1], [2, 2]], 'uno_n_modes': [[16, 16], [8, 8], [8, 8], [16, 16]]}
INFO:root:NumberParameters: 76705
INFO:root:Memory allocated: 2097152
INFO:root:Training starts now.
INFO:root:[    1] Training loss: 94.09388434, Validation loss: 88.34864426, Gradient norm: 124.58293639
INFO:root:[    2] Training loss: 79.24489394, Validation loss: 64.65107981, Gradient norm: 153.76691211
INFO:root:Training the model took 320.92s.
INFO:root:Emptying the cuda cache took 0.075s.
INFO:root:Starting evaluation: model FNO & uncertainty quantification scoring-rule-dropout
INFO:root:Evaluating the model on Train data.
INFO:root:MSETrain: 0.33047
INFO:root:EnergyScoreTrain: 64.62683
INFO:root:CRPSTrain: 0.7117
INFO:root:Gaussian NLLTrain: 283.40999
INFO:root:CoverageTrain: 0.0
INFO:root:IntervalWidthTrain: 0.1003
INFO:root:Evaluating the model on Validation data.
INFO:root:MSEValidation: 0.3306
INFO:root:EnergyScoreValidation: 64.65299
INFO:root:CRPSValidation: 0.71197
INFO:root:Gaussian NLLValidation: 283.53675
INFO:root:CoverageValidation: 0.0
INFO:root:IntervalWidthValidation: 0.10032
INFO:root:Evaluating the model on Test data.
INFO:root:MSETest: 0.33215
INFO:root:EnergyScoreTest: 129.76392
INFO:root:CRPSTest: 0.71521
INFO:root:Gaussian NLLTest: 276.90613
INFO:root:CoverageTest: 0.0
INFO:root:IntervalWidthTest: 0.10404
INFO:root:###2 out of 2 training parameter combinations ###
INFO:root:Training parameters: {'seed': 12, 'model': 'FNO', 'uncertainty_quantification': 'scoring-rule-dropout', 'batch_size': 32, 'n_epochs': 2, 'early_stopping': 10, 'dropout': 0.1, 'init': 'default', 'learning_rate': 0.0001, 'lr_schedule': 'no', 'optimizer': 'adam', 'gradient_clipping': 1, 'layer_normalization': True, 'data_loader_pin_memory': False, 'data_loader_num_workers': 0, 'distributed_training': False, 'fourier_dropout': 0.0, 'hidden_channels': 32, 'projection_channels': 64, 'alpha': 0.05, 'n_samples_uq': 10, 'weight_decay': 0, 'n_samples': 3, 'lifting_channels': 128, 'n_modes': (2, 2, 2), 'uno_out_channels': [32, 64, 64, 32], 'uno_scalings': [[1.0, 1.0], [0.5, 0.5], [1, 1], [2, 2]], 'uno_n_modes': [[16, 16], [8, 8], [8, 8], [16, 16]]}
INFO:root:NumberParameters: 76705
INFO:root:Memory allocated: 197132288
INFO:root:Training starts now.
INFO:root:[    1] Training loss: 82.87435449, Validation loss: 78.16026306, Gradient norm: 121.83227039
INFO:root:[    2] Training loss: 71.75665913, Validation loss: 61.92205683, Gradient norm: 134.87131522
INFO:root:Training the model took 27.749s.
INFO:root:Emptying the cuda cache took 0.077s.
INFO:root:Starting evaluation: model FNO & uncertainty quantification scoring-rule-dropout
INFO:root:Evaluating the model on Train data.
INFO:root:MSETrain: 0.31366
INFO:root:EnergyScoreTrain: 61.86092
INFO:root:CRPSTrain: 0.67904
INFO:root:Gaussian NLLTrain: 480.17141
INFO:root:CoverageTrain: 0.0
INFO:root:IntervalWidthTrain: 0.0732
INFO:root:Evaluating the model on Validation data.
INFO:root:MSEValidation: 0.31379
INFO:root:EnergyScoreValidation: 61.88708
INFO:root:CRPSValidation: 0.6793
INFO:root:Gaussian NLLValidation: 480.49219
INFO:root:CoverageValidation: 0.0
INFO:root:IntervalWidthValidation: 0.07321
INFO:root:Evaluating the model on Test data.
INFO:root:MSETest: 0.31422
INFO:root:EnergyScoreTest: 123.84651
INFO:root:CRPSTest: 0.67913
INFO:root:Gaussian NLLTest: 467.59036
INFO:root:CoverageTest: 0.0
INFO:root:IntervalWidthTest: 0.07543
