INFO:root:Starting the logger.
INFO:root:Using cuda.
INFO:root:: mem (CPU python)=550.9375MB; mem (CPU total)=2707.6015625MB
INFO:root:############### Starting experiment with config file ks/fno_sr_dropout_finetuning.ini ###############
INFO:root:###1 out of 1 data set parameter combinations ###
INFO:root:Data parameters: {'dataset_name': 'KS', 'max_training_set_size': 10000, 'downscaling_factor': 1, 'temporal_downscaling': 2, 'init_steps': 20, 't_start': 0, 'pred_horizon': 20}
INFO:root:After loading the datasets: mem (CPU python)=12430.234375MB; mem (CPU total)=2715.62109375MB
INFO:root:###1 out of 9 training parameter combinations ###
INFO:root:Training parameters: {'seed': 12345, 'model': 'FNO', 'uncertainty_quantification': 'scoring-rule-dropout', 'batch_size': 64, 'n_epochs': 2, 'early_stopping': 10, 'init': 'default', 'learning_rate': 0.001, 'lr_schedule': 'step', 'optimizer': 'adam', 'gradient_clipping': 1, 'layer_normalization': True, 'data_loader_pin_memory': False, 'data_loader_num_workers': 0, 'distributed_training': False, 'alpha': 0.05, 'n_samples_uq': 100, 'weight_decay': 0, 'dropout': 0.2, 'fourier_dropout': None, 'hidden_channels': 20, 'projection_channels': 128, 'lifting_channels': 128, 'n_modes': (10, 12), 'n_samples': 3, 'finetuning': 'results/optimal_hp_multiple_seeds/ks/fno/20240911_142834_ks_fno_dropout/Datetime_20240911_142933_Loss_KS_FNO_dropout_dropout_0.05.pt'}
INFO:root:After creating the dataloaders: mem (CPU python)=12430.234375MB; mem (CPU total)=2715.62109375MB
INFO:root:NumberParameters: 231589
INFO:root:GPU memory allocated: 2097152
INFO:root:After setting up the model: mem (CPU python)=12430.234375MB; mem (CPU total)=2817.0703125MB
INFO:root:Training starts now.
INFO:root:At the start of the epoch: mem (CPU python)=12430.234375MB; mem (CPU total)=2830.515625MB
INFO:root:[    1] Training loss: 0.62785999, Validation loss: 0.62770414, Gradient norm: 0.11775465
INFO:root:At the start of the epoch: mem (CPU python)=12430.234375MB; mem (CPU total)=3114.88671875MB
INFO:root:[    2] Training loss: 0.61341650, Validation loss: 0.62577980, Gradient norm: 0.10029601
INFO:root:After finishing all epochs: mem (CPU python)=12430.234375MB; mem (CPU total)=3154.03515625MB
INFO:root:Training the model took 48.223s.
INFO:root:Emptying the cuda cache took 0.039s.
INFO:root:Starting evaluation: model FNO & uncertainty quantification scoring-rule-dropout
INFO:root:Evaluating the model on Train data.
INFO:root:MSETrain: 0.86576
INFO:root:EnergyScoreTrain: 0.61068
INFO:root:CRPSTrain: 0.54403
INFO:root:Gaussian NLLTrain: 6.80003
INFO:root:CoverageTrain: 0.76175
INFO:root:IntervalWidthTrain: 3.00399
INFO:root:Evaluating the model on Validation data.
INFO:root:MSEValidation: 0.88724
INFO:root:EnergyScoreValidation: 0.62597
INFO:root:CRPSValidation: 0.55608
INFO:root:Gaussian NLLValidation: 6.85759
INFO:root:CoverageValidation: 0.75557
INFO:root:IntervalWidthValidation: 3.00148
INFO:root:Evaluating the model on Test data.
INFO:root:MSETest: 0.88877
INFO:root:EnergyScoreTest: 0.62694
INFO:root:CRPSTest: 0.5569
INFO:root:Gaussian NLLTest: 6.8271
INFO:root:CoverageTest: 0.75507
INFO:root:IntervalWidthTest: 3.00774
INFO:root:After validation: mem (CPU python)=12430.234375MB; mem (CPU total)=3319.9375MB
INFO:root:###2 out of 9 training parameter combinations ###
INFO:root:Training parameters: {'seed': 12345, 'model': 'FNO', 'uncertainty_quantification': 'scoring-rule-dropout', 'batch_size': 64, 'n_epochs': 2, 'early_stopping': 10, 'init': 'default', 'learning_rate': 0.001, 'lr_schedule': 'step', 'optimizer': 'adam', 'gradient_clipping': 1, 'layer_normalization': True, 'data_loader_pin_memory': False, 'data_loader_num_workers': 0, 'distributed_training': False, 'alpha': 0.05, 'n_samples_uq': 100, 'weight_decay': 0, 'dropout': 0.2, 'fourier_dropout': None, 'hidden_channels': 20, 'projection_channels': 128, 'lifting_channels': 128, 'n_modes': (10, 12), 'n_samples': 3, 'finetuning': 'results/optimal_hp_multiple_seeds/ks/fno/20240911_142834_ks_fno_dropout/Datetime_20240911_153328_Loss_KS_FNO_dropout_dropout_0.05.pt'}
INFO:root:After creating the dataloaders: mem (CPU python)=12430.234375MB; mem (CPU total)=3320.12109375MB
INFO:root:NumberParameters: 231589
INFO:root:GPU memory allocated: 157286400
INFO:root:After setting up the model: mem (CPU python)=12430.234375MB; mem (CPU total)=3327.0078125MB
INFO:root:Training starts now.
INFO:root:At the start of the epoch: mem (CPU python)=12430.234375MB; mem (CPU total)=3322.94921875MB
INFO:root:[    1] Training loss: 0.61894745, Validation loss: 0.62065227, Gradient norm: 0.11066341
INFO:root:At the start of the epoch: mem (CPU python)=12430.234375MB; mem (CPU total)=3374.83984375MB
INFO:root:[    2] Training loss: 0.60516131, Validation loss: 0.61738976, Gradient norm: 0.10066561
INFO:root:After finishing all epochs: mem (CPU python)=12430.234375MB; mem (CPU total)=3413.40234375MB
INFO:root:Training the model took 46.993s.
INFO:root:Emptying the cuda cache took 0.04s.
INFO:root:Starting evaluation: model FNO & uncertainty quantification scoring-rule-dropout
INFO:root:Evaluating the model on Train data.
INFO:root:MSETrain: 0.85431
INFO:root:EnergyScoreTrain: 0.60278
INFO:root:CRPSTrain: 0.52825
INFO:root:Gaussian NLLTrain: 4.12486
INFO:root:CoverageTrain: 0.77667
INFO:root:IntervalWidthTrain: 2.9481
INFO:root:Evaluating the model on Validation data.
INFO:root:MSEValidation: 0.87572
INFO:root:EnergyScoreValidation: 0.61828
INFO:root:CRPSValidation: 0.54063
INFO:root:Gaussian NLLValidation: 4.18783
INFO:root:CoverageValidation: 0.76931
INFO:root:IntervalWidthValidation: 2.94367
INFO:root:Evaluating the model on Test data.
INFO:root:MSETest: 0.87635
INFO:root:EnergyScoreTest: 0.61862
INFO:root:CRPSTest: 0.54102
INFO:root:Gaussian NLLTest: 4.1478
INFO:root:CoverageTest: 0.76879
INFO:root:IntervalWidthTest: 2.94099
INFO:root:After validation: mem (CPU python)=12430.234375MB; mem (CPU total)=3457.578125MB
INFO:root:###3 out of 9 training parameter combinations ###
INFO:root:Training parameters: {'seed': 12345, 'model': 'FNO', 'uncertainty_quantification': 'scoring-rule-dropout', 'batch_size': 64, 'n_epochs': 2, 'early_stopping': 10, 'init': 'default', 'learning_rate': 0.001, 'lr_schedule': 'step', 'optimizer': 'adam', 'gradient_clipping': 1, 'layer_normalization': True, 'data_loader_pin_memory': False, 'data_loader_num_workers': 0, 'distributed_training': False, 'alpha': 0.05, 'n_samples_uq': 100, 'weight_decay': 0, 'dropout': 0.2, 'fourier_dropout': None, 'hidden_channels': 20, 'projection_channels': 128, 'lifting_channels': 128, 'n_modes': (10, 12), 'n_samples': 3, 'finetuning': 'results/optimal_hp_multiple_seeds/ks/fno/20240911_142834_ks_fno_dropout/Datetime_20240911_170128_Loss_KS_FNO_dropout_dropout_0.05.pt'}
INFO:root:After creating the dataloaders: mem (CPU python)=12430.234375MB; mem (CPU total)=3458.0703125MB
INFO:root:NumberParameters: 231589
INFO:root:GPU memory allocated: 157286400
INFO:root:After setting up the model: mem (CPU python)=12430.234375MB; mem (CPU total)=3459.0546875MB
INFO:root:Training starts now.
INFO:root:At the start of the epoch: mem (CPU python)=12430.234375MB; mem (CPU total)=3459.0546875MB
INFO:root:[    1] Training loss: 0.61683971, Validation loss: 0.61898079, Gradient norm: 0.11440917
INFO:root:At the start of the epoch: mem (CPU python)=12430.234375MB; mem (CPU total)=3498.7734375MB
INFO:root:[    2] Training loss: 0.60542721, Validation loss: 0.61733571, Gradient norm: 0.10464697
INFO:root:After finishing all epochs: mem (CPU python)=12430.234375MB; mem (CPU total)=3537.14453125MB
INFO:root:Training the model took 46.293s.
INFO:root:Emptying the cuda cache took 0.039s.
INFO:root:Starting evaluation: model FNO & uncertainty quantification scoring-rule-dropout
INFO:root:Evaluating the model on Train data.
INFO:root:MSETrain: 0.85438
INFO:root:EnergyScoreTrain: 0.60268
INFO:root:CRPSTrain: 0.53208
INFO:root:Gaussian NLLTrain: 5.73822
INFO:root:CoverageTrain: 0.76544
INFO:root:IntervalWidthTrain: 2.92814
INFO:root:Evaluating the model on Validation data.
INFO:root:MSEValidation: 0.87496
INFO:root:EnergyScoreValidation: 0.61746
INFO:root:CRPSValidation: 0.544
INFO:root:Gaussian NLLValidation: 5.79952
INFO:root:CoverageValidation: 0.75866
INFO:root:IntervalWidthValidation: 2.92634
INFO:root:Evaluating the model on Test data.
INFO:root:MSETest: 0.87644
INFO:root:EnergyScoreTest: 0.61855
INFO:root:CRPSTest: 0.54504
INFO:root:Gaussian NLLTest: 5.82008
INFO:root:CoverageTest: 0.75752
INFO:root:IntervalWidthTest: 2.92298
INFO:root:After validation: mem (CPU python)=12430.234375MB; mem (CPU total)=3576.49609375MB
INFO:root:###4 out of 9 training parameter combinations ###
INFO:root:Training parameters: {'seed': 12345, 'model': 'FNO', 'uncertainty_quantification': 'scoring-rule-dropout', 'batch_size': 64, 'n_epochs': 2, 'early_stopping': 10, 'init': 'default', 'learning_rate': 0.001, 'lr_schedule': 'step', 'optimizer': 'adam', 'gradient_clipping': 1, 'layer_normalization': True, 'data_loader_pin_memory': False, 'data_loader_num_workers': 0, 'distributed_training': False, 'alpha': 0.05, 'n_samples_uq': 100, 'weight_decay': 0, 'dropout': 0.2, 'fourier_dropout': None, 'hidden_channels': 20, 'projection_channels': 128, 'lifting_channels': 128, 'n_modes': (10, 12), 'n_samples': 3, 'finetuning': 'results/optimal_hp_multiple_seeds/ks/fno/20240911_142834_ks_fno_dropout/Datetime_20240911_183144_Loss_KS_FNO_dropout_dropout_0.05.pt'}
INFO:root:After creating the dataloaders: mem (CPU python)=12430.234375MB; mem (CPU total)=3576.4921875MB
INFO:root:NumberParameters: 231589
INFO:root:GPU memory allocated: 157286400
INFO:root:After setting up the model: mem (CPU python)=12430.234375MB; mem (CPU total)=3577.72265625MB
INFO:root:Training starts now.
INFO:root:At the start of the epoch: mem (CPU python)=12430.234375MB; mem (CPU total)=3577.72265625MB
INFO:root:[    1] Training loss: 0.61896441, Validation loss: 0.61906561, Gradient norm: 0.11009569
INFO:root:At the start of the epoch: mem (CPU python)=12430.234375MB; mem (CPU total)=3616.48046875MB
INFO:root:[    2] Training loss: 0.60514883, Validation loss: 0.61612860, Gradient norm: 0.09450033
INFO:root:After finishing all epochs: mem (CPU python)=12430.234375MB; mem (CPU total)=3655.62890625MB
INFO:root:Training the model took 46.62s.
INFO:root:Emptying the cuda cache took 0.039s.
INFO:root:Starting evaluation: model FNO & uncertainty quantification scoring-rule-dropout
INFO:root:Evaluating the model on Train data.
INFO:root:MSETrain: 0.85442
INFO:root:EnergyScoreTrain: 0.60267
INFO:root:CRPSTrain: 0.53507
INFO:root:Gaussian NLLTrain: 9.12577
INFO:root:CoverageTrain: 0.75675
INFO:root:IntervalWidthTrain: 2.88765
INFO:root:Evaluating the model on Validation data.
INFO:root:MSEValidation: 0.87436
INFO:root:EnergyScoreValidation: 0.61704
INFO:root:CRPSValidation: 0.54632
INFO:root:Gaussian NLLValidation: 9.19073
INFO:root:CoverageValidation: 0.75053
INFO:root:IntervalWidthValidation: 2.88724
INFO:root:Evaluating the model on Test data.
INFO:root:MSETest: 0.87551
INFO:root:EnergyScoreTest: 0.61778
INFO:root:CRPSTest: 0.54685
INFO:root:Gaussian NLLTest: 9.11871
INFO:root:CoverageTest: 0.75013
INFO:root:IntervalWidthTest: 2.88464
INFO:root:After validation: mem (CPU python)=12430.234375MB; mem (CPU total)=3699.03515625MB
INFO:root:###5 out of 9 training parameter combinations ###
INFO:root:Training parameters: {'seed': 12345, 'model': 'FNO', 'uncertainty_quantification': 'scoring-rule-dropout', 'batch_size': 64, 'n_epochs': 2, 'early_stopping': 10, 'init': 'default', 'learning_rate': 0.001, 'lr_schedule': 'step', 'optimizer': 'adam', 'gradient_clipping': 1, 'layer_normalization': True, 'data_loader_pin_memory': False, 'data_loader_num_workers': 0, 'distributed_training': False, 'alpha': 0.05, 'n_samples_uq': 100, 'weight_decay': 0, 'dropout': 0.2, 'fourier_dropout': None, 'hidden_channels': 20, 'projection_channels': 128, 'lifting_channels': 128, 'n_modes': (10, 12), 'n_samples': 3, 'finetuning': 'results/optimal_hp_multiple_seeds/ks/fno/20240911_142834_ks_fno_dropout/Datetime_20240911_201010_Loss_KS_FNO_dropout_dropout_0.05.pt'}
INFO:root:After creating the dataloaders: mem (CPU python)=12430.234375MB; mem (CPU total)=3699.03515625MB
INFO:root:NumberParameters: 231589
INFO:root:GPU memory allocated: 163577856
INFO:root:After setting up the model: mem (CPU python)=12430.234375MB; mem (CPU total)=3699.27734375MB
INFO:root:Training starts now.
INFO:root:At the start of the epoch: mem (CPU python)=12430.234375MB; mem (CPU total)=3699.2734375MB
INFO:root:[    1] Training loss: 0.62817172, Validation loss: 0.62450977, Gradient norm: 0.11733519
INFO:root:At the start of the epoch: mem (CPU python)=12430.234375MB; mem (CPU total)=3737.64453125MB
INFO:root:[    2] Training loss: 0.61059470, Validation loss: 0.62132477, Gradient norm: 0.09465767
INFO:root:After finishing all epochs: mem (CPU python)=12430.234375MB; mem (CPU total)=3774.515625MB
INFO:root:Training the model took 46.887s.
INFO:root:Emptying the cuda cache took 0.04s.
INFO:root:Starting evaluation: model FNO & uncertainty quantification scoring-rule-dropout
INFO:root:Evaluating the model on Train data.
INFO:root:MSETrain: 0.86158
INFO:root:EnergyScoreTrain: 0.6078
INFO:root:CRPSTrain: 0.54206
INFO:root:Gaussian NLLTrain: 11.04271
INFO:root:CoverageTrain: 0.75785
INFO:root:IntervalWidthTrain: 2.96142
INFO:root:Evaluating the model on Validation data.
INFO:root:MSEValidation: 0.88029
INFO:root:EnergyScoreValidation: 0.62115
INFO:root:CRPSValidation: 0.55254
INFO:root:Gaussian NLLValidation: 11.10925
INFO:root:CoverageValidation: 0.75183
INFO:root:IntervalWidthValidation: 2.95311
INFO:root:Evaluating the model on Test data.
INFO:root:MSETest: 0.88111
INFO:root:EnergyScoreTest: 0.62172
INFO:root:CRPSTest: 0.55316
INFO:root:Gaussian NLLTest: 11.14529
INFO:root:CoverageTest: 0.7512
INFO:root:IntervalWidthTest: 2.95567
INFO:root:After validation: mem (CPU python)=12430.234375MB; mem (CPU total)=3819.95703125MB
INFO:root:###6 out of 9 training parameter combinations ###
INFO:root:Training parameters: {'seed': 12345, 'model': 'FNO', 'uncertainty_quantification': 'scoring-rule-dropout', 'batch_size': 64, 'n_epochs': 2, 'early_stopping': 10, 'init': 'default', 'learning_rate': 0.001, 'lr_schedule': 'step', 'optimizer': 'adam', 'gradient_clipping': 1, 'layer_normalization': True, 'data_loader_pin_memory': False, 'data_loader_num_workers': 0, 'distributed_training': False, 'alpha': 0.05, 'n_samples_uq': 100, 'weight_decay': 0, 'dropout': 0.2, 'fourier_dropout': None, 'hidden_channels': 20, 'projection_channels': 128, 'lifting_channels': 128, 'n_modes': (10, 12), 'n_samples': 3, 'finetuning': 'results/optimal_hp_multiple_seeds/ks/fno/20240911_142834_ks_fno_dropout/Datetime_20240911_221103_Loss_KS_FNO_dropout_dropout_0.05.pt'}
INFO:root:After creating the dataloaders: mem (CPU python)=12430.234375MB; mem (CPU total)=3819.95703125MB
INFO:root:NumberParameters: 231589
INFO:root:GPU memory allocated: 163577856
INFO:root:After setting up the model: mem (CPU python)=12430.234375MB; mem (CPU total)=3820.44921875MB
INFO:root:Training starts now.
INFO:root:At the start of the epoch: mem (CPU python)=12430.234375MB; mem (CPU total)=3820.69140625MB
INFO:root:[    1] Training loss: 0.62407405, Validation loss: 0.62097634, Gradient norm: 0.11244581
INFO:root:At the start of the epoch: mem (CPU python)=12430.234375MB; mem (CPU total)=3857.37109375MB
INFO:root:[    2] Training loss: 0.60846027, Validation loss: 0.61756598, Gradient norm: 0.09442781
INFO:root:After finishing all epochs: mem (CPU python)=12430.234375MB; mem (CPU total)=3895.52734375MB
INFO:root:Training the model took 46.896s.
INFO:root:Emptying the cuda cache took 0.04s.
INFO:root:Starting evaluation: model FNO & uncertainty quantification scoring-rule-dropout
INFO:root:Evaluating the model on Train data.
INFO:root:MSETrain: 0.85856
INFO:root:EnergyScoreTrain: 0.60561
INFO:root:CRPSTrain: 0.5477
INFO:root:Gaussian NLLTrain: 7.87838
INFO:root:CoverageTrain: 0.73938
INFO:root:IntervalWidthTrain: 2.93574
INFO:root:Evaluating the model on Validation data.
INFO:root:MSEValidation: 0.87591
INFO:root:EnergyScoreValidation: 0.61793
INFO:root:CRPSValidation: 0.55733
INFO:root:Gaussian NLLValidation: 7.89696
INFO:root:CoverageValidation: 0.73438
INFO:root:IntervalWidthValidation: 2.9331
INFO:root:Evaluating the model on Test data.
INFO:root:MSETest: 0.87753
INFO:root:EnergyScoreTest: 0.61924
INFO:root:CRPSTest: 0.55869
INFO:root:Gaussian NLLTest: 8.0111
INFO:root:CoverageTest: 0.73188
INFO:root:IntervalWidthTest: 2.92054
INFO:root:After validation: mem (CPU python)=12430.234375MB; mem (CPU total)=3938.1484375MB
INFO:root:###7 out of 9 training parameter combinations ###
INFO:root:Training parameters: {'seed': 12345, 'model': 'FNO', 'uncertainty_quantification': 'scoring-rule-dropout', 'batch_size': 64, 'n_epochs': 2, 'early_stopping': 10, 'init': 'default', 'learning_rate': 0.001, 'lr_schedule': 'step', 'optimizer': 'adam', 'gradient_clipping': 1, 'layer_normalization': True, 'data_loader_pin_memory': False, 'data_loader_num_workers': 0, 'distributed_training': False, 'alpha': 0.05, 'n_samples_uq': 100, 'weight_decay': 0, 'dropout': 0.2, 'fourier_dropout': None, 'hidden_channels': 20, 'projection_channels': 128, 'lifting_channels': 128, 'n_modes': (10, 12), 'n_samples': 3, 'finetuning': 'results/optimal_hp_multiple_seeds/ks/fno/20240911_142834_ks_fno_dropout/Datetime_20240912_001614_Loss_KS_FNO_dropout_dropout_0.05.pt'}
INFO:root:After creating the dataloaders: mem (CPU python)=12430.234375MB; mem (CPU total)=3938.1484375MB
INFO:root:NumberParameters: 231589
INFO:root:GPU memory allocated: 163577856
INFO:root:After setting up the model: mem (CPU python)=12430.234375MB; mem (CPU total)=3938.39453125MB
INFO:root:Training starts now.
INFO:root:At the start of the epoch: mem (CPU python)=12430.234375MB; mem (CPU total)=3938.83984375MB
INFO:root:[    1] Training loss: 0.62052911, Validation loss: 0.61737361, Gradient norm: 0.10861074
INFO:root:At the start of the epoch: mem (CPU python)=12430.234375MB; mem (CPU total)=3976.46875MB
INFO:root:[    2] Training loss: 0.60452148, Validation loss: 0.61320721, Gradient norm: 0.09323461
INFO:root:After finishing all epochs: mem (CPU python)=12430.234375MB; mem (CPU total)=4015.703125MB
INFO:root:Training the model took 47.346s.
INFO:root:Emptying the cuda cache took 0.04s.
INFO:root:Starting evaluation: model FNO & uncertainty quantification scoring-rule-dropout
INFO:root:Evaluating the model on Train data.
INFO:root:MSETrain: 0.85358
INFO:root:EnergyScoreTrain: 0.60216
INFO:root:CRPSTrain: 0.53273
INFO:root:Gaussian NLLTrain: 8.66627
INFO:root:CoverageTrain: 0.76181
INFO:root:IntervalWidthTrain: 2.8963
INFO:root:Evaluating the model on Validation data.
INFO:root:MSEValidation: 0.87079
INFO:root:EnergyScoreValidation: 0.61447
INFO:root:CRPSValidation: 0.54227
INFO:root:Gaussian NLLValidation: 8.58271
INFO:root:CoverageValidation: 0.75745
INFO:root:IntervalWidthValidation: 2.90215
INFO:root:Evaluating the model on Test data.
INFO:root:MSETest: 0.87274
INFO:root:EnergyScoreTest: 0.61618
INFO:root:CRPSTest: 0.54363
INFO:root:Gaussian NLLTest: 8.62007
INFO:root:CoverageTest: 0.7558
INFO:root:IntervalWidthTest: 2.89058
INFO:root:After validation: mem (CPU python)=12430.234375MB; mem (CPU total)=4056.78125MB
INFO:root:###8 out of 9 training parameter combinations ###
INFO:root:Training parameters: {'seed': 12345, 'model': 'FNO', 'uncertainty_quantification': 'scoring-rule-dropout', 'batch_size': 64, 'n_epochs': 2, 'early_stopping': 10, 'init': 'default', 'learning_rate': 0.001, 'lr_schedule': 'step', 'optimizer': 'adam', 'gradient_clipping': 1, 'layer_normalization': True, 'data_loader_pin_memory': False, 'data_loader_num_workers': 0, 'distributed_training': False, 'alpha': 0.05, 'n_samples_uq': 100, 'weight_decay': 0, 'dropout': 0.2, 'fourier_dropout': None, 'hidden_channels': 20, 'projection_channels': 128, 'lifting_channels': 128, 'n_modes': (10, 12), 'n_samples': 3, 'finetuning': 'results/optimal_hp_multiple_seeds/ks/fno/20240911_142834_ks_fno_dropout/Datetime_20240912_021814_Loss_KS_FNO_dropout_dropout_0.05.pt'}
INFO:root:After creating the dataloaders: mem (CPU python)=12430.234375MB; mem (CPU total)=4056.78125MB
INFO:root:NumberParameters: 231589
INFO:root:GPU memory allocated: 163577856
INFO:root:After setting up the model: mem (CPU python)=12430.234375MB; mem (CPU total)=4057.2734375MB
INFO:root:Training starts now.
INFO:root:At the start of the epoch: mem (CPU python)=12430.234375MB; mem (CPU total)=4057.5MB
INFO:root:[    1] Training loss: 0.61678886, Validation loss: 0.61966101, Gradient norm: 0.11332878
INFO:root:At the start of the epoch: mem (CPU python)=12430.234375MB; mem (CPU total)=4096.24609375MB
INFO:root:[    2] Training loss: 0.60407115, Validation loss: 0.61728834, Gradient norm: 0.10243031
INFO:root:After finishing all epochs: mem (CPU python)=12430.234375MB; mem (CPU total)=4134.55078125MB
INFO:root:Training the model took 47.311s.
INFO:root:Emptying the cuda cache took 0.04s.
INFO:root:Starting evaluation: model FNO & uncertainty quantification scoring-rule-dropout
INFO:root:Evaluating the model on Train data.
INFO:root:MSETrain: 0.85251
INFO:root:EnergyScoreTrain: 0.60117
INFO:root:CRPSTrain: 0.52853
INFO:root:Gaussian NLLTrain: 8.80623
INFO:root:CoverageTrain: 0.78142
INFO:root:IntervalWidthTrain: 3.0118
INFO:root:Evaluating the model on Validation data.
INFO:root:MSEValidation: 0.8755
INFO:root:EnergyScoreValidation: 0.61755
INFO:root:CRPSValidation: 0.54148
INFO:root:Gaussian NLLValidation: 8.99627
INFO:root:CoverageValidation: 0.77434
INFO:root:IntervalWidthValidation: 3.00832
INFO:root:Evaluating the model on Test data.
INFO:root:MSETest: 0.87709
INFO:root:EnergyScoreTest: 0.61859
INFO:root:CRPSTest: 0.54234
INFO:root:Gaussian NLLTest: 8.87562
INFO:root:CoverageTest: 0.77299
INFO:root:IntervalWidthTest: 3.00278
INFO:root:After validation: mem (CPU python)=12430.234375MB; mem (CPU total)=4177.87109375MB
INFO:root:###9 out of 9 training parameter combinations ###
INFO:root:Training parameters: {'seed': 12345, 'model': 'FNO', 'uncertainty_quantification': 'scoring-rule-dropout', 'batch_size': 64, 'n_epochs': 2, 'early_stopping': 10, 'init': 'default', 'learning_rate': 0.001, 'lr_schedule': 'step', 'optimizer': 'adam', 'gradient_clipping': 1, 'layer_normalization': True, 'data_loader_pin_memory': False, 'data_loader_num_workers': 0, 'distributed_training': False, 'alpha': 0.05, 'n_samples_uq': 100, 'weight_decay': 0, 'dropout': 0.2, 'fourier_dropout': None, 'hidden_channels': 20, 'projection_channels': 128, 'lifting_channels': 128, 'n_modes': (10, 12), 'n_samples': 3, 'finetuning': 'results/optimal_hp_multiple_seeds/ks/fno/20240911_142834_ks_fno_dropout/Datetime_20240912_050506_Loss_KS_FNO_dropout_dropout_0.05.pt'}
INFO:root:After creating the dataloaders: mem (CPU python)=12430.234375MB; mem (CPU total)=4176.921875MB
INFO:root:NumberParameters: 231589
INFO:root:GPU memory allocated: 163577856
INFO:root:After setting up the model: mem (CPU python)=12430.234375MB; mem (CPU total)=4177.35546875MB
INFO:root:Training starts now.
INFO:root:At the start of the epoch: mem (CPU python)=12430.234375MB; mem (CPU total)=4177.0625MB
INFO:root:[    1] Training loss: 0.62458029, Validation loss: 0.61713295, Gradient norm: 0.10745316
INFO:root:At the start of the epoch: mem (CPU python)=12430.234375MB; mem (CPU total)=4215.15625MB
INFO:root:[    2] Training loss: 0.60564754, Validation loss: 0.61525842, Gradient norm: 0.08841349
INFO:root:After finishing all epochs: mem (CPU python)=12430.234375MB; mem (CPU total)=4252.484375MB
INFO:root:Training the model took 47.557s.
INFO:root:Emptying the cuda cache took 0.039s.
INFO:root:Starting evaluation: model FNO & uncertainty quantification scoring-rule-dropout
INFO:root:Evaluating the model on Train data.
INFO:root:MSETrain: 0.85519
INFO:root:EnergyScoreTrain: 0.60326
INFO:root:CRPSTrain: 0.53914
INFO:root:Gaussian NLLTrain: 8.13409
INFO:root:CoverageTrain: 0.75771
INFO:root:IntervalWidthTrain: 2.99434
INFO:root:Evaluating the model on Validation data.
INFO:root:MSEValidation: 0.87285
INFO:root:EnergyScoreValidation: 0.61568
INFO:root:CRPSValidation: 0.54875
INFO:root:Gaussian NLLValidation: 8.07617
INFO:root:CoverageValidation: 0.75305
INFO:root:IntervalWidthValidation: 2.99576
INFO:root:Evaluating the model on Test data.
INFO:root:MSETest: 0.8743
INFO:root:EnergyScoreTest: 0.61713
INFO:root:CRPSTest: 0.55007
INFO:root:Gaussian NLLTest: 8.28284
INFO:root:CoverageTest: 0.75047
INFO:root:IntervalWidthTest: 2.97767
INFO:root:After validation: mem (CPU python)=12430.234375MB; mem (CPU total)=4295.265625MB
