INFO:root:Starting the logger.
INFO:root:Using cuda.
INFO:root:: mem (CPU python)=552.1796875MB; mem (CPU total)=1881.3359375MB
INFO:root:############### Starting experiment with config file ks/fno_laplace.ini ###############
INFO:root:###1 out of 1 data set parameter combinations ###
INFO:root:Data parameters: {'dataset_name': 'KS', 'max_training_set_size': 10000, 'downscaling_factor': 1, 'temporal_downscaling': 2, 'init_steps': 20, 't_start': 0, 'pred_horizon': 20}
INFO:root:After loading the datasets: mem (CPU python)=12431.28515625MB; mem (CPU total)=1887.90234375MB
INFO:root:###1 out of 9 training parameter combinations ###
INFO:root:Training parameters: {'seed': 123456789, 'model': 'FNO', 'uncertainty_quantification': 'laplace', 'batch_size': 64, 'n_epochs': 1000, 'early_stopping': 10, 'init': 'default', 'learning_rate': 0.001, 'lr_schedule': 'step', 'optimizer': 'adam', 'gradient_clipping': 1, 'layer_normalization': True, 'data_loader_pin_memory': False, 'data_loader_num_workers': 0, 'distributed_training': False, 'alpha': 0.05, 'n_samples_uq': 100, 'weight_decay': 0, 'dropout': 0.01, 'fourier_dropout': None, 'hidden_channels': 20, 'projection_channels': 128, 'lifting_channels': 128, 'n_modes': (10, 12), 'n_samples': 3, 'filename_to_validate': 'results/optimal_hp_multiple_seeds/ks/fno/20240911_142834_ks_fno_laplace/Datetime_20240911_142933_Loss_KS_FNO_laplace_dropout_0.01.pt'}
INFO:root:After creating the dataloaders: mem (CPU python)=12431.28515625MB; mem (CPU total)=1888.1484375MB
INFO:root:Starting evaluation: model FNO & uncertainty quantification laplace
INFO:root:Evaluating the model on Train data.
INFO:root:MSETrain: 0.84155
INFO:root:EnergyScoreTrain: 0.68793
INFO:root:CRPSTrain: 0.57758
INFO:root:Gaussian NLLTrain: 35.92103
INFO:root:CoverageTrain: 0.42923
INFO:root:IntervalWidthTrain: 0.90265
INFO:root:Evaluating the model on Validation data.
INFO:root:MSEValidation: 0.87436
INFO:root:EnergyScoreValidation: 0.71884
INFO:root:CRPSValidation: 0.60316
INFO:root:Gaussian NLLValidation: 37.19831
INFO:root:CoverageValidation: 0.41623
INFO:root:IntervalWidthValidation: 0.90398
INFO:root:Evaluating the model on Test data.
INFO:root:MSETest: 0.87542
INFO:root:EnergyScoreTest: 0.72035
INFO:root:CRPSTest: 0.60461
INFO:root:Gaussian NLLTest: 37.66411
INFO:root:CoverageTest: 0.41372
INFO:root:IntervalWidthTest: 0.90032
INFO:root:After validation: mem (CPU python)=12431.28515625MB; mem (CPU total)=4366.7734375MB
INFO:root:###2 out of 9 training parameter combinations ###
INFO:root:Training parameters: {'seed': 123456789, 'model': 'FNO', 'uncertainty_quantification': 'laplace', 'batch_size': 64, 'n_epochs': 1000, 'early_stopping': 10, 'init': 'default', 'learning_rate': 0.001, 'lr_schedule': 'step', 'optimizer': 'adam', 'gradient_clipping': 1, 'layer_normalization': True, 'data_loader_pin_memory': False, 'data_loader_num_workers': 0, 'distributed_training': False, 'alpha': 0.05, 'n_samples_uq': 100, 'weight_decay': 0, 'dropout': 0.01, 'fourier_dropout': None, 'hidden_channels': 20, 'projection_channels': 128, 'lifting_channels': 128, 'n_modes': (10, 12), 'n_samples': 3, 'filename_to_validate': 'results/optimal_hp_multiple_seeds/ks/fno/20240911_142834_ks_fno_laplace/Datetime_20240911_151907_Loss_KS_FNO_laplace_dropout_0.01.pt'}
INFO:root:After creating the dataloaders: mem (CPU python)=12431.28515625MB; mem (CPU total)=4366.90234375MB
INFO:root:Starting evaluation: model FNO & uncertainty quantification laplace
INFO:root:Evaluating the model on Train data.
INFO:root:MSETrain: 0.83487
INFO:root:EnergyScoreTrain: 0.67872
INFO:root:CRPSTrain: 0.56696
INFO:root:Gaussian NLLTrain: 30.43811
INFO:root:CoverageTrain: 0.44878
INFO:root:IntervalWidthTrain: 0.94293
INFO:root:Evaluating the model on Validation data.
INFO:root:MSEValidation: 0.87267
INFO:root:EnergyScoreValidation: 0.7147
INFO:root:CRPSValidation: 0.59655
INFO:root:Gaussian NLLValidation: 31.58463
INFO:root:CoverageValidation: 0.43237
INFO:root:IntervalWidthValidation: 0.94159
INFO:root:Evaluating the model on Test data.
INFO:root:MSETest: 0.87187
INFO:root:EnergyScoreTest: 0.71388
INFO:root:CRPSTest: 0.59622
INFO:root:Gaussian NLLTest: 31.8391
INFO:root:CoverageTest: 0.4309
INFO:root:IntervalWidthTest: 0.93636
INFO:root:After validation: mem (CPU python)=12431.28515625MB; mem (CPU total)=4414.29296875MB
INFO:root:###3 out of 9 training parameter combinations ###
INFO:root:Training parameters: {'seed': 123456789, 'model': 'FNO', 'uncertainty_quantification': 'laplace', 'batch_size': 64, 'n_epochs': 1000, 'early_stopping': 10, 'init': 'default', 'learning_rate': 0.001, 'lr_schedule': 'step', 'optimizer': 'adam', 'gradient_clipping': 1, 'layer_normalization': True, 'data_loader_pin_memory': False, 'data_loader_num_workers': 0, 'distributed_training': False, 'alpha': 0.05, 'n_samples_uq': 100, 'weight_decay': 0, 'dropout': 0.01, 'fourier_dropout': None, 'hidden_channels': 20, 'projection_channels': 128, 'lifting_channels': 128, 'n_modes': (10, 12), 'n_samples': 3, 'filename_to_validate': 'results/optimal_hp_multiple_seeds/ks/fno/20240911_142834_ks_fno_laplace/Datetime_20240911_161423_Loss_KS_FNO_laplace_dropout_0.01.pt'}
INFO:root:After creating the dataloaders: mem (CPU python)=12431.28515625MB; mem (CPU total)=4414.29296875MB
INFO:root:Starting evaluation: model FNO & uncertainty quantification laplace
INFO:root:Evaluating the model on Train data.
INFO:root:MSETrain: 0.85105
INFO:root:EnergyScoreTrain: 0.7044
INFO:root:CRPSTrain: 0.58863
INFO:root:Gaussian NLLTrain: 39.6764
INFO:root:CoverageTrain: 0.40761
INFO:root:IntervalWidthTrain: 0.83937
INFO:root:Evaluating the model on Validation data.
INFO:root:MSEValidation: 0.88291
INFO:root:EnergyScoreValidation: 0.73474
INFO:root:CRPSValidation: 0.61391
INFO:root:Gaussian NLLValidation: 40.62866
INFO:root:CoverageValidation: 0.39405
INFO:root:IntervalWidthValidation: 0.83948
INFO:root:Evaluating the model on Test data.
INFO:root:MSETest: 0.88347
INFO:root:EnergyScoreTest: 0.73565
INFO:root:CRPSTest: 0.61482
INFO:root:Gaussian NLLTest: 41.23724
INFO:root:CoverageTest: 0.39192
INFO:root:IntervalWidthTest: 0.83542
INFO:root:After validation: mem (CPU python)=12431.28515625MB; mem (CPU total)=4457.6796875MB
INFO:root:###4 out of 9 training parameter combinations ###
INFO:root:Training parameters: {'seed': 123456789, 'model': 'FNO', 'uncertainty_quantification': 'laplace', 'batch_size': 64, 'n_epochs': 1000, 'early_stopping': 10, 'init': 'default', 'learning_rate': 0.001, 'lr_schedule': 'step', 'optimizer': 'adam', 'gradient_clipping': 1, 'layer_normalization': True, 'data_loader_pin_memory': False, 'data_loader_num_workers': 0, 'distributed_training': False, 'alpha': 0.05, 'n_samples_uq': 100, 'weight_decay': 0, 'dropout': 0.01, 'fourier_dropout': None, 'hidden_channels': 20, 'projection_channels': 128, 'lifting_channels': 128, 'n_modes': (10, 12), 'n_samples': 3, 'filename_to_validate': 'results/optimal_hp_multiple_seeds/ks/fno/20240911_142834_ks_fno_laplace/Datetime_20240911_170642_Loss_KS_FNO_laplace_dropout_0.01.pt'}
INFO:root:After creating the dataloaders: mem (CPU python)=12431.28515625MB; mem (CPU total)=4457.6796875MB
INFO:root:Starting evaluation: model FNO & uncertainty quantification laplace
INFO:root:Evaluating the model on Train data.
INFO:root:MSETrain: 0.85103
INFO:root:EnergyScoreTrain: 0.71718
INFO:root:CRPSTrain: 0.59029
INFO:root:Gaussian NLLTrain: 43.20321
INFO:root:CoverageTrain: 0.38876
INFO:root:IntervalWidthTrain: 0.74627
INFO:root:Evaluating the model on Validation data.
INFO:root:MSEValidation: 0.87893
INFO:root:EnergyScoreValidation: 0.74412
INFO:root:CRPSValidation: 0.61269
INFO:root:Gaussian NLLValidation: 44.59072
INFO:root:CoverageValidation: 0.3765
INFO:root:IntervalWidthValidation: 0.74572
INFO:root:Evaluating the model on Test data.
INFO:root:MSETest: 0.88034
INFO:root:EnergyScoreTest: 0.74554
INFO:root:CRPSTest: 0.61425
INFO:root:Gaussian NLLTest: 44.12045
INFO:root:CoverageTest: 0.37496
INFO:root:IntervalWidthTest: 0.74521
INFO:root:After validation: mem (CPU python)=12431.28515625MB; mem (CPU total)=4500.5234375MB
INFO:root:###5 out of 9 training parameter combinations ###
INFO:root:Training parameters: {'seed': 123456789, 'model': 'FNO', 'uncertainty_quantification': 'laplace', 'batch_size': 64, 'n_epochs': 1000, 'early_stopping': 10, 'init': 'default', 'learning_rate': 0.001, 'lr_schedule': 'step', 'optimizer': 'adam', 'gradient_clipping': 1, 'layer_normalization': True, 'data_loader_pin_memory': False, 'data_loader_num_workers': 0, 'distributed_training': False, 'alpha': 0.05, 'n_samples_uq': 100, 'weight_decay': 0, 'dropout': 0.01, 'fourier_dropout': None, 'hidden_channels': 20, 'projection_channels': 128, 'lifting_channels': 128, 'n_modes': (10, 12), 'n_samples': 3, 'filename_to_validate': 'results/optimal_hp_multiple_seeds/ks/fno/20240911_142834_ks_fno_laplace/Datetime_20240911_180044_Loss_KS_FNO_laplace_dropout_0.01.pt'}
INFO:root:After creating the dataloaders: mem (CPU python)=12431.28515625MB; mem (CPU total)=4500.5234375MB
INFO:root:Starting evaluation: model FNO & uncertainty quantification laplace
INFO:root:Evaluating the model on Train data.
INFO:root:MSETrain: 0.84456
INFO:root:EnergyScoreTrain: 0.70301
INFO:root:CRPSTrain: 0.58709
INFO:root:Gaussian NLLTrain: 56.71183
INFO:root:CoverageTrain: 0.39302
INFO:root:IntervalWidthTrain: 0.78083
INFO:root:Evaluating the model on Validation data.
INFO:root:MSEValidation: 0.8799
INFO:root:EnergyScoreValidation: 0.73694
INFO:root:CRPSValidation: 0.61514
INFO:root:Gaussian NLLValidation: 57.83177
INFO:root:CoverageValidation: 0.37846
INFO:root:IntervalWidthValidation: 0.78146
INFO:root:Evaluating the model on Test data.
INFO:root:MSETest: 0.88002
INFO:root:EnergyScoreTest: 0.7376
INFO:root:CRPSTest: 0.61575
INFO:root:Gaussian NLLTest: 57.99596
INFO:root:CoverageTest: 0.37632
INFO:root:IntervalWidthTest: 0.776
INFO:root:After validation: mem (CPU python)=12431.28515625MB; mem (CPU total)=4544.84765625MB
INFO:root:###6 out of 9 training parameter combinations ###
INFO:root:Training parameters: {'seed': 123456789, 'model': 'FNO', 'uncertainty_quantification': 'laplace', 'batch_size': 64, 'n_epochs': 1000, 'early_stopping': 10, 'init': 'default', 'learning_rate': 0.001, 'lr_schedule': 'step', 'optimizer': 'adam', 'gradient_clipping': 1, 'layer_normalization': True, 'data_loader_pin_memory': False, 'data_loader_num_workers': 0, 'distributed_training': False, 'alpha': 0.05, 'n_samples_uq': 100, 'weight_decay': 0, 'dropout': 0.01, 'fourier_dropout': None, 'hidden_channels': 20, 'projection_channels': 128, 'lifting_channels': 128, 'n_modes': (10, 12), 'n_samples': 3, 'filename_to_validate': 'results/optimal_hp_multiple_seeds/ks/fno/20240911_142834_ks_fno_laplace/Datetime_20240911_190715_Loss_KS_FNO_laplace_dropout_0.01.pt'}
INFO:root:After creating the dataloaders: mem (CPU python)=12431.28515625MB; mem (CPU total)=4544.6015625MB
INFO:root:Starting evaluation: model FNO & uncertainty quantification laplace
INFO:root:Evaluating the model on Train data.
INFO:root:MSETrain: 0.84425
INFO:root:EnergyScoreTrain: 0.70719
INFO:root:CRPSTrain: 0.58209
INFO:root:Gaussian NLLTrain: 42.35305
INFO:root:CoverageTrain: 0.40509
INFO:root:IntervalWidthTrain: 0.78409
INFO:root:Evaluating the model on Validation data.
INFO:root:MSEValidation: 0.87704
INFO:root:EnergyScoreValidation: 0.73936
INFO:root:CRPSValidation: 0.6085
INFO:root:Gaussian NLLValidation: 43.5403
INFO:root:CoverageValidation: 0.38975
INFO:root:IntervalWidthValidation: 0.77918
INFO:root:Evaluating the model on Test data.
INFO:root:MSETest: 0.87942
INFO:root:EnergyScoreTest: 0.74242
INFO:root:CRPSTest: 0.61107
INFO:root:Gaussian NLLTest: 44.21242
INFO:root:CoverageTest: 0.38624
INFO:root:IntervalWidthTest: 0.7728
INFO:root:After validation: mem (CPU python)=12431.28515625MB; mem (CPU total)=4589.04296875MB
INFO:root:###7 out of 9 training parameter combinations ###
INFO:root:Training parameters: {'seed': 123456789, 'model': 'FNO', 'uncertainty_quantification': 'laplace', 'batch_size': 64, 'n_epochs': 1000, 'early_stopping': 10, 'init': 'default', 'learning_rate': 0.001, 'lr_schedule': 'step', 'optimizer': 'adam', 'gradient_clipping': 1, 'layer_normalization': True, 'data_loader_pin_memory': False, 'data_loader_num_workers': 0, 'distributed_training': False, 'alpha': 0.05, 'n_samples_uq': 100, 'weight_decay': 0, 'dropout': 0.01, 'fourier_dropout': None, 'hidden_channels': 20, 'projection_channels': 128, 'lifting_channels': 128, 'n_modes': (10, 12), 'n_samples': 3, 'filename_to_validate': 'results/optimal_hp_multiple_seeds/ks/fno/20240911_142834_ks_fno_laplace/Datetime_20240911_202421_Loss_KS_FNO_laplace_dropout_0.01.pt'}
INFO:root:After creating the dataloaders: mem (CPU python)=12431.28515625MB; mem (CPU total)=4589.2890625MB
INFO:root:Starting evaluation: model FNO & uncertainty quantification laplace
INFO:root:Evaluating the model on Train data.
INFO:root:MSETrain: 0.82839
INFO:root:EnergyScoreTrain: 0.68942
INFO:root:CRPSTrain: 0.56353
INFO:root:Gaussian NLLTrain: 34.75021
INFO:root:CoverageTrain: 0.42877
INFO:root:IntervalWidthTrain: 0.81975
INFO:root:Evaluating the model on Validation data.
INFO:root:MSEValidation: 0.86858
INFO:root:EnergyScoreValidation: 0.7278
INFO:root:CRPSValidation: 0.59501
INFO:root:Gaussian NLLValidation: 36.12405
INFO:root:CoverageValidation: 0.41236
INFO:root:IntervalWidthValidation: 0.82086
INFO:root:Evaluating the model on Test data.
INFO:root:MSETest: 0.86956
INFO:root:EnergyScoreTest: 0.72964
INFO:root:CRPSTest: 0.5966
INFO:root:Gaussian NLLTest: 36.49621
INFO:root:CoverageTest: 0.40886
INFO:root:IntervalWidthTest: 0.81354
INFO:root:After validation: mem (CPU python)=12431.28515625MB; mem (CPU total)=4632.69140625MB
INFO:root:###8 out of 9 training parameter combinations ###
INFO:root:Training parameters: {'seed': 123456789, 'model': 'FNO', 'uncertainty_quantification': 'laplace', 'batch_size': 64, 'n_epochs': 1000, 'early_stopping': 10, 'init': 'default', 'learning_rate': 0.001, 'lr_schedule': 'step', 'optimizer': 'adam', 'gradient_clipping': 1, 'layer_normalization': True, 'data_loader_pin_memory': False, 'data_loader_num_workers': 0, 'distributed_training': False, 'alpha': 0.05, 'n_samples_uq': 100, 'weight_decay': 0, 'dropout': 0.01, 'fourier_dropout': None, 'hidden_channels': 20, 'projection_channels': 128, 'lifting_channels': 128, 'n_modes': (10, 12), 'n_samples': 3, 'filename_to_validate': 'results/optimal_hp_multiple_seeds/ks/fno/20240911_142834_ks_fno_laplace/Datetime_20240911_214915_Loss_KS_FNO_laplace_dropout_0.01.pt'}
INFO:root:After creating the dataloaders: mem (CPU python)=12431.28515625MB; mem (CPU total)=4631.7421875MB
INFO:root:Starting evaluation: model FNO & uncertainty quantification laplace
INFO:root:Evaluating the model on Train data.
INFO:root:MSETrain: 0.84617
INFO:root:EnergyScoreTrain: 0.70187
INFO:root:CRPSTrain: 0.58342
INFO:root:Gaussian NLLTrain: 35.37646
INFO:root:CoverageTrain: 0.41205
INFO:root:IntervalWidthTrain: 0.83644
INFO:root:Evaluating the model on Validation data.
INFO:root:MSEValidation: 0.88246
INFO:root:EnergyScoreValidation: 0.73675
INFO:root:CRPSValidation: 0.61239
INFO:root:Gaussian NLLValidation: 36.42446
INFO:root:CoverageValidation: 0.39552
INFO:root:IntervalWidthValidation: 0.83446
INFO:root:Evaluating the model on Test data.
INFO:root:MSETest: 0.88381
INFO:root:EnergyScoreTest: 0.73791
INFO:root:CRPSTest: 0.61381
INFO:root:Gaussian NLLTest: 36.70435
INFO:root:CoverageTest: 0.39456
INFO:root:IntervalWidthTest: 0.83324
INFO:root:After validation: mem (CPU python)=12431.28515625MB; mem (CPU total)=4675.2265625MB
INFO:root:###9 out of 9 training parameter combinations ###
INFO:root:Training parameters: {'seed': 123456789, 'model': 'FNO', 'uncertainty_quantification': 'laplace', 'batch_size': 64, 'n_epochs': 1000, 'early_stopping': 10, 'init': 'default', 'learning_rate': 0.001, 'lr_schedule': 'step', 'optimizer': 'adam', 'gradient_clipping': 1, 'layer_normalization': True, 'data_loader_pin_memory': False, 'data_loader_num_workers': 0, 'distributed_training': False, 'alpha': 0.05, 'n_samples_uq': 100, 'weight_decay': 0, 'dropout': 0.01, 'fourier_dropout': None, 'hidden_channels': 20, 'projection_channels': 128, 'lifting_channels': 128, 'n_modes': (10, 12), 'n_samples': 3, 'filename_to_validate': 'results/optimal_hp_multiple_seeds/ks/fno/20240911_142834_ks_fno_laplace/Datetime_20240911_231941_Loss_KS_FNO_laplace_dropout_0.01.pt'}
INFO:root:After creating the dataloaders: mem (CPU python)=12431.28515625MB; mem (CPU total)=4675.22265625MB
INFO:root:Starting evaluation: model FNO & uncertainty quantification laplace
INFO:root:Evaluating the model on Train data.
INFO:root:MSETrain: 0.83502
INFO:root:EnergyScoreTrain: 0.70001
INFO:root:CRPSTrain: 0.57591
INFO:root:Gaussian NLLTrain: 63.06742
INFO:root:CoverageTrain: 0.40083
INFO:root:IntervalWidthTrain: 0.75569
INFO:root:Evaluating the model on Validation data.
INFO:root:MSEValidation: 0.86913
INFO:root:EnergyScoreValidation: 0.73285
INFO:root:CRPSValidation: 0.60302
INFO:root:Gaussian NLLValidation: 64.56551
INFO:root:CoverageValidation: 0.38667
INFO:root:IntervalWidthValidation: 0.75533
INFO:root:Evaluating the model on Test data.
INFO:root:MSETest: 0.87059
INFO:root:EnergyScoreTest: 0.73562
INFO:root:CRPSTest: 0.60541
INFO:root:Gaussian NLLTest: 65.10158
INFO:root:CoverageTest: 0.38164
INFO:root:IntervalWidthTest: 0.74446
INFO:root:After validation: mem (CPU python)=12431.28515625MB; mem (CPU total)=4718.046875MB
