INFO:root:Starting the logger.
INFO:root:Using cuda.
INFO:root:############### Starting experiment with config file debug.ini ###############
INFO:root:###1 out of 1 data set parameter combinations ###
INFO:root:Data parameters: {'dataset_name': 'SWE', 'max_training_set_size': 10000, 'downscaling_factor': 2, 'temporal_downscaling': 2, 'init_steps': 10, 't_start': 0, 'pred_horizon': 10}
INFO:root:###1 out of 1 training parameter combinations ###
INFO:root:Training parameters: {'model': 'FNO', 'uncertainty_quantification': 'scoring-rule-dropout', 'batch_size': 32, 'n_epochs': 10, 'early_stopping': 10, 'dropout': 0.0, 'init': 'default', 'learning_rate': 0.0001, 'lr_schedule': 'no', 'optimizer': 'adam', 'gradient_clipping': 1, 'layer_normalization': True, 'data_loader_pin_memory': False, 'data_loader_num_workers': 0, 'distributed_training': False, 'fourier_dropout': 0.0, 'hidden_channels': 32, 'projection_channels': 64, 'alpha': 0.05, 'n_samples_uq': 10, 'weight_decay': 0, 'n_samples': 3, 'lifting_channels': 128, 'n_modes': (2, 2, 2), 'uno_out_channels': [32, 64, 64, 32], 'uno_scalings': [[1.0, 1.0], [0.5, 0.5], [1, 1], [2, 2]], 'uno_n_modes': [[16, 16], [8, 8], [8, 8], [16, 16]]}
INFO:root:Number parameters: 76705
INFO:root:Memory allocated: 2097152
INFO:root:Training starts now.
INFO:root:[    1] Training loss: 2.11181110, Validation loss: 11.56797993, Gradient norm: 2.94954940
INFO:root:[    2] Training loss: 1.56149100, Validation loss: 5.47191221, Gradient norm: 4.08225668
INFO:root:[    3] Training loss: 0.35926377, Validation loss: 1.16111946, Gradient norm: 4.08149741
INFO:root:[    4] Training loss: 0.17918001, Validation loss: 1.05597742, Gradient norm: 1.12949713
INFO:root:[    5] Training loss: 0.17063334, Validation loss: 1.01397300, Gradient norm: 0.44642173
INFO:root:[    6] Training loss: 0.16477345, Validation loss: 0.98243012, Gradient norm: 0.34828453
INFO:root:[    7] Training loss: 0.16097008, Validation loss: 0.95811635, Gradient norm: 0.64145699
INFO:root:[    8] Training loss: 0.15717327, Validation loss: 0.94519582, Gradient norm: 0.57306005
INFO:root:[    9] Training loss: 0.15423900, Validation loss: 0.92405181, Gradient norm: 0.88796426
INFO:root:[   10] Training loss: 0.15102741, Validation loss: 0.89798938, Gradient norm: 1.18970138
INFO:root:Training the model took 189.578s.
INFO:root:Emptying the cuda cache took 0.07s.
INFO:root:Starting evaluation: model FNO & uncertainty quantification scoring-rule-dropout
INFO:root:Evaluating the model on train data.
INFO:root:MSEtrain: 0.11112
INFO:root:EnergyScoretrain: 0.11112
INFO:root:Coveragetrain: 0.0
INFO:root:IntervalWidthtrain: 0.0
INFO:root:Evaluating the model on validation data.
INFO:root:MSEvalidation: 0.03095
INFO:root:EnergyScorevalidation: 0.03095
INFO:root:Coveragevalidation: 0.0
INFO:root:IntervalWidthvalidation: 0.0
INFO:root:Evaluating the model on test data.
INFO:root:MSEtest: 0.04707
INFO:root:EnergyScoretest: 0.04707
INFO:root:Coveragetest: 0.0
INFO:root:IntervalWidthtest: 0.0
