INFO:root:Starting the logger.
INFO:root:Using cuda.
INFO:root:: mem (CPU python)=577.88671875MB; mem (CPU total)=1121.0703125MB
INFO:root:############### Starting experiment with config file era5/fno_laplace.ini ###############
INFO:root:###1 out of 1 data set parameter combinations ###
INFO:root:Data parameters: {'dataset_name': 'era5', 'max_training_set_size': 20000, 'init_steps': 10, 'pred_horizon': 10}
INFO:root:After loading the datasets: mem (CPU python)=5496.671875MB; mem (CPU total)=1159.08203125MB
INFO:root:###1 out of 2 training parameter combinations ###
INFO:root:Training parameters: {'seed': 1, 'model': 'FNO', 'uncertainty_quantification': 'laplace', 'batch_size': 16, 'n_epochs': 1000, 'early_stopping': 10, 'init': 'default', 'learning_rate': 0.01, 'lr_schedule': 'step', 'optimizer': 'adam', 'gradient_clipping': 1, 'layer_normalization': True, 'data_loader_pin_memory': False, 'data_loader_num_workers': 0, 'distributed_training': False, 'alpha': 0.05, 'n_samples_uq': 100, 'weight_decay': 0, 'dropout': 0.01, 'fourier_dropout': None, 'hidden_channels': 20, 'projection_channels': 128, 'lifting_channels': 128, 'n_modes': (10, 12, 12), 'n_samples': 3}
INFO:root:After creating the dataloaders: mem (CPU python)=5496.671875MB; mem (CPU total)=1157.59375MB
INFO:root:NumberParameters: 2695717
INFO:root:GPU memory allocated: 23068672
INFO:root:After setting up the model: mem (CPU python)=5496.671875MB; mem (CPU total)=2525.51171875MB
INFO:root:Training starts now.
INFO:root:At the start of the epoch: mem (CPU python)=5496.671875MB; mem (CPU total)=2533.10546875MB
INFO:root:[    1] Training loss: 0.03139523, Validation loss: 0.02533580, Gradient norm: 0.18059030
INFO:root:At the start of the epoch: mem (CPU python)=5496.671875MB; mem (CPU total)=3868.44140625MB
INFO:root:[    2] Training loss: 0.02556501, Validation loss: 0.02576179, Gradient norm: 0.14362576
INFO:root:At the start of the epoch: mem (CPU python)=5496.671875MB; mem (CPU total)=3889.44140625MB
INFO:root:[    3] Training loss: 0.02441510, Validation loss: 0.02365393, Gradient norm: 0.13849144
INFO:root:At the start of the epoch: mem (CPU python)=5496.671875MB; mem (CPU total)=3984.94921875MB
INFO:root:[    4] Training loss: 0.02311719, Validation loss: 0.02461326, Gradient norm: 0.12983985
INFO:root:At the start of the epoch: mem (CPU python)=5496.671875MB; mem (CPU total)=4036.1640625MB
INFO:root:[    5] Training loss: 0.02205885, Validation loss: 0.02142102, Gradient norm: 0.12191699
INFO:root:At the start of the epoch: mem (CPU python)=5496.671875MB; mem (CPU total)=4097.3203125MB
INFO:root:[    6] Training loss: 0.02102957, Validation loss: 0.02250087, Gradient norm: 0.12417366
INFO:root:At the start of the epoch: mem (CPU python)=5496.671875MB; mem (CPU total)=4158.37109375MB
INFO:root:[    7] Training loss: 0.02055213, Validation loss: 0.02061105, Gradient norm: 0.13619811
INFO:root:At the start of the epoch: mem (CPU python)=5496.671875MB; mem (CPU total)=4240.01171875MB
INFO:root:[    8] Training loss: 0.01979346, Validation loss: 0.01999143, Gradient norm: 0.13103061
INFO:root:At the start of the epoch: mem (CPU python)=5496.671875MB; mem (CPU total)=4277.828125MB
INFO:root:[    9] Training loss: 0.01930104, Validation loss: 0.01988734, Gradient norm: 0.13119207
INFO:root:At the start of the epoch: mem (CPU python)=5496.671875MB; mem (CPU total)=4339.125MB
INFO:root:[   10] Training loss: 0.01901747, Validation loss: 0.01907935, Gradient norm: 0.12371795
INFO:root:At the start of the epoch: mem (CPU python)=5496.671875MB; mem (CPU total)=4422.89453125MB
INFO:root:[   11] Training loss: 0.01864727, Validation loss: 0.01926957, Gradient norm: 0.12687171
INFO:root:At the start of the epoch: mem (CPU python)=5496.671875MB; mem (CPU total)=4462.90234375MB
INFO:root:[   12] Training loss: 0.01837597, Validation loss: 0.01941072, Gradient norm: 0.12576153
INFO:root:At the start of the epoch: mem (CPU python)=5496.671875MB; mem (CPU total)=4524.2734375MB
INFO:root:[   13] Training loss: 0.01803192, Validation loss: 0.01896633, Gradient norm: 0.11576501
INFO:root:At the start of the epoch: mem (CPU python)=5496.671875MB; mem (CPU total)=4585.9765625MB
INFO:root:[   14] Training loss: 0.01819643, Validation loss: 0.01855102, Gradient norm: 0.13171529
INFO:root:At the start of the epoch: mem (CPU python)=5496.671875MB; mem (CPU total)=4647.49609375MB
INFO:root:[   15] Training loss: 0.01794950, Validation loss: 0.01854545, Gradient norm: 0.13217038
INFO:root:At the start of the epoch: mem (CPU python)=5496.671875MB; mem (CPU total)=4709.50390625MB
INFO:root:[   16] Training loss: 0.01783342, Validation loss: 0.01911672, Gradient norm: 0.13025697
INFO:root:At the start of the epoch: mem (CPU python)=5496.671875MB; mem (CPU total)=4770.57421875MB
INFO:root:[   17] Training loss: 0.01755991, Validation loss: 0.01809197, Gradient norm: 0.12786503
INFO:root:At the start of the epoch: mem (CPU python)=5496.671875MB; mem (CPU total)=4832.13671875MB
INFO:root:[   18] Training loss: 0.01738530, Validation loss: 0.01794432, Gradient norm: 0.12033869
INFO:root:At the start of the epoch: mem (CPU python)=5496.671875MB; mem (CPU total)=4893.86328125MB
INFO:root:[   19] Training loss: 0.01722344, Validation loss: 0.01826750, Gradient norm: 0.12351838
INFO:root:At the start of the epoch: mem (CPU python)=5496.671875MB; mem (CPU total)=4955.76953125MB
INFO:root:[   20] Training loss: 0.01705462, Validation loss: 0.01807419, Gradient norm: 0.11943981
INFO:root:At the start of the epoch: mem (CPU python)=5496.671875MB; mem (CPU total)=5017.5546875MB
INFO:root:[   21] Training loss: 0.01932548, Validation loss: 0.01754424, Gradient norm: 0.15112607
INFO:root:At the start of the epoch: mem (CPU python)=5496.671875MB; mem (CPU total)=5079.18359375MB
INFO:root:[   22] Training loss: 0.01703117, Validation loss: 0.01781185, Gradient norm: 0.12859915
INFO:root:At the start of the epoch: mem (CPU python)=5496.671875MB; mem (CPU total)=5140.1171875MB
INFO:root:[   23] Training loss: 0.01679476, Validation loss: 0.01732429, Gradient norm: 0.12010580
INFO:root:At the start of the epoch: mem (CPU python)=5496.671875MB; mem (CPU total)=5202.3828125MB
INFO:root:[   24] Training loss: 0.01667191, Validation loss: 0.01756216, Gradient norm: 0.11406980
INFO:root:At the start of the epoch: mem (CPU python)=5496.671875MB; mem (CPU total)=5286.16796875MB
INFO:root:[   25] Training loss: 0.01666303, Validation loss: 0.01728954, Gradient norm: 0.10990463
INFO:root:At the start of the epoch: mem (CPU python)=5496.671875MB; mem (CPU total)=5325.19921875MB
INFO:root:[   26] Training loss: 0.01695428, Validation loss: 0.01930995, Gradient norm: 0.14211717
INFO:root:At the start of the epoch: mem (CPU python)=5527.40234375MB; mem (CPU total)=5408.5078125MB
INFO:root:[   27] Training loss: 0.01659426, Validation loss: 0.01708414, Gradient norm: 0.12612112
INFO:root:At the start of the epoch: mem (CPU python)=5592.72265625MB; mem (CPU total)=5450.05859375MB
INFO:root:[   28] Training loss: 0.01658852, Validation loss: 0.01687986, Gradient norm: 0.12514874
INFO:root:At the start of the epoch: mem (CPU python)=5652.80078125MB; mem (CPU total)=5510.20703125MB
INFO:root:[   29] Training loss: 0.01650268, Validation loss: 0.01758563, Gradient norm: 0.13237983
INFO:root:At the start of the epoch: mem (CPU python)=5716.3125MB; mem (CPU total)=5573.4765625MB
INFO:root:[   30] Training loss: 0.01634729, Validation loss: 0.01668396, Gradient norm: 0.11689185
INFO:root:At the start of the epoch: mem (CPU python)=5782.75390625MB; mem (CPU total)=5634.265625MB
INFO:root:[   31] Training loss: 0.01628525, Validation loss: 0.01695742, Gradient norm: 0.12009461
INFO:root:At the start of the epoch: mem (CPU python)=5837.90625MB; mem (CPU total)=5696.46484375MB
INFO:root:[   32] Training loss: 0.01639693, Validation loss: 0.01669002, Gradient norm: 0.12706988
INFO:root:At the start of the epoch: mem (CPU python)=5898.09765625MB; mem (CPU total)=5779.94140625MB
INFO:root:[   33] Training loss: 0.01612043, Validation loss: 0.01657562, Gradient norm: 0.11038716
INFO:root:At the start of the epoch: mem (CPU python)=5958.734375MB; mem (CPU total)=5820.2578125MB
INFO:root:[   34] Training loss: 0.01632054, Validation loss: 0.01672633, Gradient norm: 0.12204133
INFO:root:At the start of the epoch: mem (CPU python)=6021.921875MB; mem (CPU total)=5880.8125MB
INFO:root:[   35] Training loss: 0.01611789, Validation loss: 0.01721397, Gradient norm: 0.12188089
INFO:root:At the start of the epoch: mem (CPU python)=6082.55859375MB; mem (CPU total)=5942.63671875MB
INFO:root:[   36] Training loss: 0.01643228, Validation loss: 0.01726065, Gradient norm: 0.13809132
INFO:root:At the start of the epoch: mem (CPU python)=6148.91796875MB; mem (CPU total)=6003.93359375MB
INFO:root:[   37] Training loss: 0.01606360, Validation loss: 0.01665068, Gradient norm: 0.11322547
INFO:root:At the start of the epoch: mem (CPU python)=6208.63671875MB; mem (CPU total)=6066.24609375MB
INFO:root:[   38] Training loss: 0.01586883, Validation loss: 0.01643341, Gradient norm: 0.11002512
INFO:root:At the start of the epoch: mem (CPU python)=6266.78515625MB; mem (CPU total)=6128.2109375MB
INFO:root:[   39] Training loss: 0.03253282, Validation loss: 0.03062246, Gradient norm: 0.21497833
INFO:root:At the start of the epoch: mem (CPU python)=6334.80859375MB; mem (CPU total)=6189.69140625MB
INFO:root:[   40] Training loss: 0.02973578, Validation loss: 0.02967638, Gradient norm: 0.16811750
INFO:root:At the start of the epoch: mem (CPU python)=6393.0625MB; mem (CPU total)=6251.7109375MB
INFO:root:[   41] Training loss: 0.02747700, Validation loss: 0.02590282, Gradient norm: 0.15072664
INFO:root:At the start of the epoch: mem (CPU python)=6446.60546875MB; mem (CPU total)=6313.2421875MB
INFO:root:[   42] Training loss: 0.02645271, Validation loss: 0.02544406, Gradient norm: 0.15446426
INFO:root:At the start of the epoch: mem (CPU python)=6514.1875MB; mem (CPU total)=6375.58984375MB
INFO:root:[   43] Training loss: 0.02573644, Validation loss: 0.02455838, Gradient norm: 0.14865099
INFO:root:At the start of the epoch: mem (CPU python)=6577.74609375MB; mem (CPU total)=6437.88671875MB
INFO:root:[   44] Training loss: 0.02512181, Validation loss: 0.02411833, Gradient norm: 0.14469839
INFO:root:At the start of the epoch: mem (CPU python)=6646.16796875MB; mem (CPU total)=6498.94140625MB
INFO:root:[   45] Training loss: 0.02459879, Validation loss: 0.02345147, Gradient norm: 0.14513624
INFO:root:At the start of the epoch: mem (CPU python)=6705.8203125MB; mem (CPU total)=6560.7734375MB
INFO:root:[   46] Training loss: 0.02401481, Validation loss: 0.02326170, Gradient norm: 0.14193563
INFO:root:At the start of the epoch: mem (CPU python)=6763.04296875MB; mem (CPU total)=6623.29296875MB
INFO:root:[   47] Training loss: 0.02348287, Validation loss: 0.02324770, Gradient norm: 0.13807439
INFO:root:At the start of the epoch: mem (CPU python)=6824.125MB; mem (CPU total)=6685.03515625MB
INFO:root:[   48] Training loss: 0.02293268, Validation loss: 0.02317667, Gradient norm: 0.12724587
INFO:root:At the start of the epoch: mem (CPU python)=6885.4375MB; mem (CPU total)=6745.83984375MB
INFO:root:[   49] Training loss: 0.02248984, Validation loss: 0.02255109, Gradient norm: 0.12877236
INFO:root:At the start of the epoch: mem (CPU python)=6938.4453125MB; mem (CPU total)=6807.109375MB
INFO:root:[   50] Training loss: 0.02208015, Validation loss: 0.02164658, Gradient norm: 0.12330088
INFO:root:At the start of the epoch: mem (CPU python)=7007.05078125MB; mem (CPU total)=6869.36328125MB
INFO:root:[   51] Training loss: 0.02166657, Validation loss: 0.02203101, Gradient norm: 0.12853868
INFO:root:At the start of the epoch: mem (CPU python)=7072.34765625MB; mem (CPU total)=6951.18359375MB
INFO:root:[   52] Training loss: 0.02117865, Validation loss: 0.02193158, Gradient norm: 0.11482729
INFO:root:At the start of the epoch: mem (CPU python)=7134.68359375MB; mem (CPU total)=6992.65234375MB
INFO:root:[   53] Training loss: 0.02081193, Validation loss: 0.02122313, Gradient norm: 0.11870402
INFO:root:At the start of the epoch: mem (CPU python)=7197.03125MB; mem (CPU total)=7077.19140625MB
INFO:root:[   54] Training loss: 0.02042524, Validation loss: 0.02106042, Gradient norm: 0.12238863
INFO:root:At the start of the epoch: mem (CPU python)=7254.40234375MB; mem (CPU total)=7117.8203125MB
INFO:root:[   55] Training loss: 0.02029176, Validation loss: 0.02215590, Gradient norm: 0.13398409
INFO:root:At the start of the epoch: mem (CPU python)=7317.4921875MB; mem (CPU total)=7204.78125MB
INFO:root:[   56] Training loss: 0.01981593, Validation loss: 0.02137280, Gradient norm: 0.11388505
INFO:root:At the start of the epoch: mem (CPU python)=7371.87109375MB; mem (CPU total)=7241.12109375MB
INFO:root:[   57] Training loss: 0.01968670, Validation loss: 0.02018372, Gradient norm: 0.11822676
INFO:root:At the start of the epoch: mem (CPU python)=7440.796875MB; mem (CPU total)=7303.16015625MB
INFO:root:[   58] Training loss: 0.01945762, Validation loss: 0.02014117, Gradient norm: 0.11530633
INFO:root:At the start of the epoch: mem (CPU python)=7501.06640625MB; mem (CPU total)=7386.30859375MB
INFO:root:[   59] Training loss: 0.01916806, Validation loss: 0.02056615, Gradient norm: 0.11052380
INFO:root:At the start of the epoch: mem (CPU python)=7564.1796875MB; mem (CPU total)=7426.4921875MB
INFO:root:[   60] Training loss: 0.01898044, Validation loss: 0.01948591, Gradient norm: 0.11750228
INFO:root:At the start of the epoch: mem (CPU python)=7622.27734375MB; mem (CPU total)=7488.515625MB
INFO:root:[   61] Training loss: 0.01879426, Validation loss: 0.01945742, Gradient norm: 0.11021480
INFO:root:At the start of the epoch: mem (CPU python)=7689.71484375MB; mem (CPU total)=7550.078125MB
INFO:root:[   62] Training loss: 0.01865533, Validation loss: 0.01936615, Gradient norm: 0.12362698
INFO:root:At the start of the epoch: mem (CPU python)=7749.671875MB; mem (CPU total)=7614.24609375MB
INFO:root:[   63] Training loss: 0.01846084, Validation loss: 0.02032814, Gradient norm: 0.11475282
INFO:root:At the start of the epoch: mem (CPU python)=7814.68359375MB; mem (CPU total)=7693.69921875MB
INFO:root:[   64] Training loss: 0.01840136, Validation loss: 0.02021403, Gradient norm: 0.12165841
INFO:root:At the start of the epoch: mem (CPU python)=7876.30859375MB; mem (CPU total)=7737.296875MB
INFO:root:[   65] Training loss: 0.01812045, Validation loss: 0.01939391, Gradient norm: 0.10617743
INFO:root:At the start of the epoch: mem (CPU python)=7936.9296875MB; mem (CPU total)=7798.78125MB
INFO:root:[   66] Training loss: 0.01797804, Validation loss: 0.01938967, Gradient norm: 0.10672227
INFO:root:At the start of the epoch: mem (CPU python)=7998.15625MB; mem (CPU total)=7861.9453125MB
INFO:root:[   67] Training loss: 0.01803336, Validation loss: 0.01927781, Gradient norm: 0.12326174
INFO:root:At the start of the epoch: mem (CPU python)=8062.78125MB; mem (CPU total)=7923.23828125MB
INFO:root:[   68] Training loss: 0.01774141, Validation loss: 0.01838011, Gradient norm: 0.10744272
INFO:root:At the start of the epoch: mem (CPU python)=8121.94140625MB; mem (CPU total)=7984.8671875MB
INFO:root:[   69] Training loss: 0.01764699, Validation loss: 0.01854058, Gradient norm: 0.10606296
INFO:root:At the start of the epoch: mem (CPU python)=8183.29296875MB; mem (CPU total)=8047.13671875MB
INFO:root:[   70] Training loss: 0.01766106, Validation loss: 0.01847938, Gradient norm: 0.11575191
INFO:root:At the start of the epoch: mem (CPU python)=8243.703125MB; mem (CPU total)=8108.61328125MB
INFO:root:[   71] Training loss: 0.01750092, Validation loss: 0.01808847, Gradient norm: 0.11185857
INFO:root:At the start of the epoch: mem (CPU python)=8305.02734375MB; mem (CPU total)=8170.4296875MB
INFO:root:[   72] Training loss: 0.01737767, Validation loss: 0.01834513, Gradient norm: 0.10328711
INFO:root:At the start of the epoch: mem (CPU python)=8369.828125MB; mem (CPU total)=8231.16015625MB
INFO:root:[   73] Training loss: 0.01741162, Validation loss: 0.01929004, Gradient norm: 0.11340008
INFO:root:At the start of the epoch: mem (CPU python)=8429.2578125MB; mem (CPU total)=8292.3515625MB
INFO:root:[   74] Training loss: 0.01722948, Validation loss: 0.01802451, Gradient norm: 0.11429903
INFO:root:At the start of the epoch: mem (CPU python)=8495.8984375MB; mem (CPU total)=8375.9765625MB
INFO:root:[   75] Training loss: 0.01715566, Validation loss: 0.01780298, Gradient norm: 0.10282993
INFO:root:At the start of the epoch: mem (CPU python)=8552.6015625MB; mem (CPU total)=8415.45703125MB
INFO:root:[   76] Training loss: 0.01716914, Validation loss: 0.01775047, Gradient norm: 0.10651754
INFO:root:At the start of the epoch: mem (CPU python)=8622.2265625MB; mem (CPU total)=8477.7734375MB
INFO:root:[   77] Training loss: 0.01696241, Validation loss: 0.01824729, Gradient norm: 0.10080936
INFO:root:At the start of the epoch: mem (CPU python)=8676.40234375MB; mem (CPU total)=8539.55859375MB
INFO:root:[   78] Training loss: 0.01702010, Validation loss: 0.01777576, Gradient norm: 0.11210185
INFO:root:At the start of the epoch: mem (CPU python)=8737.96484375MB; mem (CPU total)=8601.08984375MB
INFO:root:[   79] Training loss: 0.01682342, Validation loss: 0.01922635, Gradient norm: 0.10496500
INFO:root:At the start of the epoch: mem (CPU python)=8798.84765625MB; mem (CPU total)=8663.078125MB
INFO:root:[   80] Training loss: 0.01681306, Validation loss: 0.01763916, Gradient norm: 0.10600170
INFO:root:At the start of the epoch: mem (CPU python)=8865.27734375MB; mem (CPU total)=8724.8359375MB
INFO:root:[   81] Training loss: 0.01674535, Validation loss: 0.02010443, Gradient norm: 0.10510382
INFO:root:At the start of the epoch: mem (CPU python)=8923.25MB; mem (CPU total)=8787.09375MB
INFO:root:[   82] Training loss: 0.01667972, Validation loss: 0.01762361, Gradient norm: 0.09851709
INFO:root:At the start of the epoch: mem (CPU python)=8985.65234375MB; mem (CPU total)=8848.83984375MB
INFO:root:[   83] Training loss: 0.01664465, Validation loss: 0.01823921, Gradient norm: 0.10904047
INFO:root:At the start of the epoch: mem (CPU python)=9047.5390625MB; mem (CPU total)=8910.10546875MB
INFO:root:[   84] Training loss: 0.01661995, Validation loss: 0.01847780, Gradient norm: 0.11344177
INFO:root:At the start of the epoch: mem (CPU python)=9110.56640625MB; mem (CPU total)=8972.33203125MB
INFO:root:[   85] Training loss: 0.01648956, Validation loss: 0.01755191, Gradient norm: 0.09738290
INFO:root:At the start of the epoch: mem (CPU python)=9169.6328125MB; mem (CPU total)=9033.328125MB
INFO:root:[   86] Training loss: 0.01643952, Validation loss: 0.01853543, Gradient norm: 0.09872091
INFO:root:At the start of the epoch: mem (CPU python)=9234.453125MB; mem (CPU total)=9094.90625MB
INFO:root:[   87] Training loss: 0.01643666, Validation loss: 0.01738615, Gradient norm: 0.11150173
INFO:root:At the start of the epoch: mem (CPU python)=9298.0625MB; mem (CPU total)=9157.18359375MB
INFO:root:[   88] Training loss: 0.01645914, Validation loss: 0.01712697, Gradient norm: 0.10946954
INFO:root:At the start of the epoch: mem (CPU python)=9355.6640625MB; mem (CPU total)=9218.66015625MB
INFO:root:[   89] Training loss: 0.01629908, Validation loss: 0.01762128, Gradient norm: 0.10208052
INFO:root:At the start of the epoch: mem (CPU python)=9417.8203125MB; mem (CPU total)=9280.1796875MB
INFO:root:[   90] Training loss: 0.01639304, Validation loss: 0.01728215, Gradient norm: 0.11214322
INFO:root:At the start of the epoch: mem (CPU python)=9481.28515625MB; mem (CPU total)=9342.9375MB
INFO:root:[   91] Training loss: 0.01629378, Validation loss: 0.01704443, Gradient norm: 0.10106993
INFO:root:At the start of the epoch: mem (CPU python)=9537.53125MB; mem (CPU total)=9404.20703125MB
INFO:root:[   92] Training loss: 0.01619632, Validation loss: 0.01751732, Gradient norm: 0.10059579
INFO:root:At the start of the epoch: mem (CPU python)=9602.890625MB; mem (CPU total)=9465.9765625MB
INFO:root:[   93] Training loss: 0.01623148, Validation loss: 0.01773245, Gradient norm: 0.11188877
INFO:root:At the start of the epoch: mem (CPU python)=9663.03125MB; mem (CPU total)=9527.21484375MB
INFO:root:[   94] Training loss: 0.01623853, Validation loss: 0.01684113, Gradient norm: 0.11153270
INFO:root:At the start of the epoch: mem (CPU python)=9723.2734375MB; mem (CPU total)=9589.3828125MB
INFO:root:[   95] Training loss: 0.01604481, Validation loss: 0.01700162, Gradient norm: 0.09451910
INFO:root:At the start of the epoch: mem (CPU python)=9788.1640625MB; mem (CPU total)=9651.859375MB
INFO:root:[   96] Training loss: 0.01623582, Validation loss: 0.01800373, Gradient norm: 0.11390110
INFO:root:At the start of the epoch: mem (CPU python)=9853.5078125MB; mem (CPU total)=9713.890625MB
INFO:root:[   97] Training loss: 0.01603186, Validation loss: 0.01711435, Gradient norm: 0.09932829
INFO:root:At the start of the epoch: mem (CPU python)=9906.9140625MB; mem (CPU total)=9775.38671875MB
INFO:root:[   98] Training loss: 0.01595551, Validation loss: 0.01714986, Gradient norm: 0.09331302
INFO:root:At the start of the epoch: mem (CPU python)=9972.44140625MB; mem (CPU total)=9836.875MB
INFO:root:[   99] Training loss: 0.01601020, Validation loss: 0.01701894, Gradient norm: 0.10824196
INFO:root:At the start of the epoch: mem (CPU python)=10041.0078125MB; mem (CPU total)=9899.44921875MB
INFO:root:[  100] Training loss: 0.01585235, Validation loss: 0.01686947, Gradient norm: 0.09469119
INFO:root:At the start of the epoch: mem (CPU python)=10094.421875MB; mem (CPU total)=9960.71875MB
